Linux 6.12.47+rpt-rpi-v8 (DietPi) 	01/12/26 	_aarch64_	(4 CPU)

# Time        UID       PID    %usr %system  %guest   %wait    %CPU   CPU  minflt/s  majflt/s     VSZ     RSS   %MEM   kB_rd/s   kB_wr/s kB_ccwr/s iodelay  Command

# Time        UID       PID    %usr %system  %guest   %wait    %CPU   CPU  minflt/s  majflt/s     VSZ     RSS   %MEM   kB_rd/s   kB_wr/s kB_ccwr/s iodelay  Command

# Time        UID       PID    %usr %system  %guest   %wait    %CPU   CPU  minflt/s  majflt/s     VSZ     RSS   %MEM   kB_rd/s   kB_wr/s kB_ccwr/s iodelay  Command
01:39:54        0       927    1.00    1.00    0.00    0.00    2.00     0      0.00      0.00 4627520  199696  20.40      0.00      0.00      0.00       0  java

# Time        UID       PID    %usr %system  %guest   %wait    %CPU   CPU  minflt/s  majflt/s     VSZ     RSS   %MEM   kB_rd/s   kB_wr/s kB_ccwr/s iodelay  Command

# Time        UID       PID    %usr %system  %guest   %wait    %CPU   CPU  minflt/s  majflt/s     VSZ     RSS   %MEM   kB_rd/s   kB_wr/s kB_ccwr/s iodelay  Command

# Time        UID       PID    %usr %system  %guest   %wait    %CPU   CPU  minflt/s  majflt/s     VSZ     RSS   %MEM   kB_rd/s   kB_wr/s kB_ccwr/s iodelay  Command

# Time        UID       PID    %usr %system  %guest   %wait    %CPU   CPU  minflt/s  majflt/s     VSZ     RSS   %MEM   kB_rd/s   kB_wr/s kB_ccwr/s iodelay  Command

# Time        UID       PID    %usr %system  %guest   %wait    %CPU   CPU  minflt/s  majflt/s     VSZ     RSS   %MEM   kB_rd/s   kB_wr/s kB_ccwr/s iodelay  Command

# Time        UID       PID    %usr %system  %guest   %wait    %CPU   CPU  minflt/s  majflt/s     VSZ     RSS   %MEM   kB_rd/s   kB_wr/s kB_ccwr/s iodelay  Command
01:40:00        0       927    1.00    0.00    0.00    0.00    1.00     0      0.00      0.00 4627520  199696  20.40      0.00      0.00      0.00       0  java

# Time        UID       PID    %usr %system  %guest   %wait    %CPU   CPU  minflt/s  majflt/s     VSZ     RSS   %MEM   kB_rd/s   kB_wr/s kB_ccwr/s iodelay  Command

# Time        UID       PID    %usr %system  %guest   %wait    %CPU   CPU  minflt/s  majflt/s     VSZ     RSS   %MEM   kB_rd/s   kB_wr/s kB_ccwr/s iodelay  Command

# Time        UID       PID    %usr %system  %guest   %wait    %CPU   CPU  minflt/s  majflt/s     VSZ     RSS   %MEM   kB_rd/s   kB_wr/s kB_ccwr/s iodelay  Command

# Time        UID       PID    %usr %system  %guest   %wait    %CPU   CPU  minflt/s  majflt/s     VSZ     RSS   %MEM   kB_rd/s   kB_wr/s kB_ccwr/s iodelay  Command

# Time        UID       PID    %usr %system  %guest   %wait    %CPU   CPU  minflt/s  majflt/s     VSZ     RSS   %MEM   kB_rd/s   kB_wr/s kB_ccwr/s iodelay  Command

# Time        UID       PID    %usr %system  %guest   %wait    %CPU   CPU  minflt/s  majflt/s     VSZ     RSS   %MEM   kB_rd/s   kB_wr/s kB_ccwr/s iodelay  Command

# Time        UID       PID    %usr %system  %guest   %wait    %CPU   CPU  minflt/s  majflt/s     VSZ     RSS   %MEM   kB_rd/s   kB_wr/s kB_ccwr/s iodelay  Command

# Time        UID       PID    %usr %system  %guest   %wait    %CPU   CPU  minflt/s  majflt/s     VSZ     RSS   %MEM   kB_rd/s   kB_wr/s kB_ccwr/s iodelay  Command
01:40:08        0       927    1.00    0.00    0.00    0.00    1.00     0      0.00      0.00 4627520  199696  20.40      0.00      0.00      0.00       0  java

# Time        UID       PID    %usr %system  %guest   %wait    %CPU   CPU  minflt/s  majflt/s     VSZ     RSS   %MEM   kB_rd/s   kB_wr/s kB_ccwr/s iodelay  Command
01:40:09        0       927    0.00    1.00    0.00    0.00    1.00     0      0.00      0.00 4627520  199696  20.40      0.00      0.00      0.00       0  java

# Time        UID       PID    %usr %system  %guest   %wait    %CPU   CPU  minflt/s  majflt/s     VSZ     RSS   %MEM   kB_rd/s   kB_wr/s kB_ccwr/s iodelay  Command

# Time        UID       PID    %usr %system  %guest   %wait    %CPU   CPU  minflt/s  majflt/s     VSZ     RSS   %MEM   kB_rd/s   kB_wr/s kB_ccwr/s iodelay  Command

# Time        UID       PID    %usr %system  %guest   %wait    %CPU   CPU  minflt/s  majflt/s     VSZ     RSS   %MEM   kB_rd/s   kB_wr/s kB_ccwr/s iodelay  Command

# Time        UID       PID    %usr %system  %guest   %wait    %CPU   CPU  minflt/s  majflt/s     VSZ     RSS   %MEM   kB_rd/s   kB_wr/s kB_ccwr/s iodelay  Command
01:40:13        0       927   26.00    1.00    0.00    0.00   27.00     0     18.00      0.00 4627520  199824  20.41      0.00     32.00      0.00       0  java
01:40:13        0     11052   29.00    6.00    0.00    0.00   35.00     0   2116.00      0.00 2162292   24924   2.55      4.00      0.00      0.00       0  java

# Time        UID       PID    %usr %system  %guest   %wait    %CPU   CPU  minflt/s  majflt/s     VSZ     RSS   %MEM   kB_rd/s   kB_wr/s kB_ccwr/s iodelay  Command
01:40:14        0     11052  147.00   10.00    0.00    0.00  157.00     0   2368.00      0.00 2702900   37568   3.84      0.00      0.00      0.00       0  java

# Time        UID       PID    %usr %system  %guest   %wait    %CPU   CPU  minflt/s  majflt/s     VSZ     RSS   %MEM   kB_rd/s   kB_wr/s kB_ccwr/s iodelay  Command
01:40:15        0       927    0.00    1.00    0.00    0.00    1.00     0      0.00      0.00 4627520  199824  20.41      0.00      0.00      0.00       0  java
01:40:15        0     11052  112.00   13.00    0.00    0.00  125.00     0   2071.00      0.00 2770804   46828   4.78   5436.00      0.00      0.00       0  java

# Time        UID       PID    %usr %system  %guest   %wait    %CPU   CPU  minflt/s  majflt/s     VSZ     RSS   %MEM   kB_rd/s   kB_wr/s kB_ccwr/s iodelay  Command
01:40:16        0     11052  102.00   15.00    0.00    0.00  117.00     0   3482.00      0.00 2770804   60960   6.23   6956.00      0.00      0.00       0  java

# Time        UID       PID    %usr %system  %guest   %wait    %CPU   CPU  minflt/s  majflt/s     VSZ     RSS   %MEM   kB_rd/s   kB_wr/s kB_ccwr/s iodelay  Command
01:40:17        0     11052  220.00   16.00    0.00    0.00  236.00     0   4649.00      0.00 2770804   77268   7.89     20.00      0.00      0.00       0  java

# Time        UID       PID    %usr %system  %guest   %wait    %CPU   CPU  minflt/s  majflt/s     VSZ     RSS   %MEM   kB_rd/s   kB_wr/s kB_ccwr/s iodelay  Command
01:40:18        0       927    1.00    1.00    0.00    0.00    2.00     0      0.00      0.00 4627520  199824  20.41      0.00      0.00      0.00       0  java
01:40:18        0     11052  208.00    5.00    0.00    0.00  213.00     0   2319.00      0.00 2770804   84140   8.60     64.00      0.00      0.00       0  java

# Time        UID       PID    %usr %system  %guest   %wait    %CPU   CPU  minflt/s  majflt/s     VSZ     RSS   %MEM   kB_rd/s   kB_wr/s kB_ccwr/s iodelay  Command
01:40:19        0     11052  222.00    5.00    0.00    0.00  227.00     0   1435.00      0.00 2770804   90088   9.20     32.00      0.00      0.00       0  java

# Time        UID       PID    %usr %system  %guest   %wait    %CPU   CPU  minflt/s  majflt/s     VSZ     RSS   %MEM   kB_rd/s   kB_wr/s kB_ccwr/s iodelay  Command
01:40:20        0     11052  190.00    5.00    0.00    0.00  195.00     0    889.00      0.00 2770804   94056   9.61      0.00      0.00      0.00       0  java

# Time        UID       PID    %usr %system  %guest   %wait    %CPU   CPU  minflt/s  majflt/s     VSZ     RSS   %MEM   kB_rd/s   kB_wr/s kB_ccwr/s iodelay  Command
01:40:21        0     11052  181.00    3.00    0.00    0.00  184.00     0    851.00      0.00 2770804   97256   9.94      0.00      0.00      0.00       0  java

# Time        UID       PID    %usr %system  %guest   %wait    %CPU   CPU  minflt/s  majflt/s     VSZ     RSS   %MEM   kB_rd/s   kB_wr/s kB_ccwr/s iodelay  Command
01:40:22        0     11052  197.00    4.00    0.00    0.00  201.00     0    544.00      0.00 2770804   99744  10.19      0.00      0.00      0.00       0  java

# Time        UID       PID    %usr %system  %guest   %wait    %CPU   CPU  minflt/s  majflt/s     VSZ     RSS   %MEM   kB_rd/s   kB_wr/s kB_ccwr/s iodelay  Command
01:40:23        0     11052  168.00    6.00    0.00    0.00  174.00     0    631.00      0.00 2770804  102304  10.45      0.00      0.00      0.00       0  java

# Time        UID       PID    %usr %system  %guest   %wait    %CPU   CPU  minflt/s  majflt/s     VSZ     RSS   %MEM   kB_rd/s   kB_wr/s kB_ccwr/s iodelay  Command
01:40:24        0       927    1.00    1.00    0.00    0.00    2.00     0      0.00      0.00 4627520  199824  20.41      0.00      0.00      0.00       0  java
01:40:24        0     11052  173.00    5.00    0.00    0.00  178.00     0    791.00      0.00 2771068  106704  10.90      0.00      0.00      0.00       0  java

# Time        UID       PID    %usr %system  %guest   %wait    %CPU   CPU  minflt/s  majflt/s     VSZ     RSS   %MEM   kB_rd/s   kB_wr/s kB_ccwr/s iodelay  Command
01:40:25        0     11052  196.00    9.00    0.00    0.00  205.00     0    784.00      0.00 2771068  109960  11.23      0.00      0.00      0.00       0  java

# Time        UID       PID    %usr %system  %guest   %wait    %CPU   CPU  minflt/s  majflt/s     VSZ     RSS   %MEM   kB_rd/s   kB_wr/s kB_ccwr/s iodelay  Command
01:40:26        0     11052  200.00    6.00    0.00    0.00  206.00     0   1201.00      0.00 2771068  115000  11.75      0.00      0.00      0.00       0  java

# Time        UID       PID    %usr %system  %guest   %wait    %CPU   CPU  minflt/s  majflt/s     VSZ     RSS   %MEM   kB_rd/s   kB_wr/s kB_ccwr/s iodelay  Command
01:40:27        0     11052   97.00    3.00    0.00    0.00  100.00     0    500.00      0.00 2771068  117176  11.97     12.00      0.00      0.00       0  java

# Time        UID       PID    %usr %system  %guest   %wait    %CPU   CPU  minflt/s  majflt/s     VSZ     RSS   %MEM   kB_rd/s   kB_wr/s kB_ccwr/s iodelay  Command
01:40:28        0       927    0.00    0.99    0.00    0.00    0.99     0      0.00      0.00 4627520  199824  20.41      0.00      0.00      0.00       0  java
01:40:28        0     11052  179.21    4.95    0.00    0.00  184.16     0   1068.32      0.00 2771068  121444  12.41      0.00      0.00      0.00       0  java

# Time        UID       PID    %usr %system  %guest   %wait    %CPU   CPU  minflt/s  majflt/s     VSZ     RSS   %MEM   kB_rd/s   kB_wr/s kB_ccwr/s iodelay  Command
01:40:29        0     11052  176.00    3.00    0.00    0.00  179.00     0    561.00      0.00 2771068  123876  12.65      0.00      0.00      0.00       0  java

# Time        UID       PID    %usr %system  %guest   %wait    %CPU   CPU  minflt/s  majflt/s     VSZ     RSS   %MEM   kB_rd/s   kB_wr/s kB_ccwr/s iodelay  Command
01:40:30        0       927    1.00    0.00    0.00    0.00    1.00     0      0.00      0.00 4627520  199824  20.41      0.00      0.00      0.00       0  java
01:40:30        0     11052  114.00    3.00    0.00    0.00  117.00     0    658.00      0.00 2771200  126620  12.94      0.00      0.00      0.00       0  java

# Time        UID       PID    %usr %system  %guest   %wait    %CPU   CPU  minflt/s  majflt/s     VSZ     RSS   %MEM   kB_rd/s   kB_wr/s kB_ccwr/s iodelay  Command
01:40:31        0     11052  203.00    6.00    0.00    0.00  209.00     0   1233.00      0.00 2771200  131784  13.46      0.00      0.00      0.00       0  java

# Time        UID       PID    %usr %system  %guest   %wait    %CPU   CPU  minflt/s  majflt/s     VSZ     RSS   %MEM   kB_rd/s   kB_wr/s kB_ccwr/s iodelay  Command
01:40:32        0     11052  214.00    3.00    0.00    0.00  217.00     0    526.00      0.00 2904480  133832  13.67      0.00      0.00      0.00       0  java

# Time        UID       PID    %usr %system  %guest   %wait    %CPU   CPU  minflt/s  majflt/s     VSZ     RSS   %MEM   kB_rd/s   kB_wr/s kB_ccwr/s iodelay  Command
01:40:33        0     11052  194.00    2.00    0.00    0.00  196.00     0    717.00      0.00 2904612  136960  13.99      0.00      0.00      0.00       0  java

# Time        UID       PID    %usr %system  %guest   %wait    %CPU   CPU  minflt/s  majflt/s     VSZ     RSS   %MEM   kB_rd/s   kB_wr/s kB_ccwr/s iodelay  Command
01:40:34        0       927    0.00    1.00    0.00    0.00    1.00     0      0.00      0.00 4627520  199824  20.41      0.00      0.00      0.00       0  java
01:40:34        0     11052  176.00    4.00    0.00    0.00  180.00     0    443.00      0.00 2904612  138788  14.18      8.00      0.00      0.00       0  java

# Time        UID       PID    %usr %system  %guest   %wait    %CPU   CPU  minflt/s  majflt/s     VSZ     RSS   %MEM   kB_rd/s   kB_wr/s kB_ccwr/s iodelay  Command

# Time        UID       PID    %usr %system  %guest   %wait    %CPU   CPU  minflt/s  majflt/s     VSZ     RSS   %MEM   kB_rd/s   kB_wr/s kB_ccwr/s iodelay  Command
01:40:36        0     11052    1.00    0.00    0.00    0.00    1.00     0      0.00      0.00 2904612  138788  14.18      0.00      0.00      0.00       0  java

# Time        UID       PID    %usr %system  %guest   %wait    %CPU   CPU  minflt/s  majflt/s     VSZ     RSS   %MEM   kB_rd/s   kB_wr/s kB_ccwr/s iodelay  Command
01:40:37        0     11052   96.00    4.00    0.00    0.00  100.00     0    737.00      0.00 2904612  141732  14.48      0.00      0.00      0.00       0  java

# Time        UID       PID    %usr %system  %guest   %wait    %CPU   CPU  minflt/s  majflt/s     VSZ     RSS   %MEM   kB_rd/s   kB_wr/s kB_ccwr/s iodelay  Command
01:40:38        0       927    0.00    1.00    0.00    0.00    1.00     0      0.00      0.00 4627520  199824  20.41      0.00      0.00      0.00       0  java
01:40:38        0     11052  133.00    3.00    0.00    0.00  136.00     0   1206.00      0.00 2972320  147160  15.03      8.00      0.00      0.00       0  java

# Time        UID       PID    %usr %system  %guest   %wait    %CPU   CPU  minflt/s  majflt/s     VSZ     RSS   %MEM   kB_rd/s   kB_wr/s kB_ccwr/s iodelay  Command
01:40:39        0       927    1.00    0.00    0.00    0.00    1.00     0      0.00      0.00 4627520  199824  20.41      0.00      0.00      0.00       0  java
01:40:39        0     11052  120.00    3.00    0.00    0.00  123.00     0    883.00      0.00 3039896  150748  15.40      0.00      0.00      0.00       0  java

# Time        UID       PID    %usr %system  %guest   %wait    %CPU   CPU  minflt/s  majflt/s     VSZ     RSS   %MEM   kB_rd/s   kB_wr/s kB_ccwr/s iodelay  Command
01:40:40        0     11052  182.00    6.00    0.00    0.00  188.00     0   1091.00      0.00 3179148  153060  15.64      0.00      0.00      0.00       0  java

# Time        UID       PID    %usr %system  %guest   %wait    %CPU   CPU  minflt/s  majflt/s     VSZ     RSS   %MEM   kB_rd/s   kB_wr/s kB_ccwr/s iodelay  Command
01:40:41        0       927    0.00    0.00    0.00    0.00    0.00     0      0.00      0.00 4627520  199824  20.41      0.00      4.00      0.00       0  java
01:40:41        0     11052  181.00    5.00    0.00    0.00  186.00     0    528.00      0.00 3179148  155236  15.86      0.00      0.00      0.00       0  java

# Time        UID       PID    %usr %system  %guest   %wait    %CPU   CPU  minflt/s  majflt/s     VSZ     RSS   %MEM   kB_rd/s   kB_wr/s kB_ccwr/s iodelay  Command
01:40:42        0       927    1.00    0.00    0.00    0.00    1.00     0      0.00      0.00 4627520  199824  20.41      0.00      0.00      0.00       0  java
01:40:42        0     11052  158.00    5.00    0.00    0.00  163.00     0    662.00      0.00 3318400  157924  16.13      0.00      0.00      0.00       0  java

# Time        UID       PID    %usr %system  %guest   %wait    %CPU   CPU  minflt/s  majflt/s     VSZ     RSS   %MEM   kB_rd/s   kB_wr/s kB_ccwr/s iodelay  Command
01:40:43        0     11052   91.00    1.00    0.00    0.00   92.00     0     68.00      0.00 3318400  158180  16.16     20.00      0.00      0.00       0  java

# Time        UID       PID    %usr %system  %guest   %wait    %CPU   CPU  minflt/s  majflt/s     VSZ     RSS   %MEM   kB_rd/s   kB_wr/s kB_ccwr/s iodelay  Command

# Time        UID       PID    %usr %system  %guest   %wait    %CPU   CPU  minflt/s  majflt/s     VSZ     RSS   %MEM   kB_rd/s   kB_wr/s kB_ccwr/s iodelay  Command
01:40:45        0     11052    0.00    1.00    0.00    0.00    1.00     0      0.00      0.00 3318400  158180  16.16      0.00      0.00      0.00       0  java

# Time        UID       PID    %usr %system  %guest   %wait    %CPU   CPU  minflt/s  majflt/s     VSZ     RSS   %MEM   kB_rd/s   kB_wr/s kB_ccwr/s iodelay  Command

# Time        UID       PID    %usr %system  %guest   %wait    %CPU   CPU  minflt/s  majflt/s     VSZ     RSS   %MEM   kB_rd/s   kB_wr/s kB_ccwr/s iodelay  Command
01:40:47        0       927    1.00    0.00    0.00    0.00    1.00     0      0.00      0.00 4627520  199824  20.41      0.00      0.00      0.00       0  java
01:40:47        0     11052   14.00    1.00    0.00    0.00   15.00     0    131.00      0.00 3318400  158692  16.21      0.00      0.00      0.00       0  java

# Time        UID       PID    %usr %system  %guest   %wait    %CPU   CPU  minflt/s  majflt/s     VSZ     RSS   %MEM   kB_rd/s   kB_wr/s kB_ccwr/s iodelay  Command
01:40:48        0     11052  193.00    4.00    0.00    0.00  197.00     0   1729.00      0.00 3318400  164776  16.83      0.00      0.00      0.00       0  java

# Time        UID       PID    %usr %system  %guest   %wait    %CPU   CPU  minflt/s  majflt/s     VSZ     RSS   %MEM   kB_rd/s   kB_wr/s kB_ccwr/s iodelay  Command
01:40:49        0       927    3.00    0.00    0.00    0.00    3.00     0      0.00      0.00 4627520  199824  20.41      0.00      4.00      0.00       0  java
01:40:49        0     11052  215.00    8.00    0.00    0.00  223.00     0   2828.00      0.00 3656280  172560  17.63      0.00      0.00      0.00       0  java

# Time        UID       PID    %usr %system  %guest   %wait    %CPU   CPU  minflt/s  majflt/s     VSZ     RSS   %MEM   kB_rd/s   kB_wr/s kB_ccwr/s iodelay  Command
01:40:50        0       927    0.00    0.00    0.00    0.00    0.00     0      0.00      0.00 4627520  199824  20.41      0.00      4.00      0.00       0  java
01:40:50        0     11052  220.00    4.00    0.00    0.00  224.00     0   1384.00      0.00 3656280  174756  17.85      0.00      0.00      0.00       0  java

# Time        UID       PID    %usr %system  %guest   %wait    %CPU   CPU  minflt/s  majflt/s     VSZ     RSS   %MEM   kB_rd/s   kB_wr/s kB_ccwr/s iodelay  Command
01:40:51        0     11052  232.00    4.00    0.00    0.00  236.00     0    715.00      0.00 3723856  178008  18.18      0.00      0.00      0.00       0  java

# Time        UID       PID    %usr %system  %guest   %wait    %CPU   CPU  minflt/s  majflt/s     VSZ     RSS   %MEM   kB_rd/s   kB_wr/s kB_ccwr/s iodelay  Command
01:40:52        0       927    0.99    0.99    0.00    0.00    1.98     0      0.00      0.00 4627520  199824  20.41      0.00      0.00      0.00       0  java
01:40:52        0     11052  177.23    5.94    0.00    0.00  183.17     0    568.32      0.00 3859008  180184  18.41      0.00      0.00      0.00       0  java

# Time        UID       PID    %usr %system  %guest   %wait    %CPU   CPU  minflt/s  majflt/s     VSZ     RSS   %MEM   kB_rd/s   kB_wr/s kB_ccwr/s iodelay  Command
01:40:53        0     11052  278.00   12.00    0.00    0.00  290.00     0    756.00      0.00 3994160  183128  18.71      4.00      0.00      0.00       0  java

# Time        UID       PID    %usr %system  %guest   %wait    %CPU   CPU  minflt/s  majflt/s     VSZ     RSS   %MEM   kB_rd/s   kB_wr/s kB_ccwr/s iodelay  Command
01:40:54        0       927    0.00    0.00    0.00    0.00    0.00     0      0.00      0.00 4627520  199824  20.41      0.00      8.00      0.00       0  java
01:40:54        0     11052  175.00    4.00    0.00    0.00  179.00     0    368.00      0.00 3994160  184536  18.85      8.00      0.00      0.00       0  java

# Time        UID       PID    %usr %system  %guest   %wait    %CPU   CPU  minflt/s  majflt/s     VSZ     RSS   %MEM   kB_rd/s   kB_wr/s kB_ccwr/s iodelay  Command
01:40:55        0     11052  170.00    4.00    0.00    0.00  174.00     0    788.00      0.00 4065976  187864  19.19      0.00      0.00      0.00       0  java

# Time        UID       PID    %usr %system  %guest   %wait    %CPU   CPU  minflt/s  majflt/s     VSZ     RSS   %MEM   kB_rd/s   kB_wr/s kB_ccwr/s iodelay  Command
01:40:56        0       927    1.00    0.00    0.00    0.00    1.00     0      0.00      0.00 4627520  199824  20.41      0.00      0.00      0.00       0  java
01:40:56        0     11052  182.00    6.00    0.00    0.00  188.00     0    907.00      0.00 4065976  191448  19.56      0.00      0.00      0.00       0  java

# Time        UID       PID    %usr %system  %guest   %wait    %CPU   CPU  minflt/s  majflt/s     VSZ     RSS   %MEM   kB_rd/s   kB_wr/s kB_ccwr/s iodelay  Command
01:40:57        0     11052  225.00    8.00    0.00    0.00  233.00     0    661.00      0.00 4065976  194008  19.82     32.00      0.00      0.00       0  java

# Time        UID       PID    %usr %system  %guest   %wait    %CPU   CPU  minflt/s  majflt/s     VSZ     RSS   %MEM   kB_rd/s   kB_wr/s kB_ccwr/s iodelay  Command
01:40:58        0     11052  263.00    8.00    0.00    0.00  271.00     0   1899.00      0.00 4065976  201688  20.60     68.00      0.00      0.00       0  java

# Time        UID       PID    %usr %system  %guest   %wait    %CPU   CPU  minflt/s  majflt/s     VSZ     RSS   %MEM   kB_rd/s   kB_wr/s kB_ccwr/s iodelay  Command
01:40:59        0       927    1.00    0.00    0.00    0.00    1.00     0      0.00      0.00 4627520  199824  20.41      0.00      0.00      0.00       0  java
01:40:59        0     11052  264.00   13.00    0.00    0.00  277.00     0    917.00      0.00 4065976  205144  20.96    520.00      0.00      0.00       0  java

# Time        UID       PID    %usr %system  %guest   %wait    %CPU   CPU  minflt/s  majflt/s     VSZ     RSS   %MEM   kB_rd/s   kB_wr/s kB_ccwr/s iodelay  Command
01:41:00        0     11052  252.00    7.00    0.00    0.00  259.00     0   1445.00      0.00 4065976  207080  21.15    740.00      0.00      0.00       0  java

# Time        UID       PID    %usr %system  %guest   %wait    %CPU   CPU  minflt/s  majflt/s     VSZ     RSS   %MEM   kB_rd/s   kB_wr/s kB_ccwr/s iodelay  Command
01:41:01        0     11052  245.00    5.00    0.00    0.00  250.00     0   1262.00      0.00 4065976  212072  21.66    108.00      0.00      0.00       0  java

# Time        UID       PID    %usr %system  %guest   %wait    %CPU   CPU  minflt/s  majflt/s     VSZ     RSS   %MEM   kB_rd/s   kB_wr/s kB_ccwr/s iodelay  Command
01:41:02        0       927    1.00    1.00    0.00    0.00    2.00     0      0.00      0.00 4627520  199824  20.41      0.00      0.00      0.00       0  java
01:41:02        0     11052  229.00    3.00    0.00    0.00  232.00     0    328.00      0.00 4065976  213480  21.81      4.00      0.00      0.00       0  java

# Time        UID       PID    %usr %system  %guest   %wait    %CPU   CPU  minflt/s  majflt/s     VSZ     RSS   %MEM   kB_rd/s   kB_wr/s kB_ccwr/s iodelay  Command
01:41:03        0     11052  202.00    5.00    0.00    0.00  207.00     0    736.00      0.00 4065976  216912  22.16      0.00      0.00      0.00       0  java

# Time        UID       PID    %usr %system  %guest   %wait    %CPU   CPU  minflt/s  majflt/s     VSZ     RSS   %MEM   kB_rd/s   kB_wr/s kB_ccwr/s iodelay  Command
01:41:04        0     11052  217.00    4.00    0.00    0.00  221.00     0    431.00      0.00 4065976  218704  22.34      0.00      0.00      0.00       0  java

# Time        UID       PID    %usr %system  %guest   %wait    %CPU   CPU  minflt/s  majflt/s     VSZ     RSS   %MEM   kB_rd/s   kB_wr/s kB_ccwr/s iodelay  Command
01:41:05        0     11052  249.00    5.00    0.00    0.00  254.00     0    935.00      0.00 4065976  222288  22.71      0.00      0.00      0.00       0  java

# Time        UID       PID    %usr %system  %guest   %wait    %CPU   CPU  minflt/s  majflt/s     VSZ     RSS   %MEM   kB_rd/s   kB_wr/s kB_ccwr/s iodelay  Command
01:41:06        0     11052  229.00    4.00    0.00    0.00  233.00     0    364.00      0.00 4065976  223824  22.87     16.00      0.00      0.00       0  java

# Time        UID       PID    %usr %system  %guest   %wait    %CPU   CPU  minflt/s  majflt/s     VSZ     RSS   %MEM   kB_rd/s   kB_wr/s kB_ccwr/s iodelay  Command
01:41:07        0       927    0.00    1.00    0.00    0.00    1.00     0      0.00      0.00 4627520  199824  20.41      0.00      0.00      0.00       0  java
01:41:07        0     11052  207.00    4.00    0.00    0.00  211.00     0    600.00      0.00 4065976  226000  23.09     64.00      0.00      0.00       0  java

# Time        UID       PID    %usr %system  %guest   %wait    %CPU   CPU  minflt/s  majflt/s     VSZ     RSS   %MEM   kB_rd/s   kB_wr/s kB_ccwr/s iodelay  Command
01:41:08        0       927    1.00    0.00    0.00    0.00    1.00     0      0.00      0.00 4627520  199824  20.41      0.00      0.00      0.00       0  java
01:41:08        0     11052  263.00   12.00    0.00    0.00  275.00     0    558.00      0.00 4065976  228176  23.31    160.00      0.00      0.00       0  java

# Time        UID       PID    %usr %system  %guest   %wait    %CPU   CPU  minflt/s  majflt/s     VSZ     RSS   %MEM   kB_rd/s   kB_wr/s kB_ccwr/s iodelay  Command
01:41:09        0       927    0.00    1.00    0.00    0.00    1.00     0      0.00      0.00 4627520  199824  20.41      0.00      0.00      0.00       0  java
01:41:09        0     11052  251.00    8.00    0.00    0.00  259.00     0    408.00      0.00 4065976  229712  23.47      0.00      0.00      0.00       0  java

# Time        UID       PID    %usr %system  %guest   %wait    %CPU   CPU  minflt/s  majflt/s     VSZ     RSS   %MEM   kB_rd/s   kB_wr/s kB_ccwr/s iodelay  Command
01:41:10        0     11052  279.00    2.00    0.00    0.00  281.00     0    535.00      0.00 4065976  231760  23.68      0.00      0.00      0.00       0  java

# Time        UID       PID    %usr %system  %guest   %wait    %CPU   CPU  minflt/s  majflt/s     VSZ     RSS   %MEM   kB_rd/s   kB_wr/s kB_ccwr/s iodelay  Command
01:41:11        0       927    0.00    0.00    0.00    0.00    0.00     0      0.00      0.00 4627520  199824  20.41      0.00      4.00      0.00       0  java
01:41:11        0     11052  289.00    8.00    0.00    0.00  297.00     0    583.00      0.00 4070220  234192  23.92      0.00      0.00      0.00       0  java

# Time        UID       PID    %usr %system  %guest   %wait    %CPU   CPU  minflt/s  majflt/s     VSZ     RSS   %MEM   kB_rd/s   kB_wr/s kB_ccwr/s iodelay  Command
01:41:12        0       927    0.00    1.00    0.00    0.00    1.00     0      0.00      0.00 4627520  199824  20.41      0.00      0.00      0.00       0  java
01:41:12        0     11052  259.00    6.00    0.00    0.00  265.00     0    270.00      0.00 4070220  235088  24.02      0.00      0.00      0.00       0  java

# Time        UID       PID    %usr %system  %guest   %wait    %CPU   CPU  minflt/s  majflt/s     VSZ     RSS   %MEM   kB_rd/s   kB_wr/s kB_ccwr/s iodelay  Command
01:41:13        0     11052  169.00    7.00    0.00    0.00  176.00     0    587.00      0.00 4070220  237648  24.28      0.00      0.00      0.00       0  java

# Time        UID       PID    %usr %system  %guest   %wait    %CPU   CPU  minflt/s  majflt/s     VSZ     RSS   %MEM   kB_rd/s   kB_wr/s kB_ccwr/s iodelay  Command
01:41:14        0       927    1.00    0.00    0.00    0.00    1.00     0      0.00      0.00 4627520  199824  20.41      0.00      0.00      0.00       0  java
01:41:14        0     11052  211.00    5.00    0.00    0.00  216.00     0   1441.00      0.00 4070220  243284  24.85      0.00      0.00      0.00       0  java

# Time        UID       PID    %usr %system  %guest   %wait    %CPU   CPU  minflt/s  majflt/s     VSZ     RSS   %MEM   kB_rd/s   kB_wr/s kB_ccwr/s iodelay  Command
01:41:15        0     11052  243.00    5.00    0.00    0.00  248.00     0    321.00      0.00 4070220  244564  24.98      0.00      0.00      0.00       0  java

# Time        UID       PID    %usr %system  %guest   %wait    %CPU   CPU  minflt/s  majflt/s     VSZ     RSS   %MEM   kB_rd/s   kB_wr/s kB_ccwr/s iodelay  Command
01:41:16        0     11052  112.87    0.99    0.00    0.00  113.86     0     59.41      0.00 4070220  244948  25.02      3.96      0.00      0.00       0  java

# Time        UID       PID    %usr %system  %guest   %wait    %CPU   CPU  minflt/s  majflt/s     VSZ     RSS   %MEM   kB_rd/s   kB_wr/s kB_ccwr/s iodelay  Command
01:41:17        0     11052  199.00    5.00    0.00    0.00  204.00     0    360.00      0.00 4135756  246228  25.15      4.00      0.00      0.00       0  java

# Time        UID       PID    %usr %system  %guest   %wait    %CPU   CPU  minflt/s  majflt/s     VSZ     RSS   %MEM   kB_rd/s   kB_wr/s kB_ccwr/s iodelay  Command
01:41:18        0       927    0.00    1.00    0.00    0.00    1.00     0      0.00      0.00 4627520  199824  20.41      0.00      0.00      0.00       0  java
01:41:18        0     11052   83.00    0.00    0.00    0.00   83.00     0     10.00      0.00 4135756  246228  25.15      0.00      0.00      0.00       0  java

# Time        UID       PID    %usr %system  %guest   %wait    %CPU   CPU  minflt/s  majflt/s     VSZ     RSS   %MEM   kB_rd/s   kB_wr/s kB_ccwr/s iodelay  Command
01:41:19        0     11052    0.00    0.00    0.00    0.00    0.00     0      0.00      0.00 4135756  246228  25.15     16.00      0.00      0.00       0  java

# Time        UID       PID    %usr %system  %guest   %wait    %CPU   CPU  minflt/s  majflt/s     VSZ     RSS   %MEM   kB_rd/s   kB_wr/s kB_ccwr/s iodelay  Command
01:41:20        0     11052    0.00    1.00    0.00    0.00    1.00     0      0.00      0.00 4135756  246228  25.15      0.00      0.00      0.00       0  java

# Time        UID       PID    %usr %system  %guest   %wait    %CPU   CPU  minflt/s  majflt/s     VSZ     RSS   %MEM   kB_rd/s   kB_wr/s kB_ccwr/s iodelay  Command
01:41:21        0     11052   37.00    0.00    0.00    0.00   37.00     0     21.00      0.00 4135756  246356  25.17      4.00      0.00      0.00       0  java

# Time        UID       PID    %usr %system  %guest   %wait    %CPU   CPU  minflt/s  majflt/s     VSZ     RSS   %MEM   kB_rd/s   kB_wr/s kB_ccwr/s iodelay  Command

# Time        UID       PID    %usr %system  %guest   %wait    %CPU   CPU  minflt/s  majflt/s     VSZ     RSS   %MEM   kB_rd/s   kB_wr/s kB_ccwr/s iodelay  Command
01:41:23        0     11052    1.00    0.00    0.00    0.00    1.00     0      0.00      0.00 4135756  246356  25.17      0.00      0.00      0.00       0  java

# Time        UID       PID    %usr %system  %guest   %wait    %CPU   CPU  minflt/s  majflt/s     VSZ     RSS   %MEM   kB_rd/s   kB_wr/s kB_ccwr/s iodelay  Command

# Time        UID       PID    %usr %system  %guest   %wait    %CPU   CPU  minflt/s  majflt/s     VSZ     RSS   %MEM   kB_rd/s   kB_wr/s kB_ccwr/s iodelay  Command

# Time        UID       PID    %usr %system  %guest   %wait    %CPU   CPU  minflt/s  majflt/s     VSZ     RSS   %MEM   kB_rd/s   kB_wr/s kB_ccwr/s iodelay  Command

# Time        UID       PID    %usr %system  %guest   %wait    %CPU   CPU  minflt/s  majflt/s     VSZ     RSS   %MEM   kB_rd/s   kB_wr/s kB_ccwr/s iodelay  Command
01:41:27        0       927    0.00    1.00    0.00    0.00    1.00     0      0.00      0.00 4627520  199824  20.41      0.00      0.00      0.00       0  java
01:41:27        0     11052   80.00    3.00    0.00    0.00   83.00     0    128.00      0.00 4135756  247056  25.24      0.00      0.00      0.00       0  java

# Time        UID       PID    %usr %system  %guest   %wait    %CPU   CPU  minflt/s  majflt/s     VSZ     RSS   %MEM   kB_rd/s   kB_wr/s kB_ccwr/s iodelay  Command
01:41:28        0     11052  303.00    5.00    0.00    0.00  308.00     0   1739.00      0.00 4135756  253712  25.92      0.00      0.00      0.00       0  java

# Time        UID       PID    %usr %system  %guest   %wait    %CPU   CPU  minflt/s  majflt/s     VSZ     RSS   %MEM   kB_rd/s   kB_wr/s kB_ccwr/s iodelay  Command
01:41:29        0       927    1.00    0.00    0.00    0.00    1.00     0      0.00      0.00 4627520  199824  20.41      0.00      0.00      0.00       0  java
01:41:29        0     11052  355.00    3.00    0.00    0.00  358.00     0    194.00      0.00 4135756  254736  26.02      0.00      0.00      0.00       0  java

# Time        UID       PID    %usr %system  %guest   %wait    %CPU   CPU  minflt/s  majflt/s     VSZ     RSS   %MEM   kB_rd/s   kB_wr/s kB_ccwr/s iodelay  Command
01:41:30        0     11052  340.00    3.00    0.00    0.00  343.00     0    516.00      0.00 4135756  256656  26.22      0.00      0.00      0.00       0  java

# Time        UID       PID    %usr %system  %guest   %wait    %CPU   CPU  minflt/s  majflt/s     VSZ     RSS   %MEM   kB_rd/s   kB_wr/s kB_ccwr/s iodelay  Command
01:41:31        0     11052  342.00    7.00    0.00    0.00  349.00     0    146.00      0.00 4135756  257296  26.28      0.00      0.00      0.00       0  java

# Time        UID       PID    %usr %system  %guest   %wait    %CPU   CPU  minflt/s  majflt/s     VSZ     RSS   %MEM   kB_rd/s   kB_wr/s kB_ccwr/s iodelay  Command
01:41:32        0       927    1.00    0.00    0.00    0.00    1.00     0      0.00      0.00 4627520  199824  20.41      0.00      0.00      0.00       0  java
01:41:32        0     11052  292.00    1.00    0.00    0.00  293.00     0    532.00      0.00 4135756  259472  26.51      0.00      0.00      0.00       0  java

# Time        UID       PID    %usr %system  %guest   %wait    %CPU   CPU  minflt/s  majflt/s     VSZ     RSS   %MEM   kB_rd/s   kB_wr/s kB_ccwr/s iodelay  Command
01:41:33        0       927    0.00    1.00    0.00    0.00    1.00     0      0.00      0.00 4627520  199824  20.41      0.00      0.00      0.00       0  java
01:41:33        0     11052  295.00    2.00    0.00    0.00  297.00     0     11.00      0.00 4135756  259472  26.51      0.00      0.00      0.00       0  java

# Time        UID       PID    %usr %system  %guest   %wait    %CPU   CPU  minflt/s  majflt/s     VSZ     RSS   %MEM   kB_rd/s   kB_wr/s kB_ccwr/s iodelay  Command
01:41:34        0       927    1.00    0.00    0.00    0.00    1.00     0      0.00      0.00 4627520  199824  20.41      0.00      0.00      0.00       0  java
01:41:34        0     11052  298.00    1.00    0.00    0.00  299.00     0      6.00      0.00 4135756  259472  26.51      0.00      0.00      0.00       0  java

# Time        UID       PID    %usr %system  %guest   %wait    %CPU   CPU  minflt/s  majflt/s     VSZ     RSS   %MEM   kB_rd/s   kB_wr/s kB_ccwr/s iodelay  Command
01:41:35        0     11052  297.00    1.00    0.00    0.00  298.00     0     13.00      0.00 4135756  259472  26.51      0.00      0.00      0.00       0  java

# Time        UID       PID    %usr %system  %guest   %wait    %CPU   CPU  minflt/s  majflt/s     VSZ     RSS   %MEM   kB_rd/s   kB_wr/s kB_ccwr/s iodelay  Command
01:41:36        0       927    1.00    0.00    0.00    0.00    1.00     0      0.00      0.00 4627520  199824  20.41      0.00      0.00      0.00       0  java
01:41:36        0     11052  297.00    1.00    0.00    0.00  298.00     0      9.00      0.00 4135756  259600  26.52      0.00      0.00      0.00       0  java

# Time        UID       PID    %usr %system  %guest   %wait    %CPU   CPU  minflt/s  majflt/s     VSZ     RSS   %MEM   kB_rd/s   kB_wr/s kB_ccwr/s iodelay  Command
01:41:37        0     11052  296.00    2.00    0.00    0.00  298.00     0      9.00      0.00 4135756  259600  26.52      0.00      0.00      0.00       0  java

# Time        UID       PID    %usr %system  %guest   %wait    %CPU   CPU  minflt/s  majflt/s     VSZ     RSS   %MEM   kB_rd/s   kB_wr/s kB_ccwr/s iodelay  Command
01:41:38        0     11052  292.08    1.98    0.00    0.00  294.06     0      8.91      0.00 4135756  259728  26.53      0.00      0.00      0.00       0  java

# Time        UID       PID    %usr %system  %guest   %wait    %CPU   CPU  minflt/s  majflt/s     VSZ     RSS   %MEM   kB_rd/s   kB_wr/s kB_ccwr/s iodelay  Command
01:41:39        0       927    0.00    1.00    0.00    0.00    1.00     0      0.00      0.00 4627520  199824  20.41      0.00      0.00      0.00       0  java
01:41:39        0     11052  294.00    0.00    0.00    0.00  294.00     0      5.00      0.00 4135756  259728  26.53      0.00      0.00      0.00       0  java

# Time        UID       PID    %usr %system  %guest   %wait    %CPU   CPU  minflt/s  majflt/s     VSZ     RSS   %MEM   kB_rd/s   kB_wr/s kB_ccwr/s iodelay  Command
01:41:40        0       927    1.00    0.00    0.00    0.00    1.00     0      0.00      0.00 4627520  199824  20.41      0.00      0.00      0.00       0  java
01:41:40        0     11052  291.00    1.00    0.00    0.00  292.00     0     11.00      0.00 4135756  259856  26.55      0.00      0.00      0.00       0  java

# Time        UID       PID    %usr %system  %guest   %wait    %CPU   CPU  minflt/s  majflt/s     VSZ     RSS   %MEM   kB_rd/s   kB_wr/s kB_ccwr/s iodelay  Command
01:41:41        0     11052  295.00    2.00    0.00    0.00  297.00     0     14.00      0.00 4135756  259856  26.55      0.00      0.00      0.00       0  java

# Time        UID       PID    %usr %system  %guest   %wait    %CPU   CPU  minflt/s  majflt/s     VSZ     RSS   %MEM   kB_rd/s   kB_wr/s kB_ccwr/s iodelay  Command
01:41:42        0     11052  292.00    1.00    0.00    0.00  293.00     0     22.00      0.00 4135756  259856  26.55      0.00      0.00      0.00       0  java

# Time        UID       PID    %usr %system  %guest   %wait    %CPU   CPU  minflt/s  majflt/s     VSZ     RSS   %MEM   kB_rd/s   kB_wr/s kB_ccwr/s iodelay  Command
01:41:43        0     11052  288.00    1.00    0.00    0.00  289.00     0     10.00      0.00 4135756  259856  26.55      0.00      0.00      0.00       0  java

# Time        UID       PID    %usr %system  %guest   %wait    %CPU   CPU  minflt/s  majflt/s     VSZ     RSS   %MEM   kB_rd/s   kB_wr/s kB_ccwr/s iodelay  Command
01:41:44        0     11052  290.00    2.00    0.00    0.00  292.00     0     14.00      0.00 4135756  260112  26.57      0.00      0.00      0.00       0  java

# Time        UID       PID    %usr %system  %guest   %wait    %CPU   CPU  minflt/s  majflt/s     VSZ     RSS   %MEM   kB_rd/s   kB_wr/s kB_ccwr/s iodelay  Command
01:41:45        0       927    1.00    1.00    0.00    0.00    2.00     0      0.00      0.00 4627520  199824  20.41      0.00      0.00      0.00       0  java
01:41:45        0     11052  287.00    2.00    0.00    0.00  289.00     0     10.00      0.00 4135756  260112  26.57      0.00      0.00      0.00       0  java

# Time        UID       PID    %usr %system  %guest   %wait    %CPU   CPU  minflt/s  majflt/s     VSZ     RSS   %MEM   kB_rd/s   kB_wr/s kB_ccwr/s iodelay  Command
01:41:46        0     11052  286.00    2.00    0.00    0.00  288.00     0     19.00      0.00 4135756  260112  26.57      0.00      0.00      0.00       0  java

# Time        UID       PID    %usr %system  %guest   %wait    %CPU   CPU  minflt/s  majflt/s     VSZ     RSS   %MEM   kB_rd/s   kB_wr/s kB_ccwr/s iodelay  Command
01:41:47        0     11052  246.00    0.00    0.00    0.00  246.00     0      8.00      0.00 4135756  260112  26.57      0.00      0.00      0.00       0  java

# Time        UID       PID    %usr %system  %guest   %wait    %CPU   CPU  minflt/s  majflt/s     VSZ     RSS   %MEM   kB_rd/s   kB_wr/s kB_ccwr/s iodelay  Command
01:41:48        0       927    0.00    1.00    0.00    0.00    1.00     0      0.00      0.00 4627520  199824  20.41      0.00      0.00      0.00       0  java
01:41:48        0     11052  190.00    2.00    0.00    0.00  192.00     0      0.00      0.00 4135756  260112  26.57      0.00      0.00      0.00       0  java

# Time        UID       PID    %usr %system  %guest   %wait    %CPU   CPU  minflt/s  majflt/s     VSZ     RSS   %MEM   kB_rd/s   kB_wr/s kB_ccwr/s iodelay  Command
01:41:49        0     11052  217.00    2.00    0.00    0.00  219.00     0     16.00      0.00 4135756  260240  26.59      0.00      0.00      0.00       0  java

# Time        UID       PID    %usr %system  %guest   %wait    %CPU   CPU  minflt/s  majflt/s     VSZ     RSS   %MEM   kB_rd/s   kB_wr/s kB_ccwr/s iodelay  Command
01:41:50        0       927    1.00    0.00    0.00    0.00    1.00     0      0.00      0.00 4627520  199824  20.41      0.00      0.00      0.00       0  java
01:41:50        0     11052  193.00    0.00    0.00    0.00  193.00     0      2.00      0.00 4135756  260240  26.59      0.00      0.00      0.00       0  java

# Time        UID       PID    %usr %system  %guest   %wait    %CPU   CPU  minflt/s  majflt/s     VSZ     RSS   %MEM   kB_rd/s   kB_wr/s kB_ccwr/s iodelay  Command
01:41:51        0     11052  201.00    2.00    0.00    0.00  203.00     0     29.00      0.00 4135756  260368  26.60      0.00      0.00      0.00       0  java

# Time        UID       PID    %usr %system  %guest   %wait    %CPU   CPU  minflt/s  majflt/s     VSZ     RSS   %MEM   kB_rd/s   kB_wr/s kB_ccwr/s iodelay  Command
01:41:52        0     11052  197.00    0.00    0.00    0.00  197.00     0     10.00      0.00 4135756  260368  26.60      0.00      0.00      0.00       0  java

# Time        UID       PID    %usr %system  %guest   %wait    %CPU   CPU  minflt/s  majflt/s     VSZ     RSS   %MEM   kB_rd/s   kB_wr/s kB_ccwr/s iodelay  Command
01:41:53        0       927    1.00    0.00    0.00    0.00    1.00     0      0.00      0.00 4627520  199824  20.41      0.00      0.00      0.00       0  java
01:41:53        0     11052  195.00    1.00    0.00    0.00  196.00     0      2.00      0.00 4135756  260368  26.60      0.00      0.00      0.00       0  java

# Time        UID       PID    %usr %system  %guest   %wait    %CPU   CPU  minflt/s  majflt/s     VSZ     RSS   %MEM   kB_rd/s   kB_wr/s kB_ccwr/s iodelay  Command
01:41:54        0     11052  192.00    0.00    0.00    0.00  192.00     0      0.00      0.00 4135756  260368  26.60      0.00      0.00      0.00       0  java

# Time        UID       PID    %usr %system  %guest   %wait    %CPU   CPU  minflt/s  majflt/s     VSZ     RSS   %MEM   kB_rd/s   kB_wr/s kB_ccwr/s iodelay  Command
01:41:55        0     11052  192.00    2.00    0.00    0.00  194.00     0      1.00      0.00 4135756  260368  26.60      0.00      0.00      0.00       0  java

# Time        UID       PID    %usr %system  %guest   %wait    %CPU   CPU  minflt/s  majflt/s     VSZ     RSS   %MEM   kB_rd/s   kB_wr/s kB_ccwr/s iodelay  Command
01:41:56        0     11052  192.00    1.00    0.00    0.00  193.00     0      0.00      0.00 4135756  260368  26.60      0.00      0.00      0.00       0  java

# Time        UID       PID    %usr %system  %guest   %wait    %CPU   CPU  minflt/s  majflt/s     VSZ     RSS   %MEM   kB_rd/s   kB_wr/s kB_ccwr/s iodelay  Command
01:41:57        0     11052  194.00    1.00    0.00    0.00  195.00     0      1.00      0.00 4135756  260368  26.60      0.00      0.00      0.00       0  java

# Time        UID       PID    %usr %system  %guest   %wait    %CPU   CPU  minflt/s  majflt/s     VSZ     RSS   %MEM   kB_rd/s   kB_wr/s kB_ccwr/s iodelay  Command
01:41:58        0       927    0.00    1.00    0.00    0.00    1.00     0      0.00      0.00 4627520  199824  20.41      0.00      0.00      0.00       0  java
01:41:58        0     11052  194.00    2.00    0.00    0.00  196.00     0      3.00      0.00 4135756  260368  26.60      0.00      0.00      0.00       0  java

# Time        UID       PID    %usr %system  %guest   %wait    %CPU   CPU  minflt/s  majflt/s     VSZ     RSS   %MEM   kB_rd/s   kB_wr/s kB_ccwr/s iodelay  Command
01:41:59        0       927    1.00    0.00    0.00    0.00    1.00     0      0.00      0.00 4627520  199824  20.41      0.00      0.00      0.00       0  java
01:41:59        0     11052  194.00    0.00    0.00    0.00  194.00     0      0.00      0.00 4135756  260368  26.60      0.00      0.00      0.00       0  java

# Time        UID       PID    %usr %system  %guest   %wait    %CPU   CPU  minflt/s  majflt/s     VSZ     RSS   %MEM   kB_rd/s   kB_wr/s kB_ccwr/s iodelay  Command
01:42:00        0     11052  193.00    2.00    0.00    0.00  195.00     0      0.00      0.00 4135756  260368  26.60      0.00      0.00      0.00       0  java

# Time        UID       PID    %usr %system  %guest   %wait    %CPU   CPU  minflt/s  majflt/s     VSZ     RSS   %MEM   kB_rd/s   kB_wr/s kB_ccwr/s iodelay  Command
01:42:01        0     11052  205.00    1.00    0.00    0.00  206.00     0     18.00      0.00 4135756  260368  26.60      0.00      0.00      0.00       0  java

# Time        UID       PID    %usr %system  %guest   %wait    %CPU   CPU  minflt/s  majflt/s     VSZ     RSS   %MEM   kB_rd/s   kB_wr/s kB_ccwr/s iodelay  Command
01:42:02        0       927    0.00    1.00    0.00    0.00    1.00     0      0.00      0.00 4627520  199824  20.41      0.00      0.00      0.00       0  java
01:42:02        0     11052  192.00    0.00    0.00    0.00  192.00     0      0.00      0.00 4135756  260368  26.60      0.00      0.00      0.00       0  java

# Time        UID       PID    %usr %system  %guest   %wait    %CPU   CPU  minflt/s  majflt/s     VSZ     RSS   %MEM   kB_rd/s   kB_wr/s kB_ccwr/s iodelay  Command
01:42:03        0     11052  194.00    1.00    0.00    0.00  195.00     0      2.00      0.00 4135756  260368  26.60      0.00      0.00      0.00       0  java

# Time        UID       PID    %usr %system  %guest   %wait    %CPU   CPU  minflt/s  majflt/s     VSZ     RSS   %MEM   kB_rd/s   kB_wr/s kB_ccwr/s iodelay  Command
01:42:04        0       927    1.00    0.00    0.00    0.00    1.00     0      0.00      0.00 4627520  199824  20.41      0.00      0.00      0.00       0  java
01:42:04        0     11052  193.00    1.00    0.00    0.00  194.00     0      2.00      0.00 4135756  260368  26.60      0.00      0.00      0.00       0  java

# Time        UID       PID    %usr %system  %guest   %wait    %CPU   CPU  minflt/s  majflt/s     VSZ     RSS   %MEM   kB_rd/s   kB_wr/s kB_ccwr/s iodelay  Command
01:42:05        0     11052  192.00    2.00    0.00    0.00  194.00     0      0.00      0.00 4135756  260368  26.60      0.00      0.00      0.00       0  java

# Time        UID       PID    %usr %system  %guest   %wait    %CPU   CPU  minflt/s  majflt/s     VSZ     RSS   %MEM   kB_rd/s   kB_wr/s kB_ccwr/s iodelay  Command
01:42:06        0       927    0.00    1.00    0.00    0.00    1.00     0      0.00      0.00 4627520  199824  20.41      0.00      0.00      0.00       0  java
01:42:06        0     11052  208.00    4.00    0.00    0.00  212.00     0     51.00      0.00 4135756  260624  26.62      4.00      0.00      0.00       0  java

# Time        UID       PID    %usr %system  %guest   %wait    %CPU   CPU  minflt/s  majflt/s     VSZ     RSS   %MEM   kB_rd/s   kB_wr/s kB_ccwr/s iodelay  Command
01:42:07        0     11052  160.00    1.00    0.00    0.00  161.00     0      6.00      0.00 4135756  260624  26.62      0.00      0.00      0.00       0  java

# Time        UID       PID    %usr %system  %guest   %wait    %CPU   CPU  minflt/s  majflt/s     VSZ     RSS   %MEM   kB_rd/s   kB_wr/s kB_ccwr/s iodelay  Command
01:42:08        0     11052   99.00    0.00    0.00    0.00   99.00     0      0.00      0.00 4135756  260624  26.62      0.00      0.00      0.00       0  java

# Time        UID       PID    %usr %system  %guest   %wait    %CPU   CPU  minflt/s  majflt/s     VSZ     RSS   %MEM   kB_rd/s   kB_wr/s kB_ccwr/s iodelay  Command
01:42:09        0       927    0.00    0.00    0.00    0.00    0.00     0      0.00      0.00 4627520  199824  20.41      0.00      8.00      0.00       0  java
01:42:09        0     11052  183.00    8.00    0.00    0.00  191.00     0    180.00      0.00 4135756  261392  26.70      0.00      0.00      0.00       0  java

# Time        UID       PID    %usr %system  %guest   %wait    %CPU   CPU  minflt/s  majflt/s     VSZ     RSS   %MEM   kB_rd/s   kB_wr/s kB_ccwr/s iodelay  Command
01:42:10        0       927    0.00    0.00    0.00    0.00    0.00     0      0.00      0.00 4627520  199824  20.41      0.00      4.00      0.00       0  java
01:42:10        0     11052   91.00    1.00    0.00    0.00   92.00     0     65.00      0.00 4135756  261520  26.72      4.00      0.00      0.00       0  java

# Time        UID       PID    %usr %system  %guest   %wait    %CPU   CPU  minflt/s  majflt/s     VSZ     RSS   %MEM   kB_rd/s   kB_wr/s kB_ccwr/s iodelay  Command
01:42:11        0       927    1.00    0.00    0.00    0.00    1.00     0      0.00      0.00 4627520  199824  20.41      0.00      0.00      0.00       0  java
01:42:11        0     11052  101.00    3.00    0.00    0.00  104.00     0    106.00      0.00 4135756  261904  26.76    172.00      0.00      0.00       0  java

# Time        UID       PID    %usr %system  %guest   %wait    %CPU   CPU  minflt/s  majflt/s     VSZ     RSS   %MEM   kB_rd/s   kB_wr/s kB_ccwr/s iodelay  Command
01:42:12        0       927    0.00    0.99    0.00    0.00    0.99     0      0.00      0.00 4627520  199824  20.41      0.00      0.00      0.00       0  java
01:42:12        0     11052  205.94    4.95    0.00    0.00  210.89     0    542.57      0.00 4135756  264208  26.99     51.49      0.00      0.00       0  java

# Time        UID       PID    %usr %system  %guest   %wait    %CPU   CPU  minflt/s  majflt/s     VSZ     RSS   %MEM   kB_rd/s   kB_wr/s kB_ccwr/s iodelay  Command
01:42:13        0     11052  229.00    1.00    0.00    0.00  230.00     0    456.00      0.00 4136528  266424  27.22      0.00      0.00      0.00       0  java

# Time        UID       PID    %usr %system  %guest   %wait    %CPU   CPU  minflt/s  majflt/s     VSZ     RSS   %MEM   kB_rd/s   kB_wr/s kB_ccwr/s iodelay  Command
01:42:14        0       927    1.00    0.00    0.00    0.00    1.00     0      0.00      0.00 4627520  199824  20.41      0.00      0.00      0.00       0  java
01:42:14        0     11052  238.00    6.00    0.00    0.00  244.00     0    322.00      0.00 4142648  267576  27.33      0.00      0.00      0.00       0  java

# Time        UID       PID    %usr %system  %guest   %wait    %CPU   CPU  minflt/s  majflt/s     VSZ     RSS   %MEM   kB_rd/s   kB_wr/s kB_ccwr/s iodelay  Command
01:42:15        0       927    0.00    1.00    0.00    0.00    1.00     0      0.00      0.00 4627520  199824  20.41      0.00      4.00      0.00       0  java
01:42:15        0     11052  263.00    6.00    0.00    0.00  269.00     0    225.00      0.00 4152848  268600  27.44      8.00      0.00      0.00       0  java

# Time        UID       PID    %usr %system  %guest   %wait    %CPU   CPU  minflt/s  majflt/s     VSZ     RSS   %MEM   kB_rd/s   kB_wr/s kB_ccwr/s iodelay  Command
01:42:16        0       927    0.00    0.00    0.00    0.00    0.00     0      0.00      0.00 4627520  199824  20.41      0.00      4.00      0.00       0  java
01:42:16        0     11052  247.00    7.00    0.00    0.00  254.00     0   3288.00      0.00 4152848  281656  28.77      0.00      0.00      0.00       0  java

# Time        UID       PID    %usr %system  %guest   %wait    %CPU   CPU  minflt/s  majflt/s     VSZ     RSS   %MEM   kB_rd/s   kB_wr/s kB_ccwr/s iodelay  Command
01:42:17        0     11052  207.00    2.00    0.00    0.00  209.00     0     30.00      0.00 4152848  281784  28.79      0.00      0.00      0.00       0  java

# Time        UID       PID    %usr %system  %guest   %wait    %CPU   CPU  minflt/s  majflt/s     VSZ     RSS   %MEM   kB_rd/s   kB_wr/s kB_ccwr/s iodelay  Command
01:42:18        0       927    0.00    1.00    0.00    0.00    1.00     0      0.00      0.00 4627520  199824  20.41      0.00      0.00      0.00       0  java
01:42:18        0     11052  359.00    7.00    0.00    0.00  366.00     0   2915.00      0.00 4152848  293432  29.98      0.00      0.00      0.00       0  java

# Time        UID       PID    %usr %system  %guest   %wait    %CPU   CPU  minflt/s  majflt/s     VSZ     RSS   %MEM   kB_rd/s   kB_wr/s kB_ccwr/s iodelay  Command
01:42:19        0     11052  366.00    2.00    0.00    0.00  368.00     0    124.00      0.00 4152848  293944  30.03      0.00      0.00      0.00       0  java

# Time        UID       PID    %usr %system  %guest   %wait    %CPU   CPU  minflt/s  majflt/s     VSZ     RSS   %MEM   kB_rd/s   kB_wr/s kB_ccwr/s iodelay  Command
01:42:20        0       927    1.00    0.00    0.00    0.00    1.00     0      0.00      0.00 4627520  199824  20.41      0.00      0.00      0.00       0  java
01:42:20        0     11052  369.00    2.00    0.00    0.00  371.00     0      2.00      0.00 4152848  293944  30.03      0.00      0.00      0.00       0  java

# Time        UID       PID    %usr %system  %guest   %wait    %CPU   CPU  minflt/s  majflt/s     VSZ     RSS   %MEM   kB_rd/s   kB_wr/s kB_ccwr/s iodelay  Command
01:42:21        0     11052  367.00    1.00    0.00    0.00  368.00     0     13.00      0.00 4152848  293944  30.03      0.00      0.00      0.00       0  java

# Time        UID       PID    %usr %system  %guest   %wait    %CPU   CPU  minflt/s  majflt/s     VSZ     RSS   %MEM   kB_rd/s   kB_wr/s kB_ccwr/s iodelay  Command
01:42:22        0     11052  363.00    2.00    0.00    0.00  365.00     0     14.00      0.00 4152848  294200  30.05      0.00      0.00      0.00       0  java

# Time        UID       PID    %usr %system  %guest   %wait    %CPU   CPU  minflt/s  majflt/s     VSZ     RSS   %MEM   kB_rd/s   kB_wr/s kB_ccwr/s iodelay  Command
01:42:23        0       927    1.00    0.00    0.00    0.00    1.00     0      0.00      0.00 4627520  199824  20.41      0.00      0.00      0.00       0  java
01:42:23        0     11052  365.00    3.00    0.00    0.00  368.00     0     12.00      0.00 4152848  294200  30.05      0.00      0.00      0.00       0  java

# Time        UID       PID    %usr %system  %guest   %wait    %CPU   CPU  minflt/s  majflt/s     VSZ     RSS   %MEM   kB_rd/s   kB_wr/s kB_ccwr/s iodelay  Command
01:42:24        0     11052  360.00    2.00    0.00    0.00  362.00     0      6.00      0.00 4152848  294200  30.05      0.00      0.00      0.00       0  java

# Time        UID       PID    %usr %system  %guest   %wait    %CPU   CPU  minflt/s  majflt/s     VSZ     RSS   %MEM   kB_rd/s   kB_wr/s kB_ccwr/s iodelay  Command
01:42:25        0       927    1.00    0.00    0.00    0.00    1.00     0      0.00      0.00 4627520  199824  20.41      0.00      0.00      0.00       0  java
01:42:25        0     11052  367.00    1.00    0.00    0.00  368.00     0      8.00      0.00 4152848  294200  30.05      0.00      0.00      0.00       0  java

# Time        UID       PID    %usr %system  %guest   %wait    %CPU   CPU  minflt/s  majflt/s     VSZ     RSS   %MEM   kB_rd/s   kB_wr/s kB_ccwr/s iodelay  Command
01:42:26        0     11052  359.00    2.00    0.00    0.00  361.00     0      9.00      0.00 4152848  294200  30.05      0.00      0.00      0.00       0  java

# Time        UID       PID    %usr %system  %guest   %wait    %CPU   CPU  minflt/s  majflt/s     VSZ     RSS   %MEM   kB_rd/s   kB_wr/s kB_ccwr/s iodelay  Command
01:42:27        0     11052  352.48    4.95    0.00    0.00  357.43     0      6.93      0.00 4152848  294328  30.07      0.00      0.00      0.00       0  java

# Time        UID       PID    %usr %system  %guest   %wait    %CPU   CPU  minflt/s  majflt/s     VSZ     RSS   %MEM   kB_rd/s   kB_wr/s kB_ccwr/s iodelay  Command
01:42:28        0       927    1.00    0.00    0.00    0.00    1.00     0      0.00      0.00 4627520  199824  20.41      0.00      0.00      0.00       0  java
01:42:28        0     11052  364.00    1.00    0.00    0.00  365.00     0      7.00      0.00 4152848  294328  30.07      0.00      0.00      0.00       0  java

# Time        UID       PID    %usr %system  %guest   %wait    %CPU   CPU  minflt/s  majflt/s     VSZ     RSS   %MEM   kB_rd/s   kB_wr/s kB_ccwr/s iodelay  Command
01:42:29        0       927    0.00    1.00    0.00    0.00    1.00     0      0.00      0.00 4627520  199824  20.41      0.00      0.00      0.00       0  java
01:42:29        0     11052  349.00   10.00    0.00    0.00  359.00     0     32.00      0.00 4152848  294328  30.07      0.00      0.00      0.00       0  java

# Time        UID       PID    %usr %system  %guest   %wait    %CPU   CPU  minflt/s  majflt/s     VSZ     RSS   %MEM   kB_rd/s   kB_wr/s kB_ccwr/s iodelay  Command
01:42:30        0       927    1.00    0.00    0.00    0.00    1.00     0      0.00      0.00 4627520  199824  20.41      0.00      0.00      0.00       0  java
01:42:30        0     11052  363.00    6.00    0.00    0.00  369.00     0     33.00      0.00 4152848  294328  30.07      0.00      0.00      0.00       0  java

# Time        UID       PID    %usr %system  %guest   %wait    %CPU   CPU  minflt/s  majflt/s     VSZ     RSS   %MEM   kB_rd/s   kB_wr/s kB_ccwr/s iodelay  Command
01:42:31        0       927    0.00    0.00    0.00    0.00    0.00     0      0.00      0.00 4627520  199824  20.41      0.00      4.00      0.00       0  java
01:42:31        0     11052  338.00    6.00    0.00    0.00  344.00     0    844.00      0.00 4152848  297784  30.42      0.00      0.00      0.00       0  java

# Time        UID       PID    %usr %system  %guest   %wait    %CPU   CPU  minflt/s  majflt/s     VSZ     RSS   %MEM   kB_rd/s   kB_wr/s kB_ccwr/s iodelay  Command
01:42:32        0       927    1.00    0.00    0.00    0.00    1.00     0      0.00      0.00 4627520  199824  20.41      0.00      0.00      0.00       0  java
01:42:32        0     11052  333.00   10.00    0.00    0.00  343.00     0    661.00      0.00 4152848  300088  30.66     16.00      0.00      0.00       0  java

# Time        UID       PID    %usr %system  %guest   %wait    %CPU   CPU  minflt/s  majflt/s     VSZ     RSS   %MEM   kB_rd/s   kB_wr/s kB_ccwr/s iodelay  Command
01:42:33        0       927    1.00    0.00    0.00    0.00    1.00     0      0.00      0.00 4627520  199824  20.41      0.00      0.00      0.00       0  java
01:42:33        0     11052   52.00    2.00    0.00    0.00   54.00     0    165.00      0.00 4165088  300856  30.73      0.00      0.00      0.00       0  java

# Time        UID       PID    %usr %system  %guest   %wait    %CPU   CPU  minflt/s  majflt/s     VSZ     RSS   %MEM   kB_rd/s   kB_wr/s kB_ccwr/s iodelay  Command
01:42:34        0       927    0.00    0.00    0.00    0.00    0.00     0      0.00      0.00 4627520  199824  20.41      0.00      4.00      0.00       0  java
01:42:34        0     11052  107.00    1.00    0.00    0.00  108.00     0     42.00      0.00 4165088  300984  30.75     92.00      0.00      0.00       0  java

# Time        UID       PID    %usr %system  %guest   %wait    %CPU   CPU  minflt/s  majflt/s     VSZ     RSS   %MEM   kB_rd/s   kB_wr/s kB_ccwr/s iodelay  Command
01:42:35        0     11052   54.00    0.00    0.00    0.00   54.00     0      7.00      0.00 4165088  300984  30.75      0.00      0.00      0.00       0  java

# Time        UID       PID    %usr %system  %guest   %wait    %CPU   CPU  minflt/s  majflt/s     VSZ     RSS   %MEM   kB_rd/s   kB_wr/s kB_ccwr/s iodelay  Command
01:42:36        0     11052    0.00    0.00    0.00    0.00    0.00     0      0.00      0.00 4165088  300984  30.75     32.00      0.00      0.00       0  java

# Time        UID       PID    %usr %system  %guest   %wait    %CPU   CPU  minflt/s  majflt/s     VSZ     RSS   %MEM   kB_rd/s   kB_wr/s kB_ccwr/s iodelay  Command

# Time        UID       PID    %usr %system  %guest   %wait    %CPU   CPU  minflt/s  majflt/s     VSZ     RSS   %MEM   kB_rd/s   kB_wr/s kB_ccwr/s iodelay  Command
01:42:38        0       927    0.00    1.00    0.00    0.00    1.00     0      0.00      0.00 4627520  199824  20.41      0.00      4.00      0.00       0  java
01:42:38        0     11052  125.00    2.00    0.00    0.00  127.00     0     44.00      0.00 4165088  301368  30.79      0.00      0.00      0.00       0  java

# Time        UID       PID    %usr %system  %guest   %wait    %CPU   CPU  minflt/s  majflt/s     VSZ     RSS   %MEM   kB_rd/s   kB_wr/s kB_ccwr/s iodelay  Command
01:42:39        0       927    0.99    0.00    0.00    0.00    0.99     0      0.00      0.00 4627520  199824  20.41      0.00      3.96      0.00       0  java
01:42:39        0     11052  291.09    6.93    0.00    0.00  298.02     0   2914.85      0.00 4165088  313016  31.98      0.00      0.00      0.00       0  java

# Time        UID       PID    %usr %system  %guest   %wait    %CPU   CPU  minflt/s  majflt/s     VSZ     RSS   %MEM   kB_rd/s   kB_wr/s kB_ccwr/s iodelay  Command
01:42:40        0     11052  353.00    5.00    0.00    0.00  358.00     0   1138.00      0.00 4165088  317496  32.43      0.00      0.00      0.00       0  java

# Time        UID       PID    %usr %system  %guest   %wait    %CPU   CPU  minflt/s  majflt/s     VSZ     RSS   %MEM   kB_rd/s   kB_wr/s kB_ccwr/s iodelay  Command
01:42:41        0       927    0.00    1.00    0.00    0.00    1.00     0      0.00      0.00 4627520  199824  20.41      0.00      0.00      0.00       0  java
01:42:41        0     11052  361.00    2.00    0.00    0.00  363.00     0     42.00      0.00 4165088  317624  32.45      0.00      0.00      0.00       0  java

# Time        UID       PID    %usr %system  %guest   %wait    %CPU   CPU  minflt/s  majflt/s     VSZ     RSS   %MEM   kB_rd/s   kB_wr/s kB_ccwr/s iodelay  Command
01:42:42        0       927    1.00    0.00    0.00    0.00    1.00     0      0.00      0.00 4627520  199824  20.41      0.00      4.00      0.00       0  java
01:42:42        0     11052  334.00   12.00    0.00    0.00  346.00     0    654.00      0.00 4171228  320312  32.72      0.00      0.00      0.00       0  java

# Time        UID       PID    %usr %system  %guest   %wait    %CPU   CPU  minflt/s  majflt/s     VSZ     RSS   %MEM   kB_rd/s   kB_wr/s kB_ccwr/s iodelay  Command
01:42:43        0       927    0.00    0.00    0.00    0.00    0.00     0      0.00      0.00 4627520  199824  20.41      0.00      4.00      0.00       0  java
01:42:43        0     11052  157.00   12.00    0.00    0.00  169.00     0    805.00      0.00 4208976  323640  33.06      4.00      0.00      0.00       0  java

# Time        UID       PID    %usr %system  %guest   %wait    %CPU   CPU  minflt/s  majflt/s     VSZ     RSS   %MEM   kB_rd/s   kB_wr/s kB_ccwr/s iodelay  Command
01:42:44        0     11052   75.00    0.00    0.00    0.00   75.00     0     14.00      0.00 4208976  323640  33.06      0.00      0.00      0.00       0  java

# Time        UID       PID    %usr %system  %guest   %wait    %CPU   CPU  minflt/s  majflt/s     VSZ     RSS   %MEM   kB_rd/s   kB_wr/s kB_ccwr/s iodelay  Command

# Time        UID       PID    %usr %system  %guest   %wait    %CPU   CPU  minflt/s  majflt/s     VSZ     RSS   %MEM   kB_rd/s   kB_wr/s kB_ccwr/s iodelay  Command
01:42:46        0       927    1.00    1.00    0.00    0.00    2.00     0      0.00      0.00 4627520  199824  20.41      0.00      0.00      0.00       0  java
01:42:46        0     11052    0.00    0.00    0.00    0.00    0.00     0      1.00      0.00 4208976  323640  33.06      0.00      0.00      0.00       0  java

# Time        UID       PID    %usr %system  %guest   %wait    %CPU   CPU  minflt/s  majflt/s     VSZ     RSS   %MEM   kB_rd/s   kB_wr/s kB_ccwr/s iodelay  Command

# Time        UID       PID    %usr %system  %guest   %wait    %CPU   CPU  minflt/s  majflt/s     VSZ     RSS   %MEM   kB_rd/s   kB_wr/s kB_ccwr/s iodelay  Command

# Time        UID       PID    %usr %system  %guest   %wait    %CPU   CPU  minflt/s  majflt/s     VSZ     RSS   %MEM   kB_rd/s   kB_wr/s kB_ccwr/s iodelay  Command
01:42:49        0       927    0.00    0.00    0.00    0.00    0.00     0      0.00      0.00 4627520  199824  20.41      0.00      4.00      0.00       0  java
01:42:49        0     11052  221.00    3.00    0.00    0.00  224.00     0   1306.00      0.00 4208976  328760  33.59    284.00      0.00      0.00       0  java

# Time        UID       PID    %usr %system  %guest   %wait    %CPU   CPU  minflt/s  majflt/s     VSZ     RSS   %MEM   kB_rd/s   kB_wr/s kB_ccwr/s iodelay  Command
01:42:50        0       927    1.00    1.00    0.00    0.00    2.00     0      0.00      0.00 4627520  199824  20.41      0.00      4.00      0.00       0  java
01:42:50        0     11052  216.00   12.00    0.00    0.00  228.00     0   1242.00      0.00 4208976  332836  34.00      0.00      0.00      0.00       0  java

# Time        UID       PID    %usr %system  %guest   %wait    %CPU   CPU  minflt/s  majflt/s     VSZ     RSS   %MEM   kB_rd/s   kB_wr/s kB_ccwr/s iodelay  Command
01:42:51        0     11052  192.00   10.00    0.00    0.00  202.00     0   5473.00      0.00 4208976  354724  36.24      0.00      0.00      0.00       0  java

# Time        UID       PID    %usr %system  %guest   %wait    %CPU   CPU  minflt/s  majflt/s     VSZ     RSS   %MEM   kB_rd/s   kB_wr/s kB_ccwr/s iodelay  Command
01:42:52        0       927    0.00    1.00    0.00    0.00    1.00     0      0.00      0.00 4627520  199824  20.41      0.00      0.00      0.00       0  java
01:42:52        0     11052  193.00    5.00    0.00    0.00  198.00     0    205.00      0.00 4225296  355620  36.33      0.00      0.00      0.00       0  java

# Time        UID       PID    %usr %system  %guest   %wait    %CPU   CPU  minflt/s  majflt/s     VSZ     RSS   %MEM   kB_rd/s   kB_wr/s kB_ccwr/s iodelay  Command
01:42:53        0       927    0.00    1.00    0.00    0.00    1.00     0      0.00      0.00 4627520  199824  20.41      0.00      4.00      0.00       0  java
01:42:53        0     11052  266.00    8.00    0.00    0.00  274.00     0    430.00      0.00 4257936  357156  36.49      0.00      0.00      0.00       0  java

# Time        UID       PID    %usr %system  %guest   %wait    %CPU   CPU  minflt/s  majflt/s     VSZ     RSS   %MEM   kB_rd/s   kB_wr/s kB_ccwr/s iodelay  Command
01:42:54        0     11052  330.00    5.00    0.00    0.00  335.00     0   1607.00      0.00 4257936  363684  37.15      0.00      0.00      0.00       0  java

# Time        UID       PID    %usr %system  %guest   %wait    %CPU   CPU  minflt/s  majflt/s     VSZ     RSS   %MEM   kB_rd/s   kB_wr/s kB_ccwr/s iodelay  Command
01:42:55        0       927    0.00    1.00    0.00    0.00    1.00     0      0.00      0.00 4627520  199824  20.41      0.00      0.00      0.00       0  java
01:42:55        0     11052  366.00    3.00    0.00    0.00  369.00     0      0.00      0.00 4257936  363684  37.15      0.00      0.00      0.00       0  java

# Time        UID       PID    %usr %system  %guest   %wait    %CPU   CPU  minflt/s  majflt/s     VSZ     RSS   %MEM   kB_rd/s   kB_wr/s kB_ccwr/s iodelay  Command
01:42:56        0     11052  368.00    4.00    0.00    0.00  372.00     0      0.00      0.00 4257936  363684  37.15      0.00      0.00      0.00       0  java

# Time        UID       PID    %usr %system  %guest   %wait    %CPU   CPU  minflt/s  majflt/s     VSZ     RSS   %MEM   kB_rd/s   kB_wr/s kB_ccwr/s iodelay  Command
01:42:57        0       927    0.00    1.00    0.00    0.00    1.00     0      0.00      0.00 4627520  199824  20.41      0.00      0.00      0.00       0  java
01:42:57        0     11052  361.00    3.00    0.00    0.00  364.00     0      0.00      0.00 4257936  363684  37.15      0.00      0.00      0.00       0  java

# Time        UID       PID    %usr %system  %guest   %wait    %CPU   CPU  minflt/s  majflt/s     VSZ     RSS   %MEM   kB_rd/s   kB_wr/s kB_ccwr/s iodelay  Command
01:42:58        0     11052  368.00    3.00    0.00    0.00  371.00     0      7.00      0.00 4257936  363684  37.15      0.00      0.00      0.00       0  java

# Time        UID       PID    %usr %system  %guest   %wait    %CPU   CPU  minflt/s  majflt/s     VSZ     RSS   %MEM   kB_rd/s   kB_wr/s kB_ccwr/s iodelay  Command
01:42:59        0     11052  359.00    6.00    0.00    0.00  365.00     0      0.00      0.00 4257936  363684  37.15      0.00      0.00      0.00       0  java

# Time        UID       PID    %usr %system  %guest   %wait    %CPU   CPU  minflt/s  majflt/s     VSZ     RSS   %MEM   kB_rd/s   kB_wr/s kB_ccwr/s iodelay  Command
01:43:00        0       927    0.99    0.00    0.00    0.00    0.99     0      0.00      0.00 4627520  199824  20.41      0.00      0.00      0.00       0  java
01:43:00        0     11052  353.47    5.94    0.00    0.00  359.41     0      0.00      0.00 4257936  363684  37.15      0.00      0.00      0.00       0  java

# Time        UID       PID    %usr %system  %guest   %wait    %CPU   CPU  minflt/s  majflt/s     VSZ     RSS   %MEM   kB_rd/s   kB_wr/s kB_ccwr/s iodelay  Command
01:43:01        0       927    0.00    1.00    0.00    0.00    1.00     0      0.00      0.00 4627520  199824  20.41      0.00      0.00      0.00       0  java
01:43:01        0     11052  361.00    2.00    0.00    0.00  363.00     0      8.00      0.00 4257936  363684  37.15      0.00      0.00      0.00       0  java

# Time        UID       PID    %usr %system  %guest   %wait    %CPU   CPU  minflt/s  majflt/s     VSZ     RSS   %MEM   kB_rd/s   kB_wr/s kB_ccwr/s iodelay  Command
01:43:02        0       927    0.00    0.00    0.00    0.00    0.00     0      0.00      0.00 4627520  199824  20.41      0.00      4.00      0.00       0  java
01:43:02        0     11052  354.00   12.00    0.00    0.00  366.00     0     93.00      0.00 4257936  363748  37.16      0.00      0.00      0.00       0  java

# Time        UID       PID    %usr %system  %guest   %wait    %CPU   CPU  minflt/s  majflt/s     VSZ     RSS   %MEM   kB_rd/s   kB_wr/s kB_ccwr/s iodelay  Command
01:43:03        0       927    1.00    1.00    0.00    0.00    2.00     0      0.00      0.00 4627520  199824  20.41      0.00      8.00      0.00       0  java
01:43:03        0     11052  342.00   12.00    0.00    0.00  354.00     0    117.00      0.00 4257936  363876  37.17      0.00      0.00      0.00       0  java

# Time        UID       PID    %usr %system  %guest   %wait    %CPU   CPU  minflt/s  majflt/s     VSZ     RSS   %MEM   kB_rd/s   kB_wr/s kB_ccwr/s iodelay  Command
01:43:04        0       927    0.00    0.00    0.00    0.00    0.00     0      0.00      0.00 4627520  199824  20.41      0.00      4.00      0.00       0  java
01:43:04        0     11052  287.00    6.00    0.00    0.00  293.00     0    483.00      0.00 4257936  365796  37.37      0.00      0.00      0.00       0  java

# Time        UID       PID    %usr %system  %guest   %wait    %CPU   CPU  minflt/s  majflt/s     VSZ     RSS   %MEM   kB_rd/s   kB_wr/s kB_ccwr/s iodelay  Command
01:43:05        0       927    0.00    2.00    0.00    0.00    2.00     0      0.00      0.00 4627520  199824  20.41      0.00      8.00      0.00       0  java
01:43:05        0     11052  250.00    8.00    0.00    0.00  258.00     0     46.00      0.00 4257936  365924  37.38      0.00      0.00      0.00       0  java

# Time        UID       PID    %usr %system  %guest   %wait    %CPU   CPU  minflt/s  majflt/s     VSZ     RSS   %MEM   kB_rd/s   kB_wr/s kB_ccwr/s iodelay  Command
01:43:06        0     11052  303.00    5.00    0.00    0.00  308.00     0     30.00      0.00 4257936  366052  37.39     12.00      0.00      0.00       0  java

# Time        UID       PID    %usr %system  %guest   %wait    %CPU   CPU  minflt/s  majflt/s     VSZ     RSS   %MEM   kB_rd/s   kB_wr/s kB_ccwr/s iodelay  Command
01:43:07        0       927    1.00    0.00    0.00    0.00    1.00     0      0.00      0.00 4627520  199824  20.41      0.00      0.00      0.00       0  java
01:43:07        0     11052  344.00    2.00    0.00    0.00  346.00     0   1324.00      0.00 4257936  371300  37.93      0.00      0.00      0.00       0  java

# Time        UID       PID    %usr %system  %guest   %wait    %CPU   CPU  minflt/s  majflt/s     VSZ     RSS   %MEM   kB_rd/s   kB_wr/s kB_ccwr/s iodelay  Command
01:43:08        0       927    0.00    0.99    0.00    0.00    0.99     0      0.00      0.00 4627520  199824  20.41      0.00      7.92      0.00       0  java
01:43:08        0     11052  257.43   11.88    0.00    0.00  269.31     0    380.20      0.00 4288536  372964  38.10      0.00      0.00      0.00       0  java

# Time        UID       PID    %usr %system  %guest   %wait    %CPU   CPU  minflt/s  majflt/s     VSZ     RSS   %MEM   kB_rd/s   kB_wr/s kB_ccwr/s iodelay  Command
01:43:09        0       927    1.00    0.00    0.00    0.00    1.00     0      0.00      0.00 4627520  199824  20.41      0.00      4.00      0.00       0  java
01:43:09        0     11052  284.00    6.00    0.00    0.00  290.00     0    216.00      0.00 4300776  373732  38.18     72.00      0.00      0.00       0  java

# Time        UID       PID    %usr %system  %guest   %wait    %CPU   CPU  minflt/s  majflt/s     VSZ     RSS   %MEM   kB_rd/s   kB_wr/s kB_ccwr/s iodelay  Command
01:43:10        0       927    0.00    1.00    0.00    0.00    1.00     0      0.00      0.00 4627520  199824  20.41      0.00      4.00      0.00       0  java
01:43:10        0     11052  353.00    4.00    0.00    0.00  357.00     0     26.00      0.00 4300776  373860  38.19      0.00      0.00      0.00       0  java

# Time        UID       PID    %usr %system  %guest   %wait    %CPU   CPU  minflt/s  majflt/s     VSZ     RSS   %MEM   kB_rd/s   kB_wr/s kB_ccwr/s iodelay  Command
01:43:11        0       927    0.00    0.00    0.00    0.00    0.00     0      0.00      0.00 4627520  199824  20.41      0.00      4.00      0.00       0  java
01:43:11        0     11052  246.00    9.00    0.00    0.00  255.00     0     15.00      0.00 4300776  373988  38.21      0.00      0.00      0.00       0  java

# Time        UID       PID    %usr %system  %guest   %wait    %CPU   CPU  minflt/s  majflt/s     VSZ     RSS   %MEM   kB_rd/s   kB_wr/s kB_ccwr/s iodelay  Command
01:43:12        0       927    1.00    1.00    0.00    0.00    2.00     0      0.00      0.00 4627520  199824  20.41      0.00      4.00      0.00       0  java
01:43:12        0     11052  234.00    6.00    0.00    0.00  240.00     0     50.00      0.00 4300776  374116  38.22      0.00      0.00      0.00       0  java

# Time        UID       PID    %usr %system  %guest   %wait    %CPU   CPU  minflt/s  majflt/s     VSZ     RSS   %MEM   kB_rd/s   kB_wr/s kB_ccwr/s iodelay  Command
01:43:13        0     11052  308.00    9.00    0.00    0.00  317.00     0   3466.00      0.00 4300776  387940  39.63      0.00      0.00      0.00       0  java

# Time        UID       PID    %usr %system  %guest   %wait    %CPU   CPU  minflt/s  majflt/s     VSZ     RSS   %MEM   kB_rd/s   kB_wr/s kB_ccwr/s iodelay  Command
01:43:14        0     11052  362.00    4.00    0.00    0.00  366.00     0     13.00      0.00 4300776  387940  39.63      0.00      0.00      0.00       0  java

# Time        UID       PID    %usr %system  %guest   %wait    %CPU   CPU  minflt/s  majflt/s     VSZ     RSS   %MEM   kB_rd/s   kB_wr/s kB_ccwr/s iodelay  Command
01:43:15        0       927    0.00    1.00    0.00    0.00    1.00     0      0.00      0.00 4627520  199824  20.41      0.00      0.00      0.00       0  java
01:43:15        0     11052  361.00    3.00    0.00    0.00  364.00     0      9.00      0.00 4300776  387940  39.63      0.00      0.00      0.00       0  java

# Time        UID       PID    %usr %system  %guest   %wait    %CPU   CPU  minflt/s  majflt/s     VSZ     RSS   %MEM   kB_rd/s   kB_wr/s kB_ccwr/s iodelay  Command
01:43:16        0       927    2.00    0.00    0.00    0.00    2.00     0      1.00      0.00 4627520  199824  20.41      0.00      0.00      0.00       0  java
01:43:16        0     11052  349.00    7.00    0.00    0.00  356.00     0      8.00      0.00 4300776  387940  39.63      0.00      0.00      0.00       0  java

# Time        UID       PID    %usr %system  %guest   %wait    %CPU   CPU  minflt/s  majflt/s     VSZ     RSS   %MEM   kB_rd/s   kB_wr/s kB_ccwr/s iodelay  Command
01:43:17        0     11052  352.00    2.00    0.00    0.00  354.00     0      3.00      0.00 4300776  388068  39.64      0.00      0.00      0.00       0  java

# Time        UID       PID    %usr %system  %guest   %wait    %CPU   CPU  minflt/s  majflt/s     VSZ     RSS   %MEM   kB_rd/s   kB_wr/s kB_ccwr/s iodelay  Command
01:43:18        0       927    0.00    1.00    0.00    0.00    1.00     0      0.00      0.00 4627520  199824  20.41      0.00      8.00      0.00       0  java
01:43:18        0     11052  345.00    4.00    0.00    0.00  349.00     0      6.00      0.00 4300776  388068  39.64      0.00      0.00      0.00       0  java

# Time        UID       PID    %usr %system  %guest   %wait    %CPU   CPU  minflt/s  majflt/s     VSZ     RSS   %MEM   kB_rd/s   kB_wr/s kB_ccwr/s iodelay  Command
01:43:19        0       927    1.00    0.00    0.00    0.00    1.00     0      0.00      0.00 4627520  199824  20.41      0.00      0.00      0.00       0  java
01:43:19        0     11052  253.00    6.00    0.00    0.00  259.00     0      0.00      0.00 4300776  388068  39.64      0.00      0.00      0.00       0  java

# Time        UID       PID    %usr %system  %guest   %wait    %CPU   CPU  minflt/s  majflt/s     VSZ     RSS   %MEM   kB_rd/s   kB_wr/s kB_ccwr/s iodelay  Command
01:43:20        0       927    3.00    0.00    0.00    0.00    3.00     0      1.00      0.00 4627520  199824  20.41      0.00     12.00      0.00       0  java
01:43:20        0     11052  196.00   18.00    0.00    0.00  214.00     0    246.00      0.00       0       0   0.00      0.00      0.00      0.00       0  java

# Time        UID       PID    %usr %system  %guest   %wait    %CPU   CPU  minflt/s  majflt/s     VSZ     RSS   %MEM   kB_rd/s   kB_wr/s kB_ccwr/s iodelay  Command
01:43:21        0       927    5.00    0.00    0.00    0.00    5.00     0      2.00      0.00 4627520  199824  20.41  15064.00      0.00      0.00       0  java

# Time        UID       PID    %usr %system  %guest   %wait    %CPU   CPU  minflt/s  majflt/s     VSZ     RSS   %MEM   kB_rd/s   kB_wr/s kB_ccwr/s iodelay  Command
01:43:22        0       927    0.00    1.00    0.00    0.00    1.00     0      0.00      0.00 4627520  199824  20.41      0.00      0.00      0.00       0  java

# Time        UID       PID    %usr %system  %guest   %wait    %CPU   CPU  minflt/s  majflt/s     VSZ     RSS   %MEM   kB_rd/s   kB_wr/s kB_ccwr/s iodelay  Command

# Time        UID       PID    %usr %system  %guest   %wait    %CPU   CPU  minflt/s  majflt/s     VSZ     RSS   %MEM   kB_rd/s   kB_wr/s kB_ccwr/s iodelay  Command

# Time        UID       PID    %usr %system  %guest   %wait    %CPU   CPU  minflt/s  majflt/s     VSZ     RSS   %MEM   kB_rd/s   kB_wr/s kB_ccwr/s iodelay  Command
01:43:25        0       927    1.00    0.00    0.00    0.00    1.00     0      0.00      0.00 4627520  199824  20.41      0.00      0.00      0.00       0  java

# Time        UID       PID    %usr %system  %guest   %wait    %CPU   CPU  minflt/s  majflt/s     VSZ     RSS   %MEM   kB_rd/s   kB_wr/s kB_ccwr/s iodelay  Command

# Time        UID       PID    %usr %system  %guest   %wait    %CPU   CPU  minflt/s  majflt/s     VSZ     RSS   %MEM   kB_rd/s   kB_wr/s kB_ccwr/s iodelay  Command

# Time        UID       PID    %usr %system  %guest   %wait    %CPU   CPU  minflt/s  majflt/s     VSZ     RSS   %MEM   kB_rd/s   kB_wr/s kB_ccwr/s iodelay  Command
