Linux 6.12.47+rpt-rpi-v8 (DietPi) 	01/12/26 	_aarch64_	(4 CPU)

# Time        UID       PID    %usr %system  %guest   %wait    %CPU   CPU  minflt/s  majflt/s     VSZ     RSS   %MEM   kB_rd/s   kB_wr/s kB_ccwr/s iodelay  Command

# Time        UID       PID    %usr %system  %guest   %wait    %CPU   CPU  minflt/s  majflt/s     VSZ     RSS   %MEM   kB_rd/s   kB_wr/s kB_ccwr/s iodelay  Command

# Time        UID       PID    %usr %system  %guest   %wait    %CPU   CPU  minflt/s  majflt/s     VSZ     RSS   %MEM   kB_rd/s   kB_wr/s kB_ccwr/s iodelay  Command
01:35:54        0       927    1.00    0.00    0.00    0.00    1.00     0      0.00      0.00 4627520  199696  20.40      0.00      0.00      0.00       0  java

# Time        UID       PID    %usr %system  %guest   %wait    %CPU   CPU  minflt/s  majflt/s     VSZ     RSS   %MEM   kB_rd/s   kB_wr/s kB_ccwr/s iodelay  Command

# Time        UID       PID    %usr %system  %guest   %wait    %CPU   CPU  minflt/s  majflt/s     VSZ     RSS   %MEM   kB_rd/s   kB_wr/s kB_ccwr/s iodelay  Command

# Time        UID       PID    %usr %system  %guest   %wait    %CPU   CPU  minflt/s  majflt/s     VSZ     RSS   %MEM   kB_rd/s   kB_wr/s kB_ccwr/s iodelay  Command

# Time        UID       PID    %usr %system  %guest   %wait    %CPU   CPU  minflt/s  majflt/s     VSZ     RSS   %MEM   kB_rd/s   kB_wr/s kB_ccwr/s iodelay  Command
01:35:58        0       927    1.00    0.00    0.00    0.00    1.00     0      0.00      0.00 4627520  199696  20.40      0.00      0.00      0.00       0  java

# Time        UID       PID    %usr %system  %guest   %wait    %CPU   CPU  minflt/s  majflt/s     VSZ     RSS   %MEM   kB_rd/s   kB_wr/s kB_ccwr/s iodelay  Command

# Time        UID       PID    %usr %system  %guest   %wait    %CPU   CPU  minflt/s  majflt/s     VSZ     RSS   %MEM   kB_rd/s   kB_wr/s kB_ccwr/s iodelay  Command

# Time        UID       PID    %usr %system  %guest   %wait    %CPU   CPU  minflt/s  majflt/s     VSZ     RSS   %MEM   kB_rd/s   kB_wr/s kB_ccwr/s iodelay  Command

# Time        UID       PID    %usr %system  %guest   %wait    %CPU   CPU  minflt/s  majflt/s     VSZ     RSS   %MEM   kB_rd/s   kB_wr/s kB_ccwr/s iodelay  Command

# Time        UID       PID    %usr %system  %guest   %wait    %CPU   CPU  minflt/s  majflt/s     VSZ     RSS   %MEM   kB_rd/s   kB_wr/s kB_ccwr/s iodelay  Command

# Time        UID       PID    %usr %system  %guest   %wait    %CPU   CPU  minflt/s  majflt/s     VSZ     RSS   %MEM   kB_rd/s   kB_wr/s kB_ccwr/s iodelay  Command
01:36:04        0       927    0.00    1.00    0.00    0.00    1.00     0      0.00      0.00 4627520  199696  20.40      0.00      0.00      0.00       0  java

# Time        UID       PID    %usr %system  %guest   %wait    %CPU   CPU  minflt/s  majflt/s     VSZ     RSS   %MEM   kB_rd/s   kB_wr/s kB_ccwr/s iodelay  Command

# Time        UID       PID    %usr %system  %guest   %wait    %CPU   CPU  minflt/s  majflt/s     VSZ     RSS   %MEM   kB_rd/s   kB_wr/s kB_ccwr/s iodelay  Command

# Time        UID       PID    %usr %system  %guest   %wait    %CPU   CPU  minflt/s  majflt/s     VSZ     RSS   %MEM   kB_rd/s   kB_wr/s kB_ccwr/s iodelay  Command

# Time        UID       PID    %usr %system  %guest   %wait    %CPU   CPU  minflt/s  majflt/s     VSZ     RSS   %MEM   kB_rd/s   kB_wr/s kB_ccwr/s iodelay  Command

# Time        UID       PID    %usr %system  %guest   %wait    %CPU   CPU  minflt/s  majflt/s     VSZ     RSS   %MEM   kB_rd/s   kB_wr/s kB_ccwr/s iodelay  Command
01:36:09        0       927    0.00    1.00    0.00    0.00    1.00     0      0.00      0.00 4627520  199696  20.40      0.00      0.00      0.00       0  java

# Time        UID       PID    %usr %system  %guest   %wait    %CPU   CPU  minflt/s  majflt/s     VSZ     RSS   %MEM   kB_rd/s   kB_wr/s kB_ccwr/s iodelay  Command

# Time        UID       PID    %usr %system  %guest   %wait    %CPU   CPU  minflt/s  majflt/s     VSZ     RSS   %MEM   kB_rd/s   kB_wr/s kB_ccwr/s iodelay  Command

# Time        UID       PID    %usr %system  %guest   %wait    %CPU   CPU  minflt/s  majflt/s     VSZ     RSS   %MEM   kB_rd/s   kB_wr/s kB_ccwr/s iodelay  Command

# Time        UID       PID    %usr %system  %guest   %wait    %CPU   CPU  minflt/s  majflt/s     VSZ     RSS   %MEM   kB_rd/s   kB_wr/s kB_ccwr/s iodelay  Command
01:36:13        0       927   26.00    1.00    0.00    0.00   27.00     0     25.00      0.00 4627520  199696  20.40      0.00     36.00      0.00       0  java
01:36:13        0     10533   34.00    5.00    0.00    0.00   39.00     1   2276.00      0.00 2162292   25928   2.65      0.00      0.00      0.00       0  java

# Time        UID       PID    %usr %system  %guest   %wait    %CPU   CPU  minflt/s  majflt/s     VSZ     RSS   %MEM   kB_rd/s   kB_wr/s kB_ccwr/s iodelay  Command
01:36:14        0       927    1.00    0.00    0.00    0.00    1.00     0      0.00      0.00 4627520  199696  20.40      0.00      0.00      0.00       0  java
01:36:14        0     10533  151.00    8.00    0.00    0.00  159.00     1   2371.00      0.00 2770804   38284   3.91      0.00      0.00      0.00       0  java

# Time        UID       PID    %usr %system  %guest   %wait    %CPU   CPU  minflt/s  majflt/s     VSZ     RSS   %MEM   kB_rd/s   kB_wr/s kB_ccwr/s iodelay  Command
01:36:15        0     10533  165.00   14.00    0.00    0.00  179.00     1   4416.00      0.00 2770804   57064   5.83      0.00      0.00      0.00       0  java

# Time        UID       PID    %usr %system  %guest   %wait    %CPU   CPU  minflt/s  majflt/s     VSZ     RSS   %MEM   kB_rd/s   kB_wr/s kB_ccwr/s iodelay  Command
01:36:16        0     10533  213.00   15.00    0.00    0.00  228.00     1   5376.00      0.00 2770804   76836   7.85      0.00      0.00      0.00       0  java

# Time        UID       PID    %usr %system  %guest   %wait    %CPU   CPU  minflt/s  majflt/s     VSZ     RSS   %MEM   kB_rd/s   kB_wr/s kB_ccwr/s iodelay  Command
01:36:17        0       927    1.00    0.00    0.00    0.00    1.00     0      0.00      0.00 4627520  199696  20.40      0.00      0.00      0.00       0  java
01:36:17        0     10533  220.00    4.00    0.00    0.00  224.00     1   1519.00      0.00 2770804   82852   8.46      0.00      0.00      0.00       0  java

# Time        UID       PID    %usr %system  %guest   %wait    %CPU   CPU  minflt/s  majflt/s     VSZ     RSS   %MEM   kB_rd/s   kB_wr/s kB_ccwr/s iodelay  Command
01:36:18        0       927    0.00    1.00    0.00    0.00    1.00     0      0.00      0.00 4627520  199696  20.40      0.00      0.00      0.00       0  java
01:36:18        0     10533  161.00    3.00    0.00    0.00  164.00     1   1117.00      0.00 2770804   87772   8.97      0.00      0.00      0.00       0  java

# Time        UID       PID    %usr %system  %guest   %wait    %CPU   CPU  minflt/s  majflt/s     VSZ     RSS   %MEM   kB_rd/s   kB_wr/s kB_ccwr/s iodelay  Command
01:36:19        0     10533  173.00    5.00    0.00    0.00  178.00     1   1307.00      0.00 2770804   92120   9.41      0.00      0.00      0.00       0  java

# Time        UID       PID    %usr %system  %guest   %wait    %CPU   CPU  minflt/s  majflt/s     VSZ     RSS   %MEM   kB_rd/s   kB_wr/s kB_ccwr/s iodelay  Command
01:36:20        0       927    1.00    0.00    0.00    0.00    1.00     0      0.00      0.00 4627520  199696  20.40      0.00      0.00      0.00       0  java
01:36:20        0     10533  187.00    5.00    0.00    0.00  192.00     1    754.00      0.00 2770804   95192   9.72      0.00      0.00      0.00       0  java

# Time        UID       PID    %usr %system  %guest   %wait    %CPU   CPU  minflt/s  majflt/s     VSZ     RSS   %MEM   kB_rd/s   kB_wr/s kB_ccwr/s iodelay  Command
01:36:21        0     10533  188.00    6.00    0.00    0.00  194.00     1    538.00      0.00 2770804   97624   9.97      0.00      0.00      0.00       0  java

# Time        UID       PID    %usr %system  %guest   %wait    %CPU   CPU  minflt/s  majflt/s     VSZ     RSS   %MEM   kB_rd/s   kB_wr/s kB_ccwr/s iodelay  Command
01:36:22        0     10533  168.00    4.00    0.00    0.00  172.00     1    750.00      0.00 2770804  100568  10.27      0.00      0.00      0.00       0  java

# Time        UID       PID    %usr %system  %guest   %wait    %CPU   CPU  minflt/s  majflt/s     VSZ     RSS   %MEM   kB_rd/s   kB_wr/s kB_ccwr/s iodelay  Command
01:36:23        0     10533  168.00    6.00    0.00    0.00  174.00     1    784.00      0.00 2771068  104896  10.72      0.00      0.00      0.00       0  java

# Time        UID       PID    %usr %system  %guest   %wait    %CPU   CPU  minflt/s  majflt/s     VSZ     RSS   %MEM   kB_rd/s   kB_wr/s kB_ccwr/s iodelay  Command
01:36:24        0       927    1.00    0.00    0.00    0.00    1.00     0      0.00      0.00 4627520  199696  20.40      0.00      0.00      0.00       0  java
01:36:24        0     10533  195.00    5.00    0.00    0.00  200.00     1    814.00      0.00 2771068  107532  10.99      0.00      0.00      0.00       0  java

# Time        UID       PID    %usr %system  %guest   %wait    %CPU   CPU  minflt/s  majflt/s     VSZ     RSS   %MEM   kB_rd/s   kB_wr/s kB_ccwr/s iodelay  Command
01:36:25        0     10533  207.92    7.92    0.00    0.00  215.84     1   1742.57      0.00 2771068  113868  11.63      0.00      0.00      0.00       0  java

# Time        UID       PID    %usr %system  %guest   %wait    %CPU   CPU  minflt/s  majflt/s     VSZ     RSS   %MEM   kB_rd/s   kB_wr/s kB_ccwr/s iodelay  Command
01:36:26        0     10533  188.00    6.00    0.00    0.00  194.00     1   1448.00      0.00 2771068  119800  12.24      0.00      0.00      0.00       0  java

# Time        UID       PID    %usr %system  %guest   %wait    %CPU   CPU  minflt/s  majflt/s     VSZ     RSS   %MEM   kB_rd/s   kB_wr/s kB_ccwr/s iodelay  Command
01:36:27        0     10533  191.00    4.00    0.00    0.00  195.00     1    844.00      0.00 2771068  122572  12.52      0.00      0.00      0.00       0  java

# Time        UID       PID    %usr %system  %guest   %wait    %CPU   CPU  minflt/s  majflt/s     VSZ     RSS   %MEM   kB_rd/s   kB_wr/s kB_ccwr/s iodelay  Command
01:36:28        0       927    1.00    1.00    0.00    0.00    2.00     0      0.00      0.00 4627520  199696  20.40      0.00      0.00      0.00       0  java
01:36:28        0     10533  176.00    4.00    0.00    0.00  180.00     1   1356.00      0.00 2771200  126068  12.88      0.00      0.00      0.00       0  java

# Time        UID       PID    %usr %system  %guest   %wait    %CPU   CPU  minflt/s  majflt/s     VSZ     RSS   %MEM   kB_rd/s   kB_wr/s kB_ccwr/s iodelay  Command
01:36:29        0     10533  174.00    3.00    0.00    0.00  177.00     1    580.00      0.00 2771200  128244  13.10      0.00      0.00      0.00       0  java

# Time        UID       PID    %usr %system  %guest   %wait    %CPU   CPU  minflt/s  majflt/s     VSZ     RSS   %MEM   kB_rd/s   kB_wr/s kB_ccwr/s iodelay  Command
01:36:30        0     10533  214.00    3.00    0.00    0.00  217.00     1   1111.00      0.00 2904480  132064  13.49      0.00      0.00      0.00       0  java

# Time        UID       PID    %usr %system  %guest   %wait    %CPU   CPU  minflt/s  majflt/s     VSZ     RSS   %MEM   kB_rd/s   kB_wr/s kB_ccwr/s iodelay  Command
01:36:31        0       927    1.00    1.00    0.00    0.00    2.00     0      0.00      0.00 4627520  199696  20.40      0.00      0.00      0.00       0  java
01:36:31        0     10533  197.00    5.00    0.00    0.00  202.00     1    724.00      0.00 2904612  135192  13.81      0.00      0.00      0.00       0  java

# Time        UID       PID    %usr %system  %guest   %wait    %CPU   CPU  minflt/s  majflt/s     VSZ     RSS   %MEM   kB_rd/s   kB_wr/s kB_ccwr/s iodelay  Command
01:36:32        0     10533  209.00    4.00    0.00    0.00  213.00     1    355.00      0.00 2904612  136600  13.95      0.00      0.00      0.00       0  java

# Time        UID       PID    %usr %system  %guest   %wait    %CPU   CPU  minflt/s  majflt/s     VSZ     RSS   %MEM   kB_rd/s   kB_wr/s kB_ccwr/s iodelay  Command
01:36:33        0     10533  172.00    4.00    0.00    0.00  176.00     1    953.00      0.00 2904612  140624  14.37      0.00      0.00      0.00       0  java

# Time        UID       PID    %usr %system  %guest   %wait    %CPU   CPU  minflt/s  majflt/s     VSZ     RSS   %MEM   kB_rd/s   kB_wr/s kB_ccwr/s iodelay  Command
01:36:34        0       927    1.00    0.00    0.00    0.00    1.00     0      0.00      0.00 4627520  199696  20.40      0.00      0.00      0.00       0  java
01:36:34        0     10533  183.00    6.00    0.00    0.00  189.00     1    717.00      0.00 2972320  143808  14.69      0.00      0.00      0.00       0  java

# Time        UID       PID    %usr %system  %guest   %wait    %CPU   CPU  minflt/s  majflt/s     VSZ     RSS   %MEM   kB_rd/s   kB_wr/s kB_ccwr/s iodelay  Command
01:36:35        0     10533  197.00    6.00    0.00    0.00  203.00     1   1593.00      0.00 3043996  150500  15.37      0.00      0.00      0.00       0  java

# Time        UID       PID    %usr %system  %guest   %wait    %CPU   CPU  minflt/s  majflt/s     VSZ     RSS   %MEM   kB_rd/s   kB_wr/s kB_ccwr/s iodelay  Command
01:36:36        0     10533  224.00    4.00    0.00    0.00  228.00     1    382.00      0.00 3179148  151908  15.52      0.00      0.00      0.00       0  java

# Time        UID       PID    %usr %system  %guest   %wait    %CPU   CPU  minflt/s  majflt/s     VSZ     RSS   %MEM   kB_rd/s   kB_wr/s kB_ccwr/s iodelay  Command
01:36:37        0       927    0.99    0.99    0.00    0.00    1.98     0      0.00      0.00 4627520  199696  20.40      0.00      3.96      0.00       0  java
01:36:37        0     10533  130.69    6.93    0.00    0.00  137.62     1    552.48      0.00 3318400  154340  15.77      0.00      0.00      0.00       0  java

# Time        UID       PID    %usr %system  %guest   %wait    %CPU   CPU  minflt/s  majflt/s     VSZ     RSS   %MEM   kB_rd/s   kB_wr/s kB_ccwr/s iodelay  Command
01:36:38        0     10533  192.00    7.00    0.00    0.00  199.00     1   1112.00      0.00 3318948  158112  16.15      0.00      0.00      0.00       0  java

# Time        UID       PID    %usr %system  %guest   %wait    %CPU   CPU  minflt/s  majflt/s     VSZ     RSS   %MEM   kB_rd/s   kB_wr/s kB_ccwr/s iodelay  Command
01:36:39        0     10533  125.00    5.00    0.00    0.00  130.00     1   1023.00      0.00 3318400  161748  16.52      0.00      0.00      0.00       0  java

# Time        UID       PID    %usr %system  %guest   %wait    %CPU   CPU  minflt/s  majflt/s     VSZ     RSS   %MEM   kB_rd/s   kB_wr/s kB_ccwr/s iodelay  Command
01:36:40        0       927    5.00    0.00    0.00    0.00    5.00     0      2.00      0.00 4627520  199696  20.40      0.00      0.00      0.00       0  java
01:36:40        0     10533  201.00    4.00    0.00    0.00  205.00     1    643.00      0.00 3656280  163376  16.69      0.00      0.00      0.00       0  java

# Time        UID       PID    %usr %system  %guest   %wait    %CPU   CPU  minflt/s  majflt/s     VSZ     RSS   %MEM   kB_rd/s   kB_wr/s kB_ccwr/s iodelay  Command
01:36:41        0       927    1.00    1.00    0.00    0.00    2.00     0      0.00      0.00 4627520  199696  20.40      0.00      4.00      0.00       0  java
01:36:41        0     10533  194.00    3.00    0.00    0.00  197.00     1    644.00      0.00 3656280  166360  16.99      0.00      0.00      0.00       0  java

# Time        UID       PID    %usr %system  %guest   %wait    %CPU   CPU  minflt/s  majflt/s     VSZ     RSS   %MEM   kB_rd/s   kB_wr/s kB_ccwr/s iodelay  Command
01:36:42        0     10533  212.00    7.00    0.00    0.00  219.00     1    807.00      0.00 3723856  169736  17.34      0.00      0.00      0.00       0  java

# Time        UID       PID    %usr %system  %guest   %wait    %CPU   CPU  minflt/s  majflt/s     VSZ     RSS   %MEM   kB_rd/s   kB_wr/s kB_ccwr/s iodelay  Command
01:36:43        0       927    0.00    0.00    0.00    0.00    0.00     0      0.00      0.00 4627520  199696  20.40      0.00      4.00      0.00       0  java
01:36:43        0     10533  224.00    9.00    0.00    0.00  233.00     1   1861.00      0.00 4062292  177288  18.11      0.00      0.00      0.00       0  java

# Time        UID       PID    %usr %system  %guest   %wait    %CPU   CPU  minflt/s  majflt/s     VSZ     RSS   %MEM   kB_rd/s   kB_wr/s kB_ccwr/s iodelay  Command
01:36:44        0     10533  288.00   17.00    0.00    0.00  305.00     1   2979.00      0.00 4061736  184528  18.85      0.00      0.00      0.00       0  java

# Time        UID       PID    %usr %system  %guest   %wait    %CPU   CPU  minflt/s  majflt/s     VSZ     RSS   %MEM   kB_rd/s   kB_wr/s kB_ccwr/s iodelay  Command
01:36:45        0       927    1.00    1.00    0.00    0.00    2.00     0      0.00      0.00 4627520  199696  20.40      0.00      0.00      0.00       0  java
01:36:45        0     10533  228.00   12.00    0.00    0.00  240.00     1   1556.00      0.00 4067876  189708  19.38      0.00      0.00      0.00       0  java

# Time        UID       PID    %usr %system  %guest   %wait    %CPU   CPU  minflt/s  majflt/s     VSZ     RSS   %MEM   kB_rd/s   kB_wr/s kB_ccwr/s iodelay  Command
01:36:46        0       927    1.00    0.00    0.00    0.00    1.00     0      0.00      0.00 4627520  199696  20.40      0.00      0.00      0.00       0  java
01:36:46        0     10533  218.00    8.00    0.00    0.00  226.00     1   1517.00      0.00 4068016  193600  19.78      0.00      0.00      0.00       0  java

# Time        UID       PID    %usr %system  %guest   %wait    %CPU   CPU  minflt/s  majflt/s     VSZ     RSS   %MEM   kB_rd/s   kB_wr/s kB_ccwr/s iodelay  Command
01:36:47        0     10533  203.00    7.00    0.00    0.00  210.00     1    695.00      0.00 4068016  196416  20.07      0.00      0.00      0.00       0  java

# Time        UID       PID    %usr %system  %guest   %wait    %CPU   CPU  minflt/s  majflt/s     VSZ     RSS   %MEM   kB_rd/s   kB_wr/s kB_ccwr/s iodelay  Command
01:36:48        0     10533  282.00    9.00    0.00    0.00  291.00     1   1018.00      0.00 4068016  200384  20.47      0.00      0.00      0.00       0  java

# Time        UID       PID    %usr %system  %guest   %wait    %CPU   CPU  minflt/s  majflt/s     VSZ     RSS   %MEM   kB_rd/s   kB_wr/s kB_ccwr/s iodelay  Command
01:36:49        0     10533  285.00   12.00    0.00    0.00  297.00     1    995.00      0.00 4068016  204224  20.86      0.00      0.00      0.00       0  java

# Time        UID       PID    %usr %system  %guest   %wait    %CPU   CPU  minflt/s  majflt/s     VSZ     RSS   %MEM   kB_rd/s   kB_wr/s kB_ccwr/s iodelay  Command
01:36:50        0       927    0.00    1.00    0.00    0.00    1.00     0      0.00      0.00 4627520  199696  20.40      0.00      0.00      0.00       0  java
01:36:50        0     10533  191.00    7.00    0.00    0.00  198.00     1    925.00      0.00 4068016  207936  21.24      4.00      0.00      0.00       0  java

# Time        UID       PID    %usr %system  %guest   %wait    %CPU   CPU  minflt/s  majflt/s     VSZ     RSS   %MEM   kB_rd/s   kB_wr/s kB_ccwr/s iodelay  Command
01:36:51        0     10533  236.00    5.00    0.00    0.00  241.00     1   1454.00      0.00 4068016  212844  21.74      0.00      0.00      0.00       0  java

# Time        UID       PID    %usr %system  %guest   %wait    %CPU   CPU  minflt/s  majflt/s     VSZ     RSS   %MEM   kB_rd/s   kB_wr/s kB_ccwr/s iodelay  Command
01:36:52        0     10533  229.00    3.00    0.00    0.00  232.00     1    323.00      0.00 4068016  214436  21.91      0.00      0.00      0.00       0  java

# Time        UID       PID    %usr %system  %guest   %wait    %CPU   CPU  minflt/s  majflt/s     VSZ     RSS   %MEM   kB_rd/s   kB_wr/s kB_ccwr/s iodelay  Command
01:36:53        0       927    0.00    1.00    0.00    0.00    1.00     0      0.00      0.00 4627520  199696  20.40      0.00      0.00      0.00       0  java
01:36:53        0     10533  246.00    5.00    0.00    0.00  251.00     1    423.00      0.00 4068016  216100  22.08      0.00      0.00      0.00       0  java

# Time        UID       PID    %usr %system  %guest   %wait    %CPU   CPU  minflt/s  majflt/s     VSZ     RSS   %MEM   kB_rd/s   kB_wr/s kB_ccwr/s iodelay  Command
01:36:54        0     10533  223.76    5.94    0.00    0.00  229.70     1    300.00      0.00 4068016  217252  22.19      0.00      0.00      0.00       0  java

# Time        UID       PID    %usr %system  %guest   %wait    %CPU   CPU  minflt/s  majflt/s     VSZ     RSS   %MEM   kB_rd/s   kB_wr/s kB_ccwr/s iodelay  Command
01:36:55        0     10533  208.00    7.00    0.00    0.00  215.00     1    931.00      0.00 4068016  220964  22.57      0.00      0.00      0.00       0  java

# Time        UID       PID    %usr %system  %guest   %wait    %CPU   CPU  minflt/s  majflt/s     VSZ     RSS   %MEM   kB_rd/s   kB_wr/s kB_ccwr/s iodelay  Command
01:36:56        0       927    0.00    1.00    0.00    0.00    1.00     0      0.00      0.00 4627520  199696  20.40      0.00      8.00      0.00       0  java
01:36:56        0     10533  303.00   12.00    0.00    0.00  315.00     1    800.00      0.00 4068016  223908  22.87      0.00      0.00      0.00       0  java

# Time        UID       PID    %usr %system  %guest   %wait    %CPU   CPU  minflt/s  majflt/s     VSZ     RSS   %MEM   kB_rd/s   kB_wr/s kB_ccwr/s iodelay  Command
01:36:57        0       927    0.00    1.00    0.00    0.00    1.00     0      0.00      0.00 4627520  199696  20.40      0.00      4.00      0.00       0  java
01:36:57        0     10533  338.00   11.00    0.00    0.00  349.00     1    489.00      0.00 4068016  225700  23.06      0.00      0.00      0.00       0  java

# Time        UID       PID    %usr %system  %guest   %wait    %CPU   CPU  minflt/s  majflt/s     VSZ     RSS   %MEM   kB_rd/s   kB_wr/s kB_ccwr/s iodelay  Command
01:36:58        0       927    0.00    0.00    0.00    0.00    0.00     0      0.00      0.00 4627520  199696  20.40      0.00      4.00      0.00       0  java
01:36:58        0     10533  329.00    5.00    0.00    0.00  334.00     1    564.00      0.00 4068016  228004  23.29      0.00      0.00      0.00       0  java

# Time        UID       PID    %usr %system  %guest   %wait    %CPU   CPU  minflt/s  majflt/s     VSZ     RSS   %MEM   kB_rd/s   kB_wr/s kB_ccwr/s iodelay  Command
01:36:59        0       927    0.00    1.00    0.00    0.00    1.00     0      0.00      0.00 4627520  199696  20.40      0.00      0.00      0.00       0  java
01:36:59        0     10533  309.00    6.00    0.00    0.00  315.00     1    612.00      0.00 4068016  230436  23.54      0.00      0.00      0.00       0  java

# Time        UID       PID    %usr %system  %guest   %wait    %CPU   CPU  minflt/s  majflt/s     VSZ     RSS   %MEM   kB_rd/s   kB_wr/s kB_ccwr/s iodelay  Command
01:37:00        0     10533  288.00   13.00    0.00    0.00  301.00     1   1229.00      0.00 4074136  235172  24.02      4.00      0.00      0.00       0  java

# Time        UID       PID    %usr %system  %guest   %wait    %CPU   CPU  minflt/s  majflt/s     VSZ     RSS   %MEM   kB_rd/s   kB_wr/s kB_ccwr/s iodelay  Command
01:37:01        0       927    0.00    1.00    0.00    0.00    1.00     0      0.00      0.00 4627520  199696  20.40      0.00      0.00      0.00       0  java
01:37:01        0     10533   76.00    1.00    0.00    0.00   77.00     1     82.00      0.00 4074136  235428  24.05      0.00      0.00      0.00       0  java

# Time        UID       PID    %usr %system  %guest   %wait    %CPU   CPU  minflt/s  majflt/s     VSZ     RSS   %MEM   kB_rd/s   kB_wr/s kB_ccwr/s iodelay  Command

# Time        UID       PID    %usr %system  %guest   %wait    %CPU   CPU  minflt/s  majflt/s     VSZ     RSS   %MEM   kB_rd/s   kB_wr/s kB_ccwr/s iodelay  Command

# Time        UID       PID    %usr %system  %guest   %wait    %CPU   CPU  minflt/s  majflt/s     VSZ     RSS   %MEM   kB_rd/s   kB_wr/s kB_ccwr/s iodelay  Command
01:37:04        0     10533   35.00    2.00    0.00    0.00   37.00     1    168.00      0.00 4074136  236068  24.12     96.00      0.00      0.00       0  java

# Time        UID       PID    %usr %system  %guest   %wait    %CPU   CPU  minflt/s  majflt/s     VSZ     RSS   %MEM   kB_rd/s   kB_wr/s kB_ccwr/s iodelay  Command

# Time        UID       PID    %usr %system  %guest   %wait    %CPU   CPU  minflt/s  majflt/s     VSZ     RSS   %MEM   kB_rd/s   kB_wr/s kB_ccwr/s iodelay  Command
01:37:06        0       927    1.00    0.00    0.00    0.00    1.00     0      0.00      0.00 4627520  199696  20.40      0.00      0.00      0.00       0  java
01:37:06        0     10533   75.00    2.00    0.00    0.00   77.00     1    129.00      0.00 4074136  236452  24.16     64.00      0.00      0.00       0  java

# Time        UID       PID    %usr %system  %guest   %wait    %CPU   CPU  minflt/s  majflt/s     VSZ     RSS   %MEM   kB_rd/s   kB_wr/s kB_ccwr/s iodelay  Command

# Time        UID       PID    %usr %system  %guest   %wait    %CPU   CPU  minflt/s  majflt/s     VSZ     RSS   %MEM   kB_rd/s   kB_wr/s kB_ccwr/s iodelay  Command
01:37:08        0     10533    1.00    0.00    0.00    0.00    1.00     1      0.00      0.00 4074136  236452  24.16      0.00      0.00      0.00       0  java

# Time        UID       PID    %usr %system  %guest   %wait    %CPU   CPU  minflt/s  majflt/s     VSZ     RSS   %MEM   kB_rd/s   kB_wr/s kB_ccwr/s iodelay  Command
01:37:09        0     10533    2.00    0.00    0.00    0.00    2.00     1      9.00      0.00 4074136  236452  24.16      4.00      0.00      0.00       0  java

# Time        UID       PID    %usr %system  %guest   %wait    %CPU   CPU  minflt/s  majflt/s     VSZ     RSS   %MEM   kB_rd/s   kB_wr/s kB_ccwr/s iodelay  Command
01:37:10        0     10533    8.00    0.00    0.00    0.00    8.00     1      9.00      0.00 4074136  236580  24.17      0.00      0.00      0.00       0  java

# Time        UID       PID    %usr %system  %guest   %wait    %CPU   CPU  minflt/s  majflt/s     VSZ     RSS   %MEM   kB_rd/s   kB_wr/s kB_ccwr/s iodelay  Command

# Time        UID       PID    %usr %system  %guest   %wait    %CPU   CPU  minflt/s  majflt/s     VSZ     RSS   %MEM   kB_rd/s   kB_wr/s kB_ccwr/s iodelay  Command
01:37:12        0     10533    0.00    1.00    0.00    0.00    1.00     1      0.00      0.00 4074136  236580  24.17      0.00      0.00      0.00       0  java

# Time        UID       PID    %usr %system  %guest   %wait    %CPU   CPU  minflt/s  majflt/s     VSZ     RSS   %MEM   kB_rd/s   kB_wr/s kB_ccwr/s iodelay  Command
01:37:13        0       927    0.00    1.00    0.00    0.00    1.00     0      0.00      0.00 4627520  199696  20.40      0.00      0.00      0.00       0  java
01:37:13        0     10533    6.00    0.00    0.00    0.00    6.00     1     16.00      0.00 4074136  236580  24.17      4.00      0.00      0.00       0  java

# Time        UID       PID    %usr %system  %guest   %wait    %CPU   CPU  minflt/s  majflt/s     VSZ     RSS   %MEM   kB_rd/s   kB_wr/s kB_ccwr/s iodelay  Command

# Time        UID       PID    %usr %system  %guest   %wait    %CPU   CPU  minflt/s  majflt/s     VSZ     RSS   %MEM   kB_rd/s   kB_wr/s kB_ccwr/s iodelay  Command
01:37:15        0     10533   15.00    0.00    0.00    0.00   15.00     1     68.00      0.00 4074136  236836  24.19      4.00      0.00      0.00       0  java

# Time        UID       PID    %usr %system  %guest   %wait    %CPU   CPU  minflt/s  majflt/s     VSZ     RSS   %MEM   kB_rd/s   kB_wr/s kB_ccwr/s iodelay  Command
01:37:16        0     10533    1.00    0.00    0.00    0.00    1.00     1      0.00      0.00 4074136  236836  24.19      0.00      0.00      0.00       0  java

# Time        UID       PID    %usr %system  %guest   %wait    %CPU   CPU  minflt/s  majflt/s     VSZ     RSS   %MEM   kB_rd/s   kB_wr/s kB_ccwr/s iodelay  Command
01:37:17        0     10533   26.00    0.00    0.00    0.00   26.00     1     26.00      0.00 4074136  237092  24.22      4.00      0.00      0.00       0  java

# Time        UID       PID    %usr %system  %guest   %wait    %CPU   CPU  minflt/s  majflt/s     VSZ     RSS   %MEM   kB_rd/s   kB_wr/s kB_ccwr/s iodelay  Command
01:37:18        0       927    1.00    0.00    0.00    0.00    1.00     0      0.00      0.00 4627520  199696  20.40      0.00      0.00      0.00       0  java
01:37:18        0     10533    0.00    0.00    0.00    0.00    0.00     1      1.00      0.00 4074136  237092  24.22      0.00      0.00      0.00       0  java

# Time        UID       PID    %usr %system  %guest   %wait    %CPU   CPU  minflt/s  majflt/s     VSZ     RSS   %MEM   kB_rd/s   kB_wr/s kB_ccwr/s iodelay  Command
01:37:19        0     10533   19.00    1.00    0.00    0.00   20.00     1     14.00      0.00 4074136  237092  24.22      4.00      0.00      0.00       0  java

# Time        UID       PID    %usr %system  %guest   %wait    %CPU   CPU  minflt/s  majflt/s     VSZ     RSS   %MEM   kB_rd/s   kB_wr/s kB_ccwr/s iodelay  Command
01:37:20        0     10533  104.00    1.00    0.00    0.00  105.00     1    470.00      0.00 4074136  238884  24.40      0.00      0.00      0.00       0  java

# Time        UID       PID    %usr %system  %guest   %wait    %CPU   CPU  minflt/s  majflt/s     VSZ     RSS   %MEM   kB_rd/s   kB_wr/s kB_ccwr/s iodelay  Command
01:37:21        0     10533   95.05    1.98    0.00    0.00   97.03     1   1344.55      0.00 4075336  242192  24.74      0.00      0.00      0.00       0  java

# Time        UID       PID    %usr %system  %guest   %wait    %CPU   CPU  minflt/s  majflt/s     VSZ     RSS   %MEM   kB_rd/s   kB_wr/s kB_ccwr/s iodelay  Command
01:37:22        0       927    0.00    1.00    0.00    0.00    1.00     0      0.00      0.00 4627520  199696  20.40      0.00      0.00      0.00       0  java
01:37:22        0     10533   28.00    0.00    0.00    0.00   28.00     1     48.00      0.00 4074136  242192  24.74      0.00      0.00      0.00       0  java

# Time        UID       PID    %usr %system  %guest   %wait    %CPU   CPU  minflt/s  majflt/s     VSZ     RSS   %MEM   kB_rd/s   kB_wr/s kB_ccwr/s iodelay  Command

# Time        UID       PID    %usr %system  %guest   %wait    %CPU   CPU  minflt/s  majflt/s     VSZ     RSS   %MEM   kB_rd/s   kB_wr/s kB_ccwr/s iodelay  Command
01:37:24        0       927    1.00    0.00    0.00    0.00    1.00     0      0.00      0.00 4627520  199696  20.40      0.00      0.00      0.00       0  java
01:37:24        0     10533    2.00    0.00    0.00    0.00    2.00     1     21.00      0.00 4074136  242320  24.75      4.00      0.00      0.00       0  java

# Time        UID       PID    %usr %system  %guest   %wait    %CPU   CPU  minflt/s  majflt/s     VSZ     RSS   %MEM   kB_rd/s   kB_wr/s kB_ccwr/s iodelay  Command
01:37:25        0     10533    1.00    0.00    0.00    0.00    1.00     1      0.00      0.00 4074136  236428  24.15      0.00      0.00      0.00       0  java

# Time        UID       PID    %usr %system  %guest   %wait    %CPU   CPU  minflt/s  majflt/s     VSZ     RSS   %MEM   kB_rd/s   kB_wr/s kB_ccwr/s iodelay  Command
01:37:26        0     10533  220.00    6.00    0.00    0.00  226.00     1    558.00      0.00 4074136  238476  24.36    124.00      0.00      0.00       0  java

# Time        UID       PID    %usr %system  %guest   %wait    %CPU   CPU  minflt/s  majflt/s     VSZ     RSS   %MEM   kB_rd/s   kB_wr/s kB_ccwr/s iodelay  Command
01:37:27        0     10533  344.00    3.00    0.00    0.00  347.00     1   1405.00      0.00 4074136  244108  24.94      0.00      0.00      0.00       0  java

# Time        UID       PID    %usr %system  %guest   %wait    %CPU   CPU  minflt/s  majflt/s     VSZ     RSS   %MEM   kB_rd/s   kB_wr/s kB_ccwr/s iodelay  Command
01:37:28        0       927    1.00    0.00    0.00    0.00    1.00     0      0.00      0.00 4627520  199696  20.40      0.00      8.00      0.00       0  java
01:37:28        0     10533  267.00    4.00    0.00    0.00  271.00     1    220.00      0.00 4074136  245004  25.03     40.00      0.00      0.00       0  java

# Time        UID       PID    %usr %system  %guest   %wait    %CPU   CPU  minflt/s  majflt/s     VSZ     RSS   %MEM   kB_rd/s   kB_wr/s kB_ccwr/s iodelay  Command
01:37:29        0     10533  201.00    3.00    0.00    0.00  204.00     1   1375.00      0.00 4074136  250636  25.60      0.00      0.00      0.00       0  java

# Time        UID       PID    %usr %system  %guest   %wait    %CPU   CPU  minflt/s  majflt/s     VSZ     RSS   %MEM   kB_rd/s   kB_wr/s kB_ccwr/s iodelay  Command
01:37:30        0     10533  116.00    3.00    0.00    0.00  119.00     1    139.00      0.00 4076176  251148  25.66    104.00      0.00      0.00       0  java

# Time        UID       PID    %usr %system  %guest   %wait    %CPU   CPU  minflt/s  majflt/s     VSZ     RSS   %MEM   kB_rd/s   kB_wr/s kB_ccwr/s iodelay  Command
01:37:31        0     10533   62.00    1.00    0.00    0.00   63.00     1     28.00      0.00 4076176  251148  25.66     24.00      0.00      0.00       0  java

# Time        UID       PID    %usr %system  %guest   %wait    %CPU   CPU  minflt/s  majflt/s     VSZ     RSS   %MEM   kB_rd/s   kB_wr/s kB_ccwr/s iodelay  Command

# Time        UID       PID    %usr %system  %guest   %wait    %CPU   CPU  minflt/s  majflt/s     VSZ     RSS   %MEM   kB_rd/s   kB_wr/s kB_ccwr/s iodelay  Command
01:37:33        0       927    1.00    0.00    0.00    0.00    1.00     0      0.00      0.00 4627520  199696  20.40      0.00      0.00      0.00       0  java
01:37:33        0     10533   87.00    1.00    0.00    0.00   88.00     1     33.00      0.00 4141712  251148  25.66     40.00      0.00      0.00       0  java

# Time        UID       PID    %usr %system  %guest   %wait    %CPU   CPU  minflt/s  majflt/s     VSZ     RSS   %MEM   kB_rd/s   kB_wr/s kB_ccwr/s iodelay  Command
01:37:34        0     10533   13.00    1.00    0.00    0.00   14.00     1      6.00      0.00 4141712  251148  25.66      0.00      0.00      0.00       0  java

# Time        UID       PID    %usr %system  %guest   %wait    %CPU   CPU  minflt/s  majflt/s     VSZ     RSS   %MEM   kB_rd/s   kB_wr/s kB_ccwr/s iodelay  Command
01:37:35        0       927    0.00    1.00    0.00    0.00    1.00     0      0.00      0.00 4627520  199696  20.40      0.00      0.00      0.00       0  java
01:37:35        0     10533    0.00    0.00    0.00    0.00    0.00     1      0.00      0.00 4141712  251148  25.66     16.00      0.00      0.00       0  java

# Time        UID       PID    %usr %system  %guest   %wait    %CPU   CPU  minflt/s  majflt/s     VSZ     RSS   %MEM   kB_rd/s   kB_wr/s kB_ccwr/s iodelay  Command

# Time        UID       PID    %usr %system  %guest   %wait    %CPU   CPU  minflt/s  majflt/s     VSZ     RSS   %MEM   kB_rd/s   kB_wr/s kB_ccwr/s iodelay  Command
01:37:37        0     10533  157.00    3.00    0.00    0.00  160.00     1    144.00      0.00 4143752  252100  25.75      0.00      0.00      0.00       0  java

# Time        UID       PID    %usr %system  %guest   %wait    %CPU   CPU  minflt/s  majflt/s     VSZ     RSS   %MEM   kB_rd/s   kB_wr/s kB_ccwr/s iodelay  Command
01:37:38        0     10533  362.00    8.00    0.00    0.00  370.00     1    150.00      0.00 4143752  252612  25.81     16.00      0.00      0.00       0  java

# Time        UID       PID    %usr %system  %guest   %wait    %CPU   CPU  minflt/s  majflt/s     VSZ     RSS   %MEM   kB_rd/s   kB_wr/s kB_ccwr/s iodelay  Command
01:37:39        0       927    1.00    1.00    0.00    0.00    2.00     0      0.00      0.00 4627520  199696  20.40      0.00      0.00      0.00       0  java
01:37:39        0     10533  329.00    3.00    0.00    0.00  332.00     1    782.00      0.00 4143752  255812  26.13      0.00      0.00      0.00       0  java

# Time        UID       PID    %usr %system  %guest   %wait    %CPU   CPU  minflt/s  majflt/s     VSZ     RSS   %MEM   kB_rd/s   kB_wr/s kB_ccwr/s iodelay  Command
01:37:40        0     10533  307.00    2.00    0.00    0.00  309.00     1     22.00      0.00 4143752  255940  26.15      0.00      0.00      0.00       0  java

# Time        UID       PID    %usr %system  %guest   %wait    %CPU   CPU  minflt/s  majflt/s     VSZ     RSS   %MEM   kB_rd/s   kB_wr/s kB_ccwr/s iodelay  Command
01:37:41        0     10533  322.00    3.00    0.00    0.00  325.00     1    637.00      0.00 4143752  258372  26.39     20.00      0.00      0.00       0  java

# Time        UID       PID    %usr %system  %guest   %wait    %CPU   CPU  minflt/s  majflt/s     VSZ     RSS   %MEM   kB_rd/s   kB_wr/s kB_ccwr/s iodelay  Command
01:37:42        0       927    1.00    0.00    0.00    0.00    1.00     0      0.00      0.00 4627520  199696  20.40      0.00      4.00      0.00       0  java
01:37:42        0     10533  356.00    7.00    0.00    0.00  363.00     1     98.00      0.00 4143752  258756  26.43      0.00      0.00      0.00       0  java

# Time        UID       PID    %usr %system  %guest   %wait    %CPU   CPU  minflt/s  majflt/s     VSZ     RSS   %MEM   kB_rd/s   kB_wr/s kB_ccwr/s iodelay  Command
01:37:43        0     10533  365.00    1.00    0.00    0.00  366.00     1     20.00      0.00 4143752  258884  26.45      0.00      0.00      0.00       0  java

# Time        UID       PID    %usr %system  %guest   %wait    %CPU   CPU  minflt/s  majflt/s     VSZ     RSS   %MEM   kB_rd/s   kB_wr/s kB_ccwr/s iodelay  Command
01:37:44        0       927    0.00    1.00    0.00    0.00    1.00     0      0.00      0.00 4627520  199696  20.40      0.00      4.00      0.00       0  java
01:37:44        0     10533  297.00    1.00    0.00    0.00  298.00     1     37.00      0.00 4143752  259012  26.46      4.00      0.00      0.00       0  java

# Time        UID       PID    %usr %system  %guest   %wait    %CPU   CPU  minflt/s  majflt/s     VSZ     RSS   %MEM   kB_rd/s   kB_wr/s kB_ccwr/s iodelay  Command
01:37:45        0     10533  291.00    0.00    0.00    0.00  291.00     1    165.00      0.00 4143752  259652  26.53      0.00      0.00      0.00       0  java

# Time        UID       PID    %usr %system  %guest   %wait    %CPU   CPU  minflt/s  majflt/s     VSZ     RSS   %MEM   kB_rd/s   kB_wr/s kB_ccwr/s iodelay  Command
01:37:46        0       927    0.00    0.99    0.00    0.00    0.99     0      0.00      0.00 4627520  199696  20.40      0.00      0.00      0.00       0  java
01:37:46        0     10533  286.14    0.99    0.00    0.00  287.13     1      8.91      0.00 4143752  259652  26.53      0.00      0.00      0.00       0  java

# Time        UID       PID    %usr %system  %guest   %wait    %CPU   CPU  minflt/s  majflt/s     VSZ     RSS   %MEM   kB_rd/s   kB_wr/s kB_ccwr/s iodelay  Command
01:37:47        0     10533  286.00    2.00    0.00    0.00  288.00     1     10.00      0.00 4143752  259652  26.53      0.00      0.00      0.00       0  java

# Time        UID       PID    %usr %system  %guest   %wait    %CPU   CPU  minflt/s  majflt/s     VSZ     RSS   %MEM   kB_rd/s   kB_wr/s kB_ccwr/s iodelay  Command
01:37:48        0       927    1.00    0.00    0.00    0.00    1.00     0      0.00      0.00 4627520  199696  20.40      0.00      0.00      0.00       0  java
01:37:48        0     10533  241.00    4.00    0.00    0.00  245.00     1   1234.00      0.00 4143752  264772  27.05      0.00      0.00      0.00       0  java

# Time        UID       PID    %usr %system  %guest   %wait    %CPU   CPU  minflt/s  majflt/s     VSZ     RSS   %MEM   kB_rd/s   kB_wr/s kB_ccwr/s iodelay  Command
01:37:49        0     10533  301.98    6.93    0.00    0.00  308.91     1   2453.47      0.00 4143752  274756  28.07      0.00      0.00      0.00       0  java

# Time        UID       PID    %usr %system  %guest   %wait    %CPU   CPU  minflt/s  majflt/s     VSZ     RSS   %MEM   kB_rd/s   kB_wr/s kB_ccwr/s iodelay  Command
01:37:50        0       927    0.00    1.00    0.00    0.00    1.00     0      0.00      0.00 4627520  199696  20.40      0.00      0.00      0.00       0  java
01:37:50        0     10533  356.00    8.00    0.00    0.00  364.00     1     25.00      0.00 4143752  274756  28.07      0.00      0.00      0.00       0  java

# Time        UID       PID    %usr %system  %guest   %wait    %CPU   CPU  minflt/s  majflt/s     VSZ     RSS   %MEM   kB_rd/s   kB_wr/s kB_ccwr/s iodelay  Command
01:37:51        0     10533  361.00    3.00    0.00    0.00  364.00     1     27.00      0.00 4143752  274756  28.07      0.00      0.00      0.00       0  java

# Time        UID       PID    %usr %system  %guest   %wait    %CPU   CPU  minflt/s  majflt/s     VSZ     RSS   %MEM   kB_rd/s   kB_wr/s kB_ccwr/s iodelay  Command
01:37:52        0     10533  354.00    8.00    0.00    0.00  362.00     1     16.00      0.00 4143752  274756  28.07      4.00      0.00      0.00       0  java

# Time        UID       PID    %usr %system  %guest   %wait    %CPU   CPU  minflt/s  majflt/s     VSZ     RSS   %MEM   kB_rd/s   kB_wr/s kB_ccwr/s iodelay  Command
01:37:53        0     10533  298.00    1.00    0.00    0.00  299.00     1     22.00      0.00 4143752  274756  28.07      0.00      0.00      0.00       0  java

# Time        UID       PID    %usr %system  %guest   %wait    %CPU   CPU  minflt/s  majflt/s     VSZ     RSS   %MEM   kB_rd/s   kB_wr/s kB_ccwr/s iodelay  Command
01:37:54        0       927    1.00    0.00    0.00    0.00    1.00     0      0.00      0.00 4627520  199696  20.40      0.00      0.00      0.00       0  java
01:37:54        0     10533  282.00    2.00    0.00    0.00  284.00     1      7.00      0.00 4143752  274756  28.07      0.00      0.00      0.00       0  java

# Time        UID       PID    %usr %system  %guest   %wait    %CPU   CPU  minflt/s  majflt/s     VSZ     RSS   %MEM   kB_rd/s   kB_wr/s kB_ccwr/s iodelay  Command
01:37:55        0       927    0.00    1.00    0.00    0.00    1.00     0      0.00      0.00 4627520  199696  20.40      0.00      0.00      0.00       0  java
01:37:55        0     10533  288.00    1.00    0.00    0.00  289.00     1      9.00      0.00 4143752  274756  28.07      0.00      0.00      0.00       0  java

# Time        UID       PID    %usr %system  %guest   %wait    %CPU   CPU  minflt/s  majflt/s     VSZ     RSS   %MEM   kB_rd/s   kB_wr/s kB_ccwr/s iodelay  Command
01:37:56        0     10533  292.00    1.00    0.00    0.00  293.00     1     10.00      0.00 4143752  275012  28.09      0.00      0.00      0.00       0  java

# Time        UID       PID    %usr %system  %guest   %wait    %CPU   CPU  minflt/s  majflt/s     VSZ     RSS   %MEM   kB_rd/s   kB_wr/s kB_ccwr/s iodelay  Command
01:37:57        0     10533  292.00    2.00    0.00    0.00  294.00     1     12.00      0.00 4143752  275140  28.11      0.00      0.00      0.00       0  java

# Time        UID       PID    %usr %system  %guest   %wait    %CPU   CPU  minflt/s  majflt/s     VSZ     RSS   %MEM   kB_rd/s   kB_wr/s kB_ccwr/s iodelay  Command
01:37:58        0     10533  257.00    2.00    0.00    0.00  259.00     1      7.00      0.00 4143752  275140  28.11      0.00      0.00      0.00       0  java

# Time        UID       PID    %usr %system  %guest   %wait    %CPU   CPU  minflt/s  majflt/s     VSZ     RSS   %MEM   kB_rd/s   kB_wr/s kB_ccwr/s iodelay  Command
01:37:59        0       927    0.00    1.00    0.00    0.00    1.00     0      0.00      0.00 4627520  199696  20.40      0.00      0.00      0.00       0  java
01:37:59        0     10533  214.00    2.00    0.00    0.00  216.00     1      2.00      0.00 4143752  275140  28.11      4.00      0.00      0.00       0  java

# Time        UID       PID    %usr %system  %guest   %wait    %CPU   CPU  minflt/s  majflt/s     VSZ     RSS   %MEM   kB_rd/s   kB_wr/s kB_ccwr/s iodelay  Command
01:38:00        0     10533  201.00    3.00    0.00    0.00  204.00     1      5.00      0.00 4143752  275140  28.11      0.00      0.00      0.00       0  java

# Time        UID       PID    %usr %system  %guest   %wait    %CPU   CPU  minflt/s  majflt/s     VSZ     RSS   %MEM   kB_rd/s   kB_wr/s kB_ccwr/s iodelay  Command
01:38:01        0       927    0.99    0.00    0.00    0.00    0.99     0      0.00      0.00 4627520  199696  20.40      0.00      0.00      0.00       0  java
01:38:01        0     10533  196.04    1.98    0.00    0.00  198.02     1      0.00      0.00 4143752  275140  28.11      0.00      0.00      0.00       0  java

# Time        UID       PID    %usr %system  %guest   %wait    %CPU   CPU  minflt/s  majflt/s     VSZ     RSS   %MEM   kB_rd/s   kB_wr/s kB_ccwr/s iodelay  Command
01:38:02        0     10533  206.00    3.00    0.00    0.00  209.00     1      2.00      0.00 4143752  275140  28.11      0.00      0.00      0.00       0  java

# Time        UID       PID    %usr %system  %guest   %wait    %CPU   CPU  minflt/s  majflt/s     VSZ     RSS   %MEM   kB_rd/s   kB_wr/s kB_ccwr/s iodelay  Command
01:38:03        0     10533  214.00    2.00    0.00    0.00  216.00     1     47.00      0.00 4143752  275204  28.11      0.00      0.00      0.00       0  java

# Time        UID       PID    %usr %system  %guest   %wait    %CPU   CPU  minflt/s  majflt/s     VSZ     RSS   %MEM   kB_rd/s   kB_wr/s kB_ccwr/s iodelay  Command
01:38:04        0       927    1.00    0.00    0.00    0.00    1.00     0      0.00      0.00 4627520  199696  20.40      0.00      0.00      0.00       0  java
01:38:04        0     10533  178.00    0.00    0.00    0.00  178.00     1      7.00      0.00 4143752  275204  28.11      0.00      0.00      0.00       0  java

# Time        UID       PID    %usr %system  %guest   %wait    %CPU   CPU  minflt/s  majflt/s     VSZ     RSS   %MEM   kB_rd/s   kB_wr/s kB_ccwr/s iodelay  Command
01:38:05        0     10533   92.08    3.96    0.00    0.00   96.04     1     42.57      0.00 4143752  275244  28.12     15.84      0.00      0.00       0  java

# Time        UID       PID    %usr %system  %guest   %wait    %CPU   CPU  minflt/s  majflt/s     VSZ     RSS   %MEM   kB_rd/s   kB_wr/s kB_ccwr/s iodelay  Command
01:38:06        0       927    0.00    1.00    0.00    0.00    1.00     0      0.00      0.00 4627520  199696  20.40      0.00      0.00      0.00       0  java
01:38:06        0     10533   40.00    0.00    0.00    0.00   40.00     1      6.00      0.00 4143752  275244  28.12      0.00      0.00      0.00       0  java

# Time        UID       PID    %usr %system  %guest   %wait    %CPU   CPU  minflt/s  majflt/s     VSZ     RSS   %MEM   kB_rd/s   kB_wr/s kB_ccwr/s iodelay  Command
01:38:07        0     10533    0.00    0.00    0.00    0.00    0.00     1      0.00      0.00 4143752  275244  28.12     48.00      0.00      0.00       0  java

# Time        UID       PID    %usr %system  %guest   %wait    %CPU   CPU  minflt/s  majflt/s     VSZ     RSS   %MEM   kB_rd/s   kB_wr/s kB_ccwr/s iodelay  Command

# Time        UID       PID    %usr %system  %guest   %wait    %CPU   CPU  minflt/s  majflt/s     VSZ     RSS   %MEM   kB_rd/s   kB_wr/s kB_ccwr/s iodelay  Command

# Time        UID       PID    %usr %system  %guest   %wait    %CPU   CPU  minflt/s  majflt/s     VSZ     RSS   %MEM   kB_rd/s   kB_wr/s kB_ccwr/s iodelay  Command
01:38:10        0       927    1.00    0.00    0.00    0.00    1.00     0      0.00      0.00 4627520  199696  20.40      0.00     12.00      0.00       0  java
01:38:10        0     10533  299.00    4.00    0.00    0.00  303.00     1    294.00      0.00 4143752  276396  28.24      4.00      0.00      0.00       0  java

# Time        UID       PID    %usr %system  %guest   %wait    %CPU   CPU  minflt/s  majflt/s     VSZ     RSS   %MEM   kB_rd/s   kB_wr/s kB_ccwr/s iodelay  Command
01:38:11        0     10533  172.00    3.00    0.00    0.00  175.00     1   1518.00      0.00 4143752  282540  28.86      0.00      0.00      0.00       0  java

# Time        UID       PID    %usr %system  %guest   %wait    %CPU   CPU  minflt/s  majflt/s     VSZ     RSS   %MEM   kB_rd/s   kB_wr/s kB_ccwr/s iodelay  Command
01:38:12        0     10533   15.00    1.00    0.00    0.00   16.00     1      7.00      0.00 4143752  282540  28.86      0.00      0.00      0.00       0  java

# Time        UID       PID    %usr %system  %guest   %wait    %CPU   CPU  minflt/s  majflt/s     VSZ     RSS   %MEM   kB_rd/s   kB_wr/s kB_ccwr/s iodelay  Command

# Time        UID       PID    %usr %system  %guest   %wait    %CPU   CPU  minflt/s  majflt/s     VSZ     RSS   %MEM   kB_rd/s   kB_wr/s kB_ccwr/s iodelay  Command
01:38:14        0       927    1.00    0.00    0.00    0.00    1.00     0      0.00      0.00 4627520  199696  20.40      0.00      4.00      0.00       0  java
01:38:14        0     10533  142.00    7.00    0.00    0.00  149.00     1    147.00      0.00 4146564  283436  28.95   1036.00      0.00      0.00       0  java

# Time        UID       PID    %usr %system  %guest   %wait    %CPU   CPU  minflt/s  majflt/s     VSZ     RSS   %MEM   kB_rd/s   kB_wr/s kB_ccwr/s iodelay  Command
01:38:15        0       927    0.00    1.00    0.00    0.00    1.00     0      0.00      0.00 4627520  199696  20.40      0.00      0.00      0.00       0  java
01:38:15        0     10533  274.00    9.00    0.00    0.00  283.00     1    333.00      0.00 4158804  284588  29.07    668.00      0.00      0.00       0  java

# Time        UID       PID    %usr %system  %guest   %wait    %CPU   CPU  minflt/s  majflt/s     VSZ     RSS   %MEM   kB_rd/s   kB_wr/s kB_ccwr/s iodelay  Command
01:38:16        0     10533  295.00    5.00    0.00    0.00  300.00     1    115.00      0.00 4164944  284972  29.11    108.00      0.00      0.00       0  java

# Time        UID       PID    %usr %system  %guest   %wait    %CPU   CPU  minflt/s  majflt/s     VSZ     RSS   %MEM   kB_rd/s   kB_wr/s kB_ccwr/s iodelay  Command
01:38:17        0       927    0.00    1.00    0.00    0.00    1.00     0      0.00      0.00 4627520  199696  20.40      0.00      4.00      0.00       0  java
01:38:17        0     10533  184.00   10.00    0.00    0.00  194.00     1    812.00      0.00 4183304  288428  29.46      0.00      0.00      0.00       0  java

# Time        UID       PID    %usr %system  %guest   %wait    %CPU   CPU  minflt/s  majflt/s     VSZ     RSS   %MEM   kB_rd/s   kB_wr/s kB_ccwr/s iodelay  Command
01:38:18        0     10533  223.00    6.00    0.00    0.00  229.00     1    923.00      0.00 4183304  291884  29.82     20.00      0.00      0.00       0  java

# Time        UID       PID    %usr %system  %guest   %wait    %CPU   CPU  minflt/s  majflt/s     VSZ     RSS   %MEM   kB_rd/s   kB_wr/s kB_ccwr/s iodelay  Command
01:38:19        0       927    0.00    1.00    0.00    0.00    1.00     0      0.00      0.00 4627520  199696  20.40      0.00      0.00      0.00       0  java
01:38:19        0     10533  255.00    6.00    0.00    0.00  261.00     1   1404.00      0.00 4183304  297516  30.39      0.00      0.00      0.00       0  java

# Time        UID       PID    %usr %system  %guest   %wait    %CPU   CPU  minflt/s  majflt/s     VSZ     RSS   %MEM   kB_rd/s   kB_wr/s kB_ccwr/s iodelay  Command
01:38:20        0     10533  262.00   13.00    0.00    0.00  275.00     1   1270.00      0.00 4183304  301444  30.79      0.00      0.00      0.00       0  java

# Time        UID       PID    %usr %system  %guest   %wait    %CPU   CPU  minflt/s  majflt/s     VSZ     RSS   %MEM   kB_rd/s   kB_wr/s kB_ccwr/s iodelay  Command
01:38:21        0       927    0.00    1.00    0.00    0.00    1.00     0      0.00      0.00 4627520  199696  20.40      0.00      4.00      0.00       0  java
01:38:21        0     10533  217.00    6.00    0.00    0.00  223.00     1   1960.00      0.00 4183304  309252  31.59      4.00      0.00      0.00       0  java

# Time        UID       PID    %usr %system  %guest   %wait    %CPU   CPU  minflt/s  majflt/s     VSZ     RSS   %MEM   kB_rd/s   kB_wr/s kB_ccwr/s iodelay  Command
01:38:22        0       927    1.00    0.00    0.00    0.00    1.00     0      0.00      0.00 4627520  199696  20.40      0.00      0.00      0.00       0  java
01:38:22        0     10533  131.00    2.00    0.00    0.00  133.00     1     35.00      0.00 4183304  309380  31.61      4.00      0.00      0.00       0  java

# Time        UID       PID    %usr %system  %guest   %wait    %CPU   CPU  minflt/s  majflt/s     VSZ     RSS   %MEM   kB_rd/s   kB_wr/s kB_ccwr/s iodelay  Command
01:38:23        0     10533  100.00    0.00    0.00    0.00  100.00     1     14.00      0.00 4183304  309380  31.61      0.00      0.00      0.00       0  java

# Time        UID       PID    %usr %system  %guest   %wait    %CPU   CPU  minflt/s  majflt/s     VSZ     RSS   %MEM   kB_rd/s   kB_wr/s kB_ccwr/s iodelay  Command
01:38:24        0     10533    9.00    0.00    0.00    0.00    9.00     1      4.00      0.00 4183304  309380  31.61      0.00      0.00      0.00       0  java

# Time        UID       PID    %usr %system  %guest   %wait    %CPU   CPU  minflt/s  majflt/s     VSZ     RSS   %MEM   kB_rd/s   kB_wr/s kB_ccwr/s iodelay  Command

# Time        UID       PID    %usr %system  %guest   %wait    %CPU   CPU  minflt/s  majflt/s     VSZ     RSS   %MEM   kB_rd/s   kB_wr/s kB_ccwr/s iodelay  Command
01:38:26        0     10533    0.00    0.00    0.00    0.00    0.00     1      0.00      0.00 4183304  309380  31.61     16.00      0.00      0.00       0  java

# Time        UID       PID    %usr %system  %guest   %wait    %CPU   CPU  minflt/s  majflt/s     VSZ     RSS   %MEM   kB_rd/s   kB_wr/s kB_ccwr/s iodelay  Command

# Time        UID       PID    %usr %system  %guest   %wait    %CPU   CPU  minflt/s  majflt/s     VSZ     RSS   %MEM   kB_rd/s   kB_wr/s kB_ccwr/s iodelay  Command
01:38:28        0     10533  110.00    3.00    0.00    0.00  113.00     1     93.00      0.00 4183304  309636  31.63      0.00      0.00      0.00       0  java

# Time        UID       PID    %usr %system  %guest   %wait    %CPU   CPU  minflt/s  majflt/s     VSZ     RSS   %MEM   kB_rd/s   kB_wr/s kB_ccwr/s iodelay  Command
01:38:29        0     10533   69.00    1.00    0.00    0.00   70.00     1     10.00      0.00 4183304  309764  31.64      4.00      0.00      0.00       0  java

# Time        UID       PID    %usr %system  %guest   %wait    %CPU   CPU  minflt/s  majflt/s     VSZ     RSS   %MEM   kB_rd/s   kB_wr/s kB_ccwr/s iodelay  Command
01:38:30        0       927    0.00    1.00    0.00    0.00    1.00     0      0.00      0.00 4627520  199696  20.40      0.00      0.00      0.00       0  java
01:38:30        0     10533    8.00    1.00    0.00    0.00    9.00     1      9.00      0.00 4183304  309892  31.66      0.00      0.00      0.00       0  java

# Time        UID       PID    %usr %system  %guest   %wait    %CPU   CPU  minflt/s  majflt/s     VSZ     RSS   %MEM   kB_rd/s   kB_wr/s kB_ccwr/s iodelay  Command
01:38:31        0       927    9.00    0.00    0.00    0.00    9.00     0      1.00      0.00 4627520  199696  20.40      0.00      0.00      0.00       0  java

# Time        UID       PID    %usr %system  %guest   %wait    %CPU   CPU  minflt/s  majflt/s     VSZ     RSS   %MEM   kB_rd/s   kB_wr/s kB_ccwr/s iodelay  Command
01:38:32        0     10533   29.00    0.00    0.00    0.00   29.00     1     25.00      0.00 4183304  310020  31.67     32.00      0.00      0.00       0  java

# Time        UID       PID    %usr %system  %guest   %wait    %CPU   CPU  minflt/s  majflt/s     VSZ     RSS   %MEM   kB_rd/s   kB_wr/s kB_ccwr/s iodelay  Command
01:38:33        0     10533   15.00    0.00    0.00    0.00   15.00     1      3.00      0.00 4183304  310020  31.67      0.00      0.00      0.00       0  java

# Time        UID       PID    %usr %system  %guest   %wait    %CPU   CPU  minflt/s  majflt/s     VSZ     RSS   %MEM   kB_rd/s   kB_wr/s kB_ccwr/s iodelay  Command

# Time        UID       PID    %usr %system  %guest   %wait    %CPU   CPU  minflt/s  majflt/s     VSZ     RSS   %MEM   kB_rd/s   kB_wr/s kB_ccwr/s iodelay  Command
01:38:35        0     10533    0.00    0.00    0.00    0.00    0.00     1      1.00      0.00 4183304  310020  31.67      4.00      0.00      0.00       0  java

# Time        UID       PID    %usr %system  %guest   %wait    %CPU   CPU  minflt/s  majflt/s     VSZ     RSS   %MEM   kB_rd/s   kB_wr/s kB_ccwr/s iodelay  Command

# Time        UID       PID    %usr %system  %guest   %wait    %CPU   CPU  minflt/s  majflt/s     VSZ     RSS   %MEM   kB_rd/s   kB_wr/s kB_ccwr/s iodelay  Command
01:38:37        0     10533    0.00    1.00    0.00    0.00    1.00     1      2.00      0.00 4183304  310020  31.67     16.00      0.00      0.00       0  java

# Time        UID       PID    %usr %system  %guest   %wait    %CPU   CPU  minflt/s  majflt/s     VSZ     RSS   %MEM   kB_rd/s   kB_wr/s kB_ccwr/s iodelay  Command
01:38:38        0       927    1.00    0.00    0.00    0.00    1.00     0      0.00      0.00 4627520  199696  20.40      0.00      0.00      0.00       0  java

# Time        UID       PID    %usr %system  %guest   %wait    %CPU   CPU  minflt/s  majflt/s     VSZ     RSS   %MEM   kB_rd/s   kB_wr/s kB_ccwr/s iodelay  Command
01:38:39        0     10533    1.00    0.00    0.00    0.00    1.00     1      3.00      0.00 4183304  310020  31.67      4.00      0.00      0.00       0  java

# Time        UID       PID    %usr %system  %guest   %wait    %CPU   CPU  minflt/s  majflt/s     VSZ     RSS   %MEM   kB_rd/s   kB_wr/s kB_ccwr/s iodelay  Command
01:38:40        0     10533   18.00    0.00    0.00    0.00   18.00     1      9.00      0.00 4183304  310020  31.67      0.00      0.00      0.00       0  java

# Time        UID       PID    %usr %system  %guest   %wait    %CPU   CPU  minflt/s  majflt/s     VSZ     RSS   %MEM   kB_rd/s   kB_wr/s kB_ccwr/s iodelay  Command
01:38:41        0     10533    3.00    1.00    0.00    0.00    4.00     1     12.00      0.00 4183304  310020  31.67    200.00      0.00      0.00       0  java

# Time        UID       PID    %usr %system  %guest   %wait    %CPU   CPU  minflt/s  majflt/s     VSZ     RSS   %MEM   kB_rd/s   kB_wr/s kB_ccwr/s iodelay  Command

# Time        UID       PID    %usr %system  %guest   %wait    %CPU   CPU  minflt/s  majflt/s     VSZ     RSS   %MEM   kB_rd/s   kB_wr/s kB_ccwr/s iodelay  Command
01:38:43        0     10533   18.00    2.00    0.00    0.00   20.00     1     26.00      0.00 4183304  310148  31.68     36.00      0.00      0.00       0  java

# Time        UID       PID    %usr %system  %guest   %wait    %CPU   CPU  minflt/s  majflt/s     VSZ     RSS   %MEM   kB_rd/s   kB_wr/s kB_ccwr/s iodelay  Command
01:38:44        0       927    3.00    1.00    0.00    0.00    4.00     0      2.00      0.00 4627520  199696  20.40      0.00     12.00      0.00       0  java
01:38:44        0     10533   47.00   12.00    0.00    0.00   59.00     1   5281.00      0.00 4177184  330716  33.78     80.00      0.00      0.00       0  java

# Time        UID       PID    %usr %system  %guest   %wait    %CPU   CPU  minflt/s  majflt/s     VSZ     RSS   %MEM   kB_rd/s   kB_wr/s kB_ccwr/s iodelay  Command
01:38:45        0     10533    5.00    1.00    0.00    0.00    6.00     1     13.00      0.00 4177184  330716  33.78      0.00      0.00      0.00       0  java

# Time        UID       PID    %usr %system  %guest   %wait    %CPU   CPU  minflt/s  majflt/s     VSZ     RSS   %MEM   kB_rd/s   kB_wr/s kB_ccwr/s iodelay  Command
01:38:46        0       927    4.00    2.00    0.00    0.00    6.00     0      7.00      0.00 4627520  199696  20.40   2940.00      0.00      0.00       0  java

# Time        UID       PID    %usr %system  %guest   %wait    %CPU   CPU  minflt/s  majflt/s     VSZ     RSS   %MEM   kB_rd/s   kB_wr/s kB_ccwr/s iodelay  Command
01:38:47        0       927    1.00    0.00    0.00    0.00    1.00     0      0.00      0.00 4627520  199696  20.40      0.00      0.00      0.00       0  java

# Time        UID       PID    %usr %system  %guest   %wait    %CPU   CPU  minflt/s  majflt/s     VSZ     RSS   %MEM   kB_rd/s   kB_wr/s kB_ccwr/s iodelay  Command

# Time        UID       PID    %usr %system  %guest   %wait    %CPU   CPU  minflt/s  majflt/s     VSZ     RSS   %MEM   kB_rd/s   kB_wr/s kB_ccwr/s iodelay  Command

# Time        UID       PID    %usr %system  %guest   %wait    %CPU   CPU  minflt/s  majflt/s     VSZ     RSS   %MEM   kB_rd/s   kB_wr/s kB_ccwr/s iodelay  Command

# Time        UID       PID    %usr %system  %guest   %wait    %CPU   CPU  minflt/s  majflt/s     VSZ     RSS   %MEM   kB_rd/s   kB_wr/s kB_ccwr/s iodelay  Command

# Time        UID       PID    %usr %system  %guest   %wait    %CPU   CPU  minflt/s  majflt/s     VSZ     RSS   %MEM   kB_rd/s   kB_wr/s kB_ccwr/s iodelay  Command

# Time        UID       PID    %usr %system  %guest   %wait    %CPU   CPU  minflt/s  majflt/s     VSZ     RSS   %MEM   kB_rd/s   kB_wr/s kB_ccwr/s iodelay  Command

# Time        UID       PID    %usr %system  %guest   %wait    %CPU   CPU  minflt/s  majflt/s     VSZ     RSS   %MEM   kB_rd/s   kB_wr/s kB_ccwr/s iodelay  Command
01:38:54        0       927    1.00    0.00    0.00    0.00    1.00     0      0.00      0.00 4627520  199696  20.40      0.00      0.00      0.00       0  java

# Time        UID       PID    %usr %system  %guest   %wait    %CPU   CPU  minflt/s  majflt/s     VSZ     RSS   %MEM   kB_rd/s   kB_wr/s kB_ccwr/s iodelay  Command

# Time        UID       PID    %usr %system  %guest   %wait    %CPU   CPU  minflt/s  majflt/s     VSZ     RSS   %MEM   kB_rd/s   kB_wr/s kB_ccwr/s iodelay  Command

# Time        UID       PID    %usr %system  %guest   %wait    %CPU   CPU  minflt/s  majflt/s     VSZ     RSS   %MEM   kB_rd/s   kB_wr/s kB_ccwr/s iodelay  Command
01:38:57        0       927    1.00    0.00    0.00    0.00    1.00     0      0.00      0.00 4627520  199696  20.40      0.00      0.00      0.00       0  java

# Time        UID       PID    %usr %system  %guest   %wait    %CPU   CPU  minflt/s  majflt/s     VSZ     RSS   %MEM   kB_rd/s   kB_wr/s kB_ccwr/s iodelay  Command

# Time        UID       PID    %usr %system  %guest   %wait    %CPU   CPU  minflt/s  majflt/s     VSZ     RSS   %MEM   kB_rd/s   kB_wr/s kB_ccwr/s iodelay  Command
