Linux 6.12.47+rpt-rpi-v8 (DietPi) 	01/12/26 	_aarch64_	(4 CPU)

# Time        UID       PID    %usr %system  %guest   %wait    %CPU   CPU  minflt/s  majflt/s     VSZ     RSS   %MEM   kB_rd/s   kB_wr/s kB_ccwr/s iodelay  Command

# Time        UID       PID    %usr %system  %guest   %wait    %CPU   CPU  minflt/s  majflt/s     VSZ     RSS   %MEM   kB_rd/s   kB_wr/s kB_ccwr/s iodelay  Command
14:46:50        0       819    1.00    0.00    0.00    0.00    1.00     2      0.00      0.00 4627516  189884  19.40      0.00      0.00      0.00       0  java

# Time        UID       PID    %usr %system  %guest   %wait    %CPU   CPU  minflt/s  majflt/s     VSZ     RSS   %MEM   kB_rd/s   kB_wr/s kB_ccwr/s iodelay  Command

# Time        UID       PID    %usr %system  %guest   %wait    %CPU   CPU  minflt/s  majflt/s     VSZ     RSS   %MEM   kB_rd/s   kB_wr/s kB_ccwr/s iodelay  Command

# Time        UID       PID    %usr %system  %guest   %wait    %CPU   CPU  minflt/s  majflt/s     VSZ     RSS   %MEM   kB_rd/s   kB_wr/s kB_ccwr/s iodelay  Command
14:46:53        0       819    0.00    1.00    0.00    0.00    1.00     2      0.00      0.00 4627516  189884  19.40      0.00      0.00      0.00       0  java

# Time        UID       PID    %usr %system  %guest   %wait    %CPU   CPU  minflt/s  majflt/s     VSZ     RSS   %MEM   kB_rd/s   kB_wr/s kB_ccwr/s iodelay  Command

# Time        UID       PID    %usr %system  %guest   %wait    %CPU   CPU  minflt/s  majflt/s     VSZ     RSS   %MEM   kB_rd/s   kB_wr/s kB_ccwr/s iodelay  Command

# Time        UID       PID    %usr %system  %guest   %wait    %CPU   CPU  minflt/s  majflt/s     VSZ     RSS   %MEM   kB_rd/s   kB_wr/s kB_ccwr/s iodelay  Command

# Time        UID       PID    %usr %system  %guest   %wait    %CPU   CPU  minflt/s  majflt/s     VSZ     RSS   %MEM   kB_rd/s   kB_wr/s kB_ccwr/s iodelay  Command

# Time        UID       PID    %usr %system  %guest   %wait    %CPU   CPU  minflt/s  majflt/s     VSZ     RSS   %MEM   kB_rd/s   kB_wr/s kB_ccwr/s iodelay  Command

# Time        UID       PID    %usr %system  %guest   %wait    %CPU   CPU  minflt/s  majflt/s     VSZ     RSS   %MEM   kB_rd/s   kB_wr/s kB_ccwr/s iodelay  Command
14:46:59        0       819    0.00    1.00    0.00    0.00    1.00     2      0.00      0.00 4627516  189884  19.40      0.00      0.00      0.00       0  java

# Time        UID       PID    %usr %system  %guest   %wait    %CPU   CPU  minflt/s  majflt/s     VSZ     RSS   %MEM   kB_rd/s   kB_wr/s kB_ccwr/s iodelay  Command

# Time        UID       PID    %usr %system  %guest   %wait    %CPU   CPU  minflt/s  majflt/s     VSZ     RSS   %MEM   kB_rd/s   kB_wr/s kB_ccwr/s iodelay  Command
14:47:01        0       819    1.00    0.00    0.00    0.00    1.00     2      0.00      0.00 4627516  189884  19.40      0.00      0.00      0.00       0  java

# Time        UID       PID    %usr %system  %guest   %wait    %CPU   CPU  minflt/s  majflt/s     VSZ     RSS   %MEM   kB_rd/s   kB_wr/s kB_ccwr/s iodelay  Command

# Time        UID       PID    %usr %system  %guest   %wait    %CPU   CPU  minflt/s  majflt/s     VSZ     RSS   %MEM   kB_rd/s   kB_wr/s kB_ccwr/s iodelay  Command

# Time        UID       PID    %usr %system  %guest   %wait    %CPU   CPU  minflt/s  majflt/s     VSZ     RSS   %MEM   kB_rd/s   kB_wr/s kB_ccwr/s iodelay  Command

# Time        UID       PID    %usr %system  %guest   %wait    %CPU   CPU  minflt/s  majflt/s     VSZ     RSS   %MEM   kB_rd/s   kB_wr/s kB_ccwr/s iodelay  Command

# Time        UID       PID    %usr %system  %guest   %wait    %CPU   CPU  minflt/s  majflt/s     VSZ     RSS   %MEM   kB_rd/s   kB_wr/s kB_ccwr/s iodelay  Command

# Time        UID       PID    %usr %system  %guest   %wait    %CPU   CPU  minflt/s  majflt/s     VSZ     RSS   %MEM   kB_rd/s   kB_wr/s kB_ccwr/s iodelay  Command
14:47:07        0       819    1.00    0.00    0.00    0.00    1.00     2      0.00      0.00 4627516  189884  19.40      0.00      0.00      0.00       0  java

# Time        UID       PID    %usr %system  %guest   %wait    %CPU   CPU  minflt/s  majflt/s     VSZ     RSS   %MEM   kB_rd/s   kB_wr/s kB_ccwr/s iodelay  Command

# Time        UID       PID    %usr %system  %guest   %wait    %CPU   CPU  minflt/s  majflt/s     VSZ     RSS   %MEM   kB_rd/s   kB_wr/s kB_ccwr/s iodelay  Command
14:47:09        0       819    9.00    0.00    0.00    0.00    9.00     2      8.00      0.00 4627516  189884  19.40      0.00     28.00      0.00       0  java

# Time        UID       PID    %usr %system  %guest   %wait    %CPU   CPU  minflt/s  majflt/s     VSZ     RSS   %MEM   kB_rd/s   kB_wr/s kB_ccwr/s iodelay  Command
14:47:10        0       819   38.00    1.00    0.00    0.00   39.00     2     16.00      0.00 4627516  190012  19.41      0.00      8.00      0.00       0  java
14:47:10        0      3522  103.00    8.00    0.00    0.00  111.00     0   3441.00      0.00 2635324   32876   3.36      4.00      0.00      0.00       0  java

# Time        UID       PID    %usr %system  %guest   %wait    %CPU   CPU  minflt/s  majflt/s     VSZ     RSS   %MEM   kB_rd/s   kB_wr/s kB_ccwr/s iodelay  Command
14:47:11        0      3522  137.00   13.00    0.00    0.00  150.00     0   2778.00      0.00 2770804   45432   4.64   2560.00      0.00      0.00       0  java

# Time        UID       PID    %usr %system  %guest   %wait    %CPU   CPU  minflt/s  majflt/s     VSZ     RSS   %MEM   kB_rd/s   kB_wr/s kB_ccwr/s iodelay  Command
14:47:12        0      3522  100.00   17.00    0.00    0.00  117.00     0   2762.00      0.00 2770804   56680   5.79   7840.00      0.00      0.00       0  java

# Time        UID       PID    %usr %system  %guest   %wait    %CPU   CPU  minflt/s  majflt/s     VSZ     RSS   %MEM   kB_rd/s   kB_wr/s kB_ccwr/s iodelay  Command
14:47:13        0      3522  134.00   16.00    0.00    0.00  150.00     0   2701.00      0.00 2770804   65776   6.72   8240.00      0.00      0.00       0  java

# Time        UID       PID    %usr %system  %guest   %wait    %CPU   CPU  minflt/s  majflt/s     VSZ     RSS   %MEM   kB_rd/s   kB_wr/s kB_ccwr/s iodelay  Command
14:47:14        0       819    1.00    0.00    0.00    0.00    1.00     2      0.00      0.00 4627516  190012  19.41      0.00      0.00      0.00       0  java
14:47:14        0      3522  201.00   10.00    0.00    0.00  211.00     0   3753.00      0.00 2770804   79024   8.07   3380.00      0.00      0.00       0  java

# Time        UID       PID    %usr %system  %guest   %wait    %CPU   CPU  minflt/s  majflt/s     VSZ     RSS   %MEM   kB_rd/s   kB_wr/s kB_ccwr/s iodelay  Command
14:47:15        0      3522  204.00    6.00    0.00    0.00  210.00     0   1373.00      0.00 2770804   84400   8.62    820.00      0.00      0.00       0  java

# Time        UID       PID    %usr %system  %guest   %wait    %CPU   CPU  minflt/s  majflt/s     VSZ     RSS   %MEM   kB_rd/s   kB_wr/s kB_ccwr/s iodelay  Command
14:47:16        0       819    1.00    0.00    0.00    0.00    1.00     2      0.00      0.00 4627516  190012  19.41      0.00      0.00      0.00       0  java
14:47:16        0      3522  154.00    6.00    0.00    0.00  160.00     0    985.00      0.00 2770804   88684   9.06   1308.00      0.00      0.00       0  java

# Time        UID       PID    %usr %system  %guest   %wait    %CPU   CPU  minflt/s  majflt/s     VSZ     RSS   %MEM   kB_rd/s   kB_wr/s kB_ccwr/s iodelay  Command
14:47:17        0       819    0.00    1.00    0.00    0.00    1.00     2      0.00      0.00 4627516  190012  19.41      0.00      0.00      0.00       0  java
14:47:17        0      3522  188.00    5.00    0.00    0.00  193.00     0   1087.00      0.00 2770804   93036   9.50    668.00      0.00      0.00       0  java

# Time        UID       PID    %usr %system  %guest   %wait    %CPU   CPU  minflt/s  majflt/s     VSZ     RSS   %MEM   kB_rd/s   kB_wr/s kB_ccwr/s iodelay  Command
14:47:18        0      3522  167.00    4.00    0.00    0.00  171.00     0    752.00      0.00 2770804   96108   9.82    368.00      0.00      0.00       0  java

# Time        UID       PID    %usr %system  %guest   %wait    %CPU   CPU  minflt/s  majflt/s     VSZ     RSS   %MEM   kB_rd/s   kB_wr/s kB_ccwr/s iodelay  Command
14:47:19        0      3522  143.00    6.00    0.00    0.00  149.00     0    411.00      0.00 2770804   98028  10.01    216.00      0.00      0.00       0  java

# Time        UID       PID    %usr %system  %guest   %wait    %CPU   CPU  minflt/s  majflt/s     VSZ     RSS   %MEM   kB_rd/s   kB_wr/s kB_ccwr/s iodelay  Command

# Time        UID       PID    %usr %system  %guest   %wait    %CPU   CPU  minflt/s  majflt/s     VSZ     RSS   %MEM   kB_rd/s   kB_wr/s kB_ccwr/s iodelay  Command
14:47:21        0      3522   17.00    1.00    0.00    0.00   18.00     0     35.00      0.00 2770804   96808   9.89     20.00      0.00      0.00       0  java

# Time        UID       PID    %usr %system  %guest   %wait    %CPU   CPU  minflt/s  majflt/s     VSZ     RSS   %MEM   kB_rd/s   kB_wr/s kB_ccwr/s iodelay  Command
14:47:22        0      3522  152.48    8.91    0.00    0.00  161.39     0    729.70      0.00 2770804   99880  10.20    645.54      0.00      0.00       0  java

# Time        UID       PID    %usr %system  %guest   %wait    %CPU   CPU  minflt/s  majflt/s     VSZ     RSS   %MEM   kB_rd/s   kB_wr/s kB_ccwr/s iodelay  Command
14:47:23        0       819    1.00    0.00    0.00    0.00    1.00     2      0.00      0.00 4627516  190012  19.41      0.00      0.00      0.00       0  java
14:47:23        0      3522  190.00    4.00    0.00    0.00  194.00     0   1180.00      0.00 2771068  105744  10.80    204.00      0.00      0.00       0  java

# Time        UID       PID    %usr %system  %guest   %wait    %CPU   CPU  minflt/s  majflt/s     VSZ     RSS   %MEM   kB_rd/s   kB_wr/s kB_ccwr/s iodelay  Command
14:47:24        0       819    0.00    1.00    0.00    0.00    1.00     2      0.00      0.00 4627516  190012  19.41      0.00      0.00      0.00       0  java
14:47:24        0      3522  178.00    5.00    0.00    0.00  183.00     0    754.00      0.00 2771068  109056  11.14    692.00      0.00      0.00       0  java

# Time        UID       PID    %usr %system  %guest   %wait    %CPU   CPU  minflt/s  majflt/s     VSZ     RSS   %MEM   kB_rd/s   kB_wr/s kB_ccwr/s iodelay  Command
14:47:25        0      3522  203.00    7.00    0.00    0.00  210.00     0   1135.00      0.00 2771068  113848  11.63    268.00      0.00      0.00       0  java

# Time        UID       PID    %usr %system  %guest   %wait    %CPU   CPU  minflt/s  majflt/s     VSZ     RSS   %MEM   kB_rd/s   kB_wr/s kB_ccwr/s iodelay  Command
14:47:26        0      3522  193.00    3.00    0.00    0.00  196.00     0   1349.00      0.00 2771068  119396  12.20     80.00      0.00      0.00       0  java

# Time        UID       PID    %usr %system  %guest   %wait    %CPU   CPU  minflt/s  majflt/s     VSZ     RSS   %MEM   kB_rd/s   kB_wr/s kB_ccwr/s iodelay  Command
14:47:27        0      3522  166.00    3.00    0.00    0.00  169.00     0    460.00      0.00 2771068  121316  12.39    216.00      0.00      0.00       0  java

# Time        UID       PID    %usr %system  %guest   %wait    %CPU   CPU  minflt/s  majflt/s     VSZ     RSS   %MEM   kB_rd/s   kB_wr/s kB_ccwr/s iodelay  Command
14:47:28        0       819    1.00    0.00    0.00    0.00    1.00     2      0.00      0.00 4627516  190012  19.41      0.00      0.00      0.00       0  java
14:47:28        0      3522  164.00    7.00    0.00    0.00  171.00     0   1206.00      0.00 2771200  126236  12.90    712.00      0.00      0.00       0  java

# Time        UID       PID    %usr %system  %guest   %wait    %CPU   CPU  minflt/s  majflt/s     VSZ     RSS   %MEM   kB_rd/s   kB_wr/s kB_ccwr/s iodelay  Command
14:47:29        0       819    1.00    1.00    0.00    0.00    2.00     2      0.00      0.00 4627516  190012  19.41      0.00      0.00      0.00       0  java
14:47:29        0      3522  208.00    4.00    0.00    0.00  212.00     0    797.00      0.00 2771200  129436  13.22    616.00      0.00      0.00       0  java

# Time        UID       PID    %usr %system  %guest   %wait    %CPU   CPU  minflt/s  majflt/s     VSZ     RSS   %MEM   kB_rd/s   kB_wr/s kB_ccwr/s iodelay  Command
14:47:30        0      3522  206.00    9.00    0.00    0.00  215.00     0   1232.00      0.00 2904480  134472  13.74    584.00      0.00      0.00       0  java

# Time        UID       PID    %usr %system  %guest   %wait    %CPU   CPU  minflt/s  majflt/s     VSZ     RSS   %MEM   kB_rd/s   kB_wr/s kB_ccwr/s iodelay  Command
14:47:31        0       819    1.00    0.00    0.00    0.00    1.00     2      0.00      0.00 4627516  190012  19.41      0.00      0.00      0.00       0  java
14:47:31        0      3522  200.00    5.00    0.00    0.00  205.00     0    322.00      0.00 2904612  136064  13.90    368.00      0.00      0.00       0  java

# Time        UID       PID    %usr %system  %guest   %wait    %CPU   CPU  minflt/s  majflt/s     VSZ     RSS   %MEM   kB_rd/s   kB_wr/s kB_ccwr/s iodelay  Command
14:47:32        0      3522  207.00    8.00    0.00    0.00  215.00     0    654.00      0.00 2904612  138624  14.16    460.00      0.00      0.00       0  java

# Time        UID       PID    %usr %system  %guest   %wait    %CPU   CPU  minflt/s  majflt/s     VSZ     RSS   %MEM   kB_rd/s   kB_wr/s kB_ccwr/s iodelay  Command
14:47:33        0      3522  148.00    5.00    0.00    0.00  153.00     0    970.00      0.00 2904612  142628  14.57    392.00      0.00      0.00       0  java

# Time        UID       PID    %usr %system  %guest   %wait    %CPU   CPU  minflt/s  majflt/s     VSZ     RSS   %MEM   kB_rd/s   kB_wr/s kB_ccwr/s iodelay  Command
14:47:34        0      3522  150.00    6.00    0.00    0.00  156.00     0    708.00      0.00 2972320  145880  14.90    380.00      0.00      0.00       0  java

# Time        UID       PID    %usr %system  %guest   %wait    %CPU   CPU  minflt/s  majflt/s     VSZ     RSS   %MEM   kB_rd/s   kB_wr/s kB_ccwr/s iodelay  Command
14:47:35        0       819    1.00    0.00    0.00    0.00    1.00     2      0.00      0.00 4627516  190012  19.41      0.00      0.00      0.00       0  java
14:47:35        0      3522  179.00    7.00    0.00    0.00  186.00     0   1969.00      0.00 3043996  152624  15.59    148.00      0.00      0.00       0  java

# Time        UID       PID    %usr %system  %guest   %wait    %CPU   CPU  minflt/s  majflt/s     VSZ     RSS   %MEM   kB_rd/s   kB_wr/s kB_ccwr/s iodelay  Command
14:47:36        0       819    0.00    0.99    0.00    0.00    0.99     2      0.00      0.00 4627516  190012  19.41      0.00      0.00      0.00       0  java
14:47:36        0      3522  231.68    8.91    0.00    0.00  240.59     0   2813.86      0.00 3179148  160372  16.38    209.90      0.00      0.00       0  java

# Time        UID       PID    %usr %system  %guest   %wait    %CPU   CPU  minflt/s  majflt/s     VSZ     RSS   %MEM   kB_rd/s   kB_wr/s kB_ccwr/s iodelay  Command
14:47:37        0       819    0.00    0.00    0.00    0.00    0.00     2      0.00      0.00 4627516  190012  19.41      0.00      4.00      0.00       0  java
14:47:37        0      3522  190.00    9.00    0.00    0.00  199.00     0   1388.00      0.00 3318400  164184  16.77    912.00      0.00      0.00       0  java

# Time        UID       PID    %usr %system  %guest   %wait    %CPU   CPU  minflt/s  majflt/s     VSZ     RSS   %MEM   kB_rd/s   kB_wr/s kB_ccwr/s iodelay  Command
14:47:38        0      3522  208.00    8.00    0.00    0.00  216.00     0    610.00      0.00 3453552  166488  17.01    596.00      0.00      0.00       0  java

# Time        UID       PID    %usr %system  %guest   %wait    %CPU   CPU  minflt/s  majflt/s     VSZ     RSS   %MEM   kB_rd/s   kB_wr/s kB_ccwr/s iodelay  Command
14:47:39        0      3522  136.00    7.00    0.00    0.00  143.00     0    973.00      0.00 3453552  170328  17.40    552.00      0.00      0.00       0  java

# Time        UID       PID    %usr %system  %guest   %wait    %CPU   CPU  minflt/s  majflt/s     VSZ     RSS   %MEM   kB_rd/s   kB_wr/s kB_ccwr/s iodelay  Command
14:47:40        0       819    3.00    1.00    0.00    0.00    4.00     2      0.00      0.00 4627516  190012  19.41      0.00      0.00      0.00       0  java
14:47:40        0      3522  144.00    4.00    0.00    0.00  148.00     0    274.00      0.00 3656280  171736  17.54    200.00      0.00      0.00       0  java

# Time        UID       PID    %usr %system  %guest   %wait    %CPU   CPU  minflt/s  majflt/s     VSZ     RSS   %MEM   kB_rd/s   kB_wr/s kB_ccwr/s iodelay  Command
14:47:41        0      3522  100.00    0.00    0.00    0.00  100.00     0    162.00      0.00 3656280  172376  17.61      0.00      0.00      0.00       0  java

# Time        UID       PID    %usr %system  %guest   %wait    %CPU   CPU  minflt/s  majflt/s     VSZ     RSS   %MEM   kB_rd/s   kB_wr/s kB_ccwr/s iodelay  Command
14:47:42        0      3522   18.00    1.00    0.00    0.00   19.00     0     37.00      0.00 3656280  172376  17.61     36.00      0.00      0.00       0  java

# Time        UID       PID    %usr %system  %guest   %wait    %CPU   CPU  minflt/s  majflt/s     VSZ     RSS   %MEM   kB_rd/s   kB_wr/s kB_ccwr/s iodelay  Command

# Time        UID       PID    %usr %system  %guest   %wait    %CPU   CPU  minflt/s  majflt/s     VSZ     RSS   %MEM   kB_rd/s   kB_wr/s kB_ccwr/s iodelay  Command
14:47:44        0      3522    0.00    0.00    0.00    0.00    0.00     0      0.00      0.00 3656280  172376  17.61     16.00      0.00      0.00       0  java

# Time        UID       PID    %usr %system  %guest   %wait    %CPU   CPU  minflt/s  majflt/s     VSZ     RSS   %MEM   kB_rd/s   kB_wr/s kB_ccwr/s iodelay  Command
14:47:45        0       819    1.00    0.00    0.00    0.00    1.00     2      0.00      0.00 4627516  190012  19.41      0.00      0.00      0.00       0  java

# Time        UID       PID    %usr %system  %guest   %wait    %CPU   CPU  minflt/s  majflt/s     VSZ     RSS   %MEM   kB_rd/s   kB_wr/s kB_ccwr/s iodelay  Command
14:47:46        0      3522    6.00    1.00    0.00    0.00    7.00     0     15.00      0.00 3656280  166540  17.01      4.00      0.00      0.00       0  java

# Time        UID       PID    %usr %system  %guest   %wait    %CPU   CPU  minflt/s  majflt/s     VSZ     RSS   %MEM   kB_rd/s   kB_wr/s kB_ccwr/s iodelay  Command

# Time        UID       PID    %usr %system  %guest   %wait    %CPU   CPU  minflt/s  majflt/s     VSZ     RSS   %MEM   kB_rd/s   kB_wr/s kB_ccwr/s iodelay  Command
14:47:48        0      3522   28.00    1.00    0.00    0.00   29.00     0    143.00      0.00 3656280  167180  17.08     16.00      0.00      0.00       0  java

# Time        UID       PID    %usr %system  %guest   %wait    %CPU   CPU  minflt/s  majflt/s     VSZ     RSS   %MEM   kB_rd/s   kB_wr/s kB_ccwr/s iodelay  Command
14:47:49        0      3522    1.00    0.00    0.00    0.00    1.00     0      0.00      0.00 3656280  167180  17.08      0.00      0.00      0.00       0  java

# Time        UID       PID    %usr %system  %guest   %wait    %CPU   CPU  minflt/s  majflt/s     VSZ     RSS   %MEM   kB_rd/s   kB_wr/s kB_ccwr/s iodelay  Command
14:47:50        0       819    0.00    1.00    0.00    0.00    1.00     2      0.00      0.00 4627516  190012  19.41      0.00      0.00      0.00       0  java

# Time        UID       PID    %usr %system  %guest   %wait    %CPU   CPU  minflt/s  majflt/s     VSZ     RSS   %MEM   kB_rd/s   kB_wr/s kB_ccwr/s iodelay  Command
14:47:51        0      3522   40.00    1.00    0.00    0.00   41.00     0     48.00      0.00 3656280  167308  17.09      4.00      0.00      0.00       0  java

# Time        UID       PID    %usr %system  %guest   %wait    %CPU   CPU  minflt/s  majflt/s     VSZ     RSS   %MEM   kB_rd/s   kB_wr/s kB_ccwr/s iodelay  Command

# Time        UID       PID    %usr %system  %guest   %wait    %CPU   CPU  minflt/s  majflt/s     VSZ     RSS   %MEM   kB_rd/s   kB_wr/s kB_ccwr/s iodelay  Command
14:47:53        0       819    0.00    0.00    0.00    0.00    0.00     2      0.00      0.00 4627516  190012  19.41      0.00      4.00      0.00       0  java
14:47:53        0      3522    3.00    0.00    0.00    0.00    3.00     0      7.00      0.00 3656280  167308  17.09      4.00      0.00      0.00       0  java

# Time        UID       PID    %usr %system  %guest   %wait    %CPU   CPU  minflt/s  majflt/s     VSZ     RSS   %MEM   kB_rd/s   kB_wr/s kB_ccwr/s iodelay  Command

# Time        UID       PID    %usr %system  %guest   %wait    %CPU   CPU  minflt/s  majflt/s     VSZ     RSS   %MEM   kB_rd/s   kB_wr/s kB_ccwr/s iodelay  Command
14:47:55        0      3522    1.00    0.00    0.00    0.00    1.00     0      0.00      0.00 3656280  167308  17.09      0.00      0.00      0.00       0  java

# Time        UID       PID    %usr %system  %guest   %wait    %CPU   CPU  minflt/s  majflt/s     VSZ     RSS   %MEM   kB_rd/s   kB_wr/s kB_ccwr/s iodelay  Command

# Time        UID       PID    %usr %system  %guest   %wait    %CPU   CPU  minflt/s  majflt/s     VSZ     RSS   %MEM   kB_rd/s   kB_wr/s kB_ccwr/s iodelay  Command
14:47:57        0      3522   73.00    2.00    0.00    0.00   75.00     0    401.00      0.00 3656280  169156  17.28    412.00      0.00      0.00       0  java

# Time        UID       PID    %usr %system  %guest   %wait    %CPU   CPU  minflt/s  majflt/s     VSZ     RSS   %MEM   kB_rd/s   kB_wr/s kB_ccwr/s iodelay  Command
14:47:58        0       819    1.00    0.00    0.00    0.00    1.00     2      0.00      0.00 4627516  190012  19.41      0.00      0.00      0.00       0  java
14:47:58        0      3522  232.00    4.00    0.00    0.00  236.00     0    413.00      0.00 3656280  171368  17.51    140.00      0.00      0.00       0  java

# Time        UID       PID    %usr %system  %guest   %wait    %CPU   CPU  minflt/s  majflt/s     VSZ     RSS   %MEM   kB_rd/s   kB_wr/s kB_ccwr/s iodelay  Command
14:47:59        0      3522  193.00    6.00    0.00    0.00  199.00     0    918.00      0.00 3859008  174952  17.87    416.00      0.00      0.00       0  java

# Time        UID       PID    %usr %system  %guest   %wait    %CPU   CPU  minflt/s  majflt/s     VSZ     RSS   %MEM   kB_rd/s   kB_wr/s kB_ccwr/s iodelay  Command
14:48:00        0       819    1.00    0.00    0.00    0.00    1.00     2      0.00      0.00 4627516  190012  19.41      0.00      0.00      0.00       0  java
14:48:00        0      3522  277.00   10.00    0.00    0.00  287.00     0    786.00      0.00 4063932  178152  18.20    700.00      0.00      0.00       0  java

# Time        UID       PID    %usr %system  %guest   %wait    %CPU   CPU  minflt/s  majflt/s     VSZ     RSS   %MEM   kB_rd/s   kB_wr/s kB_ccwr/s iodelay  Command
14:48:01        0       819    0.00    1.00    0.00    0.00    1.00     2      0.00      0.00 4627516  190012  19.41      0.00      0.00      0.00       0  java
14:48:01        0      3522  227.00    6.00    0.00    0.00  233.00     0   1061.00      0.00 4064216  182376  18.63    476.00      0.00      0.00       0  java

# Time        UID       PID    %usr %system  %guest   %wait    %CPU   CPU  minflt/s  majflt/s     VSZ     RSS   %MEM   kB_rd/s   kB_wr/s kB_ccwr/s iodelay  Command
14:48:02        0       819    0.00    0.00    0.00    0.00    0.00     2      0.00      0.00 4627516  190012  19.41      0.00      3.96      0.00       0  java
14:48:02        0      3522  171.29    6.93    0.00    0.00  178.22     0    732.67      0.00 4071596  185192  18.92    514.85      0.00      0.00       0  java

# Time        UID       PID    %usr %system  %guest   %wait    %CPU   CPU  minflt/s  majflt/s     VSZ     RSS   %MEM   kB_rd/s   kB_wr/s kB_ccwr/s iodelay  Command
14:48:03        0      3522  179.00    5.00    0.00    0.00  184.00     0    641.00      0.00 4071872  187752  19.18    640.00      0.00      0.00       0  java

# Time        UID       PID    %usr %system  %guest   %wait    %CPU   CPU  minflt/s  majflt/s     VSZ     RSS   %MEM   kB_rd/s   kB_wr/s kB_ccwr/s iodelay  Command
14:48:04        0       819    1.00    0.00    0.00    0.00    1.00     2      0.00      0.00 4627516  190012  19.41      0.00      0.00      0.00       0  java
14:48:04        0      3522  196.00    7.00    0.00    0.00  203.00     0   1743.00      0.00 4073652  194664  19.89   1952.00      0.00      0.00       0  java

# Time        UID       PID    %usr %system  %guest   %wait    %CPU   CPU  minflt/s  majflt/s     VSZ     RSS   %MEM   kB_rd/s   kB_wr/s kB_ccwr/s iodelay  Command
14:48:05        0      3522  311.00   16.00    0.00    0.00  327.00     0   1633.00      0.00 4074072  201192  20.55    664.00      0.00      0.00       0  java

# Time        UID       PID    %usr %system  %guest   %wait    %CPU   CPU  minflt/s  majflt/s     VSZ     RSS   %MEM   kB_rd/s   kB_wr/s kB_ccwr/s iodelay  Command
14:48:06        0       819    1.00    0.00    0.00    0.00    1.00     2      0.00      0.00 4627516  190012  19.41      0.00      0.00      0.00       0  java
14:48:06        0      3522  264.00   13.00    0.00    0.00  277.00     0   1833.00      0.00 4075748  206360  21.08   1580.00      0.00      0.00       0  java

# Time        UID       PID    %usr %system  %guest   %wait    %CPU   CPU  minflt/s  majflt/s     VSZ     RSS   %MEM   kB_rd/s   kB_wr/s kB_ccwr/s iodelay  Command
14:48:07        0      3522  247.00    7.00    0.00    0.00  254.00     0   1254.00      0.00 4075652  210060  21.46    544.00      0.00      0.00       0  java

# Time        UID       PID    %usr %system  %guest   %wait    %CPU   CPU  minflt/s  majflt/s     VSZ     RSS   %MEM   kB_rd/s   kB_wr/s kB_ccwr/s iodelay  Command
14:48:08        0      3522  249.00    6.00    0.00    0.00  255.00     0    338.00      0.00 4075652  211596  21.62    208.00      0.00      0.00       0  java

# Time        UID       PID    %usr %system  %guest   %wait    %CPU   CPU  minflt/s  majflt/s     VSZ     RSS   %MEM   kB_rd/s   kB_wr/s kB_ccwr/s iodelay  Command
14:48:09        0      3522  228.00    5.00    0.00    0.00  233.00     0    611.00      0.00 4075652  214324  21.89    312.00      0.00      0.00       0  java

# Time        UID       PID    %usr %system  %guest   %wait    %CPU   CPU  minflt/s  majflt/s     VSZ     RSS   %MEM   kB_rd/s   kB_wr/s kB_ccwr/s iodelay  Command
14:48:10        0       819    0.00    1.00    0.00    0.00    1.00     2      0.00      0.00 4627516  190012  19.41      0.00      0.00      0.00       0  java
14:48:10        0      3522  205.00    6.00    0.00    0.00  211.00     0    312.00      0.00 4075652  215604  22.03    552.00      0.00      0.00       0  java

# Time        UID       PID    %usr %system  %guest   %wait    %CPU   CPU  minflt/s  majflt/s     VSZ     RSS   %MEM   kB_rd/s   kB_wr/s kB_ccwr/s iodelay  Command
14:48:11        0      3522  201.00    6.00    0.00    0.00  207.00     0    703.00      0.00 4075652  215680  22.03    344.00      0.00      0.00       0  java

# Time        UID       PID    %usr %system  %guest   %wait    %CPU   CPU  minflt/s  majflt/s     VSZ     RSS   %MEM   kB_rd/s   kB_wr/s kB_ccwr/s iodelay  Command
14:48:12        0      3522  234.00    5.00    0.00    0.00  239.00     0    507.00      0.00 4075652  217728  22.24    252.00      0.00      0.00       0  java

# Time        UID       PID    %usr %system  %guest   %wait    %CPU   CPU  minflt/s  majflt/s     VSZ     RSS   %MEM   kB_rd/s   kB_wr/s kB_ccwr/s iodelay  Command
14:48:13        0       819    1.00    0.00    0.00    0.00    1.00     2      0.00      0.00 4627516  190012  19.41      0.00      0.00      0.00       0  java
14:48:13        0      3522  240.00    8.00    0.00    0.00  248.00     0    668.00      0.00 4075652  220416  22.52    892.00      0.00      0.00       0  java

# Time        UID       PID    %usr %system  %guest   %wait    %CPU   CPU  minflt/s  majflt/s     VSZ     RSS   %MEM   kB_rd/s   kB_wr/s kB_ccwr/s iodelay  Command
14:48:14        0       819    0.00    1.00    0.00    0.00    1.00     2      0.00      0.00 4627516  190012  19.41      0.00      0.00      0.00       0  java
14:48:14        0      3522  302.00   16.00    0.00    0.00  318.00     0   2202.00      0.00 4075652  228864  23.38    152.00      0.00      0.00       0  java

# Time        UID       PID    %usr %system  %guest   %wait    %CPU   CPU  minflt/s  majflt/s     VSZ     RSS   %MEM   kB_rd/s   kB_wr/s kB_ccwr/s iodelay  Command
14:48:15        0       819    1.00    0.00    0.00    0.00    1.00     2      0.00      0.00 4627516  190012  19.41      0.00      0.00      0.00       0  java
14:48:15        0      3522  252.00    3.00    0.00    0.00  255.00     0    678.00      0.00 4075652  231552  23.65      4.00      0.00      0.00       0  java

# Time        UID       PID    %usr %system  %guest   %wait    %CPU   CPU  minflt/s  majflt/s     VSZ     RSS   %MEM   kB_rd/s   kB_wr/s kB_ccwr/s iodelay  Command
14:48:16        0      3522  279.00   12.00    0.00    0.00  291.00     0    612.00      0.00 4075652  231732  23.67    840.00      0.00      0.00       0  java

# Time        UID       PID    %usr %system  %guest   %wait    %CPU   CPU  minflt/s  majflt/s     VSZ     RSS   %MEM   kB_rd/s   kB_wr/s kB_ccwr/s iodelay  Command
14:48:17        0       819    0.00    1.00    0.00    0.00    1.00     2      0.00      0.00 4627516  190012  19.41      0.00      0.00      0.00       0  java
14:48:17        0      3522  235.00    4.00    0.00    0.00  239.00     0    490.00      0.00 4079732  233652  23.87    428.00      0.00      0.00       0  java

# Time        UID       PID    %usr %system  %guest   %wait    %CPU   CPU  minflt/s  majflt/s     VSZ     RSS   %MEM   kB_rd/s   kB_wr/s kB_ccwr/s iodelay  Command
14:48:18        0      3522  251.00    7.00    0.00    0.00  258.00     0    551.00      0.00 4079732  235828  24.09    104.00      0.00      0.00       0  java

# Time        UID       PID    %usr %system  %guest   %wait    %CPU   CPU  minflt/s  majflt/s     VSZ     RSS   %MEM   kB_rd/s   kB_wr/s kB_ccwr/s iodelay  Command
14:48:19        0      3522  241.00    1.00    0.00    0.00  242.00     0    348.00      0.00 4079732  237108  24.22     40.00      0.00      0.00       0  java

# Time        UID       PID    %usr %system  %guest   %wait    %CPU   CPU  minflt/s  majflt/s     VSZ     RSS   %MEM   kB_rd/s   kB_wr/s kB_ccwr/s iodelay  Command
14:48:20        0      3522  237.00    8.00    0.00    0.00  245.00     0    298.00      0.00 4079732  238388  24.35    572.00      0.00      0.00       0  java

# Time        UID       PID    %usr %system  %guest   %wait    %CPU   CPU  minflt/s  majflt/s     VSZ     RSS   %MEM   kB_rd/s   kB_wr/s kB_ccwr/s iodelay  Command
14:48:21        0      3522   77.00    0.00    0.00    0.00   77.00     0     12.00      0.00 4079732  238516  24.37      0.00      0.00      0.00       0  java

# Time        UID       PID    %usr %system  %guest   %wait    %CPU   CPU  minflt/s  majflt/s     VSZ     RSS   %MEM   kB_rd/s   kB_wr/s kB_ccwr/s iodelay  Command
14:48:22        0      3522    1.00    0.00    0.00    0.00    1.00     0      0.00      0.00 4079732  238516  24.37      0.00      0.00      0.00       0  java

# Time        UID       PID    %usr %system  %guest   %wait    %CPU   CPU  minflt/s  majflt/s     VSZ     RSS   %MEM   kB_rd/s   kB_wr/s kB_ccwr/s iodelay  Command
14:48:23        0       819    0.00    1.00    0.00    0.00    1.00     2      0.00      0.00 4627516  190012  19.41      0.00      0.00      0.00       0  java
14:48:23        0      3522    1.00    1.00    0.00    0.00    2.00     0      4.00      0.00 4079732  238516  24.37      4.00      0.00      0.00       0  java

# Time        UID       PID    %usr %system  %guest   %wait    %CPU   CPU  minflt/s  majflt/s     VSZ     RSS   %MEM   kB_rd/s   kB_wr/s kB_ccwr/s iodelay  Command

# Time        UID       PID    %usr %system  %guest   %wait    %CPU   CPU  minflt/s  majflt/s     VSZ     RSS   %MEM   kB_rd/s   kB_wr/s kB_ccwr/s iodelay  Command
14:48:25        0      3522    0.00    0.00    0.00    0.00    0.00     0      0.00      0.00 4079732  238516  24.37     12.00      0.00      0.00       0  java

# Time        UID       PID    %usr %system  %guest   %wait    %CPU   CPU  minflt/s  majflt/s     VSZ     RSS   %MEM   kB_rd/s   kB_wr/s kB_ccwr/s iodelay  Command
14:48:26        0      3522    0.00    0.00    0.00    0.00    0.00     0      0.00      0.00 4079732  236272  24.14      0.00      0.00      0.00       0  java

# Time        UID       PID    %usr %system  %guest   %wait    %CPU   CPU  minflt/s  majflt/s     VSZ     RSS   %MEM   kB_rd/s   kB_wr/s kB_ccwr/s iodelay  Command
14:48:27        0       819    1.00    0.00    0.00    0.00    1.00     2      0.00      0.00 4627516  190012  19.41      0.00      0.00      0.00       0  java
14:48:27        0      3522    3.00    0.00    0.00    0.00    3.00     0      6.00      0.00 4079732  236272  24.14      0.00      0.00      0.00       0  java

# Time        UID       PID    %usr %system  %guest   %wait    %CPU   CPU  minflt/s  majflt/s     VSZ     RSS   %MEM   kB_rd/s   kB_wr/s kB_ccwr/s iodelay  Command

# Time        UID       PID    %usr %system  %guest   %wait    %CPU   CPU  minflt/s  majflt/s     VSZ     RSS   %MEM   kB_rd/s   kB_wr/s kB_ccwr/s iodelay  Command
14:48:29        0      3522    1.00    0.00    0.00    0.00    1.00     0      1.00      0.00 4079732  236272  24.14     12.00      0.00      0.00       0  java

# Time        UID       PID    %usr %system  %guest   %wait    %CPU   CPU  minflt/s  majflt/s     VSZ     RSS   %MEM   kB_rd/s   kB_wr/s kB_ccwr/s iodelay  Command
14:48:30        0      3522    0.00    1.00    0.00    0.00    1.00     0      0.00      0.00 4079732  236272  24.14      0.00      0.00      0.00       0  java

# Time        UID       PID    %usr %system  %guest   %wait    %CPU   CPU  minflt/s  majflt/s     VSZ     RSS   %MEM   kB_rd/s   kB_wr/s kB_ccwr/s iodelay  Command
14:48:31        0      3522    2.00    0.00    0.00    0.00    2.00     0      9.00      0.00 4079732  236272  24.14     32.00      0.00      0.00       0  java

# Time        UID       PID    %usr %system  %guest   %wait    %CPU   CPU  minflt/s  majflt/s     VSZ     RSS   %MEM   kB_rd/s   kB_wr/s kB_ccwr/s iodelay  Command

# Time        UID       PID    %usr %system  %guest   %wait    %CPU   CPU  minflt/s  majflt/s     VSZ     RSS   %MEM   kB_rd/s   kB_wr/s kB_ccwr/s iodelay  Command
14:48:33        0      3522   17.00    0.00    0.00    0.00   17.00     0     12.00      0.00 4079732  236272  24.14      0.00      0.00      0.00       0  java

# Time        UID       PID    %usr %system  %guest   %wait    %CPU   CPU  minflt/s  majflt/s     VSZ     RSS   %MEM   kB_rd/s   kB_wr/s kB_ccwr/s iodelay  Command
14:48:34        0       819    1.00    0.00    0.00    0.00    1.00     2      0.00      0.00 4627516  190012  19.41      0.00      0.00      0.00       0  java
14:48:34        0      3522   98.00    1.00    0.00    0.00   99.00     0   1327.00      0.00 4079732  241520  24.67      0.00      0.00      0.00       0  java

# Time        UID       PID    %usr %system  %guest   %wait    %CPU   CPU  minflt/s  majflt/s     VSZ     RSS   %MEM   kB_rd/s   kB_wr/s kB_ccwr/s iodelay  Command
14:48:35        0      3522   87.00    1.00    0.00    0.00   88.00     0    449.00      0.00 4079732  243312  24.86     32.00      0.00      0.00       0  java

# Time        UID       PID    %usr %system  %guest   %wait    %CPU   CPU  minflt/s  majflt/s     VSZ     RSS   %MEM   kB_rd/s   kB_wr/s kB_ccwr/s iodelay  Command
14:48:36        0      3522  217.00    9.00    0.00    0.00  226.00     0   1177.00      0.00 4079732  244468  24.97    872.00      0.00      0.00       0  java

# Time        UID       PID    %usr %system  %guest   %wait    %CPU   CPU  minflt/s  majflt/s     VSZ     RSS   %MEM   kB_rd/s   kB_wr/s kB_ccwr/s iodelay  Command
14:48:37        0      3522  371.29    2.97    0.00    0.00  374.26     0    195.05      0.00 4079732  245236  25.05    300.99      0.00      0.00       0  java

# Time        UID       PID    %usr %system  %guest   %wait    %CPU   CPU  minflt/s  majflt/s     VSZ     RSS   %MEM   kB_rd/s   kB_wr/s kB_ccwr/s iodelay  Command
14:48:38        0       819    1.00    0.00    0.00    0.00    1.00     2      0.00      0.00 4627516  190012  19.41      0.00      0.00      0.00       0  java
14:48:38        0      3522  345.00    8.00    0.00    0.00  353.00     0   2344.00      0.00 4079732  254580  26.01    896.00      0.00      0.00       0  java

# Time        UID       PID    %usr %system  %guest   %wait    %CPU   CPU  minflt/s  majflt/s     VSZ     RSS   %MEM   kB_rd/s   kB_wr/s kB_ccwr/s iodelay  Command
14:48:39        0      3522  371.00    6.00    0.00    0.00  377.00     0    795.00      0.00 4079732  257652  26.32   1024.00      0.00      0.00       0  java

# Time        UID       PID    %usr %system  %guest   %wait    %CPU   CPU  minflt/s  majflt/s     VSZ     RSS   %MEM   kB_rd/s   kB_wr/s kB_ccwr/s iodelay  Command
14:48:40        0       819    1.00    0.00    0.00    0.00    1.00     2      0.00      0.00 4627516  190012  19.41      0.00      0.00      0.00       0  java
14:48:40        0      3522  386.00    5.00    0.00    0.00  391.00     0    193.00      0.00 4079732  258420  26.40   1024.00      0.00      0.00       0  java

# Time        UID       PID    %usr %system  %guest   %wait    %CPU   CPU  minflt/s  majflt/s     VSZ     RSS   %MEM   kB_rd/s   kB_wr/s kB_ccwr/s iodelay  Command
14:48:41        0      3522  373.00    4.00    0.00    0.00  377.00     0    426.00      0.00 4079732  260084  26.57   1152.00      0.00      0.00       0  java

# Time        UID       PID    %usr %system  %guest   %wait    %CPU   CPU  minflt/s  majflt/s     VSZ     RSS   %MEM   kB_rd/s   kB_wr/s kB_ccwr/s iodelay  Command
14:48:42        0      3522  381.00    3.00    0.00    0.00  384.00     0     31.00      0.00 4079732  260392  26.60   1280.00      0.00      0.00       0  java

# Time        UID       PID    %usr %system  %guest   %wait    %CPU   CPU  minflt/s  majflt/s     VSZ     RSS   %MEM   kB_rd/s   kB_wr/s kB_ccwr/s iodelay  Command
14:48:43        0       819    1.00    0.00    0.00    0.00    1.00     2      0.00      0.00 4627516  190012  19.41      0.00      0.00      0.00       0  java
14:48:43        0      3522  386.00    4.00    0.00    0.00  390.00     0      7.00      0.00 4079732  260392  26.60   1536.00      0.00      0.00       0  java

# Time        UID       PID    %usr %system  %guest   %wait    %CPU   CPU  minflt/s  majflt/s     VSZ     RSS   %MEM   kB_rd/s   kB_wr/s kB_ccwr/s iodelay  Command
14:48:44        0       819    0.00    0.99    0.00    0.00    0.99     2      0.00      0.00 4627516  190012  19.41      0.00      0.00      0.00       0  java
14:48:44        0      3522  368.32    1.98    0.00    0.00  370.30     0      8.91      0.00 4079732  260520  26.61   1520.79      0.00      0.00       0  java

# Time        UID       PID    %usr %system  %guest   %wait    %CPU   CPU  minflt/s  majflt/s     VSZ     RSS   %MEM   kB_rd/s   kB_wr/s kB_ccwr/s iodelay  Command
14:48:45        0       819    1.00    0.00    0.00    0.00    1.00     2      0.00      0.00 4627516  190012  19.41      0.00      0.00      0.00       0  java
14:48:45        0      3522  382.00    3.00    0.00    0.00  385.00     0      0.00      0.00 4079732  260520  26.61   1792.00      0.00      0.00       0  java

# Time        UID       PID    %usr %system  %guest   %wait    %CPU   CPU  minflt/s  majflt/s     VSZ     RSS   %MEM   kB_rd/s   kB_wr/s kB_ccwr/s iodelay  Command
14:48:46        0      3522  384.00    3.00    0.00    0.00  387.00     0      1.00      0.00 4079732  260520  26.61   1792.00      0.00      0.00       0  java

# Time        UID       PID    %usr %system  %guest   %wait    %CPU   CPU  minflt/s  majflt/s     VSZ     RSS   %MEM   kB_rd/s   kB_wr/s kB_ccwr/s iodelay  Command
14:48:47        0      3522  380.00    4.00    0.00    0.00  384.00     0    255.00      0.00 4079732  261416  26.71   1536.00      0.00      0.00       0  java

# Time        UID       PID    %usr %system  %guest   %wait    %CPU   CPU  minflt/s  majflt/s     VSZ     RSS   %MEM   kB_rd/s   kB_wr/s kB_ccwr/s iodelay  Command
14:48:48        0       819    0.00    1.00    0.00    0.00    1.00     2      0.00      0.00 4627516  190012  19.41      0.00      0.00      0.00       0  java
14:48:48        0      3522  381.00    4.00    0.00    0.00  385.00     0    227.00      0.00 4079732  260316  26.59   2176.00      0.00      0.00       0  java

# Time        UID       PID    %usr %system  %guest   %wait    %CPU   CPU  minflt/s  majflt/s     VSZ     RSS   %MEM   kB_rd/s   kB_wr/s kB_ccwr/s iodelay  Command
14:48:49        0      3522  378.00    3.00    0.00    0.00  381.00     0      9.00      0.00 4079732  260316  26.59   2944.00      0.00      0.00       0  java

# Time        UID       PID    %usr %system  %guest   %wait    %CPU   CPU  minflt/s  majflt/s     VSZ     RSS   %MEM   kB_rd/s   kB_wr/s kB_ccwr/s iodelay  Command
14:48:50        0       819    1.00    0.00    0.00    0.00    1.00     2      0.00      0.00 4627516  190012  19.41      0.00      0.00      0.00       0  java
14:48:50        0      3522  369.00    6.00    0.00    0.00  375.00     0      8.00      0.00 4079732  260316  26.59   3584.00      0.00      0.00       0  java

# Time        UID       PID    %usr %system  %guest   %wait    %CPU   CPU  minflt/s  majflt/s     VSZ     RSS   %MEM   kB_rd/s   kB_wr/s kB_ccwr/s iodelay  Command
14:48:51        0      3522  368.00    9.00    0.00    0.00  377.00     0     17.00      0.00 4079732  260572  26.62   4480.00      0.00      0.00       0  java

# Time        UID       PID    %usr %system  %guest   %wait    %CPU   CPU  minflt/s  majflt/s     VSZ     RSS   %MEM   kB_rd/s   kB_wr/s kB_ccwr/s iodelay  Command
14:48:52        0       819    0.00    1.00    0.00    0.00    1.00     2      0.00      0.00 4627516  190012  19.41      0.00      0.00      0.00       0  java
14:48:52        0      3522  363.00   10.00    0.00    0.00  373.00     0     15.00      0.00 4079732  260572  26.62   4864.00      0.00      0.00       0  java

# Time        UID       PID    %usr %system  %guest   %wait    %CPU   CPU  minflt/s  majflt/s     VSZ     RSS   %MEM   kB_rd/s   kB_wr/s kB_ccwr/s iodelay  Command
14:48:53        0      3522  363.00    7.00    0.00    0.00  370.00     0      2.00      0.00 4079732  260572  26.62   5376.00      0.00      0.00       0  java

# Time        UID       PID    %usr %system  %guest   %wait    %CPU   CPU  minflt/s  majflt/s     VSZ     RSS   %MEM   kB_rd/s   kB_wr/s kB_ccwr/s iodelay  Command
14:48:54        0       819    1.00    0.00    0.00    0.00    1.00     2      0.00      0.00 4627516  190012  19.41      0.00      0.00      0.00       0  java
14:48:54        0      3522  366.00    8.00    0.00    0.00  374.00     0      8.00      0.00 4079732  260572  26.62   5248.00      0.00      0.00       0  java

# Time        UID       PID    %usr %system  %guest   %wait    %CPU   CPU  minflt/s  majflt/s     VSZ     RSS   %MEM   kB_rd/s   kB_wr/s kB_ccwr/s iodelay  Command
14:48:55        0      3522  364.00    7.00    0.00    0.00  371.00     0      4.00      0.00 4079732  260572  26.62   5888.00      0.00      0.00       0  java

# Time        UID       PID    %usr %system  %guest   %wait    %CPU   CPU  minflt/s  majflt/s     VSZ     RSS   %MEM   kB_rd/s   kB_wr/s kB_ccwr/s iodelay  Command
14:48:56        0      3522  221.00    6.00    0.00    0.00  227.00     0     12.00      0.00 4079732  260700  26.63   3200.00      0.00      0.00       0  java

# Time        UID       PID    %usr %system  %guest   %wait    %CPU   CPU  minflt/s  majflt/s     VSZ     RSS   %MEM   kB_rd/s   kB_wr/s kB_ccwr/s iodelay  Command
14:48:57        0       819    1.00    0.00    0.00    0.00    1.00     2      0.00      0.00 4627516  190012  19.41      0.00      0.00      0.00       0  java
14:48:57        0      3522  108.00    2.00    0.00    0.00  110.00     0     28.00      0.00 4079732  260700  26.63      0.00      0.00      0.00       0  java

# Time        UID       PID    %usr %system  %guest   %wait    %CPU   CPU  minflt/s  majflt/s     VSZ     RSS   %MEM   kB_rd/s   kB_wr/s kB_ccwr/s iodelay  Command
14:48:58        0      3522  111.00    0.00    0.00    0.00  111.00     0     10.00      0.00 4079732  260700  26.63    384.00      0.00      0.00       0  java

# Time        UID       PID    %usr %system  %guest   %wait    %CPU   CPU  minflt/s  majflt/s     VSZ     RSS   %MEM   kB_rd/s   kB_wr/s kB_ccwr/s iodelay  Command
14:48:59        0       819    3.00    0.00    0.00    0.00    3.00     2      0.00      0.00 4627516  190012  19.41      0.00      0.00      0.00       0  java
14:48:59        0      3522   79.00    1.00    0.00    0.00   80.00     0     20.00      0.00 4079732  260828  26.65      0.00      0.00      0.00       0  java

# Time        UID       PID    %usr %system  %guest   %wait    %CPU   CPU  minflt/s  majflt/s     VSZ     RSS   %MEM   kB_rd/s   kB_wr/s kB_ccwr/s iodelay  Command
14:49:00        0      3522   21.00    0.00    0.00    0.00   21.00     0      1.00      0.00 4079732  260828  26.65    128.00      0.00      0.00       0  java

# Time        UID       PID    %usr %system  %guest   %wait    %CPU   CPU  minflt/s  majflt/s     VSZ     RSS   %MEM   kB_rd/s   kB_wr/s kB_ccwr/s iodelay  Command
14:49:01        0       819    0.00    1.00    0.00    0.00    1.00     2      0.00      0.00 4627516  190012  19.41      0.00      0.00      0.00       0  java
14:49:01        0      3522   47.00    0.00    0.00    0.00   47.00     0      7.00      0.00 4079732  260828  26.65      0.00      0.00      0.00       0  java

# Time        UID       PID    %usr %system  %guest   %wait    %CPU   CPU  minflt/s  majflt/s     VSZ     RSS   %MEM   kB_rd/s   kB_wr/s kB_ccwr/s iodelay  Command
14:49:02        0      3522   14.00    0.00    0.00    0.00   14.00     0      0.00      0.00 4079732  260828  26.65    128.00      0.00      0.00       0  java

# Time        UID       PID    %usr %system  %guest   %wait    %CPU   CPU  minflt/s  majflt/s     VSZ     RSS   %MEM   kB_rd/s   kB_wr/s kB_ccwr/s iodelay  Command
14:49:03        0      3522  350.00   16.00    0.00    0.00  366.00     0      8.00      0.00 4079732  260828  26.65   9472.00      0.00      0.00       0  java

# Time        UID       PID    %usr %system  %guest   %wait    %CPU   CPU  minflt/s  majflt/s     VSZ     RSS   %MEM   kB_rd/s   kB_wr/s kB_ccwr/s iodelay  Command
14:49:04        0      3522  333.00   18.00    0.00    0.00  351.00     0      9.00      0.00 4079732  260828  26.65  11392.00      0.00      0.00       0  java

# Time        UID       PID    %usr %system  %guest   %wait    %CPU   CPU  minflt/s  majflt/s     VSZ     RSS   %MEM   kB_rd/s   kB_wr/s kB_ccwr/s iodelay  Command
14:49:05        0       819    0.00    1.00    0.00    0.00    1.00     2      0.00      0.00 4627516  190012  19.41      0.00      0.00      0.00       0  java
14:49:05        0      3522  348.00   12.00    0.00    0.00  360.00     0      3.00      0.00 4079732  260828  26.65  10112.00      0.00      0.00       0  java

# Time        UID       PID    %usr %system  %guest   %wait    %CPU   CPU  minflt/s  majflt/s     VSZ     RSS   %MEM   kB_rd/s   kB_wr/s kB_ccwr/s iodelay  Command
14:49:06        0       819    1.00    0.00    0.00    0.00    1.00     2      0.00      0.00 4627516  190012  19.41      0.00      0.00      0.00       0  java
14:49:06        0      3522  339.00   16.00    0.00    0.00  355.00     0      9.00      0.00 4079732  260956  26.66  11264.00      0.00      0.00       0  java

# Time        UID       PID    %usr %system  %guest   %wait    %CPU   CPU  minflt/s  majflt/s     VSZ     RSS   %MEM   kB_rd/s   kB_wr/s kB_ccwr/s iodelay  Command
14:49:07        0      3522  328.00   16.00    0.00    0.00  344.00     0     16.00      0.00 4079732  260956  26.66  11904.00      0.00      0.00       0  java

# Time        UID       PID    %usr %system  %guest   %wait    %CPU   CPU  minflt/s  majflt/s     VSZ     RSS   %MEM   kB_rd/s   kB_wr/s kB_ccwr/s iodelay  Command
14:49:08        0      3522  316.83   15.84    0.00    0.00  332.67     0      5.94      0.00 4079732  260956  26.66  11405.94      0.00      0.00       0  java

# Time        UID       PID    %usr %system  %guest   %wait    %CPU   CPU  minflt/s  majflt/s     VSZ     RSS   %MEM   kB_rd/s   kB_wr/s kB_ccwr/s iodelay  Command
14:49:09        0       819    0.00    1.00    0.00    0.00    1.00     2      0.00      0.00 4627516  190012  19.41      0.00      0.00      0.00       0  java
14:49:09        0      3522    5.00    0.00    0.00    0.00    5.00     0      0.00      0.00 4079732  260956  26.66    384.00      0.00      0.00       0  java

# Time        UID       PID    %usr %system  %guest   %wait    %CPU   CPU  minflt/s  majflt/s     VSZ     RSS   %MEM   kB_rd/s   kB_wr/s kB_ccwr/s iodelay  Command

# Time        UID       PID    %usr %system  %guest   %wait    %CPU   CPU  minflt/s  majflt/s     VSZ     RSS   %MEM   kB_rd/s   kB_wr/s kB_ccwr/s iodelay  Command
14:49:11        0      3522  281.00   16.00    0.00    0.00  297.00     0      0.00      0.00 4079732  260956  26.66  10752.00      0.00      0.00       0  java

# Time        UID       PID    %usr %system  %guest   %wait    %CPU   CPU  minflt/s  majflt/s     VSZ     RSS   %MEM   kB_rd/s   kB_wr/s kB_ccwr/s iodelay  Command
14:49:12        0       819    1.00    0.00    0.00    0.00    1.00     2      0.00      0.00 4627516  190012  19.41      0.00      0.00      0.00       0  java
14:49:12        0      3522  320.00   16.00    0.00    0.00  336.00     0     12.00      0.00 4079732  261084  26.67  12544.00      0.00      0.00       0  java

# Time        UID       PID    %usr %system  %guest   %wait    %CPU   CPU  minflt/s  majflt/s     VSZ     RSS   %MEM   kB_rd/s   kB_wr/s kB_ccwr/s iodelay  Command
14:49:13        0      3522  322.00   22.00    0.00    0.00  344.00     0      0.00      0.00 4079732  261084  26.67  12672.00      0.00      0.00       0  java

# Time        UID       PID    %usr %system  %guest   %wait    %CPU   CPU  minflt/s  majflt/s     VSZ     RSS   %MEM   kB_rd/s   kB_wr/s kB_ccwr/s iodelay  Command
14:49:14        0      3522  321.00   12.00    0.00    0.00  333.00     0      0.00      0.00 4079732  261084  26.67  12672.00      0.00      0.00       0  java

# Time        UID       PID    %usr %system  %guest   %wait    %CPU   CPU  minflt/s  majflt/s     VSZ     RSS   %MEM   kB_rd/s   kB_wr/s kB_ccwr/s iodelay  Command
14:49:15        0       819    1.00    0.00    0.00    0.00    1.00     2      0.00      0.00 4627516  190012  19.41      0.00      0.00      0.00       0  java
14:49:15        0      3522  326.00   19.00    0.00    0.00  345.00     0      0.00      0.00 4079732  261084  26.67  12800.00      0.00      0.00       0  java

# Time        UID       PID    %usr %system  %guest   %wait    %CPU   CPU  minflt/s  majflt/s     VSZ     RSS   %MEM   kB_rd/s   kB_wr/s kB_ccwr/s iodelay  Command
14:49:16        0       819    0.00    1.00    0.00    0.00    1.00     2      0.00      0.00 4627516  190012  19.41      0.00      0.00      0.00       0  java
14:49:16        0      3522  322.00   21.00    0.00    0.00  343.00     0      0.00      0.00 4079732  261084  26.67  12800.00      0.00      0.00       0  java

# Time        UID       PID    %usr %system  %guest   %wait    %CPU   CPU  minflt/s  majflt/s     VSZ     RSS   %MEM   kB_rd/s   kB_wr/s kB_ccwr/s iodelay  Command
14:49:17        0      3522  324.00   17.00    0.00    0.00  341.00     0     11.00      0.00 4079732  261212  26.68  12416.00      0.00      0.00       0  java

# Time        UID       PID    %usr %system  %guest   %wait    %CPU   CPU  minflt/s  majflt/s     VSZ     RSS   %MEM   kB_rd/s   kB_wr/s kB_ccwr/s iodelay  Command
14:49:18        0      3522  324.00   18.00    0.00    0.00  342.00     0      0.00      0.00 4079732  261212  26.68  12928.00      0.00      0.00       0  java

# Time        UID       PID    %usr %system  %guest   %wait    %CPU   CPU  minflt/s  majflt/s     VSZ     RSS   %MEM   kB_rd/s   kB_wr/s kB_ccwr/s iodelay  Command
14:49:19        0       819    0.00    1.00    0.00    0.00    1.00     2      0.00      0.00 4627516  190012  19.41      0.00      0.00      0.00       0  java
14:49:19        0      3522  314.00   20.00    0.00    0.00  334.00     0      0.00      0.00 4079732  261212  26.68  12416.00      0.00      0.00       0  java

# Time        UID       PID    %usr %system  %guest   %wait    %CPU   CPU  minflt/s  majflt/s     VSZ     RSS   %MEM   kB_rd/s   kB_wr/s kB_ccwr/s iodelay  Command
14:49:20        0       819    0.99    0.00    0.00    0.00    0.99     2      0.00      0.00 4627516  190012  19.41      0.00      0.00      0.00       0  java
14:49:20        0      3522  310.89   17.82    0.00    0.00  328.71     0      4.95      0.00 4079732  261212  26.68  12419.80      0.00      0.00       0  java

# Time        UID       PID    %usr %system  %guest   %wait    %CPU   CPU  minflt/s  majflt/s     VSZ     RSS   %MEM   kB_rd/s   kB_wr/s kB_ccwr/s iodelay  Command
14:49:21        0      3522  331.00   19.00    0.00    0.00  350.00     0      0.00      0.00 4079732  261212  26.68  13184.00      0.00      0.00       0  java

# Time        UID       PID    %usr %system  %guest   %wait    %CPU   CPU  minflt/s  majflt/s     VSZ     RSS   %MEM   kB_rd/s   kB_wr/s kB_ccwr/s iodelay  Command
14:49:22        0      3522  312.00   22.00    0.00    0.00  334.00     0      0.00      0.00 4079732  261212  26.68  12404.00      0.00      0.00       0  java

# Time        UID       PID    %usr %system  %guest   %wait    %CPU   CPU  minflt/s  majflt/s     VSZ     RSS   %MEM   kB_rd/s   kB_wr/s kB_ccwr/s iodelay  Command
14:49:23        0      3522  325.00   16.00    0.00    0.00  341.00     0      0.00      0.00 4079732  261212  26.68  12440.00      0.00      0.00       0  java

# Time        UID       PID    %usr %system  %guest   %wait    %CPU   CPU  minflt/s  majflt/s     VSZ     RSS   %MEM   kB_rd/s   kB_wr/s kB_ccwr/s iodelay  Command
14:49:24        0       819    1.00    0.00    0.00    0.00    1.00     2      0.00      0.00 4627516  190012  19.41      0.00      0.00      0.00       0  java
14:49:24        0      3522  323.00   16.00    0.00    0.00  339.00     0      3.00      0.00 4079732  261212  26.68  11228.00      0.00      0.00       0  java

# Time        UID       PID    %usr %system  %guest   %wait    %CPU   CPU  minflt/s  majflt/s     VSZ     RSS   %MEM   kB_rd/s   kB_wr/s kB_ccwr/s iodelay  Command
14:49:25        0      3522  322.00   19.00    0.00    0.00  341.00     0      0.00      0.00 4079732  261212  26.68  12832.00      0.00      0.00       0  java

# Time        UID       PID    %usr %system  %guest   %wait    %CPU   CPU  minflt/s  majflt/s     VSZ     RSS   %MEM   kB_rd/s   kB_wr/s kB_ccwr/s iodelay  Command
14:49:26        0       819    0.00    1.00    0.00    0.00    1.00     2      0.00      0.00 4627516  190012  19.41      0.00      0.00      0.00       0  java
14:49:26        0      3522  323.00   21.00    0.00    0.00  344.00     0      1.00      0.00 4079732  261212  26.68  12672.00      0.00      0.00       0  java

# Time        UID       PID    %usr %system  %guest   %wait    %CPU   CPU  minflt/s  majflt/s     VSZ     RSS   %MEM   kB_rd/s   kB_wr/s kB_ccwr/s iodelay  Command
14:49:27        0       819    1.00    0.00    0.00    0.00    1.00     2      0.00      0.00 4627516  190012  19.41      0.00      0.00      0.00       0  java
14:49:27        0      3522  321.00   20.00    0.00    0.00  341.00     0     15.00      0.00 4079732  261212  26.68  12288.00      0.00      0.00       0  java

# Time        UID       PID    %usr %system  %guest   %wait    %CPU   CPU  minflt/s  majflt/s     VSZ     RSS   %MEM   kB_rd/s   kB_wr/s kB_ccwr/s iodelay  Command
14:49:28        0       819    1.00    0.00    0.00    0.00    1.00     2      0.00      0.00 4627516  190012  19.41      0.00      0.00      0.00       0  java
14:49:28        0      3522  315.00   20.00    0.00    0.00  335.00     0      1.00      0.00 4079732  261212  26.68  12288.00      0.00      0.00       0  java

# Time        UID       PID    %usr %system  %guest   %wait    %CPU   CPU  minflt/s  majflt/s     VSZ     RSS   %MEM   kB_rd/s   kB_wr/s kB_ccwr/s iodelay  Command
14:49:29        0      3522  141.00   13.00    0.00    0.00  154.00     0      1.00      0.00 4079732  261212  26.68   6016.00      0.00      0.00       0  java

# Time        UID       PID    %usr %system  %guest   %wait    %CPU   CPU  minflt/s  majflt/s     VSZ     RSS   %MEM   kB_rd/s   kB_wr/s kB_ccwr/s iodelay  Command

# Time        UID       PID    %usr %system  %guest   %wait    %CPU   CPU  minflt/s  majflt/s     VSZ     RSS   %MEM   kB_rd/s   kB_wr/s kB_ccwr/s iodelay  Command
14:49:31        0      3522   12.00    1.00    0.00    0.00   13.00     0      0.00      0.00 4079732  261212  26.68    512.00      0.00      0.00       0  java

# Time        UID       PID    %usr %system  %guest   %wait    %CPU   CPU  minflt/s  majflt/s     VSZ     RSS   %MEM   kB_rd/s   kB_wr/s kB_ccwr/s iodelay  Command

# Time        UID       PID    %usr %system  %guest   %wait    %CPU   CPU  minflt/s  majflt/s     VSZ     RSS   %MEM   kB_rd/s   kB_wr/s kB_ccwr/s iodelay  Command
14:49:33        0      3522   62.00    3.00    0.00    0.00   65.00     0      0.00      0.00 4079732  261212  26.68   2176.00      0.00      0.00       0  java

# Time        UID       PID    %usr %system  %guest   %wait    %CPU   CPU  minflt/s  majflt/s     VSZ     RSS   %MEM   kB_rd/s   kB_wr/s kB_ccwr/s iodelay  Command
14:49:34        0       819    1.00    0.00    0.00    0.00    1.00     2      0.00      0.00 4627516  190012  19.41      0.00      0.00      0.00       0  java
14:49:34        0      3522  321.00   16.00    0.00    0.00  337.00     0      0.00      0.00 4079732  261212  26.68  12800.00      0.00      0.00       0  java

# Time        UID       PID    %usr %system  %guest   %wait    %CPU   CPU  minflt/s  majflt/s     VSZ     RSS   %MEM   kB_rd/s   kB_wr/s kB_ccwr/s iodelay  Command
14:49:35        0      3522  322.00   20.00    0.00    0.00  342.00     0      0.00      0.00 4079732  261212  26.68  12800.00      0.00      0.00       0  java

# Time        UID       PID    %usr %system  %guest   %wait    %CPU   CPU  minflt/s  majflt/s     VSZ     RSS   %MEM   kB_rd/s   kB_wr/s kB_ccwr/s iodelay  Command
14:49:36        0      3522  320.00   17.00    0.00    0.00  337.00     0      0.00      0.00 4079732  261212  26.68  12544.00      0.00      0.00       0  java

# Time        UID       PID    %usr %system  %guest   %wait    %CPU   CPU  minflt/s  majflt/s     VSZ     RSS   %MEM   kB_rd/s   kB_wr/s kB_ccwr/s iodelay  Command
14:49:37        0       819    1.00    0.00    0.00    0.00    1.00     2      0.00      0.00 4627516  190012  19.41      0.00      0.00      0.00       0  java
14:49:37        0      3522  319.00   16.00    0.00    0.00  335.00     0     12.00      0.00 4079732  261212  26.68  12032.00      0.00      0.00       0  java

# Time        UID       PID    %usr %system  %guest   %wait    %CPU   CPU  minflt/s  majflt/s     VSZ     RSS   %MEM   kB_rd/s   kB_wr/s kB_ccwr/s iodelay  Command
14:49:38        0      3522  325.00   18.00    0.00    0.00  343.00     0      0.00      0.00 4079732  261212  26.68  13184.00      0.00      0.00       0  java

# Time        UID       PID    %usr %system  %guest   %wait    %CPU   CPU  minflt/s  majflt/s     VSZ     RSS   %MEM   kB_rd/s   kB_wr/s kB_ccwr/s iodelay  Command
14:49:39        0       819    0.00    1.00    0.00    0.00    1.00     2      0.00      0.00 4627516  190012  19.41      0.00      0.00      0.00       0  java
14:49:39        0      3522  324.00   13.00    0.00    0.00  337.00     0      1.00      0.00 4079732  261212  26.68  12800.00      0.00      0.00       0  java

# Time        UID       PID    %usr %system  %guest   %wait    %CPU   CPU  minflt/s  majflt/s     VSZ     RSS   %MEM   kB_rd/s   kB_wr/s kB_ccwr/s iodelay  Command
14:49:40        0      3522  328.00   18.00    0.00    0.00  346.00     0      5.00      0.00 4079732  261340  26.70  13084.00      0.00      0.00       0  java

# Time        UID       PID    %usr %system  %guest   %wait    %CPU   CPU  minflt/s  majflt/s     VSZ     RSS   %MEM   kB_rd/s   kB_wr/s kB_ccwr/s iodelay  Command
14:49:41        0       819    1.00    0.00    0.00    0.00    1.00     2      0.00      0.00 4627516  190012  19.41      0.00      0.00      0.00       0  java
14:49:41        0      3522  330.00   17.00    0.00    0.00  347.00     0      1.00      0.00 4079732  261340  26.70  12800.00      0.00      0.00       0  java

# Time        UID       PID    %usr %system  %guest   %wait    %CPU   CPU  minflt/s  majflt/s     VSZ     RSS   %MEM   kB_rd/s   kB_wr/s kB_ccwr/s iodelay  Command
14:49:42        0      3522  316.00   18.00    0.00    0.00  334.00     0      2.00      0.00 4079732  261340  26.70  12348.00      0.00      0.00       0  java

# Time        UID       PID    %usr %system  %guest   %wait    %CPU   CPU  minflt/s  majflt/s     VSZ     RSS   %MEM   kB_rd/s   kB_wr/s kB_ccwr/s iodelay  Command
14:49:43        0       819    2.00    0.00    0.00    0.00    2.00     2      1.00      0.00 4627516  190012  19.41      0.00      0.00      0.00       0  java
14:49:43        0      3522  328.00   16.00    0.00    0.00  344.00     0      0.00      0.00 4079732  261340  26.70  13056.00      0.00      0.00       0  java

# Time        UID       PID    %usr %system  %guest   %wait    %CPU   CPU  minflt/s  majflt/s     VSZ     RSS   %MEM   kB_rd/s   kB_wr/s kB_ccwr/s iodelay  Command
14:49:44        0      3522  319.00   22.00    0.00    0.00  341.00     0      0.00      0.00 4079732  261340  26.70  12928.00      0.00      0.00       0  java

# Time        UID       PID    %usr %system  %guest   %wait    %CPU   CPU  minflt/s  majflt/s     VSZ     RSS   %MEM   kB_rd/s   kB_wr/s kB_ccwr/s iodelay  Command
14:49:45        0       819    0.00    0.99    0.00    0.00    0.99     2      0.00      0.00 4627516  190012  19.41      0.00      0.00      0.00       0  java
14:49:45        0      3522  318.81   15.84    0.00    0.00  334.65     0      0.99      0.00 4079732  261340  26.70  12673.27      0.00      0.00       0  java

# Time        UID       PID    %usr %system  %guest   %wait    %CPU   CPU  minflt/s  majflt/s     VSZ     RSS   %MEM   kB_rd/s   kB_wr/s kB_ccwr/s iodelay  Command
14:49:46        0      3522  318.00   16.00    0.00    0.00  334.00     0      0.00      0.00 4079732  261340  26.70  12800.00      0.00      0.00       0  java

# Time        UID       PID    %usr %system  %guest   %wait    %CPU   CPU  minflt/s  majflt/s     VSZ     RSS   %MEM   kB_rd/s   kB_wr/s kB_ccwr/s iodelay  Command
14:49:47        0       819    0.00    0.00    0.00    0.00    0.00     2      0.00      0.00 4627516  190012  19.41      4.00      8.00      0.00       0  java
14:49:47        0      3522  338.00   16.00    0.00    0.00  354.00     0    464.00      0.00 4145268  263004  26.87   4364.00      0.00      0.00       0  java

# Time        UID       PID    %usr %system  %guest   %wait    %CPU   CPU  minflt/s  majflt/s     VSZ     RSS   %MEM   kB_rd/s   kB_wr/s kB_ccwr/s iodelay  Command
14:49:48        0       819    0.00    1.00    0.00    0.00    1.00     2      0.00      0.00 4627516  190012  19.41      0.00      0.00      0.00       0  java
14:49:48        0      3522  294.00    4.00    0.00    0.00  298.00     0   1117.00      0.00 4145268  267612  27.34   1856.00      0.00      0.00       0  java

# Time        UID       PID    %usr %system  %guest   %wait    %CPU   CPU  minflt/s  majflt/s     VSZ     RSS   %MEM   kB_rd/s   kB_wr/s kB_ccwr/s iodelay  Command
14:49:49        0       819    1.00    0.00    0.00    0.00    1.00     2      0.00      0.00 4627516  190012  19.41      0.00      0.00      0.00       0  java
14:49:49        0      3522  220.00    7.00    0.00    0.00  227.00     0   1079.00      0.00 4145268  271964  27.78   2816.00      0.00      0.00       0  java

# Time        UID       PID    %usr %system  %guest   %wait    %CPU   CPU  minflt/s  majflt/s     VSZ     RSS   %MEM   kB_rd/s   kB_wr/s kB_ccwr/s iodelay  Command
14:49:50        0      3522  287.00    5.00    0.00    0.00  292.00     0      0.00      0.00 4145268  271964  27.78   5120.00      0.00      0.00       0  java

# Time        UID       PID    %usr %system  %guest   %wait    %CPU   CPU  minflt/s  majflt/s     VSZ     RSS   %MEM   kB_rd/s   kB_wr/s kB_ccwr/s iodelay  Command
14:49:51        0      3522  285.00    5.00    0.00    0.00  290.00     0      0.00      0.00 4145268  271964  27.78   5376.00      0.00      0.00       0  java

# Time        UID       PID    %usr %system  %guest   %wait    %CPU   CPU  minflt/s  majflt/s     VSZ     RSS   %MEM   kB_rd/s   kB_wr/s kB_ccwr/s iodelay  Command
14:49:52        0       819    1.00    0.00    0.00    0.00    1.00     2      0.00      0.00 4627516  190012  19.41      0.00      0.00      0.00       0  java
14:49:52        0      3522  288.00    9.00    0.00    0.00  297.00     0      0.00      0.00 4145268  271964  27.78   7424.00      0.00      0.00       0  java

# Time        UID       PID    %usr %system  %guest   %wait    %CPU   CPU  minflt/s  majflt/s     VSZ     RSS   %MEM   kB_rd/s   kB_wr/s kB_ccwr/s iodelay  Command
14:49:53        0      3522  284.00    9.00    0.00    0.00  293.00     0      6.00      0.00 4145268  271964  27.78   7552.00      0.00      0.00       0  java

# Time        UID       PID    %usr %system  %guest   %wait    %CPU   CPU  minflt/s  majflt/s     VSZ     RSS   %MEM   kB_rd/s   kB_wr/s kB_ccwr/s iodelay  Command
14:49:54        0       819    0.00    1.00    0.00    0.00    1.00     2      0.00      0.00 4627516  190012  19.41      0.00      0.00      0.00       0  java
14:49:54        0      3522  268.00   10.00    0.00    0.00  278.00     0      5.00      0.00 4145268  271964  27.78   7424.00      0.00      0.00       0  java

# Time        UID       PID    %usr %system  %guest   %wait    %CPU   CPU  minflt/s  majflt/s     VSZ     RSS   %MEM   kB_rd/s   kB_wr/s kB_ccwr/s iodelay  Command
14:49:55        0      3522  255.00    8.00    0.00    0.00  263.00     0      8.00      0.00 4145268  271964  27.78   7808.00      0.00      0.00       0  java

# Time        UID       PID    %usr %system  %guest   %wait    %CPU   CPU  minflt/s  majflt/s     VSZ     RSS   %MEM   kB_rd/s   kB_wr/s kB_ccwr/s iodelay  Command
14:49:56        0      3522  187.00    8.00    0.00    0.00  195.00     0      0.00      0.00 4145268  271964  27.78   7808.00      0.00      0.00       0  java

# Time        UID       PID    %usr %system  %guest   %wait    %CPU   CPU  minflt/s  majflt/s     VSZ     RSS   %MEM   kB_rd/s   kB_wr/s kB_ccwr/s iodelay  Command
14:49:57        0       819    0.00    1.00    0.00    0.00    1.00     2      0.00      0.00 4627516  190012  19.41      0.00      0.00      0.00       0  java
14:49:57        0      3522  203.00    9.00    0.00    0.00  212.00     0      1.00      0.00 4145268  271964  27.78   7936.00      0.00      0.00       0  java

# Time        UID       PID    %usr %system  %guest   %wait    %CPU   CPU  minflt/s  majflt/s     VSZ     RSS   %MEM   kB_rd/s   kB_wr/s kB_ccwr/s iodelay  Command
14:49:58        0       819    3.00    1.00    0.00    0.00    4.00     2      0.00      0.00 4627516  190012  19.41      0.00      0.00      0.00       0  java
14:49:58        0      3522  207.00    7.00    0.00    0.00  214.00     0      3.00      0.00 4145268  271964  27.78   7936.00      0.00      0.00       0  java

# Time        UID       PID    %usr %system  %guest   %wait    %CPU   CPU  minflt/s  majflt/s     VSZ     RSS   %MEM   kB_rd/s   kB_wr/s kB_ccwr/s iodelay  Command
14:49:59        0       819   25.00    0.00    0.00    0.00   25.00     2      1.00      0.00 4627516  190012  19.41      0.00      0.00      0.00       0  java
14:49:59        0      3522  189.00    9.00    0.00    0.00  198.00     0      0.00      0.00 4145268  271964  27.78   7936.00      0.00      0.00       0  java

# Time        UID       PID    %usr %system  %guest   %wait    %CPU   CPU  minflt/s  majflt/s     VSZ     RSS   %MEM   kB_rd/s   kB_wr/s kB_ccwr/s iodelay  Command
14:50:00        0      3522  190.10    5.94    0.00    0.00  196.04     0      1.98      0.00 4145268  271964  27.78   7857.43      0.00      0.00       0  java

# Time        UID       PID    %usr %system  %guest   %wait    %CPU   CPU  minflt/s  majflt/s     VSZ     RSS   %MEM   kB_rd/s   kB_wr/s kB_ccwr/s iodelay  Command
14:50:01        0       819    1.00    0.00    0.00    0.00    1.00     2      0.00      0.00 4627516  190012  19.41      0.00      0.00      0.00       0  java
14:50:01        0      3522  189.00    6.00    0.00    0.00  195.00     0      0.00      0.00 4145268  271964  27.78   7936.00      0.00      0.00       0  java

# Time        UID       PID    %usr %system  %guest   %wait    %CPU   CPU  minflt/s  majflt/s     VSZ     RSS   %MEM   kB_rd/s   kB_wr/s kB_ccwr/s iodelay  Command
14:50:02        0      3522   97.00    4.00    0.00    0.00  101.00     0      0.00      0.00 4145268  271964  27.78   4224.00      0.00      0.00       0  java

# Time        UID       PID    %usr %system  %guest   %wait    %CPU   CPU  minflt/s  majflt/s     VSZ     RSS   %MEM   kB_rd/s   kB_wr/s kB_ccwr/s iodelay  Command

# Time        UID       PID    %usr %system  %guest   %wait    %CPU   CPU  minflt/s  majflt/s     VSZ     RSS   %MEM   kB_rd/s   kB_wr/s kB_ccwr/s iodelay  Command
14:50:04        0      3522   62.00    2.00    0.00    0.00   64.00     0      0.00      0.00 4145268  271964  27.78   2560.00      0.00      0.00       0  java

# Time        UID       PID    %usr %system  %guest   %wait    %CPU   CPU  minflt/s  majflt/s     VSZ     RSS   %MEM   kB_rd/s   kB_wr/s kB_ccwr/s iodelay  Command
14:50:05        0       819    1.00    0.00    0.00    0.00    1.00     2      0.00      0.00 4627516  190012  19.41      0.00      0.00      0.00       0  java
14:50:05        0      3522  190.00    7.00    0.00    0.00  197.00     0      0.00      0.00 4145268  271964  27.78   8576.00      0.00      0.00       0  java

# Time        UID       PID    %usr %system  %guest   %wait    %CPU   CPU  minflt/s  majflt/s     VSZ     RSS   %MEM   kB_rd/s   kB_wr/s kB_ccwr/s iodelay  Command
14:50:06        0      3522  188.00    9.00    0.00    0.00  197.00     0      0.00      0.00 4145268  271964  27.78   7936.00      0.00      0.00       0  java

# Time        UID       PID    %usr %system  %guest   %wait    %CPU   CPU  minflt/s  majflt/s     VSZ     RSS   %MEM   kB_rd/s   kB_wr/s kB_ccwr/s iodelay  Command
14:50:07        0      3522  197.00    8.00    0.00    0.00  205.00     0      4.00      0.00 4145268  271964  27.78   7936.00      0.00      0.00       0  java

# Time        UID       PID    %usr %system  %guest   %wait    %CPU   CPU  minflt/s  majflt/s     VSZ     RSS   %MEM   kB_rd/s   kB_wr/s kB_ccwr/s iodelay  Command
14:50:08        0       819    0.00    1.00    0.00    0.00    1.00     2      0.00      0.00 4627516  190012  19.41      0.00      0.00      0.00       0  java
14:50:08        0      3522  187.00    6.00    0.00    0.00  193.00     0      1.00      0.00 4145268  271964  27.78   7936.00      0.00      0.00       0  java

# Time        UID       PID    %usr %system  %guest   %wait    %CPU   CPU  minflt/s  majflt/s     VSZ     RSS   %MEM   kB_rd/s   kB_wr/s kB_ccwr/s iodelay  Command
14:50:09        0      3522  233.00    8.00    0.00    0.00  241.00     0      0.00      0.00 4145268  271964  27.78   7808.00      0.00      0.00       0  java

# Time        UID       PID    %usr %system  %guest   %wait    %CPU   CPU  minflt/s  majflt/s     VSZ     RSS   %MEM   kB_rd/s   kB_wr/s kB_ccwr/s iodelay  Command
14:50:10        0       819    1.00    0.00    0.00    0.00    1.00     2      0.00      0.00 4627516  190012  19.41      0.00      0.00      0.00       0  java
14:50:10        0      3522  223.00    8.00    0.00    0.00  231.00     0      4.00      0.00 4145268  271964  27.78   7808.00      0.00      0.00       0  java

# Time        UID       PID    %usr %system  %guest   %wait    %CPU   CPU  minflt/s  majflt/s     VSZ     RSS   %MEM   kB_rd/s   kB_wr/s kB_ccwr/s iodelay  Command
14:50:11        0      3522  183.00   12.00    0.00    0.00  195.00     0      0.00      0.00 4145268  271964  27.78   8900.00      0.00      0.00       0  java

# Time        UID       PID    %usr %system  %guest   %wait    %CPU   CPU  minflt/s  majflt/s     VSZ     RSS   %MEM   kB_rd/s   kB_wr/s kB_ccwr/s iodelay  Command
14:50:12        0       819    1.00    0.00    0.00    0.00    1.00     2      0.00      0.00 4627516  190012  19.41      0.00      0.00      0.00       0  java
14:50:12        0      3522  187.00    9.00    0.00    0.00  196.00     0      0.00      0.00 4145268  271964  27.78   7936.00      0.00      0.00       0  java

# Time        UID       PID    %usr %system  %guest   %wait    %CPU   CPU  minflt/s  majflt/s     VSZ     RSS   %MEM   kB_rd/s   kB_wr/s kB_ccwr/s iodelay  Command
14:50:13        0      3522  188.00    8.00    0.00    0.00  196.00     0      0.00      0.00 4145268  271964  27.78   7808.00      0.00      0.00       0  java

# Time        UID       PID    %usr %system  %guest   %wait    %CPU   CPU  minflt/s  majflt/s     VSZ     RSS   %MEM   kB_rd/s   kB_wr/s kB_ccwr/s iodelay  Command
14:50:14        0       819    1.00    0.00    0.00    0.00    1.00     2      0.00      0.00 4627516  190012  19.41      0.00      4.00      0.00       0  java
14:50:14        0      3522  157.00    4.00    0.00    0.00  161.00     0      4.00      0.00 4145268  271964  27.78   4900.00      0.00      0.00       0  java

# Time        UID       PID    %usr %system  %guest   %wait    %CPU   CPU  minflt/s  majflt/s     VSZ     RSS   %MEM   kB_rd/s   kB_wr/s kB_ccwr/s iodelay  Command
14:50:15        0      3522   98.00    3.00    0.00    0.00  101.00     0      1.00      0.00 4145268  271964  27.78   4096.00      0.00      0.00       0  java

# Time        UID       PID    %usr %system  %guest   %wait    %CPU   CPU  minflt/s  majflt/s     VSZ     RSS   %MEM   kB_rd/s   kB_wr/s kB_ccwr/s iodelay  Command
14:50:16        0      3522   98.00    3.00    0.00    0.00  101.00     0      0.00      0.00 4145268  271964  27.78   4096.00      0.00      0.00       0  java

# Time        UID       PID    %usr %system  %guest   %wait    %CPU   CPU  minflt/s  majflt/s     VSZ     RSS   %MEM   kB_rd/s   kB_wr/s kB_ccwr/s iodelay  Command
14:50:17        0       819    0.00    1.00    0.00    0.00    1.00     2      0.00      0.00 4627516  190012  19.41      0.00      0.00      0.00       0  java
14:50:17        0      3522  121.00    3.00    0.00    0.00  124.00     0      2.00      0.00 4145268  271964  27.78   3968.00      0.00      0.00       0  java

# Time        UID       PID    %usr %system  %guest   %wait    %CPU   CPU  minflt/s  majflt/s     VSZ     RSS   %MEM   kB_rd/s   kB_wr/s kB_ccwr/s iodelay  Command
14:50:18        0      3522   32.00    0.00    0.00    0.00   32.00     0      4.00      0.00 4145268  271964  27.78      0.00      0.00      0.00       0  java

# Time        UID       PID    %usr %system  %guest   %wait    %CPU   CPU  minflt/s  majflt/s     VSZ     RSS   %MEM   kB_rd/s   kB_wr/s kB_ccwr/s iodelay  Command
14:50:19        0      3522    5.00    0.00    0.00    0.00    5.00     0      1.00      0.00 4145268  271964  27.78    128.00      0.00      0.00       0  java

# Time        UID       PID    %usr %system  %guest   %wait    %CPU   CPU  minflt/s  majflt/s     VSZ     RSS   %MEM   kB_rd/s   kB_wr/s kB_ccwr/s iodelay  Command
14:50:20        0      3522   96.04    1.98    0.00    0.00   98.02     0      0.00      0.00 4145268  271964  27.78   4562.38      0.00      0.00       0  java

# Time        UID       PID    %usr %system  %guest   %wait    %CPU   CPU  minflt/s  majflt/s     VSZ     RSS   %MEM   kB_rd/s   kB_wr/s kB_ccwr/s iodelay  Command
14:50:21        0      3522   96.00    4.00    0.00    0.00  100.00     0      0.00      0.00 4145268  271964  27.78   4224.00      0.00      0.00       0  java

# Time        UID       PID    %usr %system  %guest   %wait    %CPU   CPU  minflt/s  majflt/s     VSZ     RSS   %MEM   kB_rd/s   kB_wr/s kB_ccwr/s iodelay  Command
14:50:22        0      3522   99.00    2.00    0.00    0.00  101.00     0      0.00      0.00 4145268  271964  27.78   4224.00      0.00      0.00       0  java

# Time        UID       PID    %usr %system  %guest   %wait    %CPU   CPU  minflt/s  majflt/s     VSZ     RSS   %MEM   kB_rd/s   kB_wr/s kB_ccwr/s iodelay  Command
14:50:23        0       819    1.00    0.00    0.00    0.00    1.00     2      0.00      0.00 4627516  190012  19.41      0.00      0.00      0.00       0  java
14:50:23        0      3522   96.00    2.00    0.00    0.00   98.00     0      0.00      0.00 4145268  271964  27.78   4608.00      0.00      0.00       0  java

# Time        UID       PID    %usr %system  %guest   %wait    %CPU   CPU  minflt/s  majflt/s     VSZ     RSS   %MEM   kB_rd/s   kB_wr/s kB_ccwr/s iodelay  Command
14:50:24        0       819    0.00    1.00    0.00    0.00    1.00     2      0.00      0.00 4627516  190012  19.41      0.00      0.00      0.00       0  java
14:50:24        0      3522   97.00    4.00    0.00    0.00  101.00     0      0.00      0.00 4145268  271964  27.78   4224.00      0.00      0.00       0  java

# Time        UID       PID    %usr %system  %guest   %wait    %CPU   CPU  minflt/s  majflt/s     VSZ     RSS   %MEM   kB_rd/s   kB_wr/s kB_ccwr/s iodelay  Command
14:50:25        0      3522   97.00    4.00    0.00    0.00  101.00     0      0.00      0.00 4145268  271964  27.78   4224.00      0.00      0.00       0  java

# Time        UID       PID    %usr %system  %guest   %wait    %CPU   CPU  minflt/s  majflt/s     VSZ     RSS   %MEM   kB_rd/s   kB_wr/s kB_ccwr/s iodelay  Command
14:50:26        0       819    0.00    1.00    0.00    0.00    1.00     2      0.00      0.00 4627516  190012  19.41      0.00      8.00      0.00       0  java
14:50:26        0      3522  105.00    2.00    0.00    0.00  107.00     0      5.00      0.00 4145268  271964  27.78   2980.00      0.00      0.00       0  java

# Time        UID       PID    %usr %system  %guest   %wait    %CPU   CPU  minflt/s  majflt/s     VSZ     RSS   %MEM   kB_rd/s   kB_wr/s kB_ccwr/s iodelay  Command
14:50:27        0      3522  192.00   11.00    0.00    0.00  203.00     0    413.00      0.00 4146040  274012  27.99   2200.00      0.00      0.00       0  java

# Time        UID       PID    %usr %system  %guest   %wait    %CPU   CPU  minflt/s  majflt/s     VSZ     RSS   %MEM   kB_rd/s   kB_wr/s kB_ccwr/s iodelay  Command
14:50:28        0       819    4.00    2.00    0.00    0.00    6.00     2      2.00      0.00 4627516  190012  19.41      4.00      8.00      0.00       0  java
14:50:28        0      3522  231.00    8.00    0.00    0.00  239.00     1    671.00      0.00 4156240  276572  28.25    500.00      0.00      0.00       0  java

# Time        UID       PID    %usr %system  %guest   %wait    %CPU   CPU  minflt/s  majflt/s     VSZ     RSS   %MEM   kB_rd/s   kB_wr/s kB_ccwr/s iodelay  Command
14:50:29        0       819    4.00    1.00    0.00    0.00    5.00     2      1.00      0.00 4627516  190012  19.41 789972.00      0.00      0.00       0  java

# Time        UID       PID    %usr %system  %guest   %wait    %CPU   CPU  minflt/s  majflt/s     VSZ     RSS   %MEM   kB_rd/s   kB_wr/s kB_ccwr/s iodelay  Command

# Time        UID       PID    %usr %system  %guest   %wait    %CPU   CPU  minflt/s  majflt/s     VSZ     RSS   %MEM   kB_rd/s   kB_wr/s kB_ccwr/s iodelay  Command

# Time        UID       PID    %usr %system  %guest   %wait    %CPU   CPU  minflt/s  majflt/s     VSZ     RSS   %MEM   kB_rd/s   kB_wr/s kB_ccwr/s iodelay  Command

# Time        UID       PID    %usr %system  %guest   %wait    %CPU   CPU  minflt/s  majflt/s     VSZ     RSS   %MEM   kB_rd/s   kB_wr/s kB_ccwr/s iodelay  Command

# Time        UID       PID    %usr %system  %guest   %wait    %CPU   CPU  minflt/s  majflt/s     VSZ     RSS   %MEM   kB_rd/s   kB_wr/s kB_ccwr/s iodelay  Command

# Time        UID       PID    %usr %system  %guest   %wait    %CPU   CPU  minflt/s  majflt/s     VSZ     RSS   %MEM   kB_rd/s   kB_wr/s kB_ccwr/s iodelay  Command
14:50:35        0       819    1.00    1.00    0.00    0.00    2.00     2      0.00      0.00 4627516  190012  19.41      0.00      0.00      0.00       0  java
