Linux 6.14.0-36-generic (xuestella03-Z790-PG-Lightning) 	01/08/2026 	_x86_64_	(20 CPU)

# Time        UID       PID    %usr %system  %guest   %wait    %CPU   CPU  minflt/s  majflt/s     VSZ     RSS   %MEM   kB_rd/s   kB_wr/s kB_ccwr/s iodelay  Command
04:06:21 PM     0       510    0.00    0.00    0.00    0.00    0.00    12      2.97      0.00   75472   29216   0.09     -1.00     -1.00     -1.00       0  systemd-journal
04:06:21 PM  1000      1579    0.00    0.99    0.00    0.00    0.99     4      0.00      0.00  122856   22052   0.07      0.00      0.00      0.00       0  pipewire
04:06:21 PM  1000      1583    0.00    0.99    0.00    0.00    0.99     6      0.00      0.00  158572   55304   0.17      0.00      0.00      0.00       0  pipewire-pulse
04:06:21 PM  1000      2000    4.95    0.99    0.00    0.00    5.94     2      0.00      0.00 4874628  541420   1.66      0.00      0.00      0.00       0  cinnamon
04:06:21 PM  1000      2371   14.85    1.98    0.00    0.00   16.83    14     10.89      0.00 15632880 1996680   6.11      0.00      0.00      0.00       0  firefox-bin
04:06:21 PM  1000      2590    0.00    0.00    0.00    0.00    0.00     0      3.96      0.00 5301136 1005808   3.08      0.00      0.00      0.00       0  Isolated Web Co
04:06:21 PM  1000      2764    0.00    0.00    0.00    0.00    0.00    12      0.00      0.00 25767660  586812   1.80      0.00      0.00      0.00       0  WebExtensions
04:06:21 PM  1000      2816    2.97    0.99    0.00    0.00    3.96    10      0.00      0.00 1571784   59288   0.18      0.00      0.00      0.00       0  Utility Process
04:06:21 PM  1000      3236    0.00    0.00    0.00    0.00    0.00    12      2.97      0.00 4207712  448980   1.37      0.00      0.00      0.00       0  Isolated Web Co
04:06:21 PM  1000      7802    0.00    0.00    0.00    0.00    0.00    15      0.99      0.00 1483989176  504940   1.54      0.00      0.00      0.00       0  Discord
04:06:21 PM  1000     19345    0.00    0.00    0.00    0.00    0.00    12      4.95      0.00 3826888  228896   0.70      0.00      0.00      0.00       0  Isolated Web Co
04:06:21 PM  1000     43108    0.99    0.00    0.00    0.00    0.99     0     36.63      0.00 4889572  863536   2.64      0.00      0.00      0.00       0  Isolated Web Co
04:06:21 PM  1000     45209    0.00    0.00    0.00    0.00    0.00    14      1.98      0.00 4082076  347928   1.06      0.00      0.00      0.00       0  Isolated Web Co
04:06:21 PM  1000     65252    0.00    0.00    0.00    0.00    0.00     2    307.92      0.00 1461560668  241520   0.74      0.00      0.00      0.00       0  code
04:06:21 PM  1000     65292    1.98    0.99    0.00    0.00    2.97    14      7.92      0.00 34558772  263108   0.80      0.00      0.00      0.00       0  code
04:06:21 PM  1000     65315    3.96    0.99    0.00    0.00    4.95    17    254.46      0.00 1481920512  485252   1.48      0.00      0.00      0.00       0  code
04:06:21 PM  1000     65377    0.99    0.00    0.00    0.00    0.99     7      0.00      0.00 1461326564  234696   0.72      0.00      0.00      0.00       0  code
04:06:21 PM  1000     65424    0.00    0.00    0.00    0.00    0.00    12      8.91      0.00 1461342112  114588   0.35      0.00      0.00      0.00       0  code
04:06:21 PM  1000     66169    0.00    0.00    0.00    0.00    0.00    10      7.92      0.00 8704940  573444   1.75      0.00      0.00      0.00       0  Isolated Web Co
04:06:21 PM  1000     86436    1.98    0.00    0.00    0.00    1.98    10      0.00      0.00 3995196  426196   1.30      0.00      0.00      0.00       0  Isolated Web Co
04:06:21 PM  1000    104459   55.45    0.99    0.00    0.00   56.44    10   6481.19      0.00 4638032  736132   2.25      0.00      0.00      0.00       0  Isolated Web Co
04:06:21 PM  1000    150335    4.95    0.00    0.00    0.00    4.95     6    170.30      0.00 17522476  935364   2.86      0.00      0.00      0.00       0  Isolated Web Co
04:06:21 PM  1000    185769   13.86    1.98    0.00    0.00   15.84    14   1901.98      0.00 3992364  401496   1.23      0.00      0.00      0.00       0  Isolated Web Co
04:06:21 PM  1000    186108    0.99    0.00    0.00    0.00    0.99    18     87.13      0.00 34998296  105340   0.32      0.00      0.00      0.00       0  MainThread
04:06:21 PM  1000    216610    0.00    0.00    0.00    0.00    0.00     2      0.99      0.00 3730952  188872   0.58      0.00      0.00      0.00       0  Isolated Web Co
04:06:21 PM  1000    217051    6.93    2.97    0.00    0.00    9.90     0     12.87      0.00 3730068  204300   0.63      0.00      0.00      0.00       0  Isolated Web Co
04:06:21 PM  1000    217736    0.00    0.00    0.00    0.00    0.00    10      3.96      0.00 3511088   92428   0.28      0.00      0.00      0.00       0  Isolated Servic
04:06:21 PM     0    221627    0.00    0.00    0.00    0.00    0.00     8      0.99      0.00 8234820  259332   0.79     -1.00     -1.00     -1.00       0  java
04:06:21 PM  1000    233281    0.00    0.00    0.00    0.00    0.00    10      1.98      0.00 3502996   73284   0.22      0.00      0.00      0.00       0  Web Content
04:06:21 PM  1000    233742    0.99    0.99    0.00    0.00    1.98     5    955.45      0.00  152124   59936   0.18      0.00    475.25    348.51       0  ansible-playboo
04:06:21 PM  1000    234043    0.99    0.99    0.00    0.00    1.98    12      0.99      0.00   12828    6340   0.02      0.00      0.00      0.00       0  pidstat
04:06:21 PM  1000    234050    0.00    0.00    0.00    0.00    0.00    12   1882.18      0.00  153300   50124   0.15      0.00    578.22    289.11       0  ansible-playboo
04:06:21 PM  1000    234067    0.00    0.00    0.00    0.00    0.00    19     66.34      0.00    2804    1512   0.00      0.00      0.00      0.00       0  sh
04:06:21 PM  1000    234068    0.00    0.00    0.00    0.00    0.00     4     68.32      0.00    2804    1360   0.00      0.00      0.00      0.00       0  sh
04:06:21 PM  1000    234069   14.85    0.99    0.00    0.00   15.84     8   7014.85      0.00   39992   27932   0.09      0.00    217.82      3.96       0  python3.12

# Time        UID       PID    %usr %system  %guest   %wait    %CPU   CPU  minflt/s  majflt/s     VSZ     RSS   %MEM   kB_rd/s   kB_wr/s kB_ccwr/s iodelay  Command
04:06:22 PM     0        18    0.00    1.00    0.00    0.00    1.00     0      0.00      0.00       0       0   0.00     -1.00     -1.00     -1.00       0  rcu_preempt
04:06:22 PM     0        69    0.00    1.00    0.00    0.00    1.00    16      0.00      0.00       0       0   0.00     -1.00     -1.00     -1.00       0  migration/16
04:06:22 PM     0       510    0.00    0.00    0.00    0.00    0.00    14      6.00      0.00   75472   29216   0.09     -1.00     -1.00     -1.00       0  systemd-journal
04:06:22 PM     0       708    0.00    1.00    0.00    0.00    1.00    11      0.00      0.00       0       0   0.00     -1.00     -1.00     -1.00       0  irq/146-iwlwifi:default_queue
04:06:22 PM     0      1321    1.00    1.00    0.00    0.00    2.00    13      0.00      0.00 25594332  149324   0.46     -1.00     -1.00     -1.00       0  Xorg
04:06:22 PM  1000      1583    1.00    0.00    0.00    0.00    1.00    14      0.00      0.00  158572   55304   0.17      0.00      0.00      0.00       0  pipewire-pulse
04:06:22 PM  1000      2000    6.00    1.00    0.00    0.00    7.00     0      1.00      0.00 4874628  541420   1.66      0.00      0.00      0.00       0  cinnamon
04:06:22 PM  1000      2371   19.00    2.00    0.00    0.00   21.00    13    256.00      0.00 15632816 1997480   6.11      0.00    164.00      0.00       0  firefox-bin
04:06:22 PM  1000      2590    0.00    0.00    0.00    0.00    0.00     0     82.00      0.00 5301136 1005968   3.08      0.00      0.00      0.00       0  Isolated Web Co
04:06:22 PM  1000      2764    0.00    0.00    0.00    0.00    0.00     2    133.00      0.00 25767660  587324   1.80      0.00      0.00      0.00       0  WebExtensions
04:06:22 PM  1000      2816    2.00    1.00    0.00    0.00    3.00    10      0.00      0.00 1571784   59288   0.18      0.00      0.00      0.00       0  Utility Process
04:06:22 PM  1000      3236    0.00    0.00    0.00    0.00    0.00    16      4.00      0.00 4207712  448980   1.37      0.00      0.00      0.00       0  Isolated Web Co
04:06:22 PM  1000      7689    0.00    0.00    0.00    0.00    0.00    10      1.00      0.00 33576100    3700   0.01      0.00      0.00      0.00       0  chrome_crashpad
04:06:22 PM  1000     11328    0.00    0.00    0.00    0.00    0.00    19     10.00      0.00 5132564 1280684   3.92      0.00      0.00      0.00       0  Isolated Web Co
04:06:22 PM  1000     19345    0.00    0.00    0.00    0.00    0.00    16      2.00      0.00 3826888  228896   0.70      0.00      0.00      0.00       0  Isolated Web Co
04:06:22 PM  1000     42466    0.00    0.00    0.00    0.00    0.00    18     39.00      0.00 4764932  782072   2.39      0.00      0.00      0.00       0  Isolated Web Co
04:06:22 PM  1000     43108   25.00    0.00    0.00    0.00   25.00    13    200.00      0.00 4889572  863936   2.64      0.00      0.00      0.00       0  Isolated Web Co
04:06:22 PM  1000     44907    0.00    0.00    0.00    0.00    0.00     4      1.00      0.00 4504568  344684   1.05      0.00      0.00      0.00       0  Isolated Web Co
04:06:22 PM  1000     45209    0.00    0.00    0.00    0.00    0.00     5      1.00      0.00 4082076  347928   1.06      0.00      0.00      0.00       0  Isolated Web Co
04:06:22 PM  1000     47334    0.00    0.00    0.00    0.00    0.00     5     11.00      0.00 4407808  568020   1.74      0.00      0.00      0.00       0  Isolated Web Co
04:06:22 PM  1000     49369    1.00    0.00    0.00    0.00    1.00    14      0.00      0.00 3758024  258792   0.79      0.00      0.00      0.00       0  Isolated Web Co
04:06:22 PM  1000     65252    0.00    0.00    0.00    0.00    0.00     0     13.00      0.00 1461560668  241680   0.74      0.00      0.00      0.00       0  code
04:06:22 PM  1000     65274    0.00    0.00    0.00    0.00    0.00    12      1.00      0.00 33576152    3564   0.01      0.00      0.00      0.00       0  chrome_crashpad
04:06:22 PM  1000     65292    6.00    0.00    0.00    0.00    6.00    16     51.00      0.00 34558772  263268   0.81      0.00      0.00      0.00       0  code
04:06:22 PM  1000     65315    6.00    0.00    0.00    0.00    6.00    18    612.00      0.00 1481920448  486936   1.49      0.00      0.00      0.00       0  code
04:06:22 PM  1000     65377    1.00    1.00    0.00    0.00    2.00     1   1314.00      0.00 1461326564  235016   0.72      0.00      0.00      0.00       0  code
04:06:22 PM  1000     65422    0.00    0.00    0.00    0.00    0.00    16     75.00      0.00 1461334100  118816   0.36      0.00      0.00      0.00       0  code
04:06:22 PM  1000     65424    0.00    0.00    0.00    0.00    0.00    12      1.00      0.00 1461342112  114588   0.35      0.00      0.00      0.00       0  code
04:06:22 PM  1000     66169    1.00    0.00    0.00    0.00    1.00    16    513.00      0.00 8704940  575524   1.76      0.00      0.00      0.00       0  Isolated Web Co
04:06:22 PM  1000     86369    0.00    0.00    0.00    0.00    0.00    18     80.00      0.00 4124776  450464   1.38      0.00      0.00      0.00       0  Isolated Web Co
04:06:22 PM  1000     86436    2.00    0.00    0.00    0.00    2.00     4      3.00      0.00 3995196  426196   1.30      0.00      0.00      0.00       0  Isolated Web Co
04:06:22 PM  1000    104459   56.00    1.00    0.00    3.00   57.00     9   4022.00      0.00 4638032  752612   2.30      0.00      0.00      0.00       0  Isolated Web Co
04:06:22 PM  1000    137782    0.00    0.00    0.00    0.00    0.00    14     47.00      0.00 3577992  151864   0.46      0.00      0.00      0.00       0  Isolated Servic
04:06:22 PM  1000    150335    4.00    0.00    0.00    0.00    4.00     4    165.00      0.00 17522476  936004   2.86      0.00      0.00      0.00       0  Isolated Web Co
04:06:22 PM  1000    160376    0.00    0.00    0.00    0.00    0.00    18      1.00      0.00 3880872  275856   0.84      0.00      0.00      0.00       0  Isolated Web Co
04:06:22 PM  1000    185769    7.00    1.00    0.00    0.00    8.00    19   1431.00      0.00 3992364  406936   1.25      0.00      0.00      0.00       0  Isolated Web Co
04:06:22 PM  1000    186108    0.00    0.00    0.00    0.00    0.00     6     86.00      0.00 34998296  105340   0.32      0.00      0.00      0.00       0  MainThread
04:06:22 PM  1000    204528    0.00    0.00    0.00    0.00    0.00    19      0.00      0.00 4159664  468004   1.43      0.00      0.00      0.00       0  Isolated Web Co
04:06:22 PM  1000    216610    0.00    0.00    0.00    0.00    0.00    16      2.00      0.00 3730952  188872   0.58      0.00      0.00      0.00       0  Isolated Web Co
04:06:22 PM  1000    217051    7.00    2.00    0.00    0.00    9.00    14     14.00      0.00 3730068  204300   0.63      0.00      0.00      0.00       0  Isolated Web Co
04:06:22 PM  1000    233742    2.00    1.00    0.00    0.00    3.00    18   4430.00      0.00  152124   60096   0.18      0.00   1176.00   1176.00       0  ansible-playboo
04:06:22 PM  1000    234043    0.00    1.00    0.00    0.00    1.00     0      2.00      0.00   12828    6340   0.02      0.00      4.00      0.00       0  pidstat
04:06:22 PM  1000    234186    0.00    0.00    0.00    0.00    0.00    19   2213.00      0.00  152556   50292   0.15      0.00    256.00    128.00       0  ansible-playboo
04:06:22 PM  1000    234203    0.00    0.00    0.00    0.00    0.00     0     67.00      0.00    2804    1516   0.00      0.00      0.00      0.00       0  sh
04:06:22 PM  1000    234204    0.00    0.00    0.00    0.00    0.00     0     67.00      0.00    2804    1516   0.00      0.00      0.00      0.00       0  sh
04:06:22 PM  1000    234205    8.00    0.00    0.00    0.00    8.00     8   3923.00      0.00   36600   23888   0.07      0.00     96.00      4.00       0  python3.12
04:06:22 PM  1000    234206  131.00    1.00    0.00    0.00  132.00    10   7716.00      0.00  808096   40196   0.12      0.00      4.00      4.00       0  python3
04:06:22 PM  1000    234226   16.00    3.00    0.00    0.00   19.00    17  15188.00      0.00 4016552   74132   0.23      0.00     64.00      0.00       0  java

# Time        UID       PID    %usr %system  %guest   %wait    %CPU   CPU  minflt/s  majflt/s     VSZ     RSS   %MEM   kB_rd/s   kB_wr/s kB_ccwr/s iodelay  Command
04:06:23 PM     0       769    0.00    1.00    0.00    0.00    1.00     0      0.00      0.00       0       0   0.00     -1.00     -1.00     -1.00       0  nvidia-modeset/kthread_q
04:06:23 PM     0      1321    1.00    0.00    0.00    0.00    1.00    19      0.00      0.00 25594332  149324   0.46     -1.00     -1.00     -1.00       0  Xorg
04:06:23 PM  1000      2000    6.00    1.00    0.00    0.00    7.00    16      0.00      0.00 4874628  541420   1.66      0.00      0.00      0.00       0  cinnamon
04:06:23 PM  1000      2371   17.00    3.00    0.00    0.00   20.00     0    410.00      0.00 15632816 1998920   6.12      0.00    720.00      0.00       0  firefox-bin
04:06:23 PM  1000      2590   25.00    0.00    0.00    0.00   25.00    18    351.00      0.00 5301136 1007088   3.08      0.00      0.00      0.00       0  Isolated Web Co
04:06:23 PM  1000      2764    1.00    0.00    0.00    0.00    1.00    19     22.00      0.00 25767660  587324   1.80      0.00      0.00      0.00       0  WebExtensions
04:06:23 PM  1000      2816    3.00    0.00    0.00    0.00    3.00     4      0.00      0.00 1571784   59288   0.18      0.00      0.00      0.00       0  Utility Process
04:06:23 PM  1000      3119    2.00    1.00    0.00    0.00    3.00    10      0.00      0.00  580716   74104   0.23      0.00      0.00      0.00       0  mintreport-tray
04:06:23 PM  1000      3236    0.00    1.00    0.00    0.00    1.00     5    356.00      0.00 4207712  448212   1.37      0.00      0.00      0.00       0  Isolated Web Co
04:06:23 PM  1000      7669    0.00    0.00    0.00    0.00    0.00    17     11.00      0.00 1459836308  227968   0.70      0.00      0.00      0.00       0  Discord
04:06:23 PM  1000      7728    0.00    1.00    0.00    0.00    1.00    12      0.00      0.00 34687064  281188   0.86      0.00      0.00      0.00       0  Discord
04:06:23 PM  1000      7732    0.00    0.00    0.00    0.00    0.00     4      5.00      0.00 33905068   81612   0.25      0.00      0.00      0.00       0  Discord
04:06:23 PM  1000      7862    0.00    0.00    0.00    0.00    0.00    17      1.00      0.00 33924868   61820   0.19      0.00      0.00      0.00       0  Discord
04:06:23 PM  1000     10496    1.00    0.00    0.00    0.00    1.00    13      0.00      0.00 4948520  979072   3.00      0.00      0.00      0.00       0  Isolated Web Co
04:06:23 PM  1000     11328    3.00    2.00    0.00    0.00    5.00     3    488.00      0.00 5132564 1281816   3.92      0.00      0.00      0.00       0  Isolated Web Co
04:06:23 PM  1000     19345    0.00    0.00    0.00    0.00    0.00    11      3.00      0.00 3826888  228896   0.70      0.00      0.00      0.00       0  Isolated Web Co
04:06:23 PM  1000     43108    0.00    1.00    0.00    0.00    1.00    15    159.00      0.00 4889572  862084   2.64      0.00      0.00      0.00       0  Isolated Web Co
04:06:23 PM  1000     45209    0.00    0.00    0.00    0.00    0.00    14      2.00      0.00 4082076  347928   1.06      0.00      0.00      0.00       0  Isolated Web Co
04:06:23 PM  1000     47334    0.00    0.00    0.00    0.00    0.00     5     15.00      0.00 4407808  568020   1.74      0.00      0.00      0.00       0  Isolated Web Co
04:06:23 PM  1000     49267    0.00    0.00    0.00    0.00    0.00     5      1.00      0.00 3716016  202472   0.62      0.00      0.00      0.00       0  Isolated Web Co
04:06:23 PM  1000     55076    0.00    0.00    0.00    0.00    0.00    17      5.00      0.00 12525452  412388   1.26      0.00      0.00      0.00       0  Isolated Web Co
04:06:23 PM  1000     65252    0.00    0.00    0.00    0.00    0.00     0      2.00      0.00 1461560668  241680   0.74      0.00      0.00      0.00       0  code
04:06:23 PM  1000     65301    0.00    0.00    0.00    0.00    0.00    12      1.00      0.00 33873048   73624   0.23      0.00      0.00      0.00       0  code
04:06:23 PM  1000     65315    1.00    0.00    0.00    0.00    1.00     3     37.00      0.00 1481920448  486568   1.49      0.00      0.00      0.00       0  code
04:06:23 PM  1000     65377    0.00    0.00    0.00    0.00    0.00     1     81.00      0.00 1461326564  234656   0.72      0.00      0.00      0.00       0  code
04:06:23 PM  1000     65422    1.00    1.00    0.00    0.00    2.00     5    647.00      0.00 1461334100  118464   0.36      0.00      0.00      0.00       0  code
04:06:23 PM  1000     65423    0.00    0.00    0.00    0.00    0.00     1      8.00      0.00 1461325168  151296   0.46      0.00      0.00      0.00       0  code
04:06:23 PM  1000     65424    0.00    0.00    0.00    0.00    0.00     0      2.00      0.00 1461342112  114588   0.35      0.00      0.00      0.00       0  code
04:06:23 PM  1000     65716    0.00    0.00    0.00    0.00    0.00     2     29.00      0.00 1466379608  507056   1.55      0.00      0.00      0.00       0  code
04:06:23 PM  1000     66169    0.00    0.00    0.00    0.00    0.00     5      5.00      0.00 8704940  575524   1.76      0.00      0.00      0.00       0  Isolated Web Co
04:06:23 PM  1000     86369    0.00    0.00    0.00    0.00    0.00    10    234.00      0.00 4124776  451584   1.38      0.00      0.00      0.00       0  Isolated Web Co
04:06:23 PM  1000     86436    6.00    0.00    0.00    0.00    6.00     8      1.00      0.00 3995196  426196   1.30      0.00      0.00      0.00       0  Isolated Web Co
04:06:23 PM  1000    104459   55.00    2.00    0.00    0.00   57.00     9   4621.00      0.00 4638032  760156   2.33      0.00      0.00      0.00       0  Isolated Web Co
04:06:23 PM  1000    150335    4.00    1.00    0.00    0.00    5.00    17    219.00      0.00 17522476  936484   2.87      0.00      0.00      0.00       0  Isolated Web Co
04:06:23 PM  1000    185769    5.00    1.00    0.00    0.00    6.00    19    273.00      0.00 3992364  407256   1.25      0.00      0.00      0.00       0  Isolated Web Co
04:06:23 PM  1000    186108    1.00    1.00    0.00    0.00    2.00    14     84.00      0.00 34998296  105340   0.32      0.00      0.00      0.00       0  MainThread
04:06:23 PM  1000    189890    0.00    0.00    0.00    0.00    0.00     6      1.00      0.00 3873124  297232   0.91      0.00      0.00      0.00       0  Isolated Web Co
04:06:23 PM  1000    217051    6.00    2.00    0.00    1.00    8.00     9     11.00      0.00 3730068  204300   0.63      0.00      0.00      0.00       0  Isolated Web Co
04:06:23 PM     0    221627    0.00    0.00    0.00    0.00    0.00     8      2.00      0.00 8234820  259332   0.79     -1.00     -1.00     -1.00       0  java
04:06:23 PM  1000    233281    0.00    0.00    0.00    0.00    0.00     8      3.00      0.00 3502996   73284   0.22      0.00      0.00      0.00       0  Web Content
04:06:23 PM  1000    233742    1.00    0.00    0.00    0.00    1.00    16      0.00      0.00  152124   60096   0.18      0.00      0.00      0.00       0  ansible-playboo
04:06:23 PM  1000    234043    0.00    1.00    0.00    0.00    1.00     2     11.00      0.00   12828    6340   0.02      0.00      8.00      0.00       0  pidstat
04:06:23 PM  1000    234205    0.00    0.00    0.00    0.00    0.00    13     14.00      0.00   36600   23888   0.07      0.00      0.00      0.00       0  python3.12
04:06:23 PM  1000    234206   11.00    1.00    0.00    0.00   12.00    14  10521.00      0.00  927476   79340   0.24      0.00      0.00      0.00       0  python3
04:06:23 PM  1000    234226  214.00    9.00    0.00    0.00  223.00    17  50016.00      0.00 5413664  215044   0.66      0.00      4.00      0.00       0  java
04:06:23 PM  1000    234285    0.00    0.00    0.00    0.00    0.00    16    127.00      0.00    2800    1516   0.00      0.00      0.00      0.00       0  sh
04:06:23 PM  1000    234286    0.00    0.00    0.00    0.00    0.00    16    363.00      0.00    9940    3352   0.01      0.00      0.00      0.00       0  cpuUsage.sh
04:06:23 PM  1000    234294    0.00    0.00    0.00    0.00    0.00    19     99.00      0.00    8288    1876   0.01      0.00      0.00      0.00       0  sleep

