Linux 6.12.47+rpt-rpi-v8 (DietPi) 	01/12/26 	_aarch64_	(4 CPU)

# Time        UID       PID    %usr %system  %guest   %wait    %CPU   CPU  minflt/s  majflt/s     VSZ     RSS   %MEM   kB_rd/s   kB_wr/s kB_ccwr/s iodelay  Command

# Time        UID       PID    %usr %system  %guest   %wait    %CPU   CPU  minflt/s  majflt/s     VSZ     RSS   %MEM   kB_rd/s   kB_wr/s kB_ccwr/s iodelay  Command
12:31:34        0       819    0.00    1.00    0.00    0.00    1.00     2      0.00      0.00 4607056  181096  18.50      0.00      0.00      0.00       0  java

# Time        UID       PID    %usr %system  %guest   %wait    %CPU   CPU  minflt/s  majflt/s     VSZ     RSS   %MEM   kB_rd/s   kB_wr/s kB_ccwr/s iodelay  Command

# Time        UID       PID    %usr %system  %guest   %wait    %CPU   CPU  minflt/s  majflt/s     VSZ     RSS   %MEM   kB_rd/s   kB_wr/s kB_ccwr/s iodelay  Command

# Time        UID       PID    %usr %system  %guest   %wait    %CPU   CPU  minflt/s  majflt/s     VSZ     RSS   %MEM   kB_rd/s   kB_wr/s kB_ccwr/s iodelay  Command

# Time        UID       PID    %usr %system  %guest   %wait    %CPU   CPU  minflt/s  majflt/s     VSZ     RSS   %MEM   kB_rd/s   kB_wr/s kB_ccwr/s iodelay  Command

# Time        UID       PID    %usr %system  %guest   %wait    %CPU   CPU  minflt/s  majflt/s     VSZ     RSS   %MEM   kB_rd/s   kB_wr/s kB_ccwr/s iodelay  Command

# Time        UID       PID    %usr %system  %guest   %wait    %CPU   CPU  minflt/s  majflt/s     VSZ     RSS   %MEM   kB_rd/s   kB_wr/s kB_ccwr/s iodelay  Command
12:31:40        0       819    1.00    0.00    0.00    0.00    1.00     2      0.00      0.00 4607056  181096  18.50      0.00      0.00      0.00       0  java

# Time        UID       PID    %usr %system  %guest   %wait    %CPU   CPU  minflt/s  majflt/s     VSZ     RSS   %MEM   kB_rd/s   kB_wr/s kB_ccwr/s iodelay  Command

# Time        UID       PID    %usr %system  %guest   %wait    %CPU   CPU  minflt/s  majflt/s     VSZ     RSS   %MEM   kB_rd/s   kB_wr/s kB_ccwr/s iodelay  Command

# Time        UID       PID    %usr %system  %guest   %wait    %CPU   CPU  minflt/s  majflt/s     VSZ     RSS   %MEM   kB_rd/s   kB_wr/s kB_ccwr/s iodelay  Command
12:31:43        0       819    1.00    0.00    0.00    0.00    1.00     2      1.00      0.00 4607056  181096  18.50      0.00      0.00      0.00       0  java

# Time        UID       PID    %usr %system  %guest   %wait    %CPU   CPU  minflt/s  majflt/s     VSZ     RSS   %MEM   kB_rd/s   kB_wr/s kB_ccwr/s iodelay  Command

# Time        UID       PID    %usr %system  %guest   %wait    %CPU   CPU  minflt/s  majflt/s     VSZ     RSS   %MEM   kB_rd/s   kB_wr/s kB_ccwr/s iodelay  Command

# Time        UID       PID    %usr %system  %guest   %wait    %CPU   CPU  minflt/s  majflt/s     VSZ     RSS   %MEM   kB_rd/s   kB_wr/s kB_ccwr/s iodelay  Command

# Time        UID       PID    %usr %system  %guest   %wait    %CPU   CPU  minflt/s  majflt/s     VSZ     RSS   %MEM   kB_rd/s   kB_wr/s kB_ccwr/s iodelay  Command
12:31:47        0       819    1.00    0.00    0.00    0.00    1.00     2      0.00      0.00 4607056  181096  18.50      0.00      0.00      0.00       0  java

# Time        UID       PID    %usr %system  %guest   %wait    %CPU   CPU  minflt/s  majflt/s     VSZ     RSS   %MEM   kB_rd/s   kB_wr/s kB_ccwr/s iodelay  Command

# Time        UID       PID    %usr %system  %guest   %wait    %CPU   CPU  minflt/s  majflt/s     VSZ     RSS   %MEM   kB_rd/s   kB_wr/s kB_ccwr/s iodelay  Command

# Time        UID       PID    %usr %system  %guest   %wait    %CPU   CPU  minflt/s  majflt/s     VSZ     RSS   %MEM   kB_rd/s   kB_wr/s kB_ccwr/s iodelay  Command

# Time        UID       PID    %usr %system  %guest   %wait    %CPU   CPU  minflt/s  majflt/s     VSZ     RSS   %MEM   kB_rd/s   kB_wr/s kB_ccwr/s iodelay  Command

# Time        UID       PID    %usr %system  %guest   %wait    %CPU   CPU  minflt/s  majflt/s     VSZ     RSS   %MEM   kB_rd/s   kB_wr/s kB_ccwr/s iodelay  Command
12:31:52        0       819    1.00    0.00    0.00    0.00    1.00     2      0.00      0.00 4607056  181096  18.50      0.00      0.00      0.00       0  java

# Time        UID       PID    %usr %system  %guest   %wait    %CPU   CPU  minflt/s  majflt/s     VSZ     RSS   %MEM   kB_rd/s   kB_wr/s kB_ccwr/s iodelay  Command

# Time        UID       PID    %usr %system  %guest   %wait    %CPU   CPU  minflt/s  majflt/s     VSZ     RSS   %MEM   kB_rd/s   kB_wr/s kB_ccwr/s iodelay  Command
12:31:54        0       819   62.00    2.00    0.00    0.00   64.00     2     59.00      0.00 4609096  181352  18.53      4.00     44.00      0.00       0  java
12:31:54        0      1805   50.00    7.00    0.00    0.00   57.00     3   2705.00      0.00 2635324   28592   2.92      4.00      0.00      0.00       0  java

# Time        UID       PID    %usr %system  %guest   %wait    %CPU   CPU  minflt/s  majflt/s     VSZ     RSS   %MEM   kB_rd/s   kB_wr/s kB_ccwr/s iodelay  Command
12:31:55        0      1805  147.00    7.00    0.00    0.00  154.00     3   2130.00      0.00 2770804   39728   4.06     48.00      0.00      0.00       0  java

# Time        UID       PID    %usr %system  %guest   %wait    %CPU   CPU  minflt/s  majflt/s     VSZ     RSS   %MEM   kB_rd/s   kB_wr/s kB_ccwr/s iodelay  Command
12:31:56        0      1805  112.00   11.00    0.00    0.00  123.00     3   2993.00      0.00 2770804   52316   5.34   6660.00      0.00      0.00       0  java

# Time        UID       PID    %usr %system  %guest   %wait    %CPU   CPU  minflt/s  majflt/s     VSZ     RSS   %MEM   kB_rd/s   kB_wr/s kB_ccwr/s iodelay  Command
12:31:57        0       819    0.00    1.00    0.00    0.00    1.00     2      0.00      0.00 4609096  181352  18.53      0.00      0.00      0.00       0  java
12:31:57        0      1805  109.00   16.00    0.00    0.00  125.00     3   2848.00      0.00 2770804   62648   6.40   8780.00      0.00      0.00       0  java

# Time        UID       PID    %usr %system  %guest   %wait    %CPU   CPU  minflt/s  majflt/s     VSZ     RSS   %MEM   kB_rd/s   kB_wr/s kB_ccwr/s iodelay  Command
12:31:58        0       819    1.00    1.00    0.00    0.00    2.00     2      1.00      0.00 4609096  181480  18.54      0.00      0.00      0.00       0  java
12:31:58        0      1805  182.00   13.00    0.00    0.00  195.00     3   3930.00      0.00 2771104   76924   7.86   6408.00      0.00      0.00       0  java

# Time        UID       PID    %usr %system  %guest   %wait    %CPU   CPU  minflt/s  majflt/s     VSZ     RSS   %MEM   kB_rd/s   kB_wr/s kB_ccwr/s iodelay  Command
12:31:59        0      1805  205.00   10.00    0.00    0.00  215.00     3   1412.00      0.00 2770804   80824   8.26   1148.00      0.00      0.00       0  java

# Time        UID       PID    %usr %system  %guest   %wait    %CPU   CPU  minflt/s  majflt/s     VSZ     RSS   %MEM   kB_rd/s   kB_wr/s kB_ccwr/s iodelay  Command
12:32:00        0       819    1.00    0.00    0.00    0.00    1.00     2      0.00      0.00 4609096  181480  18.54      0.00      0.00      0.00       0  java
12:32:00        0      1805  184.00    6.00    0.00    0.00  190.00     3   1542.00      0.00 2770804   85212   8.70   1024.00      0.00      0.00       0  java

# Time        UID       PID    %usr %system  %guest   %wait    %CPU   CPU  minflt/s  majflt/s     VSZ     RSS   %MEM   kB_rd/s   kB_wr/s kB_ccwr/s iodelay  Command
12:32:01        0      1805  162.00    8.00    0.00    0.00  170.00     3   1047.00      0.00 2770804   89752   9.17   1316.00      0.00      0.00       0  java

# Time        UID       PID    %usr %system  %guest   %wait    %CPU   CPU  minflt/s  majflt/s     VSZ     RSS   %MEM   kB_rd/s   kB_wr/s kB_ccwr/s iodelay  Command
12:32:02        0      1805  162.00    3.00    0.00    0.00  165.00     3    714.00      0.00 2770804   92696   9.47    736.00      0.00      0.00       0  java

# Time        UID       PID    %usr %system  %guest   %wait    %CPU   CPU  minflt/s  majflt/s     VSZ     RSS   %MEM   kB_rd/s   kB_wr/s kB_ccwr/s iodelay  Command
12:32:03        0      1805  189.00    7.00    0.00    0.00  196.00     3    726.00      0.00 2770804   95768   9.78    440.00      0.00      0.00       0  java

# Time        UID       PID    %usr %system  %guest   %wait    %CPU   CPU  minflt/s  majflt/s     VSZ     RSS   %MEM   kB_rd/s   kB_wr/s kB_ccwr/s iodelay  Command
12:32:04        0       819    1.00    0.00    0.00    0.00    1.00     2      0.00      0.00 4609096  181480  18.54      0.00      0.00      0.00       0  java
12:32:04        0      1805  148.00    6.00    0.00    0.00  154.00     3    791.00      0.00 2770804   99096  10.12   1544.00      0.00      0.00       0  java

# Time        UID       PID    %usr %system  %guest   %wait    %CPU   CPU  minflt/s  majflt/s     VSZ     RSS   %MEM   kB_rd/s   kB_wr/s kB_ccwr/s iodelay  Command
12:32:05        0      1805  166.00    4.00    0.00    0.00  170.00     3    834.00      0.00 2771068  103424  10.57    200.00      0.00      0.00       0  java

# Time        UID       PID    %usr %system  %guest   %wait    %CPU   CPU  minflt/s  majflt/s     VSZ     RSS   %MEM   kB_rd/s   kB_wr/s kB_ccwr/s iodelay  Command
12:32:06        0      1805  184.00    9.00    0.00    0.00  193.00     3   1109.00      0.00 2771068  108220  11.06    816.00      0.00      0.00       0  java

# Time        UID       PID    %usr %system  %guest   %wait    %CPU   CPU  minflt/s  majflt/s     VSZ     RSS   %MEM   kB_rd/s   kB_wr/s kB_ccwr/s iodelay  Command
12:32:07        0       819    0.00    1.00    0.00    0.00    1.00     2      0.00      0.00 4609096  181480  18.54      0.00      0.00      0.00       0  java
12:32:07        0      1805  180.00    6.00    0.00    0.00  186.00     3    825.00      0.00 2771068  111784  11.42    324.00      0.00      0.00       0  java

# Time        UID       PID    %usr %system  %guest   %wait    %CPU   CPU  minflt/s  majflt/s     VSZ     RSS   %MEM   kB_rd/s   kB_wr/s kB_ccwr/s iodelay  Command

# Time        UID       PID    %usr %system  %guest   %wait    %CPU   CPU  minflt/s  majflt/s     VSZ     RSS   %MEM   kB_rd/s   kB_wr/s kB_ccwr/s iodelay  Command
12:32:09        0      1805   76.00    2.00    0.00    0.00   78.00     3    645.00      0.00 2771068  114344  11.68     32.00      0.00      0.00       0  java

# Time        UID       PID    %usr %system  %guest   %wait    %CPU   CPU  minflt/s  majflt/s     VSZ     RSS   %MEM   kB_rd/s   kB_wr/s kB_ccwr/s iodelay  Command
12:32:10        0      1805  201.00    3.00    0.00    0.00  204.00     3   1305.00      0.00 2771068  119764  12.23     56.00      0.00      0.00       0  java

# Time        UID       PID    %usr %system  %guest   %wait    %CPU   CPU  minflt/s  majflt/s     VSZ     RSS   %MEM   kB_rd/s   kB_wr/s kB_ccwr/s iodelay  Command
12:32:11        0      1805  158.00    5.00    0.00    0.00  163.00     3    464.00      0.00 2771068  121684  12.43    208.00      0.00      0.00       0  java

# Time        UID       PID    %usr %system  %guest   %wait    %CPU   CPU  minflt/s  majflt/s     VSZ     RSS   %MEM   kB_rd/s   kB_wr/s kB_ccwr/s iodelay  Command
12:32:12        0       819    1.00    0.00    0.00    0.00    1.00     2      0.00      0.00 4609096  181480  18.54      0.00      0.00      0.00       0  java
12:32:12        0      1805  161.00    9.00    0.00    0.00  170.00     3   1268.00      0.00 2771200  126860  12.96   1172.00      0.00      0.00       0  java

# Time        UID       PID    %usr %system  %guest   %wait    %CPU   CPU  minflt/s  majflt/s     VSZ     RSS   %MEM   kB_rd/s   kB_wr/s kB_ccwr/s iodelay  Command
12:32:13        0       819    1.00    0.00    0.00    0.00    1.00     2      0.00      0.00 4609096  181480  18.54      0.00      0.00      0.00       0  java
12:32:13        0      1805  203.00    5.00    0.00    0.00  208.00     3    642.00      0.00 2771200  129420  13.22    648.00      0.00      0.00       0  java

# Time        UID       PID    %usr %system  %guest   %wait    %CPU   CPU  minflt/s  majflt/s     VSZ     RSS   %MEM   kB_rd/s   kB_wr/s kB_ccwr/s iodelay  Command
12:32:14        0      1805  203.00    5.00    0.00    0.00  208.00     3   1188.00      0.00 2904480  134456  13.74    612.00      0.00      0.00       0  java

# Time        UID       PID    %usr %system  %guest   %wait    %CPU   CPU  minflt/s  majflt/s     VSZ     RSS   %MEM   kB_rd/s   kB_wr/s kB_ccwr/s iodelay  Command
12:32:15        0       819    1.00    1.00    0.00    0.00    2.00     2      1.00      0.00 4609096  181480  18.54      0.00      0.00      0.00       0  java
12:32:15        0      1805  201.00    6.00    0.00    0.00  207.00     3    435.00      0.00 2904612  134416  13.73    644.00      0.00      0.00       0  java

# Time        UID       PID    %usr %system  %guest   %wait    %CPU   CPU  minflt/s  majflt/s     VSZ     RSS   %MEM   kB_rd/s   kB_wr/s kB_ccwr/s iodelay  Command
12:32:16        0       819    1.00    0.00    0.00    0.00    1.00     2      0.00      0.00 4609096  181480  18.54      0.00      0.00      0.00       0  java
12:32:16        0      1805  193.00    5.00    0.00    0.00  198.00     3    595.00      0.00 2904612  136720  13.97    760.00      0.00      0.00       0  java

# Time        UID       PID    %usr %system  %guest   %wait    %CPU   CPU  minflt/s  majflt/s     VSZ     RSS   %MEM   kB_rd/s   kB_wr/s kB_ccwr/s iodelay  Command
12:32:17        0      1805  142.00    8.00    0.00    0.00  150.00     3    881.00      0.00 2904612  140340  14.34    676.00      0.00      0.00       0  java

# Time        UID       PID    %usr %system  %guest   %wait    %CPU   CPU  minflt/s  majflt/s     VSZ     RSS   %MEM   kB_rd/s   kB_wr/s kB_ccwr/s iodelay  Command
12:32:18        0      1805  173.27    5.94    0.00    0.00  179.21     3    688.12      0.00 2972320  143592  14.67    257.43      0.00      0.00       0  java

# Time        UID       PID    %usr %system  %guest   %wait    %CPU   CPU  minflt/s  majflt/s     VSZ     RSS   %MEM   kB_rd/s   kB_wr/s kB_ccwr/s iodelay  Command
12:32:19        0      1805  185.00    6.00    0.00    0.00  191.00     3   1079.00      0.00 3043996  148076  15.13    220.00      0.00      0.00       0  java

# Time        UID       PID    %usr %system  %guest   %wait    %CPU   CPU  minflt/s  majflt/s     VSZ     RSS   %MEM   kB_rd/s   kB_wr/s kB_ccwr/s iodelay  Command
12:32:20        0      1805  208.00    4.00    0.00    0.00  212.00     3    804.00      0.00 3179148  151404  15.47     12.00      0.00      0.00       0  java

# Time        UID       PID    %usr %system  %guest   %wait    %CPU   CPU  minflt/s  majflt/s     VSZ     RSS   %MEM   kB_rd/s   kB_wr/s kB_ccwr/s iodelay  Command
12:32:21        0       819    1.00    0.00    0.00    0.00    1.00     2      0.00      0.00 4609096  181480  18.54      0.00      4.00      0.00       0  java
12:32:21        0      1805  121.00    9.00    0.00    0.00  130.00     3    594.00      0.00 3318400  153708  15.70    988.00      0.00      0.00       0  java

# Time        UID       PID    %usr %system  %guest   %wait    %CPU   CPU  minflt/s  majflt/s     VSZ     RSS   %MEM   kB_rd/s   kB_wr/s kB_ccwr/s iodelay  Command
12:32:22        0      1805  200.00    7.00    0.00    0.00  207.00     3   1198.00      0.00 3318400  158444  16.19    708.00      0.00      0.00       0  java

# Time        UID       PID    %usr %system  %guest   %wait    %CPU   CPU  minflt/s  majflt/s     VSZ     RSS   %MEM   kB_rd/s   kB_wr/s kB_ccwr/s iodelay  Command
12:32:23        0       819    0.00    1.00    0.00    0.00    1.00     2      0.00      0.00 4609096  181480  18.54      0.00      0.00      0.00       0  java
12:32:23        0      1805  103.00    6.00    0.00    0.00  109.00     3    977.00      0.00 3318400  162412  16.59    748.00      0.00      0.00       0  java

# Time        UID       PID    %usr %system  %guest   %wait    %CPU   CPU  minflt/s  majflt/s     VSZ     RSS   %MEM   kB_rd/s   kB_wr/s kB_ccwr/s iodelay  Command
12:32:24        0       819    6.00    1.00    0.00    0.00    7.00     2     33.00      0.00 4615236  181608  18.55      0.00      4.00      0.00       0  java
12:32:24        0      1805  195.00    6.00    0.00    0.00  201.00     3    547.00      0.00 3656280  164716  16.83    380.00      0.00      0.00       0  java

# Time        UID       PID    %usr %system  %guest   %wait    %CPU   CPU  minflt/s  majflt/s     VSZ     RSS   %MEM   kB_rd/s   kB_wr/s kB_ccwr/s iodelay  Command
12:32:25        0      1805  213.00    5.00    0.00    0.00  218.00     3    637.00      0.00 3656280  167828  17.14    188.00      0.00      0.00       0  java

# Time        UID       PID    %usr %system  %guest   %wait    %CPU   CPU  minflt/s  majflt/s     VSZ     RSS   %MEM   kB_rd/s   kB_wr/s kB_ccwr/s iodelay  Command
12:32:26        0       819    3.00    0.00    0.00    0.00    3.00     2      2.00      0.00 4615236  181608  18.55      0.00      0.00      0.00       0  java
12:32:26        0      1805  223.00    5.00    0.00    0.00  228.00     3   1381.00      0.00 3723856  173204  17.69    176.00      0.00      0.00       0  java

# Time        UID       PID    %usr %system  %guest   %wait    %CPU   CPU  minflt/s  majflt/s     VSZ     RSS   %MEM   kB_rd/s   kB_wr/s kB_ccwr/s iodelay  Command
12:32:27        0       819    0.00    1.00    0.00    0.00    1.00     2      0.00      0.00 4615236  181608  18.55      0.00      4.00      0.00       0  java
12:32:27        0      1805  219.00   11.00    0.00    0.00  230.00     3   2572.00      0.00 4063776  180228  18.41    364.00      0.00      0.00       0  java

# Time        UID       PID    %usr %system  %guest   %wait    %CPU   CPU  minflt/s  majflt/s     VSZ     RSS   %MEM   kB_rd/s   kB_wr/s kB_ccwr/s iodelay  Command
12:32:28        0       819    1.00    1.00    0.00    0.00    2.00     2      1.00      0.00 4615236  181608  18.55      0.00      0.00      0.00       0  java
12:32:28        0      1805   99.00    1.00    0.00    0.00  100.00     3   1243.00      0.00 4063776  182348  18.63      0.00      0.00      0.00       0  java

# Time        UID       PID    %usr %system  %guest   %wait    %CPU   CPU  minflt/s  majflt/s     VSZ     RSS   %MEM   kB_rd/s   kB_wr/s kB_ccwr/s iodelay  Command
12:32:29        0      1805   23.00    1.00    0.00    0.00   24.00     3     25.00      0.00 4063776  179572  18.34      0.00      0.00      0.00       0  java

# Time        UID       PID    %usr %system  %guest   %wait    %CPU   CPU  minflt/s  majflt/s     VSZ     RSS   %MEM   kB_rd/s   kB_wr/s kB_ccwr/s iodelay  Command
12:32:30        0      1805    2.00    1.00    0.00    0.00    3.00     3     26.00      0.00 4063776  179700  18.36     16.00      0.00      0.00       0  java

# Time        UID       PID    %usr %system  %guest   %wait    %CPU   CPU  minflt/s  majflt/s     VSZ     RSS   %MEM   kB_rd/s   kB_wr/s kB_ccwr/s iodelay  Command
12:32:31        0      1805    1.00    0.00    0.00    0.00    1.00     3      0.00      0.00 4063776  179700  18.36      0.00      0.00      0.00       0  java

# Time        UID       PID    %usr %system  %guest   %wait    %CPU   CPU  minflt/s  majflt/s     VSZ     RSS   %MEM   kB_rd/s   kB_wr/s kB_ccwr/s iodelay  Command

# Time        UID       PID    %usr %system  %guest   %wait    %CPU   CPU  minflt/s  majflt/s     VSZ     RSS   %MEM   kB_rd/s   kB_wr/s kB_ccwr/s iodelay  Command

# Time        UID       PID    %usr %system  %guest   %wait    %CPU   CPU  minflt/s  majflt/s     VSZ     RSS   %MEM   kB_rd/s   kB_wr/s kB_ccwr/s iodelay  Command
12:32:34        0      1805    0.00    0.00    0.00    0.00    0.00     3      0.00      0.00 4063776  179700  18.36     16.00      0.00      0.00       0  java

# Time        UID       PID    %usr %system  %guest   %wait    %CPU   CPU  minflt/s  majflt/s     VSZ     RSS   %MEM   kB_rd/s   kB_wr/s kB_ccwr/s iodelay  Command

# Time        UID       PID    %usr %system  %guest   %wait    %CPU   CPU  minflt/s  majflt/s     VSZ     RSS   %MEM   kB_rd/s   kB_wr/s kB_ccwr/s iodelay  Command
12:32:36        0      1805  130.69    9.90    0.00    0.00  140.59     3    662.38      0.00 4064060  182260  18.62    423.76      0.00      0.00       0  java

# Time        UID       PID    %usr %system  %guest   %wait    %CPU   CPU  minflt/s  majflt/s     VSZ     RSS   %MEM   kB_rd/s   kB_wr/s kB_ccwr/s iodelay  Command
12:32:37        0       819    0.00    0.00    0.00    0.00    0.00     2      0.00      0.00 4615236  181608  18.55      0.00      4.00      0.00       0  java
12:32:37        0      1805  234.00    7.00    0.00    0.00  241.00     3    869.00      0.00 4064060  185588  18.96    328.00      0.00      0.00       0  java

# Time        UID       PID    %usr %system  %guest   %wait    %CPU   CPU  minflt/s  majflt/s     VSZ     RSS   %MEM   kB_rd/s   kB_wr/s kB_ccwr/s iodelay  Command
12:32:38        0       819    1.00    0.00    0.00    0.00    1.00     2      0.00      0.00 4615236  181608  18.55      0.00      0.00      0.00       0  java
12:32:38        0      1805  189.00    3.00    0.00    0.00  192.00     3    465.00      0.00 4070340  187636  19.17    532.00      0.00      0.00       0  java

# Time        UID       PID    %usr %system  %guest   %wait    %CPU   CPU  minflt/s  majflt/s     VSZ     RSS   %MEM   kB_rd/s   kB_wr/s kB_ccwr/s iodelay  Command
12:32:39        0       819    0.00    0.99    0.00    0.00    0.99     2      0.00      0.00 4615236  181608  18.55      0.00      0.00      0.00       0  java
12:32:39        0      1805  193.07    5.94    0.00    0.00  199.01     3    852.48      0.00 4070612  191092  19.52    756.44      0.00      0.00       0  java

# Time        UID       PID    %usr %system  %guest   %wait    %CPU   CPU  minflt/s  majflt/s     VSZ     RSS   %MEM   kB_rd/s   kB_wr/s kB_ccwr/s iodelay  Command
12:32:40        0      1805  200.00    9.00    0.00    0.00  209.00     3   2043.00      0.00 4071872  195256  19.95   1964.00      0.00      0.00       0  java

# Time        UID       PID    %usr %system  %guest   %wait    %CPU   CPU  minflt/s  majflt/s     VSZ     RSS   %MEM   kB_rd/s   kB_wr/s kB_ccwr/s iodelay  Command
12:32:41        0      1805  313.00   13.00    0.00    0.00  326.00     3   1968.00      0.00 4072460  202936  20.73    628.00      0.00      0.00       0  java

# Time        UID       PID    %usr %system  %guest   %wait    %CPU   CPU  minflt/s  majflt/s     VSZ     RSS   %MEM   kB_rd/s   kB_wr/s kB_ccwr/s iodelay  Command
12:32:42        0      1805  271.00   10.00    0.00    0.00  281.00     3    935.00      0.00 4072724  204384  20.88   1780.00      0.00      0.00       0  java

# Time        UID       PID    %usr %system  %guest   %wait    %CPU   CPU  minflt/s  majflt/s     VSZ     RSS   %MEM   kB_rd/s   kB_wr/s kB_ccwr/s iodelay  Command
12:32:43        0       819    1.00    1.00    0.00    0.00    2.00     2      0.00      0.00 4615236  181608  18.55      0.00      0.00      0.00       0  java
12:32:43        0      1805  228.00    9.00    0.00    0.00  237.00     3   1235.00      0.00 4072724  209248  21.38   1016.00      0.00      0.00       0  java

# Time        UID       PID    %usr %system  %guest   %wait    %CPU   CPU  minflt/s  majflt/s     VSZ     RSS   %MEM   kB_rd/s   kB_wr/s kB_ccwr/s iodelay  Command
12:32:44        0       819    1.00    0.00    0.00    0.00    1.00     2      0.00      0.00 4615236  181608  18.55      0.00      0.00      0.00       0  java
12:32:44        0      1805  245.00    5.00    0.00    0.00  250.00     3    328.00      0.00 4072856  210528  21.51    320.00      0.00      0.00       0  java

# Time        UID       PID    %usr %system  %guest   %wait    %CPU   CPU  minflt/s  majflt/s     VSZ     RSS   %MEM   kB_rd/s   kB_wr/s kB_ccwr/s iodelay  Command
12:32:45        0      1805  229.00    6.00    0.00    0.00  235.00     3    533.00      0.00 4076936  213256  21.79    176.00      0.00      0.00       0  java

# Time        UID       PID    %usr %system  %guest   %wait    %CPU   CPU  minflt/s  majflt/s     VSZ     RSS   %MEM   kB_rd/s   kB_wr/s kB_ccwr/s iodelay  Command
12:32:46        0      1805  265.00    9.00    0.00    0.00  274.00     3    500.00      0.00 4076936  215176  21.98    896.00      0.00      0.00       0  java

# Time        UID       PID    %usr %system  %guest   %wait    %CPU   CPU  minflt/s  majflt/s     VSZ     RSS   %MEM   kB_rd/s   kB_wr/s kB_ccwr/s iodelay  Command
12:32:47        0       819    1.00    0.00    0.00    0.00    1.00     2      0.00      0.00 4615236  181608  18.55      0.00      0.00      0.00       0  java
12:32:47        0      1805  197.00    6.00    0.00    0.00  203.00     3    841.00      0.00 4076936  218504  22.32    224.00      0.00      0.00       0  java

# Time        UID       PID    %usr %system  %guest   %wait    %CPU   CPU  minflt/s  majflt/s     VSZ     RSS   %MEM   kB_rd/s   kB_wr/s kB_ccwr/s iodelay  Command
12:32:48        0      1805  208.00   14.00    0.00    0.00  222.00     3    605.00      0.00 4076936  220808  22.56    848.00      0.00      0.00       0  java

# Time        UID       PID    %usr %system  %guest   %wait    %CPU   CPU  minflt/s  majflt/s     VSZ     RSS   %MEM   kB_rd/s   kB_wr/s kB_ccwr/s iodelay  Command
12:32:49        0      1805  303.00   10.00    0.00    0.00  313.00     3    581.00      0.00 4076936  222984  22.78    336.00      0.00      0.00       0  java

# Time        UID       PID    %usr %system  %guest   %wait    %CPU   CPU  minflt/s  majflt/s     VSZ     RSS   %MEM   kB_rd/s   kB_wr/s kB_ccwr/s iodelay  Command
12:32:50        0       819    1.00    0.00    0.00    0.00    1.00     2      0.00      0.00 4615236  181608  18.55      0.00      4.00      0.00       0  java
12:32:50        0      1805  262.00   10.00    0.00    0.00  272.00     3   1942.00      0.00 4076936  230536  23.55    252.00      0.00      0.00       0  java

# Time        UID       PID    %usr %system  %guest   %wait    %CPU   CPU  minflt/s  majflt/s     VSZ     RSS   %MEM   kB_rd/s   kB_wr/s kB_ccwr/s iodelay  Command
12:32:51        0      1805  236.00    3.00    0.00    0.00  239.00     3    567.00      0.00 4076936  232840  23.79      4.00      0.00      0.00       0  java

# Time        UID       PID    %usr %system  %guest   %wait    %CPU   CPU  minflt/s  majflt/s     VSZ     RSS   %MEM   kB_rd/s   kB_wr/s kB_ccwr/s iodelay  Command
12:32:52        0      1805  263.00    8.00    0.00    0.00  271.00     3    577.00      0.00 4076936  235016  24.01    616.00      0.00      0.00       0  java

# Time        UID       PID    %usr %system  %guest   %wait    %CPU   CPU  minflt/s  majflt/s     VSZ     RSS   %MEM   kB_rd/s   kB_wr/s kB_ccwr/s iodelay  Command
12:32:53        0       819    1.00    0.00    0.00    0.00    1.00     2      0.00      0.00 4615236  181608  18.55      0.00      0.00      0.00       0  java
12:32:53        0      1805  195.00    4.00    0.00    0.00  199.00     3    482.00      0.00 4076936  236808  24.19    160.00      0.00      0.00       0  java

# Time        UID       PID    %usr %system  %guest   %wait    %CPU   CPU  minflt/s  majflt/s     VSZ     RSS   %MEM   kB_rd/s   kB_wr/s kB_ccwr/s iodelay  Command
12:32:54        0      1805  217.00    2.00    0.00    0.00  219.00     3    449.00      0.00 4076936  238728  24.39     28.00      0.00      0.00       0  java

# Time        UID       PID    %usr %system  %guest   %wait    %CPU   CPU  minflt/s  majflt/s     VSZ     RSS   %MEM   kB_rd/s   kB_wr/s kB_ccwr/s iodelay  Command
12:32:55        0       819    1.00    0.00    0.00    0.00    1.00     2      0.00      0.00 4615236  181608  18.55      0.00      0.00      0.00       0  java
12:32:55        0      1805  274.00    6.00    0.00    0.00  280.00     3    339.00      0.00 4076936  240008  24.52    432.00      0.00      0.00       0  java

# Time        UID       PID    %usr %system  %guest   %wait    %CPU   CPU  minflt/s  majflt/s     VSZ     RSS   %MEM   kB_rd/s   kB_wr/s kB_ccwr/s iodelay  Command
12:32:56        0      1805  217.00   10.00    0.00    0.00  227.00     3    380.00      0.00 4076936  239100  24.43   1060.00      0.00      0.00       0  java

# Time        UID       PID    %usr %system  %guest   %wait    %CPU   CPU  minflt/s  majflt/s     VSZ     RSS   %MEM   kB_rd/s   kB_wr/s kB_ccwr/s iodelay  Command
12:32:57        0      1805  307.00   11.00    0.00    0.00  318.00     3   1180.00      0.00 4142472  243840  24.91    316.00      0.00      0.00       0  java

# Time        UID       PID    %usr %system  %guest   %wait    %CPU   CPU  minflt/s  majflt/s     VSZ     RSS   %MEM   kB_rd/s   kB_wr/s kB_ccwr/s iodelay  Command
12:32:58        0       819    4.00    1.00    0.00    0.00    5.00     2      5.00      0.00 4615236  181608  18.55      0.00      0.00      0.00       0  java
12:32:58        0      1805  389.00    3.00    0.00    0.00  392.00     3    167.00      0.00 4142472  244352  24.96    128.00      0.00      0.00       0  java

# Time        UID       PID    %usr %system  %guest   %wait    %CPU   CPU  minflt/s  majflt/s     VSZ     RSS   %MEM   kB_rd/s   kB_wr/s kB_ccwr/s iodelay  Command
12:32:59        0      1805  359.00    4.00    0.00    0.00  363.00     3   2925.00      0.00 4142472  256128  26.17    256.00      0.00      0.00       0  java

# Time        UID       PID    %usr %system  %guest   %wait    %CPU   CPU  minflt/s  majflt/s     VSZ     RSS   %MEM   kB_rd/s   kB_wr/s kB_ccwr/s iodelay  Command
12:33:00        0       819    1.00    0.00    0.00    0.00    1.00     2      0.00      0.00 4615236  181608  18.55      0.00      0.00      0.00       0  java
12:33:00        0      1805  363.00    2.00    0.00    0.00  365.00     3    703.00      0.00 4142472  258944  26.45    512.00      0.00      0.00       0  java

# Time        UID       PID    %usr %system  %guest   %wait    %CPU   CPU  minflt/s  majflt/s     VSZ     RSS   %MEM   kB_rd/s   kB_wr/s kB_ccwr/s iodelay  Command
12:33:01        0      1805  266.00    1.00    0.00    0.00  267.00     3     26.00      0.00 4142472  259072  26.47    512.00      0.00      0.00       0  java

# Time        UID       PID    %usr %system  %guest   %wait    %CPU   CPU  minflt/s  majflt/s     VSZ     RSS   %MEM   kB_rd/s   kB_wr/s kB_ccwr/s iodelay  Command
12:33:02        0      1805  376.00   11.00    0.00    0.00  387.00     3   2230.00      0.00 4142472  268032  27.38    768.00      0.00      0.00       0  java

# Time        UID       PID    %usr %system  %guest   %wait    %CPU   CPU  minflt/s  majflt/s     VSZ     RSS   %MEM   kB_rd/s   kB_wr/s kB_ccwr/s iodelay  Command
12:33:03        0       819    1.00    0.00    0.00    0.00    1.00     2      0.00      0.00 4615236  181608  18.55      0.00      0.00      0.00       0  java
12:33:03        0      1805  389.00    5.00    0.00    0.00  394.00     3      0.00      0.00 4142472  268032  27.38   1152.00      0.00      0.00       0  java

# Time        UID       PID    %usr %system  %guest   %wait    %CPU   CPU  minflt/s  majflt/s     VSZ     RSS   %MEM   kB_rd/s   kB_wr/s kB_ccwr/s iodelay  Command
12:33:04        0       819    0.00    1.00    0.00    0.00    1.00     2      0.00      0.00 4615236  181608  18.55      0.00      0.00      0.00       0  java
12:33:04        0      1805  389.00    1.00    0.00    0.00  390.00     3     42.00      0.00 4142472  268288  27.41   1280.00      0.00      0.00       0  java

# Time        UID       PID    %usr %system  %guest   %wait    %CPU   CPU  minflt/s  majflt/s     VSZ     RSS   %MEM   kB_rd/s   kB_wr/s kB_ccwr/s iodelay  Command
12:33:05        0      1805  150.00    1.00    0.00    0.00  151.00     3     19.00      0.00 4142472  268288  27.41    512.00      0.00      0.00       0  java

# Time        UID       PID    %usr %system  %guest   %wait    %CPU   CPU  minflt/s  majflt/s     VSZ     RSS   %MEM   kB_rd/s   kB_wr/s kB_ccwr/s iodelay  Command
12:33:06        0      1805  101.00    0.00    0.00    0.00  101.00     3     10.00      0.00 4142472  268416  27.42      0.00      0.00      0.00       0  java

# Time        UID       PID    %usr %system  %guest   %wait    %CPU   CPU  minflt/s  majflt/s     VSZ     RSS   %MEM   kB_rd/s   kB_wr/s kB_ccwr/s iodelay  Command
12:33:07        0      1805  100.00    0.00    0.00    0.00  100.00     3     21.78      0.00 4142472  268416  27.42    126.73      0.00      0.00       0  java

# Time        UID       PID    %usr %system  %guest   %wait    %CPU   CPU  minflt/s  majflt/s     VSZ     RSS   %MEM   kB_rd/s   kB_wr/s kB_ccwr/s iodelay  Command
12:33:08        0      1805  100.00    0.00    0.00    0.00  100.00     3     16.00      0.00 4142472  268544  27.43      0.00      0.00      0.00       0  java

# Time        UID       PID    %usr %system  %guest   %wait    %CPU   CPU  minflt/s  majflt/s     VSZ     RSS   %MEM   kB_rd/s   kB_wr/s kB_ccwr/s iodelay  Command
12:33:09        0       819    1.00    1.00    0.00    0.00    2.00     2      0.00      0.00 4615236  181608  18.55      0.00      0.00      0.00       0  java
12:33:09        0      1805  125.00    1.00    0.00    0.00  126.00     3     14.00      0.00 4142472  268544  27.43    384.00      0.00      0.00       0  java

# Time        UID       PID    %usr %system  %guest   %wait    %CPU   CPU  minflt/s  majflt/s     VSZ     RSS   %MEM   kB_rd/s   kB_wr/s kB_ccwr/s iodelay  Command
12:33:10        0      1805   36.00    0.00    0.00    0.00   36.00     3      7.00      0.00 4142472  268544  27.43      0.00      0.00      0.00       0  java

# Time        UID       PID    %usr %system  %guest   %wait    %CPU   CPU  minflt/s  majflt/s     VSZ     RSS   %MEM   kB_rd/s   kB_wr/s kB_ccwr/s iodelay  Command
12:33:11        0      1805  188.00    5.00    0.00    0.00  193.00     3      7.00      0.00 4142472  268544  27.43   2944.00      0.00      0.00       0  java

# Time        UID       PID    %usr %system  %guest   %wait    %CPU   CPU  minflt/s  majflt/s     VSZ     RSS   %MEM   kB_rd/s   kB_wr/s kB_ccwr/s iodelay  Command
12:33:12        0      1805  363.00   10.00    0.00    0.00  373.00     3      8.00      0.00 4142472  268544  27.43   8064.00      0.00      0.00       0  java

# Time        UID       PID    %usr %system  %guest   %wait    %CPU   CPU  minflt/s  majflt/s     VSZ     RSS   %MEM   kB_rd/s   kB_wr/s kB_ccwr/s iodelay  Command
12:33:13        0       819    2.00    0.00    0.00    0.00    2.00     2      2.00      0.00 4615236  181608  18.55      0.00      0.00      0.00       0  java
12:33:13        0      1805  344.00   14.00    0.00    0.00  358.00     3      5.00      0.00 4142472  268544  27.43   8192.00      0.00      0.00       0  java

# Time        UID       PID    %usr %system  %guest   %wait    %CPU   CPU  minflt/s  majflt/s     VSZ     RSS   %MEM   kB_rd/s   kB_wr/s kB_ccwr/s iodelay  Command
12:33:14        0      1805  355.00   13.00    0.00    0.00  368.00     3     11.00      0.00 4142472  268672  27.45   8576.00      0.00      0.00       0  java

# Time        UID       PID    %usr %system  %guest   %wait    %CPU   CPU  minflt/s  majflt/s     VSZ     RSS   %MEM   kB_rd/s   kB_wr/s kB_ccwr/s iodelay  Command
12:33:15        0      1805  359.00   13.00    0.00    0.00  372.00     3      7.00      0.00 4142472  268672  27.45   8960.00      0.00      0.00       0  java

# Time        UID       PID    %usr %system  %guest   %wait    %CPU   CPU  minflt/s  majflt/s     VSZ     RSS   %MEM   kB_rd/s   kB_wr/s kB_ccwr/s iodelay  Command
12:33:16        0       819    1.00    0.00    0.00    0.00    1.00     2      0.00      0.00 4615236  181608  18.55      0.00      0.00      0.00       0  java
12:33:16        0      1805  351.00   10.00    0.00    0.00  361.00     3      0.00      0.00 4142472  268672  27.45   9216.00      0.00      0.00       0  java

# Time        UID       PID    %usr %system  %guest   %wait    %CPU   CPU  minflt/s  majflt/s     VSZ     RSS   %MEM   kB_rd/s   kB_wr/s kB_ccwr/s iodelay  Command
12:33:17        0      1805  353.00   11.00    0.00    0.00  364.00     3      1.00      0.00 4142472  268672  27.45   9344.00      0.00      0.00       0  java

# Time        UID       PID    %usr %system  %guest   %wait    %CPU   CPU  minflt/s  majflt/s     VSZ     RSS   %MEM   kB_rd/s   kB_wr/s kB_ccwr/s iodelay  Command
12:33:18        0      1805  349.50   13.86    0.00    0.00  363.37     3      0.00      0.00 4142472  268672  27.45   9631.68      0.00      0.00       0  java

# Time        UID       PID    %usr %system  %guest   %wait    %CPU   CPU  minflt/s  majflt/s     VSZ     RSS   %MEM   kB_rd/s   kB_wr/s kB_ccwr/s iodelay  Command
12:33:19        0       819    0.00    1.00    0.00    0.00    1.00     2      0.00      0.00 4615236  181608  18.55      0.00      0.00      0.00       0  java
12:33:19        0      1805  358.00   13.00    0.00    0.00  371.00     3      0.00      0.00 4142472  268672  27.45   9600.00      0.00      0.00       0  java

# Time        UID       PID    %usr %system  %guest   %wait    %CPU   CPU  minflt/s  majflt/s     VSZ     RSS   %MEM   kB_rd/s   kB_wr/s kB_ccwr/s iodelay  Command
12:33:20        0       819    1.00    0.00    0.00    0.00    1.00     2      0.00      0.00 4615236  181608  18.55      0.00      0.00      0.00       0  java
12:33:20        0      1805  354.00   14.00    0.00    0.00  368.00     3      2.00      0.00 4142472  268672  27.45   9344.00      0.00      0.00       0  java

# Time        UID       PID    %usr %system  %guest   %wait    %CPU   CPU  minflt/s  majflt/s     VSZ     RSS   %MEM   kB_rd/s   kB_wr/s kB_ccwr/s iodelay  Command
12:33:21        0      1805  348.00   15.00    0.00    0.00  363.00     3      2.00      0.00 4142472  268672  27.45   9216.00      0.00      0.00       0  java

# Time        UID       PID    %usr %system  %guest   %wait    %CPU   CPU  minflt/s  majflt/s     VSZ     RSS   %MEM   kB_rd/s   kB_wr/s kB_ccwr/s iodelay  Command
12:33:22        0       819    1.00    0.00    0.00    0.00    1.00     2      0.00      0.00 4615236  181608  18.55      0.00      0.00      0.00       0  java
12:33:22        0      1805  355.00   16.00    0.00    0.00  371.00     3      0.00      0.00 4142472  268672  27.45   9728.00      0.00      0.00       0  java

# Time        UID       PID    %usr %system  %guest   %wait    %CPU   CPU  minflt/s  majflt/s     VSZ     RSS   %MEM   kB_rd/s   kB_wr/s kB_ccwr/s iodelay  Command
12:33:23        0      1805  356.00   16.00    0.00    0.00  372.00     3      0.00      0.00 4142472  268672  27.45   9472.00      0.00      0.00       0  java

# Time        UID       PID    %usr %system  %guest   %wait    %CPU   CPU  minflt/s  majflt/s     VSZ     RSS   %MEM   kB_rd/s   kB_wr/s kB_ccwr/s iodelay  Command
12:33:24        0       819    0.00    1.00    0.00    0.00    1.00     2      0.00      0.00 4615236  181608  18.55      0.00      0.00      0.00       0  java
12:33:24        0      1805  343.00   12.00    0.00    0.00  355.00     3      2.00      0.00 4142472  268672  27.45   8576.00      0.00      0.00       0  java

# Time        UID       PID    %usr %system  %guest   %wait    %CPU   CPU  minflt/s  majflt/s     VSZ     RSS   %MEM   kB_rd/s   kB_wr/s kB_ccwr/s iodelay  Command
12:33:25        0      1805  357.00   12.00    0.00    0.00  369.00     3      4.00      0.00 4142472  268672  27.45   8704.00      0.00      0.00       0  java

# Time        UID       PID    %usr %system  %guest   %wait    %CPU   CPU  minflt/s  majflt/s     VSZ     RSS   %MEM   kB_rd/s   kB_wr/s kB_ccwr/s iodelay  Command
12:33:26        0       819    1.00    0.00    0.00    0.00    1.00     2      0.00      0.00 4615236  181608  18.55      0.00      0.00      0.00       0  java
12:33:26        0      1805  352.00   10.00    0.00    0.00  362.00     3      0.00      0.00 4142472  268672  27.45   9344.00      0.00      0.00       0  java

# Time        UID       PID    %usr %system  %guest   %wait    %CPU   CPU  minflt/s  majflt/s     VSZ     RSS   %MEM   kB_rd/s   kB_wr/s kB_ccwr/s iodelay  Command
12:33:27        0      1805  351.00   13.00    0.00    0.00  364.00     3      1.00      0.00 4142472  268672  27.45   9600.00      0.00      0.00       0  java

# Time        UID       PID    %usr %system  %guest   %wait    %CPU   CPU  minflt/s  majflt/s     VSZ     RSS   %MEM   kB_rd/s   kB_wr/s kB_ccwr/s iodelay  Command
12:33:28        0       819    1.00    0.00    0.00    0.00    1.00     2      0.00      0.00 4615236  181608  18.55      0.00      0.00      0.00       0  java
12:33:28        0      1805  355.00   13.00    0.00    0.00  368.00     3      0.00      0.00 4142472  268672  27.45   9728.00      0.00      0.00       0  java

# Time        UID       PID    %usr %system  %guest   %wait    %CPU   CPU  minflt/s  majflt/s     VSZ     RSS   %MEM   kB_rd/s   kB_wr/s kB_ccwr/s iodelay  Command
12:33:29        0       819    1.00    0.00    0.00    0.00    1.00     2      0.00      0.00 4615236  181608  18.55      0.00      0.00      0.00       0  java
12:33:29        0      1805  358.00   13.00    0.00    0.00  371.00     3      0.00      0.00 4142472  268672  27.45   9216.00      0.00      0.00       0  java

# Time        UID       PID    %usr %system  %guest   %wait    %CPU   CPU  minflt/s  majflt/s     VSZ     RSS   %MEM   kB_rd/s   kB_wr/s kB_ccwr/s iodelay  Command
12:33:30        0      1805  349.00   13.00    0.00    0.00  362.00     3      2.00      0.00 4142472  268672  27.45   9600.00      0.00      0.00       0  java

# Time        UID       PID    %usr %system  %guest   %wait    %CPU   CPU  minflt/s  majflt/s     VSZ     RSS   %MEM   kB_rd/s   kB_wr/s kB_ccwr/s iodelay  Command
12:33:31        0      1805  355.00   16.00    0.00    0.00  371.00     3      0.00      0.00 4142472  268672  27.45   9728.00      0.00      0.00       0  java

# Time        UID       PID    %usr %system  %guest   %wait    %CPU   CPU  minflt/s  majflt/s     VSZ     RSS   %MEM   kB_rd/s   kB_wr/s kB_ccwr/s iodelay  Command
12:33:32        0       819    1.00    0.00    0.00    0.00    1.00     2      0.00      0.00 4615236  181608  18.55      0.00      0.00      0.00       0  java
12:33:32        0      1805  348.00   13.00    0.00    0.00  361.00     3      0.00      0.00 4142472  268672  27.45   9344.00      0.00      0.00       0  java

# Time        UID       PID    %usr %system  %guest   %wait    %CPU   CPU  minflt/s  majflt/s     VSZ     RSS   %MEM   kB_rd/s   kB_wr/s kB_ccwr/s iodelay  Command
12:33:33        0      1805  361.00   10.00    0.00    0.00  371.00     3      1.00      0.00 4142472  268672  27.45   9600.00      0.00      0.00       0  java

# Time        UID       PID    %usr %system  %guest   %wait    %CPU   CPU  minflt/s  majflt/s     VSZ     RSS   %MEM   kB_rd/s   kB_wr/s kB_ccwr/s iodelay  Command
12:33:34        0       819    1.00    0.00    0.00    0.00    1.00     2      0.00      0.00 4615236  181608  18.55      0.00      0.00      0.00       0  java
12:33:34        0      1805  350.00   14.00    0.00    0.00  364.00     3      0.00      0.00 4142472  268672  27.45   9600.00      0.00      0.00       0  java

# Time        UID       PID    %usr %system  %guest   %wait    %CPU   CPU  minflt/s  majflt/s     VSZ     RSS   %MEM   kB_rd/s   kB_wr/s kB_ccwr/s iodelay  Command
12:33:35        0      1805  353.00   15.00    0.00    0.00  368.00     3      4.00      0.00 4142472  268672  27.45   8960.00      0.00      0.00       0  java

# Time        UID       PID    %usr %system  %guest   %wait    %CPU   CPU  minflt/s  majflt/s     VSZ     RSS   %MEM   kB_rd/s   kB_wr/s kB_ccwr/s iodelay  Command
12:33:36        0      1805  356.44   11.88    0.00    0.00  368.32     3      0.99      0.00 4142472  268672  27.45   9378.22      0.00      0.00       0  java

# Time        UID       PID    %usr %system  %guest   %wait    %CPU   CPU  minflt/s  majflt/s     VSZ     RSS   %MEM   kB_rd/s   kB_wr/s kB_ccwr/s iodelay  Command
12:33:37        0       819    1.00    0.00    0.00    0.00    1.00     2      0.00      0.00 4615236  181608  18.55      0.00      0.00      0.00       0  java
12:33:37        0      1805  364.00   10.00    0.00    0.00  374.00     3      2.00      0.00 4142472  268800  27.46   9472.00      0.00      0.00       0  java

# Time        UID       PID    %usr %system  %guest   %wait    %CPU   CPU  minflt/s  majflt/s     VSZ     RSS   %MEM   kB_rd/s   kB_wr/s kB_ccwr/s iodelay  Command
12:33:38        0      1805  352.00   12.00    0.00    0.00  364.00     3      0.00      0.00 4142472  268800  27.46   9600.00      0.00      0.00       0  java

# Time        UID       PID    %usr %system  %guest   %wait    %CPU   CPU  minflt/s  majflt/s     VSZ     RSS   %MEM   kB_rd/s   kB_wr/s kB_ccwr/s iodelay  Command
12:33:39        0      1805  357.00   13.00    0.00    0.00  370.00     3      0.00      0.00 4142472  268800  27.46   9600.00      0.00      0.00       0  java

# Time        UID       PID    %usr %system  %guest   %wait    %CPU   CPU  minflt/s  majflt/s     VSZ     RSS   %MEM   kB_rd/s   kB_wr/s kB_ccwr/s iodelay  Command
12:33:40        0       819    0.00    1.00    0.00    0.00    1.00     2      0.00      0.00 4615236  181608  18.55      0.00      0.00      0.00       0  java
12:33:40        0      1805  366.00    7.00    0.00    0.00  373.00     3      0.00      0.00 4142472  268800  27.46   9856.00      0.00      0.00       0  java

# Time        UID       PID    %usr %system  %guest   %wait    %CPU   CPU  minflt/s  majflt/s     VSZ     RSS   %MEM   kB_rd/s   kB_wr/s kB_ccwr/s iodelay  Command
12:33:41        0      1805  356.00    9.00    0.00    0.00  365.00     3      0.00      0.00 4142472  268800  27.46   9600.00      0.00      0.00       0  java

# Time        UID       PID    %usr %system  %guest   %wait    %CPU   CPU  minflt/s  majflt/s     VSZ     RSS   %MEM   kB_rd/s   kB_wr/s kB_ccwr/s iodelay  Command
12:33:42        0       819    0.99    0.00    0.00    0.00    0.99     2      0.00      0.00 4615236  181608  18.55      0.00      0.00      0.00       0  java
12:33:42        0      1805  356.44   13.86    0.00    0.00  370.30     3      0.00      0.00 4142472  268800  27.46   9631.68      0.00      0.00       0  java

# Time        UID       PID    %usr %system  %guest   %wait    %CPU   CPU  minflt/s  majflt/s     VSZ     RSS   %MEM   kB_rd/s   kB_wr/s kB_ccwr/s iodelay  Command
12:33:43        0       819    2.00    0.00    0.00    0.00    2.00     2      1.00      0.00 4615236  181608  18.55      0.00      0.00      0.00       0  java
12:33:43        0      1805  354.00   13.00    0.00    0.00  367.00     3      0.00      0.00 4142472  268800  27.46   9600.00      0.00      0.00       0  java

# Time        UID       PID    %usr %system  %guest   %wait    %CPU   CPU  minflt/s  majflt/s     VSZ     RSS   %MEM   kB_rd/s   kB_wr/s kB_ccwr/s iodelay  Command
12:33:44        0      1805  351.00   13.00    0.00    0.00  364.00     3      0.00      0.00 4142472  268800  27.46   9472.00      0.00      0.00       0  java

# Time        UID       PID    %usr %system  %guest   %wait    %CPU   CPU  minflt/s  majflt/s     VSZ     RSS   %MEM   kB_rd/s   kB_wr/s kB_ccwr/s iodelay  Command
12:33:45        0       819    1.00    0.00    0.00    0.00    1.00     2      0.00      0.00 4615236  181608  18.55      0.00      0.00      0.00       0  java
12:33:45        0      1805  356.00   13.00    0.00    0.00  369.00     3      7.00      0.00 4142472  268800  27.46   9216.00      0.00      0.00       0  java

# Time        UID       PID    %usr %system  %guest   %wait    %CPU   CPU  minflt/s  majflt/s     VSZ     RSS   %MEM   kB_rd/s   kB_wr/s kB_ccwr/s iodelay  Command
12:33:46        0       819    0.00    1.00    0.00    0.00    1.00     2      0.00      0.00 4615236  181608  18.55      0.00      0.00      0.00       0  java
12:33:46        0      1805  356.00   14.00    0.00    0.00  370.00     3      0.00      0.00 4142472  268800  27.46   9728.00      0.00      0.00       0  java

# Time        UID       PID    %usr %system  %guest   %wait    %CPU   CPU  minflt/s  majflt/s     VSZ     RSS   %MEM   kB_rd/s   kB_wr/s kB_ccwr/s iodelay  Command
12:33:47        0      1805  351.00   12.00    0.00    0.00  363.00     3      0.00      0.00 4142472  268800  27.46   9344.00      0.00      0.00       0  java

# Time        UID       PID    %usr %system  %guest   %wait    %CPU   CPU  minflt/s  majflt/s     VSZ     RSS   %MEM   kB_rd/s   kB_wr/s kB_ccwr/s iodelay  Command
12:33:48        0      1805  349.00   16.00    0.00    0.00  365.00     3      1.00      0.00 4142472  268800  27.46   9216.00      0.00      0.00       0  java

# Time        UID       PID    %usr %system  %guest   %wait    %CPU   CPU  minflt/s  majflt/s     VSZ     RSS   %MEM   kB_rd/s   kB_wr/s kB_ccwr/s iodelay  Command
12:33:49        0      1805  352.00   13.00    0.00    0.00  365.00     3      1.00      0.00 4142472  268800  27.46   9344.00      0.00      0.00       0  java

# Time        UID       PID    %usr %system  %guest   %wait    %CPU   CPU  minflt/s  majflt/s     VSZ     RSS   %MEM   kB_rd/s   kB_wr/s kB_ccwr/s iodelay  Command
12:33:50        0       819    1.00    0.00    0.00    0.00    1.00     2      0.00      0.00 4615236  181608  18.55      0.00      0.00      0.00       0  java
12:33:50        0      1805  359.00   14.00    0.00    0.00  373.00     3      1.00      0.00 4142472  268800  27.46   9600.00      0.00      0.00       0  java

# Time        UID       PID    %usr %system  %guest   %wait    %CPU   CPU  minflt/s  majflt/s     VSZ     RSS   %MEM   kB_rd/s   kB_wr/s kB_ccwr/s iodelay  Command
12:33:51        0       819    0.00    0.99    0.00    0.00    0.99     2      0.00      0.00 4615236  181608  18.55      0.00      0.00      0.00       0  java
12:33:51        0      1805  353.47   11.88    0.00    0.00  365.35     3      0.00      0.00 4142472  268800  27.46   9504.95      0.00      0.00       0  java

# Time        UID       PID    %usr %system  %guest   %wait    %CPU   CPU  minflt/s  majflt/s     VSZ     RSS   %MEM   kB_rd/s   kB_wr/s kB_ccwr/s iodelay  Command
12:33:52        0      1805  353.00   14.00    0.00    0.00  367.00     3      0.00      0.00 4142472  268800  27.46   9728.00      0.00      0.00       0  java

# Time        UID       PID    %usr %system  %guest   %wait    %CPU   CPU  minflt/s  majflt/s     VSZ     RSS   %MEM   kB_rd/s   kB_wr/s kB_ccwr/s iodelay  Command
12:33:53        0      1805  356.00   13.00    0.00    0.00  369.00     3      0.00      0.00 4142472  268800  27.46   9856.00      0.00      0.00       0  java

# Time        UID       PID    %usr %system  %guest   %wait    %CPU   CPU  minflt/s  majflt/s     VSZ     RSS   %MEM   kB_rd/s   kB_wr/s kB_ccwr/s iodelay  Command
12:33:54        0       819    1.00    0.00    0.00    0.00    1.00     2      0.00      0.00 4615236  181608  18.55      0.00      0.00      0.00       0  java
12:33:54        0      1805  351.00   13.00    0.00    0.00  364.00     3      2.00      0.00 4142472  268800  27.46   9344.00      0.00      0.00       0  java

# Time        UID       PID    %usr %system  %guest   %wait    %CPU   CPU  minflt/s  majflt/s     VSZ     RSS   %MEM   kB_rd/s   kB_wr/s kB_ccwr/s iodelay  Command
12:33:55        0      1805  356.00   16.00    0.00    0.00  372.00     3     11.00      0.00 4142472  268928  27.47   9600.00      0.00      0.00       0  java

# Time        UID       PID    %usr %system  %guest   %wait    %CPU   CPU  minflt/s  majflt/s     VSZ     RSS   %MEM   kB_rd/s   kB_wr/s kB_ccwr/s iodelay  Command
12:33:56        0       819    1.00    0.00    0.00    0.00    1.00     2      0.00      0.00 4615236  181608  18.55      0.00      0.00      0.00       0  java
12:33:56        0      1805  346.00   15.00    0.00    0.00  361.00     3      0.00      0.00 4142472  268928  27.47   9472.00      0.00      0.00       0  java

# Time        UID       PID    %usr %system  %guest   %wait    %CPU   CPU  minflt/s  majflt/s     VSZ     RSS   %MEM   kB_rd/s   kB_wr/s kB_ccwr/s iodelay  Command
12:33:57        0      1805  358.00   12.00    0.00    0.00  370.00     3      1.00      0.00 4142472  268928  27.47   9728.00      0.00      0.00       0  java

# Time        UID       PID    %usr %system  %guest   %wait    %CPU   CPU  minflt/s  majflt/s     VSZ     RSS   %MEM   kB_rd/s   kB_wr/s kB_ccwr/s iodelay  Command
12:33:58        0       819    1.00    0.00    0.00    0.00    1.00     2      0.00      0.00 4615236  181608  18.55      0.00      0.00      0.00       0  java
12:33:58        0      1805  352.00   11.00    0.00    0.00  363.00     3      0.00      0.00 4142472  268928  27.47   9600.00      0.00      0.00       0  java

# Time        UID       PID    %usr %system  %guest   %wait    %CPU   CPU  minflt/s  majflt/s     VSZ     RSS   %MEM   kB_rd/s   kB_wr/s kB_ccwr/s iodelay  Command
12:33:59        0       819    0.00    1.00    0.00    0.00    1.00     2      0.00      0.00 4615236  181608  18.55      0.00      0.00      0.00       0  java
12:33:59        0      1805  362.00    7.00    0.00    0.00  369.00     3      0.00      0.00 4142472  268928  27.47   9728.00      0.00      0.00       0  java

# Time        UID       PID    %usr %system  %guest   %wait    %CPU   CPU  minflt/s  majflt/s     VSZ     RSS   %MEM   kB_rd/s   kB_wr/s kB_ccwr/s iodelay  Command
12:34:00        0       819    1.00    0.00    0.00    0.00    1.00     2      0.00      0.00 4615236  181608  18.55      0.00      0.00      0.00       0  java
12:34:00        0      1805  359.00   11.00    0.00    0.00  370.00     3      0.00      0.00 4142472  268928  27.47   9728.00      0.00      0.00       0  java

# Time        UID       PID    %usr %system  %guest   %wait    %CPU   CPU  minflt/s  majflt/s     VSZ     RSS   %MEM   kB_rd/s   kB_wr/s kB_ccwr/s iodelay  Command
12:34:01        0      1805  345.00   14.00    0.00    0.00  359.00     3      0.00      0.00 4142472  268928  27.47   9344.00      0.00      0.00       0  java

# Time        UID       PID    %usr %system  %guest   %wait    %CPU   CPU  minflt/s  majflt/s     VSZ     RSS   %MEM   kB_rd/s   kB_wr/s kB_ccwr/s iodelay  Command
12:34:02        0      1805  339.00   12.00    0.00    0.00  351.00     3      1.00      0.00 4142472  268928  27.47   9344.00      0.00      0.00       0  java

# Time        UID       PID    %usr %system  %guest   %wait    %CPU   CPU  minflt/s  majflt/s     VSZ     RSS   %MEM   kB_rd/s   kB_wr/s kB_ccwr/s iodelay  Command
12:34:03        0      1805  350.00   14.00    0.00    0.00  364.00     3      0.00      0.00 4142472  268928  27.47   9600.00      0.00      0.00       0  java

# Time        UID       PID    %usr %system  %guest   %wait    %CPU   CPU  minflt/s  majflt/s     VSZ     RSS   %MEM   kB_rd/s   kB_wr/s kB_ccwr/s iodelay  Command
12:34:04        0       819    1.00    0.00    0.00    0.00    1.00     2      0.00      0.00 4615236  181608  18.55      0.00      0.00      0.00       0  java
12:34:04        0      1805  347.00   16.00    0.00    0.00  363.00     3      0.00      0.00 4142472  268928  27.47   9600.00      0.00      0.00       0  java

# Time        UID       PID    %usr %system  %guest   %wait    %CPU   CPU  minflt/s  majflt/s     VSZ     RSS   %MEM   kB_rd/s   kB_wr/s kB_ccwr/s iodelay  Command
12:34:05        0      1805  359.00   10.00    0.00    0.00  369.00     3      2.00      0.00 4142472  268928  27.47   9472.00      0.00      0.00       0  java

# Time        UID       PID    %usr %system  %guest   %wait    %CPU   CPU  minflt/s  majflt/s     VSZ     RSS   %MEM   kB_rd/s   kB_wr/s kB_ccwr/s iodelay  Command
12:34:06        0      1805  331.00   30.00    0.00    0.00  361.00     3    387.00      0.00 4142472  269056  27.49   6332.00      0.00      0.00       0  java

# Time        UID       PID    %usr %system  %guest   %wait    %CPU   CPU  minflt/s  majflt/s     VSZ     RSS   %MEM   kB_rd/s   kB_wr/s kB_ccwr/s iodelay  Command
12:34:07        0       819    2.00    0.00    0.00    0.00    2.00     2      1.00      0.00 4615236  181608  18.55      4.00     12.00      0.00       0  java
12:34:07        0      1805  342.00   14.00    0.00    0.00  356.00     3    376.00      0.00 4142472  270080  27.59   1308.00      0.00      0.00       0  java

# Time        UID       PID    %usr %system  %guest   %wait    %CPU   CPU  minflt/s  majflt/s     VSZ     RSS   %MEM   kB_rd/s   kB_wr/s kB_ccwr/s iodelay  Command
12:34:08        0       819    0.00    0.99    0.00    0.00    0.99     2      0.00      0.00 4615236  181608  18.55      0.00      0.00      0.00       0  java
12:34:08        0      1805  160.40    5.94    0.00    0.00  166.34     3    172.28      0.00 4142472  270848  27.67    780.20      0.00      0.00       0  java

# Time        UID       PID    %usr %system  %guest   %wait    %CPU   CPU  minflt/s  majflt/s     VSZ     RSS   %MEM   kB_rd/s   kB_wr/s kB_ccwr/s iodelay  Command
12:34:09        0       819    1.00    0.00    0.00    0.00    1.00     2      0.00      0.00 4615236  181608  18.55      0.00      0.00      0.00       0  java
12:34:09        0      1805   77.00    1.00    0.00    0.00   78.00     3     12.00      0.00 4142472  270848  27.67      0.00      0.00      0.00       0  java

# Time        UID       PID    %usr %system  %guest   %wait    %CPU   CPU  minflt/s  majflt/s     VSZ     RSS   %MEM   kB_rd/s   kB_wr/s kB_ccwr/s iodelay  Command

# Time        UID       PID    %usr %system  %guest   %wait    %CPU   CPU  minflt/s  majflt/s     VSZ     RSS   %MEM   kB_rd/s   kB_wr/s kB_ccwr/s iodelay  Command

# Time        UID       PID    %usr %system  %guest   %wait    %CPU   CPU  minflt/s  majflt/s     VSZ     RSS   %MEM   kB_rd/s   kB_wr/s kB_ccwr/s iodelay  Command
12:34:12        0      1805    1.00    0.00    0.00    0.00    1.00     3      5.00      0.00 4142472  270848  27.67     36.00      0.00      0.00       0  java

# Time        UID       PID    %usr %system  %guest   %wait    %CPU   CPU  minflt/s  majflt/s     VSZ     RSS   %MEM   kB_rd/s   kB_wr/s kB_ccwr/s iodelay  Command
12:34:13        0       819    1.00    0.00    0.00    0.00    1.00     2      0.00      0.00 4615236  181608  18.55      0.00      0.00      0.00       0  java

# Time        UID       PID    %usr %system  %guest   %wait    %CPU   CPU  minflt/s  majflt/s     VSZ     RSS   %MEM   kB_rd/s   kB_wr/s kB_ccwr/s iodelay  Command
12:34:14        0      1805   47.00    0.00    0.00    0.00   47.00     3      3.00      0.00 4142472  270848  27.67    256.00      0.00      0.00       0  java

# Time        UID       PID    %usr %system  %guest   %wait    %CPU   CPU  minflt/s  majflt/s     VSZ     RSS   %MEM   kB_rd/s   kB_wr/s kB_ccwr/s iodelay  Command
12:34:15        0      1805   34.00    0.00    0.00    0.00   34.00     3     25.00      0.00 4142472  270976  27.68      0.00      0.00      0.00       0  java

# Time        UID       PID    %usr %system  %guest   %wait    %CPU   CPU  minflt/s  majflt/s     VSZ     RSS   %MEM   kB_rd/s   kB_wr/s kB_ccwr/s iodelay  Command
12:34:16        0      1805   16.00    0.00    0.00    0.00   16.00     3      8.00      0.00 4142472  270976  27.68    276.00      0.00      0.00       0  java

# Time        UID       PID    %usr %system  %guest   %wait    %CPU   CPU  minflt/s  majflt/s     VSZ     RSS   %MEM   kB_rd/s   kB_wr/s kB_ccwr/s iodelay  Command
12:34:17        0      1805    1.00    0.00    0.00    0.00    1.00     3      2.00      0.00 4142472  270976  27.68      0.00      0.00      0.00       0  java

# Time        UID       PID    %usr %system  %guest   %wait    %CPU   CPU  minflt/s  majflt/s     VSZ     RSS   %MEM   kB_rd/s   kB_wr/s kB_ccwr/s iodelay  Command
12:34:18        0      1805    0.00    1.00    0.00    0.00    1.00     3      0.00      0.00 4142472  270976  27.68      0.00      0.00      0.00       0  java

# Time        UID       PID    %usr %system  %guest   %wait    %CPU   CPU  minflt/s  majflt/s     VSZ     RSS   %MEM   kB_rd/s   kB_wr/s kB_ccwr/s iodelay  Command

# Time        UID       PID    %usr %system  %guest   %wait    %CPU   CPU  minflt/s  majflt/s     VSZ     RSS   %MEM   kB_rd/s   kB_wr/s kB_ccwr/s iodelay  Command

# Time        UID       PID    %usr %system  %guest   %wait    %CPU   CPU  minflt/s  majflt/s     VSZ     RSS   %MEM   kB_rd/s   kB_wr/s kB_ccwr/s iodelay  Command
12:34:21        0      1805    1.00    0.00    0.00    0.00    1.00     3      4.00      0.00 4142472  270976  27.68      4.00      0.00      0.00       0  java

# Time        UID       PID    %usr %system  %guest   %wait    %CPU   CPU  minflt/s  majflt/s     VSZ     RSS   %MEM   kB_rd/s   kB_wr/s kB_ccwr/s iodelay  Command

# Time        UID       PID    %usr %system  %guest   %wait    %CPU   CPU  minflt/s  majflt/s     VSZ     RSS   %MEM   kB_rd/s   kB_wr/s kB_ccwr/s iodelay  Command
12:34:23        0      1805   25.00    1.00    0.00    0.00   26.00     3      2.00      0.00 4142472  270976  27.68    128.00      0.00      0.00       0  java

# Time        UID       PID    %usr %system  %guest   %wait    %CPU   CPU  minflt/s  majflt/s     VSZ     RSS   %MEM   kB_rd/s   kB_wr/s kB_ccwr/s iodelay  Command
12:34:24        0       819    0.00    1.00    0.00    0.00    1.00     2      0.00      0.00 4615236  181608  18.55      0.00      0.00      0.00       0  java

# Time        UID       PID    %usr %system  %guest   %wait    %CPU   CPU  minflt/s  majflt/s     VSZ     RSS   %MEM   kB_rd/s   kB_wr/s kB_ccwr/s iodelay  Command
12:34:25        0      1805  157.00    7.00    0.00    0.00  164.00     3   2906.00      0.00 4142472  282752  28.89   2044.00      0.00      0.00       0  java

# Time        UID       PID    %usr %system  %guest   %wait    %CPU   CPU  minflt/s  majflt/s     VSZ     RSS   %MEM   kB_rd/s   kB_wr/s kB_ccwr/s iodelay  Command
12:34:26        0       819    1.00    0.00    0.00    0.00    1.00     2      0.00      0.00 4615236  181608  18.55      0.00     12.00      0.00       0  java
12:34:26        0      1805  368.00    8.00    0.00    0.00  376.00     3     79.00      0.00 4142472  283008  28.91   4104.00      0.00      0.00       0  java

# Time        UID       PID    %usr %system  %guest   %wait    %CPU   CPU  minflt/s  majflt/s     VSZ     RSS   %MEM   kB_rd/s   kB_wr/s kB_ccwr/s iodelay  Command
12:34:27        0      1805  355.00    7.00    0.00    0.00  362.00     3   1343.00      0.00 4142472  288512  29.47   3940.00      0.00      0.00       0  java

# Time        UID       PID    %usr %system  %guest   %wait    %CPU   CPU  minflt/s  majflt/s     VSZ     RSS   %MEM   kB_rd/s   kB_wr/s kB_ccwr/s iodelay  Command
12:34:28        0       819    2.00    1.00    0.00    0.00    3.00     2      3.00      0.00 4615236  181608  18.55      0.00      0.00      0.00       0  java
12:34:28        0      1805  372.00    9.00    0.00    0.00  381.00     3    920.00      0.00 4142472  292096  29.84   3840.00      0.00      0.00       0  java

# Time        UID       PID    %usr %system  %guest   %wait    %CPU   CPU  minflt/s  majflt/s     VSZ     RSS   %MEM   kB_rd/s   kB_wr/s kB_ccwr/s iodelay  Command
12:34:29        0      1805  379.00    4.00    0.00    0.00  383.00     3     13.00      0.00 4142472  292096  29.84   4864.00      0.00      0.00       0  java

# Time        UID       PID    %usr %system  %guest   %wait    %CPU   CPU  minflt/s  majflt/s     VSZ     RSS   %MEM   kB_rd/s   kB_wr/s kB_ccwr/s iodelay  Command
12:34:30        0      1805  366.00    9.00    0.00    0.00  375.00     3     16.00      0.00 4142472  292096  29.84   7808.00      0.00      0.00       0  java

# Time        UID       PID    %usr %system  %guest   %wait    %CPU   CPU  minflt/s  majflt/s     VSZ     RSS   %MEM   kB_rd/s   kB_wr/s kB_ccwr/s iodelay  Command
12:34:31        0       819    1.00    0.00    0.00    0.00    1.00     2      0.00      0.00 4615236  181608  18.55      0.00      0.00      0.00       0  java
12:34:31        0      1805  161.00    2.00    0.00    0.00  163.00     3     13.00      0.00 4142472  292096  29.84   2304.00      0.00      0.00       0  java

# Time        UID       PID    %usr %system  %guest   %wait    %CPU   CPU  minflt/s  majflt/s     VSZ     RSS   %MEM   kB_rd/s   kB_wr/s kB_ccwr/s iodelay  Command
12:34:32        0      1805  100.00    0.00    0.00    0.00  100.00     3     14.00      0.00 4142472  292224  29.85      0.00      0.00      0.00       0  java

# Time        UID       PID    %usr %system  %guest   %wait    %CPU   CPU  minflt/s  majflt/s     VSZ     RSS   %MEM   kB_rd/s   kB_wr/s kB_ccwr/s iodelay  Command
12:34:33        0       819    0.00    0.99    0.00    0.00    0.99     2      0.00      0.00 4615236  181608  18.55      0.00      0.00      0.00       0  java
12:34:33        0      1805  242.57   11.88    0.00    0.00  254.46     3      5.94      0.00 4142472  292224  29.85   8871.29      0.00      0.00       0  java

# Time        UID       PID    %usr %system  %guest   %wait    %CPU   CPU  minflt/s  majflt/s     VSZ     RSS   %MEM   kB_rd/s   kB_wr/s kB_ccwr/s iodelay  Command
12:34:34        0       819    0.00    0.00    0.00    0.00    0.00     2      0.00      0.00 4615236  181608  18.55      0.00      8.00      0.00       0  java
12:34:34        0      1805  328.00   13.00    0.00    0.00  341.00     3     44.00      0.00 4142472  292352  29.87   9276.00      0.00      0.00       0  java

# Time        UID       PID    %usr %system  %guest   %wait    %CPU   CPU  minflt/s  majflt/s     VSZ     RSS   %MEM   kB_rd/s   kB_wr/s kB_ccwr/s iodelay  Command
12:34:35        0       819    1.00    1.00    0.00    0.00    2.00     2      1.00      0.00 4615236  181608  18.55      0.00      4.00      0.00       0  java
12:34:35        0      1805  336.00   13.00    0.00    0.00  349.00     3    644.00      0.00 4142472  294912  30.13   4404.00      0.00      0.00       0  java

# Time        UID       PID    %usr %system  %guest   %wait    %CPU   CPU  minflt/s  majflt/s     VSZ     RSS   %MEM   kB_rd/s   kB_wr/s kB_ccwr/s iodelay  Command
12:34:36        0      1805  368.00    8.00    0.00    0.00  376.00     3    324.00      0.00 4142472  296320  30.27   4252.00      0.00      0.00       0  java

# Time        UID       PID    %usr %system  %guest   %wait    %CPU   CPU  minflt/s  majflt/s     VSZ     RSS   %MEM   kB_rd/s   kB_wr/s kB_ccwr/s iodelay  Command
12:34:37        0       819    1.00    0.00    0.00    0.00    1.00     2      0.00      0.00 4615236  181608  18.55      0.00      4.00      0.00       0  java
12:34:37        0      1805  350.00   10.00    0.00    0.00  360.00     3    521.00      0.00 4142472  298496  30.49   4376.00      0.00      0.00       0  java

# Time        UID       PID    %usr %system  %guest   %wait    %CPU   CPU  minflt/s  majflt/s     VSZ     RSS   %MEM   kB_rd/s   kB_wr/s kB_ccwr/s iodelay  Command
12:34:38        0       819    0.00    0.00    0.00    0.00    0.00     2      1.00      0.00 4615236  181608  18.55      0.00      0.00      0.00       0  java
12:34:38        0      1805  351.00   16.00    0.00    0.00  367.00     3   1922.00      0.00 4142472  306176  31.28   5964.00      0.00      0.00       0  java

# Time        UID       PID    %usr %system  %guest   %wait    %CPU   CPU  minflt/s  majflt/s     VSZ     RSS   %MEM   kB_rd/s   kB_wr/s kB_ccwr/s iodelay  Command
12:34:39        0       819    1.00    0.00    0.00    0.00    1.00     2      0.00      0.00 4615236  181608  18.55      0.00      0.00      0.00       0  java
12:34:39        0      1805   86.00    1.00    0.00    0.00   87.00     3      7.00      0.00 4142472  306176  31.28   1536.00      0.00      0.00       0  java

# Time        UID       PID    %usr %system  %guest   %wait    %CPU   CPU  minflt/s  majflt/s     VSZ     RSS   %MEM   kB_rd/s   kB_wr/s kB_ccwr/s iodelay  Command

# Time        UID       PID    %usr %system  %guest   %wait    %CPU   CPU  minflt/s  majflt/s     VSZ     RSS   %MEM   kB_rd/s   kB_wr/s kB_ccwr/s iodelay  Command
12:34:41        0      1805  238.61    6.93    0.00    0.00  245.54     3      1.98      0.00 4142472  306176  31.28   6209.90      0.00      0.00       0  java

# Time        UID       PID    %usr %system  %guest   %wait    %CPU   CPU  minflt/s  majflt/s     VSZ     RSS   %MEM   kB_rd/s   kB_wr/s kB_ccwr/s iodelay  Command
12:34:42        0       819    0.00    1.00    0.00    0.00    1.00     2      0.00      0.00 4615236  181608  18.55      0.00      0.00      0.00       0  java
12:34:42        0      1805  352.00   17.00    0.00    0.00  369.00     3      3.00      0.00 4142472  306176  31.28  11136.00      0.00      0.00       0  java

# Time        UID       PID    %usr %system  %guest   %wait    %CPU   CPU  minflt/s  majflt/s     VSZ     RSS   %MEM   kB_rd/s   kB_wr/s kB_ccwr/s iodelay  Command
12:34:43        0       819    1.00    0.00    0.00    0.00    1.00     2      0.00      0.00 4615236  181608  18.55      0.00      0.00      0.00       0  java
12:34:43        0      1805  351.00   12.00    0.00    0.00  363.00     3      9.00      0.00 4142472  306176  31.28  11264.00      0.00      0.00       0  java

# Time        UID       PID    %usr %system  %guest   %wait    %CPU   CPU  minflt/s  majflt/s     VSZ     RSS   %MEM   kB_rd/s   kB_wr/s kB_ccwr/s iodelay  Command
12:34:44        0       819    1.00    0.00    0.00    0.00    1.00     2      0.00      0.00 4615236  181608  18.55      0.00      0.00      0.00       0  java
12:34:44        0      1805  345.00   14.00    0.00    0.00  359.00     3      0.00      0.00 4142472  306176  31.28  11264.00      0.00      0.00       0  java

# Time        UID       PID    %usr %system  %guest   %wait    %CPU   CPU  minflt/s  majflt/s     VSZ     RSS   %MEM   kB_rd/s   kB_wr/s kB_ccwr/s iodelay  Command
12:34:45        0      1805  345.00   16.00    0.00    0.00  361.00     3     10.00      0.00 4142472  306176  31.28  10752.00      0.00      0.00       0  java

# Time        UID       PID    %usr %system  %guest   %wait    %CPU   CPU  minflt/s  majflt/s     VSZ     RSS   %MEM   kB_rd/s   kB_wr/s kB_ccwr/s iodelay  Command
12:34:46        0      1805  350.00   11.00    0.00    0.00  361.00     3      0.00      0.00 4142472  306176  31.28  11136.00      0.00      0.00       0  java

# Time        UID       PID    %usr %system  %guest   %wait    %CPU   CPU  minflt/s  majflt/s     VSZ     RSS   %MEM   kB_rd/s   kB_wr/s kB_ccwr/s iodelay  Command
12:34:47        0       819    1.00    0.00    0.00    0.00    1.00     2      0.00      0.00 4615236  181608  18.55      0.00      0.00      0.00       0  java
12:34:47        0      1805  340.00   14.00    0.00    0.00  354.00     3      0.00      0.00 4142472  306176  31.28  11264.00      0.00      0.00       0  java

# Time        UID       PID    %usr %system  %guest   %wait    %CPU   CPU  minflt/s  majflt/s     VSZ     RSS   %MEM   kB_rd/s   kB_wr/s kB_ccwr/s iodelay  Command
12:34:48        0      1805  344.00   11.00    0.00    0.00  355.00     3      1.00      0.00 4142472  306176  31.28  11008.00      0.00      0.00       0  java

# Time        UID       PID    %usr %system  %guest   %wait    %CPU   CPU  minflt/s  majflt/s     VSZ     RSS   %MEM   kB_rd/s   kB_wr/s kB_ccwr/s iodelay  Command
12:34:49        0       819    1.00    0.00    0.00    0.00    1.00     2      0.00      0.00 4615236  181608  18.55      0.00      0.00      0.00       0  java
12:34:49        0      1805  350.00   13.00    0.00    0.00  363.00     3      0.00      0.00 4142472  306176  31.28  11392.00      0.00      0.00       0  java

# Time        UID       PID    %usr %system  %guest   %wait    %CPU   CPU  minflt/s  majflt/s     VSZ     RSS   %MEM   kB_rd/s   kB_wr/s kB_ccwr/s iodelay  Command
12:34:50        0      1805  349.00   13.00    0.00    0.00  362.00     3      2.00      0.00 4142472  306176  31.28  11008.00      0.00      0.00       0  java

# Time        UID       PID    %usr %system  %guest   %wait    %CPU   CPU  minflt/s  majflt/s     VSZ     RSS   %MEM   kB_rd/s   kB_wr/s kB_ccwr/s iodelay  Command
12:34:51        0      1805  343.00   16.00    0.00    0.00  359.00     3      1.00      0.00 4142472  306176  31.28  11392.00      0.00      0.00       0  java

# Time        UID       PID    %usr %system  %guest   %wait    %CPU   CPU  minflt/s  majflt/s     VSZ     RSS   %MEM   kB_rd/s   kB_wr/s kB_ccwr/s iodelay  Command
12:34:52        0      1805  354.00   12.00    0.00    0.00  366.00     3      0.00      0.00 4142472  306176  31.28  11520.00      0.00      0.00       0  java

# Time        UID       PID    %usr %system  %guest   %wait    %CPU   CPU  minflt/s  majflt/s     VSZ     RSS   %MEM   kB_rd/s   kB_wr/s kB_ccwr/s iodelay  Command
12:34:53        0       819    1.00    0.00    0.00    0.00    1.00     2      0.00      0.00 4615236  181608  18.55      0.00      8.00      0.00       0  java
12:34:53        0      1805  343.00   20.00    0.00    0.00  363.00     3     20.00      0.00 4142472  306332  31.29  10364.00      0.00      0.00       0  java

# Time        UID       PID    %usr %system  %guest   %wait    %CPU   CPU  minflt/s  majflt/s     VSZ     RSS   %MEM   kB_rd/s   kB_wr/s kB_ccwr/s iodelay  Command
12:34:54        0       819    4.00    1.00    0.00    0.00    5.00     2      1.00      0.00 4615236  181608  18.55      0.00      0.00      0.00       0  java
12:34:54        0      1805  344.00   12.00    0.00    0.00  356.00     3    895.00      0.00 4142472  309788  31.65   5760.00      0.00      0.00       0  java

# Time        UID       PID    %usr %system  %guest   %wait    %CPU   CPU  minflt/s  majflt/s     VSZ     RSS   %MEM   kB_rd/s   kB_wr/s kB_ccwr/s iodelay  Command
12:34:55        0       819    1.00    0.00    0.00    0.00    1.00     2      0.00      0.00 4615236  181608  18.55      0.00      0.00      0.00       0  java
12:34:55        0      1805  352.00   14.00    0.00    0.00  366.00     3    863.00      0.00 4142472  313372  32.01   8260.00      0.00      0.00       0  java

# Time        UID       PID    %usr %system  %guest   %wait    %CPU   CPU  minflt/s  majflt/s     VSZ     RSS   %MEM   kB_rd/s   kB_wr/s kB_ccwr/s iodelay  Command
12:34:56        0       819    0.00    0.99    0.00    0.00    0.99     2      0.00      0.00 4615236  181608  18.55      0.00      0.00      0.00       0  java
12:34:56        0      1805  359.41   12.87    0.00    0.00  372.28     3      4.95      0.00 4142472  313372  32.01   8998.02      0.00      0.00       0  java

# Time        UID       PID    %usr %system  %guest   %wait    %CPU   CPU  minflt/s  majflt/s     VSZ     RSS   %MEM   kB_rd/s   kB_wr/s kB_ccwr/s iodelay  Command
12:34:57        0      1805  358.00   14.00    0.00    0.00  372.00     3      7.00      0.00 4142472  313500  32.03   9600.00      0.00      0.00       0  java

# Time        UID       PID    %usr %system  %guest   %wait    %CPU   CPU  minflt/s  majflt/s     VSZ     RSS   %MEM   kB_rd/s   kB_wr/s kB_ccwr/s iodelay  Command
12:34:58        0       819    1.00    0.00    0.00    0.00    1.00     2      0.00      0.00 4615236  181608  18.55      0.00      0.00      0.00       0  java
12:34:58        0      1805  338.00   19.00    0.00    0.00  357.00     3      3.00      0.00 4142472  313500  32.03  11008.00      0.00      0.00       0  java

# Time        UID       PID    %usr %system  %guest   %wait    %CPU   CPU  minflt/s  majflt/s     VSZ     RSS   %MEM   kB_rd/s   kB_wr/s kB_ccwr/s iodelay  Command
12:34:59        0      1805  340.00   13.00    0.00    0.00  353.00     3      0.00      0.00 4142472  313500  32.03  11392.00      0.00      0.00       0  java

# Time        UID       PID    %usr %system  %guest   %wait    %CPU   CPU  minflt/s  majflt/s     VSZ     RSS   %MEM   kB_rd/s   kB_wr/s kB_ccwr/s iodelay  Command
12:35:00        0      1805  345.00   15.00    0.00    0.00  360.00     3      0.00      0.00 4142472  313500  32.03  11264.00      0.00      0.00       0  java

# Time        UID       PID    %usr %system  %guest   %wait    %CPU   CPU  minflt/s  majflt/s     VSZ     RSS   %MEM   kB_rd/s   kB_wr/s kB_ccwr/s iodelay  Command
12:35:01        0       819    0.00    1.00    0.00    0.00    1.00     2      0.00      0.00 4615236  181608  18.55      0.00      0.00      0.00       0  java
12:35:01        0      1805  356.00   11.00    0.00    0.00  367.00     3      0.00      0.00 4142472  313500  32.03  11776.00      0.00      0.00       0  java

# Time        UID       PID    %usr %system  %guest   %wait    %CPU   CPU  minflt/s  majflt/s     VSZ     RSS   %MEM   kB_rd/s   kB_wr/s kB_ccwr/s iodelay  Command
12:35:02        0       819    1.00    0.00    0.00    0.00    1.00     2      0.00      0.00 4615236  181608  18.55      0.00      0.00      0.00       0  java
12:35:02        0      1805  347.00   14.00    0.00    0.00  361.00     3      0.00      0.00 4142472  313500  32.03  11520.00      0.00      0.00       0  java

# Time        UID       PID    %usr %system  %guest   %wait    %CPU   CPU  minflt/s  majflt/s     VSZ     RSS   %MEM   kB_rd/s   kB_wr/s kB_ccwr/s iodelay  Command
12:35:03        0      1805  351.00   16.00    0.00    0.00  367.00     3      0.00      0.00 4142472  313500  32.03  11520.00      0.00      0.00       0  java

# Time        UID       PID    %usr %system  %guest   %wait    %CPU   CPU  minflt/s  majflt/s     VSZ     RSS   %MEM   kB_rd/s   kB_wr/s kB_ccwr/s iodelay  Command
12:35:04        0      1805  348.00   12.00    0.00    0.00  360.00     3      0.00      0.00 4142472  313500  32.03  11392.00      0.00      0.00       0  java

# Time        UID       PID    %usr %system  %guest   %wait    %CPU   CPU  minflt/s  majflt/s     VSZ     RSS   %MEM   kB_rd/s   kB_wr/s kB_ccwr/s iodelay  Command
12:35:05        0       819    0.00    0.99    0.00    0.00    0.99     2      0.00      0.00 4615236  181608  18.55      0.00      0.00      0.00       0  java
12:35:05        0      1805  346.53   13.86    0.00    0.00  360.40     3     16.83      0.00 4142472  313500  32.03  10518.81      0.00      0.00       0  java

# Time        UID       PID    %usr %system  %guest   %wait    %CPU   CPU  minflt/s  majflt/s     VSZ     RSS   %MEM   kB_rd/s   kB_wr/s kB_ccwr/s iodelay  Command
12:35:06        0      1805  344.00   21.00    0.00    0.00  365.00     3      2.00      0.00 4142516  313500  32.03  11324.00      0.00      0.00       0  java

# Time        UID       PID    %usr %system  %guest   %wait    %CPU   CPU  minflt/s  majflt/s     VSZ     RSS   %MEM   kB_rd/s   kB_wr/s kB_ccwr/s iodelay  Command
12:35:07        0       819    1.00    0.00    0.00    0.00    1.00     2      0.00      0.00 4615236  181608  18.55      0.00      8.00      0.00       0  java
12:35:07        0      1805  269.00   12.00    0.00    0.00  281.00     3     28.00      0.00 4142472  313628  32.04   7740.00      0.00      0.00       0  java

# Time        UID       PID    %usr %system  %guest   %wait    %CPU   CPU  minflt/s  majflt/s     VSZ     RSS   %MEM   kB_rd/s   kB_wr/s kB_ccwr/s iodelay  Command
12:35:08        0       819    0.00    1.00    0.00    0.00    1.00     2      0.00      0.00 4615236  181608  18.55      0.00      4.00      0.00       0  java
12:35:08        0      1805  336.00   19.00    0.00    0.00  355.00     3    402.00      0.00 4155484  315176  32.20   5236.00      0.00      0.00       0  java

# Time        UID       PID    %usr %system  %guest   %wait    %CPU   CPU  minflt/s  majflt/s     VSZ     RSS   %MEM   kB_rd/s   kB_wr/s kB_ccwr/s iodelay  Command
12:35:09        0      1805  342.00   12.00    0.00    0.00  354.00     3    133.00      0.00 4155484  315816  32.26   4932.00      0.00      0.00       0  java

# Time        UID       PID    %usr %system  %guest   %wait    %CPU   CPU  minflt/s  majflt/s     VSZ     RSS   %MEM   kB_rd/s   kB_wr/s kB_ccwr/s iodelay  Command
12:35:10        0       819   18.00    1.00    0.00    0.00   19.00     2      0.00      0.00 4615236  181608  18.55      0.00      4.00      0.00       0  java
12:35:10        0      1805  194.00    1.00    0.00    0.00  195.00     3     44.00      0.00 4155484  315944  32.28    516.00      0.00      0.00       0  java

# Time        UID       PID    %usr %system  %guest   %wait    %CPU   CPU  minflt/s  majflt/s     VSZ     RSS   %MEM   kB_rd/s   kB_wr/s kB_ccwr/s iodelay  Command
12:35:11        0       819    1.00    0.00    0.00    0.00    1.00     2      2.00      0.00 4615236  181608  18.55      0.00      0.00      0.00       0  java

# Time        UID       PID    %usr %system  %guest   %wait    %CPU   CPU  minflt/s  majflt/s     VSZ     RSS   %MEM   kB_rd/s   kB_wr/s kB_ccwr/s iodelay  Command
12:35:12        0      1805   36.00    1.00    0.00    0.00   37.00     3     32.00      0.00 4155484  316072  32.29    280.00      0.00      0.00       0  java

# Time        UID       PID    %usr %system  %guest   %wait    %CPU   CPU  minflt/s  majflt/s     VSZ     RSS   %MEM   kB_rd/s   kB_wr/s kB_ccwr/s iodelay  Command
12:35:13        0       819    3.00    0.00    0.00    0.00    3.00     2      8.00      0.00 4615236  181608  18.55      0.00      0.00      0.00       0  java

# Time        UID       PID    %usr %system  %guest   %wait    %CPU   CPU  minflt/s  majflt/s     VSZ     RSS   %MEM   kB_rd/s   kB_wr/s kB_ccwr/s iodelay  Command

# Time        UID       PID    %usr %system  %guest   %wait    %CPU   CPU  minflt/s  majflt/s     VSZ     RSS   %MEM   kB_rd/s   kB_wr/s kB_ccwr/s iodelay  Command
12:35:15        0      1805    4.00    0.00    0.00    0.00    4.00     3      5.00      0.00 4155484  316072  32.29      0.00      0.00      0.00       0  java

# Time        UID       PID    %usr %system  %guest   %wait    %CPU   CPU  minflt/s  majflt/s     VSZ     RSS   %MEM   kB_rd/s   kB_wr/s kB_ccwr/s iodelay  Command
12:35:16        0      1805   13.00    1.00    0.00    0.00   14.00     3     37.00      0.00 4157524  316200  32.30    136.00      0.00      0.00       0  java

# Time        UID       PID    %usr %system  %guest   %wait    %CPU   CPU  minflt/s  majflt/s     VSZ     RSS   %MEM   kB_rd/s   kB_wr/s kB_ccwr/s iodelay  Command

# Time        UID       PID    %usr %system  %guest   %wait    %CPU   CPU  minflt/s  majflt/s     VSZ     RSS   %MEM   kB_rd/s   kB_wr/s kB_ccwr/s iodelay  Command
12:35:18        0      1805   63.00    4.00    0.00    0.00   67.00     3    350.00      0.00 4161624  317480  32.43    780.00      0.00      0.00       0  java

# Time        UID       PID    %usr %system  %guest   %wait    %CPU   CPU  minflt/s  majflt/s     VSZ     RSS   %MEM   kB_rd/s   kB_wr/s kB_ccwr/s iodelay  Command
12:35:19        0       819    0.99    0.00    0.00    0.00    0.99     2      0.00      0.00 4615236  181608  18.55      0.00      0.00      0.00       0  java
12:35:19        0      1805  259.41    6.93    0.00    0.00  266.34     3    114.85      0.00 4167744  317992  32.49   4815.84      0.00      0.00       0  java

# Time        UID       PID    %usr %system  %guest   %wait    %CPU   CPU  minflt/s  majflt/s     VSZ     RSS   %MEM   kB_rd/s   kB_wr/s kB_ccwr/s iodelay  Command
12:35:20        0       819    0.00    0.00    0.00    0.00    0.00     2      0.00      0.00 4615236  181608  18.55      0.00      4.00      0.00       0  java
12:35:20        0      1805  142.00    5.00    0.00    0.00  147.00     3     84.00      0.00 4167744  318120  32.50   3304.00      0.00      0.00       0  java

# Time        UID       PID    %usr %system  %guest   %wait    %CPU   CPU  minflt/s  majflt/s     VSZ     RSS   %MEM   kB_rd/s   kB_wr/s kB_ccwr/s iodelay  Command
12:35:21        0      1805   98.00    2.00    0.00    0.00  100.00     3      3.00      0.00 4167744  318120  32.50   2688.00      0.00      0.00       0  java

# Time        UID       PID    %usr %system  %guest   %wait    %CPU   CPU  minflt/s  majflt/s     VSZ     RSS   %MEM   kB_rd/s   kB_wr/s kB_ccwr/s iodelay  Command
12:35:22        0      1805   97.00    3.00    0.00    0.00  100.00     3     67.00      0.00 4167744  318376  32.52   2944.00      0.00      0.00       0  java

# Time        UID       PID    %usr %system  %guest   %wait    %CPU   CPU  minflt/s  majflt/s     VSZ     RSS   %MEM   kB_rd/s   kB_wr/s kB_ccwr/s iodelay  Command
12:35:23        0      1805   98.00    3.00    0.00    0.00  101.00     3     24.00      0.00 4167744  318504  32.54   2816.00      0.00      0.00       0  java

# Time        UID       PID    %usr %system  %guest   %wait    %CPU   CPU  minflt/s  majflt/s     VSZ     RSS   %MEM   kB_rd/s   kB_wr/s kB_ccwr/s iodelay  Command
12:35:24        0       819    1.00    0.00    0.00    0.00    1.00     2      0.00      0.00 4615236  181608  18.55      0.00      0.00      0.00       0  java
12:35:24        0      1805   98.00    1.00    0.00    0.00   99.00     3      2.00      0.00 4167744  318504  32.54   2688.00      0.00      0.00       0  java

# Time        UID       PID    %usr %system  %guest   %wait    %CPU   CPU  minflt/s  majflt/s     VSZ     RSS   %MEM   kB_rd/s   kB_wr/s kB_ccwr/s iodelay  Command
12:35:25        0      1805  101.00    2.00    0.00    0.00  103.00     3     49.00      0.00 4167744  318760  32.56   3072.00      0.00      0.00       0  java

# Time        UID       PID    %usr %system  %guest   %wait    %CPU   CPU  minflt/s  majflt/s     VSZ     RSS   %MEM   kB_rd/s   kB_wr/s kB_ccwr/s iodelay  Command
12:35:26        0       819    0.00    1.00    0.00    0.00    1.00     2      0.00      0.00 4615236  181608  18.55      0.00      0.00      0.00       0  java
12:35:26        0      1805   99.00    2.00    0.00    0.00  101.00     3      0.00      0.00 4167744  318760  32.56   2816.00      0.00      0.00       0  java

# Time        UID       PID    %usr %system  %guest   %wait    %CPU   CPU  minflt/s  majflt/s     VSZ     RSS   %MEM   kB_rd/s   kB_wr/s kB_ccwr/s iodelay  Command
12:35:27        0      1805   97.00    2.00    0.00    0.00   99.00     3      0.00      0.00 4167744  318760  32.56   2816.00      0.00      0.00       0  java

# Time        UID       PID    %usr %system  %guest   %wait    %CPU   CPU  minflt/s  majflt/s     VSZ     RSS   %MEM   kB_rd/s   kB_wr/s kB_ccwr/s iodelay  Command
12:35:28        0       819    4.00    0.00    0.00    0.00    4.00     2      3.00      0.00 4615236  181608  18.55      0.00      0.00      0.00       0  java
12:35:28        0      1805   98.00    2.00    0.00    0.00  100.00     3      0.00      0.00 4167744  318760  32.56   2688.00      0.00      0.00       0  java

# Time        UID       PID    %usr %system  %guest   %wait    %CPU   CPU  minflt/s  majflt/s     VSZ     RSS   %MEM   kB_rd/s   kB_wr/s kB_ccwr/s iodelay  Command
12:35:29        0      1805   98.00    2.00    0.00    0.00  100.00     3      0.00      0.00 4167744  318760  32.56   2816.00      0.00      0.00       0  java

# Time        UID       PID    %usr %system  %guest   %wait    %CPU   CPU  minflt/s  majflt/s     VSZ     RSS   %MEM   kB_rd/s   kB_wr/s kB_ccwr/s iodelay  Command
12:35:30        0      1805   98.00    2.00    0.00    0.00  100.00     3      0.00      0.00 4167744  318760  32.56   2688.00      0.00      0.00       0  java

# Time        UID       PID    %usr %system  %guest   %wait    %CPU   CPU  minflt/s  majflt/s     VSZ     RSS   %MEM   kB_rd/s   kB_wr/s kB_ccwr/s iodelay  Command
12:35:31        0      1805   97.00    4.00    0.00    0.00  101.00     3      0.00      0.00 4167744  318760  32.56   3200.00      0.00      0.00       0  java

# Time        UID       PID    %usr %system  %guest   %wait    %CPU   CPU  minflt/s  majflt/s     VSZ     RSS   %MEM   kB_rd/s   kB_wr/s kB_ccwr/s iodelay  Command
12:35:32        0       819    1.00    0.00    0.00    0.00    1.00     2      0.00      0.00 4615236  181608  18.55      0.00      0.00      0.00       0  java
12:35:32        0      1805   95.00    3.00    0.00    0.00   98.00     3      0.00      0.00 4167744  318760  32.56   2688.00      0.00      0.00       0  java

# Time        UID       PID    %usr %system  %guest   %wait    %CPU   CPU  minflt/s  majflt/s     VSZ     RSS   %MEM   kB_rd/s   kB_wr/s kB_ccwr/s iodelay  Command
12:35:33        0      1805   98.00    3.00    0.00    0.00  101.00     3      0.00      0.00 4167744  318760  32.56   2816.00      0.00      0.00       0  java

# Time        UID       PID    %usr %system  %guest   %wait    %CPU   CPU  minflt/s  majflt/s     VSZ     RSS   %MEM   kB_rd/s   kB_wr/s kB_ccwr/s iodelay  Command
12:35:34        0      1805   99.00    1.00    0.00    0.00  100.00     3      0.00      0.00 4167744  318760  32.56   2816.00      0.00      0.00       0  java

# Time        UID       PID    %usr %system  %guest   %wait    %CPU   CPU  minflt/s  majflt/s     VSZ     RSS   %MEM   kB_rd/s   kB_wr/s kB_ccwr/s iodelay  Command
12:35:35        0       819    0.00    1.00    0.00    0.00    1.00     2      0.00      0.00 4615236  181608  18.55      0.00      4.00      0.00       0  java
12:35:35        0      1805  118.00    9.00    0.00    0.00  127.00     3    239.00      0.00 4173864  319144  32.60   1604.00      0.00      0.00       0  java

# Time        UID       PID    %usr %system  %guest   %wait    %CPU   CPU  minflt/s  majflt/s     VSZ     RSS   %MEM   kB_rd/s   kB_wr/s kB_ccwr/s iodelay  Command
12:35:36        0      1805  291.00   11.00    0.00    0.00  302.00     3    811.00      0.00 4175232  322344  32.93   1324.00      0.00      0.00       0  java

# Time        UID       PID    %usr %system  %guest   %wait    %CPU   CPU  minflt/s  majflt/s     VSZ     RSS   %MEM   kB_rd/s   kB_wr/s kB_ccwr/s iodelay  Command
12:35:37        0       819    1.00    0.00    0.00    0.00    1.00     2      0.00      0.00 4615236  181608  18.55      0.00      0.00      0.00       0  java
12:35:37        0      1805  329.00   14.00    0.00    0.00  343.00     3   1318.00      0.00 4175508  327592  33.47    520.00      0.00      0.00       0  java

# Time        UID       PID    %usr %system  %guest   %wait    %CPU   CPU  minflt/s  majflt/s     VSZ     RSS   %MEM   kB_rd/s   kB_wr/s kB_ccwr/s iodelay  Command
12:35:38        0       819    0.00    1.00    0.00    0.00    1.00     2      0.00      0.00 4615236  181608  18.55      0.00      4.00      0.00       0  java
12:35:38        0      1805  289.00    6.00    0.00    0.00  295.00     3    327.00      0.00 4176552  326832  33.39    332.00      0.00      0.00       0  java

# Time        UID       PID    %usr %system  %guest   %wait    %CPU   CPU  minflt/s  majflt/s     VSZ     RSS   %MEM   kB_rd/s   kB_wr/s kB_ccwr/s iodelay  Command
12:35:39        0      1805  195.00   12.00    0.00    0.00  207.00     3   4154.00      0.00 4176552  343472  35.09      8.00      0.00      0.00       0  java

# Time        UID       PID    %usr %system  %guest   %wait    %CPU   CPU  minflt/s  majflt/s     VSZ     RSS   %MEM   kB_rd/s   kB_wr/s kB_ccwr/s iodelay  Command
12:35:40        0       819    1.00    0.00    0.00    0.00    1.00     2      0.00      0.00 4615236  181608  18.55      0.00      0.00      0.00       0  java
12:35:40        0      1805  200.00    3.00    0.00    0.00  203.00     3     18.00      0.00 4176552  343472  35.09     36.00      0.00      0.00       0  java

# Time        UID       PID    %usr %system  %guest   %wait    %CPU   CPU  minflt/s  majflt/s     VSZ     RSS   %MEM   kB_rd/s   kB_wr/s kB_ccwr/s iodelay  Command
12:35:41        0      1805  376.00    4.00    0.00    0.00  380.00     3    165.00      0.00 4176552  343984  35.14      4.00      0.00      0.00       0  java

# Time        UID       PID    %usr %system  %guest   %wait    %CPU   CPU  minflt/s  majflt/s     VSZ     RSS   %MEM   kB_rd/s   kB_wr/s kB_ccwr/s iodelay  Command
12:35:42        0      1805  394.00    4.00    0.00    0.00  398.00     3    260.00      0.00 4176552  345008  35.24      0.00      0.00      0.00       0  java

# Time        UID       PID    %usr %system  %guest   %wait    %CPU   CPU  minflt/s  majflt/s     VSZ     RSS   %MEM   kB_rd/s   kB_wr/s kB_ccwr/s iodelay  Command
12:35:44        0       819    0.99    0.00    0.00    0.00    0.99     2      0.00      0.00 4615236  181608  18.55      0.00      0.00      0.00       0  java
12:35:44        0      1805  384.16    2.97    0.00    0.00  387.13     3    170.30      0.00 4176552  343916  35.13      0.00      0.00      0.00       0  java

# Time        UID       PID    %usr %system  %guest   %wait    %CPU   CPU  minflt/s  majflt/s     VSZ     RSS   %MEM   kB_rd/s   kB_wr/s kB_ccwr/s iodelay  Command
12:35:45        0       819    1.00    0.00    0.00    0.00    1.00     2      0.00      0.00 4615236  181608  18.55      0.00      0.00      0.00       0  java
12:35:45        0      1805  374.00    6.00    0.00    0.00  380.00     3   1227.00      0.00 4176552  348652  35.62      0.00      0.00      0.00       0  java

# Time        UID       PID    %usr %system  %guest   %wait    %CPU   CPU  minflt/s  majflt/s     VSZ     RSS   %MEM   kB_rd/s   kB_wr/s kB_ccwr/s iodelay  Command
12:35:46        0      1805  380.00    9.00    0.00    0.00  389.00     3     12.00      0.00 4176552  348780  35.63     28.00      0.00      0.00       0  java

# Time        UID       PID    %usr %system  %guest   %wait    %CPU   CPU  minflt/s  majflt/s     VSZ     RSS   %MEM   kB_rd/s   kB_wr/s kB_ccwr/s iodelay  Command
12:35:47        0       819    3.00    2.00    0.00    0.00    5.00     2      2.00      0.00 4615236  181608  18.55      4.00     16.00      0.00       0  java
12:35:47        0      1805  292.00   12.00    0.00    0.00  304.00     3    174.00      0.00 4182672  349548  35.71    228.00      0.00      0.00       0  java

# Time        UID       PID    %usr %system  %guest   %wait    %CPU   CPU  minflt/s  majflt/s     VSZ     RSS   %MEM   kB_rd/s   kB_wr/s kB_ccwr/s iodelay  Command
12:35:48        0       819    4.00    2.00    0.00    0.00    6.00     2      7.00      0.00 4615236  181608  18.55 990576.00      0.00      0.00       0  java

# Time        UID       PID    %usr %system  %guest   %wait    %CPU   CPU  minflt/s  majflt/s     VSZ     RSS   %MEM   kB_rd/s   kB_wr/s kB_ccwr/s iodelay  Command

# Time        UID       PID    %usr %system  %guest   %wait    %CPU   CPU  minflt/s  majflt/s     VSZ     RSS   %MEM   kB_rd/s   kB_wr/s kB_ccwr/s iodelay  Command

# Time        UID       PID    %usr %system  %guest   %wait    %CPU   CPU  minflt/s  majflt/s     VSZ     RSS   %MEM   kB_rd/s   kB_wr/s kB_ccwr/s iodelay  Command
12:35:51        0       819    1.00    0.00    0.00    0.00    1.00     2      0.00      0.00 4615236  181608  18.55      0.00      0.00      0.00       0  java

# Time        UID       PID    %usr %system  %guest   %wait    %CPU   CPU  minflt/s  majflt/s     VSZ     RSS   %MEM   kB_rd/s   kB_wr/s kB_ccwr/s iodelay  Command

# Time        UID       PID    %usr %system  %guest   %wait    %CPU   CPU  minflt/s  majflt/s     VSZ     RSS   %MEM   kB_rd/s   kB_wr/s kB_ccwr/s iodelay  Command

# Time        UID       PID    %usr %system  %guest   %wait    %CPU   CPU  minflt/s  majflt/s     VSZ     RSS   %MEM   kB_rd/s   kB_wr/s kB_ccwr/s iodelay  Command
12:35:54        0       819    0.00    1.00    0.00    0.00    1.00     2      0.00      0.00 4615236  181608  18.55      0.00      0.00      0.00       0  java

# Time        UID       PID    %usr %system  %guest   %wait    %CPU   CPU  minflt/s  majflt/s     VSZ     RSS   %MEM   kB_rd/s   kB_wr/s kB_ccwr/s iodelay  Command

# Time        UID       PID    %usr %system  %guest   %wait    %CPU   CPU  minflt/s  majflt/s     VSZ     RSS   %MEM   kB_rd/s   kB_wr/s kB_ccwr/s iodelay  Command

# Time        UID       PID    %usr %system  %guest   %wait    %CPU   CPU  minflt/s  majflt/s     VSZ     RSS   %MEM   kB_rd/s   kB_wr/s kB_ccwr/s iodelay  Command

# Time        UID       PID    %usr %system  %guest   %wait    %CPU   CPU  minflt/s  majflt/s     VSZ     RSS   %MEM   kB_rd/s   kB_wr/s kB_ccwr/s iodelay  Command

# Time        UID       PID    %usr %system  %guest   %wait    %CPU   CPU  minflt/s  majflt/s     VSZ     RSS   %MEM   kB_rd/s   kB_wr/s kB_ccwr/s iodelay  Command
12:35:59        0       819    0.00    1.00    0.00    0.00    1.00     2      0.00      0.00 4615236  181608  18.55      0.00      0.00      0.00       0  java

# Time        UID       PID    %usr %system  %guest   %wait    %CPU   CPU  minflt/s  majflt/s     VSZ     RSS   %MEM   kB_rd/s   kB_wr/s kB_ccwr/s iodelay  Command
12:36:00        0       819    0.00    1.00    0.00    0.00    1.00     2      0.00      0.00 4615236  181608  18.55      0.00      0.00      0.00       0  java
