Linux 6.12.47+rpt-rpi-v8 (DietPi) 	01/11/26 	_aarch64_	(4 CPU)

# Time        UID       PID    %usr %system  %guest   %wait    %CPU   CPU  minflt/s  majflt/s     VSZ     RSS   %MEM   kB_rd/s   kB_wr/s kB_ccwr/s iodelay  Command

# Time        UID       PID    %usr %system  %guest   %wait    %CPU   CPU  minflt/s  majflt/s     VSZ     RSS   %MEM   kB_rd/s   kB_wr/s kB_ccwr/s iodelay  Command

# Time        UID       PID    %usr %system  %guest   %wait    %CPU   CPU  minflt/s  majflt/s     VSZ     RSS   %MEM   kB_rd/s   kB_wr/s kB_ccwr/s iodelay  Command

# Time        UID       PID    %usr %system  %guest   %wait    %CPU   CPU  minflt/s  majflt/s     VSZ     RSS   %MEM   kB_rd/s   kB_wr/s kB_ccwr/s iodelay  Command
17:54:16        0       927    2.00    0.00    0.00    0.00    2.00     0      3.00      0.00 4627520  197232  20.15      0.00      0.00      0.00       0  java

# Time        UID       PID    %usr %system  %guest   %wait    %CPU   CPU  minflt/s  majflt/s     VSZ     RSS   %MEM   kB_rd/s   kB_wr/s kB_ccwr/s iodelay  Command

# Time        UID       PID    %usr %system  %guest   %wait    %CPU   CPU  minflt/s  majflt/s     VSZ     RSS   %MEM   kB_rd/s   kB_wr/s kB_ccwr/s iodelay  Command

# Time        UID       PID    %usr %system  %guest   %wait    %CPU   CPU  minflt/s  majflt/s     VSZ     RSS   %MEM   kB_rd/s   kB_wr/s kB_ccwr/s iodelay  Command

# Time        UID       PID    %usr %system  %guest   %wait    %CPU   CPU  minflt/s  majflt/s     VSZ     RSS   %MEM   kB_rd/s   kB_wr/s kB_ccwr/s iodelay  Command
17:54:20        0       927    1.00    0.00    0.00    0.00    1.00     0      0.00      0.00 4627520  197232  20.15      0.00      0.00      0.00       0  java

# Time        UID       PID    %usr %system  %guest   %wait    %CPU   CPU  minflt/s  majflt/s     VSZ     RSS   %MEM   kB_rd/s   kB_wr/s kB_ccwr/s iodelay  Command

# Time        UID       PID    %usr %system  %guest   %wait    %CPU   CPU  minflt/s  majflt/s     VSZ     RSS   %MEM   kB_rd/s   kB_wr/s kB_ccwr/s iodelay  Command

# Time        UID       PID    %usr %system  %guest   %wait    %CPU   CPU  minflt/s  majflt/s     VSZ     RSS   %MEM   kB_rd/s   kB_wr/s kB_ccwr/s iodelay  Command

# Time        UID       PID    %usr %system  %guest   %wait    %CPU   CPU  minflt/s  majflt/s     VSZ     RSS   %MEM   kB_rd/s   kB_wr/s kB_ccwr/s iodelay  Command

# Time        UID       PID    %usr %system  %guest   %wait    %CPU   CPU  minflt/s  majflt/s     VSZ     RSS   %MEM   kB_rd/s   kB_wr/s kB_ccwr/s iodelay  Command

# Time        UID       PID    %usr %system  %guest   %wait    %CPU   CPU  minflt/s  majflt/s     VSZ     RSS   %MEM   kB_rd/s   kB_wr/s kB_ccwr/s iodelay  Command

# Time        UID       PID    %usr %system  %guest   %wait    %CPU   CPU  minflt/s  majflt/s     VSZ     RSS   %MEM   kB_rd/s   kB_wr/s kB_ccwr/s iodelay  Command
17:54:27        0       927    0.00    1.00    0.00    0.00    1.00     0      0.00      0.00 4627520  197232  20.15      0.00      0.00      0.00       0  java

# Time        UID       PID    %usr %system  %guest   %wait    %CPU   CPU  minflt/s  majflt/s     VSZ     RSS   %MEM   kB_rd/s   kB_wr/s kB_ccwr/s iodelay  Command

# Time        UID       PID    %usr %system  %guest   %wait    %CPU   CPU  minflt/s  majflt/s     VSZ     RSS   %MEM   kB_rd/s   kB_wr/s kB_ccwr/s iodelay  Command

# Time        UID       PID    %usr %system  %guest   %wait    %CPU   CPU  minflt/s  majflt/s     VSZ     RSS   %MEM   kB_rd/s   kB_wr/s kB_ccwr/s iodelay  Command

# Time        UID       PID    %usr %system  %guest   %wait    %CPU   CPU  minflt/s  majflt/s     VSZ     RSS   %MEM   kB_rd/s   kB_wr/s kB_ccwr/s iodelay  Command
17:54:31        0       927    1.00    0.00    0.00    0.00    1.00     0      0.00      0.00 4627520  197232  20.15      0.00      0.00      0.00       0  java

# Time        UID       PID    %usr %system  %guest   %wait    %CPU   CPU  minflt/s  majflt/s     VSZ     RSS   %MEM   kB_rd/s   kB_wr/s kB_ccwr/s iodelay  Command

# Time        UID       PID    %usr %system  %guest   %wait    %CPU   CPU  minflt/s  majflt/s     VSZ     RSS   %MEM   kB_rd/s   kB_wr/s kB_ccwr/s iodelay  Command

# Time        UID       PID    %usr %system  %guest   %wait    %CPU   CPU  minflt/s  majflt/s     VSZ     RSS   %MEM   kB_rd/s   kB_wr/s kB_ccwr/s iodelay  Command
17:54:34        0       927   44.55    2.97    0.00    0.00   47.52     0     32.67      0.00 4627520  197360  20.16      0.00     27.72      0.00       0  java
17:54:34        0      5793   22.77    5.94    0.00    0.00   28.71     0   1884.16      0.00 2161824   23400   2.39      3.96      0.00      0.00       0  java

# Time        UID       PID    %usr %system  %guest   %wait    %CPU   CPU  minflt/s  majflt/s     VSZ     RSS   %MEM   kB_rd/s   kB_wr/s kB_ccwr/s iodelay  Command
17:54:35        0      5793  146.00    9.00    0.00    0.00  155.00     0   2465.00      0.00 2635324   37004   3.78      0.00      0.00      0.00       0  java

# Time        UID       PID    %usr %system  %guest   %wait    %CPU   CPU  minflt/s  majflt/s     VSZ     RSS   %MEM   kB_rd/s   kB_wr/s kB_ccwr/s iodelay  Command
17:54:36        0       927    1.00    0.00    0.00    0.00    1.00     0      0.00      0.00 4627520  197360  20.16      0.00      0.00      0.00       0  java
17:54:36        0      5793  116.00   14.00    0.00    0.00  130.00     0   2182.00      0.00 2770804   46772   4.78   5188.00      0.00      0.00       0  java

# Time        UID       PID    %usr %system  %guest   %wait    %CPU   CPU  minflt/s  majflt/s     VSZ     RSS   %MEM   kB_rd/s   kB_wr/s kB_ccwr/s iodelay  Command
17:54:37        0      5793   95.00   13.00    0.00    0.00  108.00     0   3428.00      0.00 2770804   60652   6.20   8172.00      0.00      0.00       0  java

# Time        UID       PID    %usr %system  %guest   %wait    %CPU   CPU  minflt/s  majflt/s     VSZ     RSS   %MEM   kB_rd/s   kB_wr/s kB_ccwr/s iodelay  Command
17:54:38        0      5793  177.00   15.00    0.00    0.00  192.00     0   4111.00      0.00 2770804   74752   7.64   6304.00      0.00      0.00       0  java

# Time        UID       PID    %usr %system  %guest   %wait    %CPU   CPU  minflt/s  majflt/s     VSZ     RSS   %MEM   kB_rd/s   kB_wr/s kB_ccwr/s iodelay  Command
17:54:39        0       927    0.00    1.00    0.00    0.00    1.00     0      0.00      0.00 4627520  197360  20.16      0.00      0.00      0.00       0  java
17:54:39        0      5793  207.00    9.00    0.00    0.00  216.00     0   1742.00      0.00 2770804   79924   8.16   2488.00      0.00      0.00       0  java

# Time        UID       PID    %usr %system  %guest   %wait    %CPU   CPU  minflt/s  majflt/s     VSZ     RSS   %MEM   kB_rd/s   kB_wr/s kB_ccwr/s iodelay  Command
17:54:40        0      5793  201.00    7.00    0.00    0.00  208.00     0   1542.00      0.00 2770804   86196   8.81    476.00      0.00      0.00       0  java

# Time        UID       PID    %usr %system  %guest   %wait    %CPU   CPU  minflt/s  majflt/s     VSZ     RSS   %MEM   kB_rd/s   kB_wr/s kB_ccwr/s iodelay  Command
17:54:41        0      5793  149.00    8.00    0.00    0.00  157.00     0    745.00      0.00 2770804   89140   9.11    808.00      0.00      0.00       0  java

# Time        UID       PID    %usr %system  %guest   %wait    %CPU   CPU  minflt/s  majflt/s     VSZ     RSS   %MEM   kB_rd/s   kB_wr/s kB_ccwr/s iodelay  Command
17:54:42        0       927    0.00    1.00    0.00    0.00    1.00     0      0.00      0.00 4627520  197360  20.16      0.00      0.00      0.00       0  java
17:54:42        0      5793  164.00    5.00    0.00    0.00  169.00     0    994.00      0.00 2770804   93236   9.52    764.00      0.00      0.00       0  java

# Time        UID       PID    %usr %system  %guest   %wait    %CPU   CPU  minflt/s  majflt/s     VSZ     RSS   %MEM   kB_rd/s   kB_wr/s kB_ccwr/s iodelay  Command
17:54:43        0      5793  143.00    4.00    0.00    0.00  147.00     0    628.00      0.00 2770804   95924   9.80    216.00      0.00      0.00       0  java

# Time        UID       PID    %usr %system  %guest   %wait    %CPU   CPU  minflt/s  majflt/s     VSZ     RSS   %MEM   kB_rd/s   kB_wr/s kB_ccwr/s iodelay  Command
17:54:44        0       927    1.00    0.00    0.00    0.00    1.00     0      0.00      0.00 4627520  197360  20.16      0.00      0.00      0.00       0  java

# Time        UID       PID    %usr %system  %guest   %wait    %CPU   CPU  minflt/s  majflt/s     VSZ     RSS   %MEM   kB_rd/s   kB_wr/s kB_ccwr/s iodelay  Command

# Time        UID       PID    %usr %system  %guest   %wait    %CPU   CPU  minflt/s  majflt/s     VSZ     RSS   %MEM   kB_rd/s   kB_wr/s kB_ccwr/s iodelay  Command

# Time        UID       PID    %usr %system  %guest   %wait    %CPU   CPU  minflt/s  majflt/s     VSZ     RSS   %MEM   kB_rd/s   kB_wr/s kB_ccwr/s iodelay  Command

# Time        UID       PID    %usr %system  %guest   %wait    %CPU   CPU  minflt/s  majflt/s     VSZ     RSS   %MEM   kB_rd/s   kB_wr/s kB_ccwr/s iodelay  Command

# Time        UID       PID    %usr %system  %guest   %wait    %CPU   CPU  minflt/s  majflt/s     VSZ     RSS   %MEM   kB_rd/s   kB_wr/s kB_ccwr/s iodelay  Command

# Time        UID       PID    %usr %system  %guest   %wait    %CPU   CPU  minflt/s  majflt/s     VSZ     RSS   %MEM   kB_rd/s   kB_wr/s kB_ccwr/s iodelay  Command
17:54:50        0       927    1.00    0.00    0.00    0.00    1.00     0      0.00      0.00 4627520  197360  20.16      0.00      0.00      0.00       0  java
17:54:50        0      5793    8.00    0.00    0.00    0.00    8.00     0     18.00      0.00 2770804   95924   9.80     16.00      0.00      0.00       0  java

# Time        UID       PID    %usr %system  %guest   %wait    %CPU   CPU  minflt/s  majflt/s     VSZ     RSS   %MEM   kB_rd/s   kB_wr/s kB_ccwr/s iodelay  Command

# Time        UID       PID    %usr %system  %guest   %wait    %CPU   CPU  minflt/s  majflt/s     VSZ     RSS   %MEM   kB_rd/s   kB_wr/s kB_ccwr/s iodelay  Command
17:54:52        0      5793    3.00    0.00    0.00    0.00    3.00     0      8.00      0.00 2770804   95924   9.80      4.00      0.00      0.00       0  java

# Time        UID       PID    %usr %system  %guest   %wait    %CPU   CPU  minflt/s  majflt/s     VSZ     RSS   %MEM   kB_rd/s   kB_wr/s kB_ccwr/s iodelay  Command

# Time        UID       PID    %usr %system  %guest   %wait    %CPU   CPU  minflt/s  majflt/s     VSZ     RSS   %MEM   kB_rd/s   kB_wr/s kB_ccwr/s iodelay  Command
17:54:54        0      5793    0.00    0.00    0.00    0.00    0.00     0      0.00      0.00 2770804   95924   9.80      4.00      0.00      0.00       0  java

# Time        UID       PID    %usr %system  %guest   %wait    %CPU   CPU  minflt/s  majflt/s     VSZ     RSS   %MEM   kB_rd/s   kB_wr/s kB_ccwr/s iodelay  Command
17:54:55        0      5793    1.00    0.00    0.00    0.00    1.00     0      0.00      0.00 2770804   95924   9.80      0.00      0.00      0.00       0  java

# Time        UID       PID    %usr %system  %guest   %wait    %CPU   CPU  minflt/s  majflt/s     VSZ     RSS   %MEM   kB_rd/s   kB_wr/s kB_ccwr/s iodelay  Command
17:54:56        0      5793   83.00    0.00    0.00    0.00   83.00     0    213.00      0.00 2770804   96948   9.90     44.00      0.00      0.00       0  java

# Time        UID       PID    %usr %system  %guest   %wait    %CPU   CPU  minflt/s  majflt/s     VSZ     RSS   %MEM   kB_rd/s   kB_wr/s kB_ccwr/s iodelay  Command
17:54:57        0       927    1.00    0.00    0.00    0.00    1.00     0      0.00      0.00 4627520  197360  20.16      0.00      0.00      0.00       0  java
17:54:57        0      5793  164.00    9.00    0.00    0.00  173.00     0    604.00      0.00 2770804   99564  10.17    596.00      0.00      0.00       0  java

# Time        UID       PID    %usr %system  %guest   %wait    %CPU   CPU  minflt/s  majflt/s     VSZ     RSS   %MEM   kB_rd/s   kB_wr/s kB_ccwr/s iodelay  Command
17:54:58        0      5793  143.00    3.00    0.00    0.00  146.00     0    803.00      0.00 2771068  103400  10.56    140.00      0.00      0.00       0  java

# Time        UID       PID    %usr %system  %guest   %wait    %CPU   CPU  minflt/s  majflt/s     VSZ     RSS   %MEM   kB_rd/s   kB_wr/s kB_ccwr/s iodelay  Command
17:54:59        0      5793  228.00    5.00    0.00    0.00  233.00     0    579.00      0.00 2771068  106136  10.84    276.00      0.00      0.00       0  java

# Time        UID       PID    %usr %system  %guest   %wait    %CPU   CPU  minflt/s  majflt/s     VSZ     RSS   %MEM   kB_rd/s   kB_wr/s kB_ccwr/s iodelay  Command
17:55:00        0      5793  174.00    5.00    0.00    0.00  179.00     0    852.00      0.00 2771068  109772  11.21    520.00      0.00      0.00       0  java

# Time        UID       PID    %usr %system  %guest   %wait    %CPU   CPU  minflt/s  majflt/s     VSZ     RSS   %MEM   kB_rd/s   kB_wr/s kB_ccwr/s iodelay  Command
17:55:01        0       927    1.00    1.00    0.00    0.00    2.00     0      0.00      0.00 4627520  197360  20.16      0.00      0.00      0.00       0  java
17:55:01        0      5793  187.00    7.00    0.00    0.00  194.00     0   1226.00      0.00 2771068  114948  11.74     52.00      0.00      0.00       0  java

# Time        UID       PID    %usr %system  %guest   %wait    %CPU   CPU  minflt/s  majflt/s     VSZ     RSS   %MEM   kB_rd/s   kB_wr/s kB_ccwr/s iodelay  Command
17:55:02        0       927    0.00    0.00    0.00    0.00    0.00     0      0.00      0.00 4627520  197360  20.16      0.00      4.00      0.00       0  java
17:55:02        0      5793  186.00    5.00    0.00    0.00  191.00     0   1110.00      0.00 2771068  119600  12.22    108.00      0.00      0.00       0  java

# Time        UID       PID    %usr %system  %guest   %wait    %CPU   CPU  minflt/s  majflt/s     VSZ     RSS   %MEM   kB_rd/s   kB_wr/s kB_ccwr/s iodelay  Command
17:55:03        0      5793  209.00    7.00    0.00    0.00  216.00     0   1181.00      0.00 2771068  124336  12.70    320.00      0.00      0.00       0  java

# Time        UID       PID    %usr %system  %guest   %wait    %CPU   CPU  minflt/s  majflt/s     VSZ     RSS   %MEM   kB_rd/s   kB_wr/s kB_ccwr/s iodelay  Command
17:55:04        0       927    1.00    0.00    0.00    0.00    1.00     0      0.00      0.00 4627520  197360  20.16      0.00      0.00      0.00       0  java
17:55:04        0      5793  116.00    6.00    0.00    0.00  122.00     0    656.00      0.00 2771200  127080  12.98    784.00      0.00      0.00       0  java

# Time        UID       PID    %usr %system  %guest   %wait    %CPU   CPU  minflt/s  majflt/s     VSZ     RSS   %MEM   kB_rd/s   kB_wr/s kB_ccwr/s iodelay  Command
17:55:05        0      5793  221.00    7.00    0.00    0.00  228.00     0    491.00      0.00 2771200  129300  13.21    556.00      0.00      0.00       0  java

# Time        UID       PID    %usr %system  %guest   %wait    %CPU   CPU  minflt/s  majflt/s     VSZ     RSS   %MEM   kB_rd/s   kB_wr/s kB_ccwr/s iodelay  Command
17:55:06        0      5793  211.00    4.00    0.00    0.00  215.00     0   1028.00      0.00 2904480  133524  13.64    432.00      0.00      0.00       0  java

# Time        UID       PID    %usr %system  %guest   %wait    %CPU   CPU  minflt/s  majflt/s     VSZ     RSS   %MEM   kB_rd/s   kB_wr/s kB_ccwr/s iodelay  Command
17:55:07        0       927    0.00    1.00    0.00    0.00    1.00     0      0.00      0.00 4627520  197360  20.16      0.00      4.00      0.00       0  java
17:55:07        0      5793  173.00    2.00    0.00    0.00  175.00     0    692.00      0.00 2904612  136268  13.92    420.00      0.00      0.00       0  java

# Time        UID       PID    %usr %system  %guest   %wait    %CPU   CPU  minflt/s  majflt/s     VSZ     RSS   %MEM   kB_rd/s   kB_wr/s kB_ccwr/s iodelay  Command
17:55:08        0      5793  218.00    4.00    0.00    0.00  222.00     0    611.00      0.00 2904612  138864  14.19    416.00      0.00      0.00       0  java

# Time        UID       PID    %usr %system  %guest   %wait    %CPU   CPU  minflt/s  majflt/s     VSZ     RSS   %MEM   kB_rd/s   kB_wr/s kB_ccwr/s iodelay  Command
17:55:09        0      5793  124.00    7.00    0.00    0.00  131.00     0    899.00      0.00 2904612  142576  14.57    352.00      0.00      0.00       0  java

# Time        UID       PID    %usr %system  %guest   %wait    %CPU   CPU  minflt/s  majflt/s     VSZ     RSS   %MEM   kB_rd/s   kB_wr/s kB_ccwr/s iodelay  Command
17:55:10        0       927    0.00    1.00    0.00    0.00    1.00     0      0.00      0.00 4627520  197360  20.16      0.00      0.00      0.00       0  java
17:55:10        0      5793  182.00    8.00    0.00    0.00  190.00     0   1241.00      0.00 3039896  148060  15.13    232.00      0.00      0.00       0  java

# Time        UID       PID    %usr %system  %guest   %wait    %CPU   CPU  minflt/s  majflt/s     VSZ     RSS   %MEM   kB_rd/s   kB_wr/s kB_ccwr/s iodelay  Command
17:55:11        0      5793  188.00    9.00    0.00    0.00  197.00     0   3336.00      0.00 3043996  156732  16.01    120.00      0.00      0.00       0  java

# Time        UID       PID    %usr %system  %guest   %wait    %CPU   CPU  minflt/s  majflt/s     VSZ     RSS   %MEM   kB_rd/s   kB_wr/s kB_ccwr/s iodelay  Command
17:55:12        0      5793  242.00    6.00    0.00    0.00  248.00     0   1511.00      0.00 3180112  162748  16.63     28.00      0.00      0.00       0  java

# Time        UID       PID    %usr %system  %guest   %wait    %CPU   CPU  minflt/s  majflt/s     VSZ     RSS   %MEM   kB_rd/s   kB_wr/s kB_ccwr/s iodelay  Command
17:55:13        0       927    0.00    1.00    0.00    0.00    1.00     0      0.00      0.00 4627520  197360  20.16      0.00      4.00      0.00       0  java
17:55:13        0      5793  204.00    6.00    0.00    0.00  210.00     0    962.00      0.00 3318400  164640  16.82    620.00      0.00      0.00       0  java

# Time        UID       PID    %usr %system  %guest   %wait    %CPU   CPU  minflt/s  majflt/s     VSZ     RSS   %MEM   kB_rd/s   kB_wr/s kB_ccwr/s iodelay  Command
17:55:14        0       927    1.00    0.00    0.00    0.00    1.00     0      0.00      0.00 4627520  197360  20.16      0.00      0.00      0.00       0  java
17:55:14        0      5793  216.00    6.00    0.00    0.00  222.00     0    601.00      0.00 3318400  167072  17.07    476.00      0.00      0.00       0  java

# Time        UID       PID    %usr %system  %guest   %wait    %CPU   CPU  minflt/s  majflt/s     VSZ     RSS   %MEM   kB_rd/s   kB_wr/s kB_ccwr/s iodelay  Command
17:55:15        0      5793  177.00   10.00    0.00    0.00  187.00     0    966.00      0.00 3318400  170912  17.46    388.00      0.00      0.00       0  java

# Time        UID       PID    %usr %system  %guest   %wait    %CPU   CPU  minflt/s  majflt/s     VSZ     RSS   %MEM   kB_rd/s   kB_wr/s kB_ccwr/s iodelay  Command
17:55:16        0       927    4.00    1.00    0.00    0.00    5.00     0      4.00      0.00 4627520  197360  20.16      0.00      0.00      0.00       0  java
17:55:16        0      5793  162.00    6.00    0.00    0.00  168.00     0    547.00      0.00 3656280  169776  17.34    444.00      0.00      0.00       0  java

# Time        UID       PID    %usr %system  %guest   %wait    %CPU   CPU  minflt/s  majflt/s     VSZ     RSS   %MEM   kB_rd/s   kB_wr/s kB_ccwr/s iodelay  Command
17:55:17        0       927    1.00    0.00    0.00    0.00    1.00     0      0.00      0.00 4627520  197360  20.16      0.00      4.00      0.00       0  java
17:55:17        0      5793  180.00    4.00    0.00    0.00  184.00     0    621.00      0.00 3656280  173204  17.69     48.00      0.00      0.00       0  java

# Time        UID       PID    %usr %system  %guest   %wait    %CPU   CPU  minflt/s  majflt/s     VSZ     RSS   %MEM   kB_rd/s   kB_wr/s kB_ccwr/s iodelay  Command
17:55:18        0      5793  225.00    4.00    0.00    0.00  229.00     0    734.00      0.00 3723856  176148  17.99    176.00      0.00      0.00       0  java

# Time        UID       PID    %usr %system  %guest   %wait    %CPU   CPU  minflt/s  majflt/s     VSZ     RSS   %MEM   kB_rd/s   kB_wr/s kB_ccwr/s iodelay  Command
17:55:19        0      5793  192.00   10.00    0.00    0.00  202.00     0   1209.00      0.00 3859008  180884  18.48    304.00      0.00      0.00       0  java

# Time        UID       PID    %usr %system  %guest   %wait    %CPU   CPU  minflt/s  majflt/s     VSZ     RSS   %MEM   kB_rd/s   kB_wr/s kB_ccwr/s iodelay  Command
17:55:20        0       927    1.00    1.00    0.00    0.00    2.00     0      0.00      0.00 4627520  197360  20.16      0.00      4.00      0.00       0  java
17:55:20        0      5793  310.00   15.00    0.00    0.00  325.00     0   1661.00      0.00 4064064  187412  19.15    632.00      0.00      0.00       0  java

# Time        UID       PID    %usr %system  %guest   %wait    %CPU   CPU  minflt/s  majflt/s     VSZ     RSS   %MEM   kB_rd/s   kB_wr/s kB_ccwr/s iodelay  Command
17:55:21        0      5793  218.00    8.00    0.00    0.00  226.00     0   1237.00      0.00 4066104  192532  19.67    248.00      0.00      0.00       0  java

# Time        UID       PID    %usr %system  %guest   %wait    %CPU   CPU  minflt/s  majflt/s     VSZ     RSS   %MEM   kB_rd/s   kB_wr/s kB_ccwr/s iodelay  Command
17:55:22        0       927    1.00    0.00    0.00    0.00    1.00     0      0.00      0.00 4627520  197360  20.16      0.00      0.00      0.00       0  java
17:55:22        0      5793  157.00    4.00    0.00    0.00  161.00     0    355.00      0.00 4070344  193812  19.80    332.00      0.00      0.00       0  java

# Time        UID       PID    %usr %system  %guest   %wait    %CPU   CPU  minflt/s  majflt/s     VSZ     RSS   %MEM   kB_rd/s   kB_wr/s kB_ccwr/s iodelay  Command
17:55:23        0      5793   67.00    1.00    0.00    0.00   68.00     0    336.00      0.00 4070344  195092  19.93      4.00      0.00      0.00       0  java

# Time        UID       PID    %usr %system  %guest   %wait    %CPU   CPU  minflt/s  majflt/s     VSZ     RSS   %MEM   kB_rd/s   kB_wr/s kB_ccwr/s iodelay  Command

# Time        UID       PID    %usr %system  %guest   %wait    %CPU   CPU  minflt/s  majflt/s     VSZ     RSS   %MEM   kB_rd/s   kB_wr/s kB_ccwr/s iodelay  Command
17:55:25        0      5793    4.00    0.00    0.00    0.00    4.00     0      5.00      0.00 4070344  195092  19.93      4.00      0.00      0.00       0  java

# Time        UID       PID    %usr %system  %guest   %wait    %CPU   CPU  minflt/s  majflt/s     VSZ     RSS   %MEM   kB_rd/s   kB_wr/s kB_ccwr/s iodelay  Command
17:55:26        0      5793    1.00    0.00    0.00    0.00    1.00     0      0.00      0.00 4070344  191336  19.55      0.00      0.00      0.00       0  java

# Time        UID       PID    %usr %system  %guest   %wait    %CPU   CPU  minflt/s  majflt/s     VSZ     RSS   %MEM   kB_rd/s   kB_wr/s kB_ccwr/s iodelay  Command

# Time        UID       PID    %usr %system  %guest   %wait    %CPU   CPU  minflt/s  majflt/s     VSZ     RSS   %MEM   kB_rd/s   kB_wr/s kB_ccwr/s iodelay  Command

# Time        UID       PID    %usr %system  %guest   %wait    %CPU   CPU  minflt/s  majflt/s     VSZ     RSS   %MEM   kB_rd/s   kB_wr/s kB_ccwr/s iodelay  Command
17:55:29        0      5793    0.00    1.00    0.00    0.00    1.00     0      0.00      0.00 4070344  191336  19.55     48.00      0.00      0.00       0  java

# Time        UID       PID    %usr %system  %guest   %wait    %CPU   CPU  minflt/s  majflt/s     VSZ     RSS   %MEM   kB_rd/s   kB_wr/s kB_ccwr/s iodelay  Command

# Time        UID       PID    %usr %system  %guest   %wait    %CPU   CPU  minflt/s  majflt/s     VSZ     RSS   %MEM   kB_rd/s   kB_wr/s kB_ccwr/s iodelay  Command
17:55:31        0       927    1.00    1.00    0.00    0.00    2.00     0      4.00      0.00 4627520  197360  20.16      0.00      0.00      0.00       0  java

# Time        UID       PID    %usr %system  %guest   %wait    %CPU   CPU  minflt/s  majflt/s     VSZ     RSS   %MEM   kB_rd/s   kB_wr/s kB_ccwr/s iodelay  Command
17:55:32        0      5793    1.00    0.00    0.00    0.00    1.00     0      2.00      0.00 4070344  191336  19.55      0.00      0.00      0.00       0  java

# Time        UID       PID    %usr %system  %guest   %wait    %CPU   CPU  minflt/s  majflt/s     VSZ     RSS   %MEM   kB_rd/s   kB_wr/s kB_ccwr/s iodelay  Command
17:55:33        0       927    1.00    0.00    0.00    0.00    1.00     0      0.00      0.00 4627520  197360  20.16      0.00      0.00      0.00       0  java
17:55:33        0      5793    2.00    0.00    0.00    0.00    2.00     0     12.00      0.00 4070344  191336  19.55     56.00      0.00      0.00       0  java

# Time        UID       PID    %usr %system  %guest   %wait    %CPU   CPU  minflt/s  majflt/s     VSZ     RSS   %MEM   kB_rd/s   kB_wr/s kB_ccwr/s iodelay  Command

# Time        UID       PID    %usr %system  %guest   %wait    %CPU   CPU  minflt/s  majflt/s     VSZ     RSS   %MEM   kB_rd/s   kB_wr/s kB_ccwr/s iodelay  Command

# Time        UID       PID    %usr %system  %guest   %wait    %CPU   CPU  minflt/s  majflt/s     VSZ     RSS   %MEM   kB_rd/s   kB_wr/s kB_ccwr/s iodelay  Command
17:55:36        0      5793    2.00    0.00    0.00    0.00    2.00     0     16.00      0.00 4070344  191336  19.55      4.00      0.00      0.00       0  java

# Time        UID       PID    %usr %system  %guest   %wait    %CPU   CPU  minflt/s  majflt/s     VSZ     RSS   %MEM   kB_rd/s   kB_wr/s kB_ccwr/s iodelay  Command

# Time        UID       PID    %usr %system  %guest   %wait    %CPU   CPU  minflt/s  majflt/s     VSZ     RSS   %MEM   kB_rd/s   kB_wr/s kB_ccwr/s iodelay  Command
17:55:38        0      5793  258.00   10.00    0.00    0.00  268.00     0    958.00      0.00 4074612  195304  19.95    984.00      0.00      0.00       0  java

# Time        UID       PID    %usr %system  %guest   %wait    %CPU   CPU  minflt/s  majflt/s     VSZ     RSS   %MEM   kB_rd/s   kB_wr/s kB_ccwr/s iodelay  Command
17:55:39        0      5793  209.00   10.00    0.00    0.00  219.00     0    498.00      0.00 4074612  197224  20.15   1300.00      0.00      0.00       0  java

# Time        UID       PID    %usr %system  %guest   %wait    %CPU   CPU  minflt/s  majflt/s     VSZ     RSS   %MEM   kB_rd/s   kB_wr/s kB_ccwr/s iodelay  Command
17:55:40        0      5793  300.00   10.00    0.00    0.00  310.00     0   1430.00      0.00 4075060  202984  20.74    900.00      0.00      0.00       0  java

# Time        UID       PID    %usr %system  %guest   %wait    %CPU   CPU  minflt/s  majflt/s     VSZ     RSS   %MEM   kB_rd/s   kB_wr/s kB_ccwr/s iodelay  Command
17:55:41        0       927    1.00    0.00    0.00    0.00    1.00     0      0.00      0.00 4627520  197360  20.16      0.00      0.00      0.00       0  java
17:55:41        0      5793  274.00   14.00    0.00    0.00  288.00     0    881.00      0.00 4075792  206440  21.09   1144.00      0.00      0.00       0  java

# Time        UID       PID    %usr %system  %guest   %wait    %CPU   CPU  minflt/s  majflt/s     VSZ     RSS   %MEM   kB_rd/s   kB_wr/s kB_ccwr/s iodelay  Command
17:55:42        0      5793  223.00    6.00    0.00    0.00  229.00     0   1352.00      0.00 4075792  211688  21.63    504.00      0.00      0.00       0  java

# Time        UID       PID    %usr %system  %guest   %wait    %CPU   CPU  minflt/s  majflt/s     VSZ     RSS   %MEM   kB_rd/s   kB_wr/s kB_ccwr/s iodelay  Command
17:55:43        0       927    0.00    1.00    0.00    0.00    1.00     0      0.00      0.00 4627520  197360  20.16      0.00      0.00      0.00       0  java
17:55:43        0      5793  234.00    8.00    0.00    0.00  242.00     0    873.00      0.00 4075928  215272  21.99    308.00      0.00      0.00       0  java

# Time        UID       PID    %usr %system  %guest   %wait    %CPU   CPU  minflt/s  majflt/s     VSZ     RSS   %MEM   kB_rd/s   kB_wr/s kB_ccwr/s iodelay  Command
17:55:44        0       927    1.00    0.00    0.00    0.00    1.00     0      0.00      0.00 4627520  197360  20.16      0.00      0.00      0.00       0  java
17:55:44        0      5793  222.00    5.00    0.00    0.00  227.00     0    747.00      0.00 4076080  218588  22.33    108.00      0.00      0.00       0  java

# Time        UID       PID    %usr %system  %guest   %wait    %CPU   CPU  minflt/s  majflt/s     VSZ     RSS   %MEM   kB_rd/s   kB_wr/s kB_ccwr/s iodelay  Command
17:55:45        0      5793  200.00    4.00    0.00    0.00  204.00     0    652.00      0.00 4076412  221148  22.59    268.00      0.00      0.00       0  java

# Time        UID       PID    %usr %system  %guest   %wait    %CPU   CPU  minflt/s  majflt/s     VSZ     RSS   %MEM   kB_rd/s   kB_wr/s kB_ccwr/s iodelay  Command
17:55:46        0       927    1.00    0.00    0.00    0.00    1.00     0      0.00      0.00 4627520  197360  20.16      0.00      0.00      0.00       0  java
17:55:46        0      5793  197.00    5.00    0.00    0.00  202.00     0    459.00      0.00 4076852  223068  22.79    284.00      0.00      0.00       0  java

# Time        UID       PID    %usr %system  %guest   %wait    %CPU   CPU  minflt/s  majflt/s     VSZ     RSS   %MEM   kB_rd/s   kB_wr/s kB_ccwr/s iodelay  Command
17:55:47        0       927    0.00    0.00    0.00    0.00    0.00     0      0.00      0.00 4627520  197360  20.16      0.00      4.00      0.00       0  java
17:55:47        0      5793  229.00    6.00    0.00    0.00  235.00     0    496.00      0.00 4077120  224988  22.98    292.00      0.00      0.00       0  java

# Time        UID       PID    %usr %system  %guest   %wait    %CPU   CPU  minflt/s  majflt/s     VSZ     RSS   %MEM   kB_rd/s   kB_wr/s kB_ccwr/s iodelay  Command
17:55:48        0       927    0.00    1.00    0.00    0.00    1.00     0      0.00      0.00 4627520  197360  20.16      0.00      0.00      0.00       0  java
17:55:48        0      5793  311.00   13.00    0.00    0.00  324.00     0    712.00      0.00 4077256  227548  23.25    268.00      0.00      0.00       0  java

# Time        UID       PID    %usr %system  %guest   %wait    %CPU   CPU  minflt/s  majflt/s     VSZ     RSS   %MEM   kB_rd/s   kB_wr/s kB_ccwr/s iodelay  Command
17:55:49        0       927    0.00    0.00    0.00    0.00    0.00     0      0.00      0.00 4627520  197360  20.16      0.00      3.96      0.00       0  java
17:55:49        0      5793  236.63   10.89    0.00    0.00  247.52     0    744.55      0.00 4077388  230364  23.53    348.51      0.00      0.00       0  java

# Time        UID       PID    %usr %system  %guest   %wait    %CPU   CPU  minflt/s  majflt/s     VSZ     RSS   %MEM   kB_rd/s   kB_wr/s kB_ccwr/s iodelay  Command
17:55:50        0       927   16.00    0.00    0.00    0.00   16.00     0      2.00      0.00 4627520  197360  20.16      0.00      0.00      0.00       0  java
17:55:50        0      5793  267.00    6.00    0.00    0.00  273.00     0    268.00      0.00 4077524  231516  23.65      4.00      0.00      0.00       0  java

# Time        UID       PID    %usr %system  %guest   %wait    %CPU   CPU  minflt/s  majflt/s     VSZ     RSS   %MEM   kB_rd/s   kB_wr/s kB_ccwr/s iodelay  Command
17:55:51        0      5793  262.00    6.00    0.00    0.00  268.00     0    424.00      0.00 4077524  228868  23.38    248.00      0.00      0.00       0  java

# Time        UID       PID    %usr %system  %guest   %wait    %CPU   CPU  minflt/s  majflt/s     VSZ     RSS   %MEM   kB_rd/s   kB_wr/s kB_ccwr/s iodelay  Command
17:55:52        0      5793  201.00    4.00    0.00    0.00  205.00     0    737.00      0.00 4077524  231812  23.68    332.00      0.00      0.00       0  java

# Time        UID       PID    %usr %system  %guest   %wait    %CPU   CPU  minflt/s  majflt/s     VSZ     RSS   %MEM   kB_rd/s   kB_wr/s kB_ccwr/s iodelay  Command
17:55:53        0       927    1.00    0.00    0.00    0.00    1.00     0      0.00      0.00 4627520  197360  20.16      0.00      0.00      0.00       0  java
17:55:53        0      5793  213.00    6.00    0.00    0.00  219.00     0    495.00      0.00 4077524  233732  23.88    132.00      0.00      0.00       0  java

# Time        UID       PID    %usr %system  %guest   %wait    %CPU   CPU  minflt/s  majflt/s     VSZ     RSS   %MEM   kB_rd/s   kB_wr/s kB_ccwr/s iodelay  Command
17:55:54        0       927    0.00    1.00    0.00    0.00    1.00     0      0.00      0.00 4627520  197360  20.16      0.00      0.00      0.00       0  java
17:55:54        0      5793  245.00    3.00    0.00    0.00  248.00     0    336.00      0.00 4077524  235140  24.02    272.00      0.00      0.00       0  java

# Time        UID       PID    %usr %system  %guest   %wait    %CPU   CPU  minflt/s  majflt/s     VSZ     RSS   %MEM   kB_rd/s   kB_wr/s kB_ccwr/s iodelay  Command
17:55:55        0      5793  221.00   11.00    0.00    0.00  232.00     0    515.00      0.00 4077524  237188  24.23   1072.00      0.00      0.00       0  java

# Time        UID       PID    %usr %system  %guest   %wait    %CPU   CPU  minflt/s  majflt/s     VSZ     RSS   %MEM   kB_rd/s   kB_wr/s kB_ccwr/s iodelay  Command
17:55:56        0      5793  252.00   15.00    0.00    0.00  267.00     0   1216.00      0.00 4077524  241924  24.71    712.00      0.00      0.00       0  java

# Time        UID       PID    %usr %system  %guest   %wait    %CPU   CPU  minflt/s  majflt/s     VSZ     RSS   %MEM   kB_rd/s   kB_wr/s kB_ccwr/s iodelay  Command
17:55:57        0      5793  377.00    6.00    0.00    0.00  383.00     0    196.00      0.00 4143060  242612  24.78      0.00      0.00      0.00       0  java

# Time        UID       PID    %usr %system  %guest   %wait    %CPU   CPU  minflt/s  majflt/s     VSZ     RSS   %MEM   kB_rd/s   kB_wr/s kB_ccwr/s iodelay  Command
17:55:58        0       927    0.00    1.00    0.00    0.00    1.00     0      0.00      0.00 4627520  197360  20.16      0.00      0.00      0.00       0  java
17:55:58        0      5793  350.00    6.00    0.00    0.00  356.00     0   3019.00      0.00 4143060  254900  26.04    256.00      0.00      0.00       0  java

# Time        UID       PID    %usr %system  %guest   %wait    %CPU   CPU  minflt/s  majflt/s     VSZ     RSS   %MEM   kB_rd/s   kB_wr/s kB_ccwr/s iodelay  Command
17:55:59        0      5793  378.22    3.96    0.00    0.00  382.18     0    103.96      0.00 4143060  255156  26.07    633.66      0.00      0.00       0  java

# Time        UID       PID    %usr %system  %guest   %wait    %CPU   CPU  minflt/s  majflt/s     VSZ     RSS   %MEM   kB_rd/s   kB_wr/s kB_ccwr/s iodelay  Command
17:56:00        0       927    1.00    0.00    0.00    0.00    1.00     0      0.00      0.00 4627520  197360  20.16      0.00      0.00      0.00       0  java
17:56:00        0      5793  214.00    3.00    0.00    0.00  217.00     0    675.00      0.00 4143060  257844  26.34    256.00      0.00      0.00       0  java

# Time        UID       PID    %usr %system  %guest   %wait    %CPU   CPU  minflt/s  majflt/s     VSZ     RSS   %MEM   kB_rd/s   kB_wr/s kB_ccwr/s iodelay  Command
17:56:01        0       927    1.00    0.00    0.00    0.00    1.00     0      1.00      0.00 4627520  197360  20.16      0.00      0.00      0.00       0  java
17:56:01        0      5793  371.00    4.00    0.00    0.00  375.00     0     76.00      0.00 4143060  258100  26.37    768.00      0.00      0.00       0  java

# Time        UID       PID    %usr %system  %guest   %wait    %CPU   CPU  minflt/s  majflt/s     VSZ     RSS   %MEM   kB_rd/s   kB_wr/s kB_ccwr/s iodelay  Command
17:56:02        0      5793  376.00   11.00    0.00    0.00  387.00     0   2201.00      0.00 4143060  267188  27.30    512.00      0.00      0.00       0  java

# Time        UID       PID    %usr %system  %guest   %wait    %CPU   CPU  minflt/s  majflt/s     VSZ     RSS   %MEM   kB_rd/s   kB_wr/s kB_ccwr/s iodelay  Command
17:56:03        0       927    1.00    1.00    0.00    0.00    2.00     0      0.00      0.00 4627520  197360  20.16      0.00      0.00      0.00       0  java
17:56:03        0      5793  363.00    7.00    0.00    0.00  370.00     0     56.00      0.00 4143060  267188  27.30   1024.00      0.00      0.00       0  java

# Time        UID       PID    %usr %system  %guest   %wait    %CPU   CPU  minflt/s  majflt/s     VSZ     RSS   %MEM   kB_rd/s   kB_wr/s kB_ccwr/s iodelay  Command
17:56:04        0      5793  381.00    4.00    0.00    0.00  385.00     0      3.00      0.00 4143060  267188  27.30   1408.00      0.00      0.00       0  java

# Time        UID       PID    %usr %system  %guest   %wait    %CPU   CPU  minflt/s  majflt/s     VSZ     RSS   %MEM   kB_rd/s   kB_wr/s kB_ccwr/s iodelay  Command
17:56:05        0      5793  361.00   12.00    0.00    0.00  373.00     0      5.00      0.00 4143060  267188  27.30   1408.00      0.00      0.00       0  java

# Time        UID       PID    %usr %system  %guest   %wait    %CPU   CPU  minflt/s  majflt/s     VSZ     RSS   %MEM   kB_rd/s   kB_wr/s kB_ccwr/s iodelay  Command
17:56:06        0       927    0.00    0.99    0.00    0.00    0.99     0      0.00      0.00 4627520  197360  20.16      0.00      0.00      0.00       0  java
17:56:06        0      5793  365.35    8.91    0.00    0.00  374.26     0      8.91      0.00 4143060  267188  27.30   1900.99      0.00      0.00       0  java

# Time        UID       PID    %usr %system  %guest   %wait    %CPU   CPU  minflt/s  majflt/s     VSZ     RSS   %MEM   kB_rd/s   kB_wr/s kB_ccwr/s iodelay  Command
17:56:07        0      5793  373.00    8.00    0.00    0.00  381.00     0     10.00      0.00 4143060  267188  27.30   2176.00      0.00      0.00       0  java

# Time        UID       PID    %usr %system  %guest   %wait    %CPU   CPU  minflt/s  majflt/s     VSZ     RSS   %MEM   kB_rd/s   kB_wr/s kB_ccwr/s iodelay  Command
17:56:08        0       927    1.00    0.00    0.00    0.00    1.00     0      0.00      0.00 4627520  197360  20.16      0.00      0.00      0.00       0  java
17:56:08        0      5793  367.00    9.00    0.00    0.00  376.00     0      4.00      0.00 4143060  267188  27.30   2432.00      0.00      0.00       0  java

# Time        UID       PID    %usr %system  %guest   %wait    %CPU   CPU  minflt/s  majflt/s     VSZ     RSS   %MEM   kB_rd/s   kB_wr/s kB_ccwr/s iodelay  Command
17:56:09        0      5793  363.00    8.00    0.00    0.00  371.00     0      6.00      0.00 4143060  267188  27.30   2688.00      0.00      0.00       0  java

# Time        UID       PID    %usr %system  %guest   %wait    %CPU   CPU  minflt/s  majflt/s     VSZ     RSS   %MEM   kB_rd/s   kB_wr/s kB_ccwr/s iodelay  Command
17:56:10        0      5793  357.00   18.00    0.00    0.00  375.00     0     11.00      0.00 4143060  267316  27.31   3968.00      0.00      0.00       0  java

# Time        UID       PID    %usr %system  %guest   %wait    %CPU   CPU  minflt/s  majflt/s     VSZ     RSS   %MEM   kB_rd/s   kB_wr/s kB_ccwr/s iodelay  Command
17:56:11        0       927    1.00    0.00    0.00    0.00    1.00     0      0.00      0.00 4627520  197360  20.16      0.00      0.00      0.00       0  java
17:56:11        0      5793  347.00   17.00    0.00    0.00  364.00     0     12.00      0.00 4143060  267316  27.31   4096.00      0.00      0.00       0  java

# Time        UID       PID    %usr %system  %guest   %wait    %CPU   CPU  minflt/s  majflt/s     VSZ     RSS   %MEM   kB_rd/s   kB_wr/s kB_ccwr/s iodelay  Command
17:56:12        0      5793  353.00   15.00    0.00    0.00  368.00     0     16.00      0.00 4143060  267572  27.33   4352.00      0.00      0.00       0  java

# Time        UID       PID    %usr %system  %guest   %wait    %CPU   CPU  minflt/s  majflt/s     VSZ     RSS   %MEM   kB_rd/s   kB_wr/s kB_ccwr/s iodelay  Command
17:56:13        0       927    0.00    1.00    0.00    0.00    1.00     0      0.00      0.00 4627520  197360  20.16      0.00      0.00      0.00       0  java
17:56:13        0      5793  343.00   20.00    0.00    0.00  363.00     0     13.00      0.00 4143060  267700  27.35   5120.00      0.00      0.00       0  java

# Time        UID       PID    %usr %system  %guest   %wait    %CPU   CPU  minflt/s  majflt/s     VSZ     RSS   %MEM   kB_rd/s   kB_wr/s kB_ccwr/s iodelay  Command
17:56:14        0       927    1.00    0.00    0.00    0.00    1.00     0      0.00      0.00 4627520  197360  20.16      0.00      0.00      0.00       0  java
17:56:14        0      5793  339.00   19.00    0.00    0.00  358.00     0      5.00      0.00 4143060  267700  27.35   6528.00      0.00      0.00       0  java

# Time        UID       PID    %usr %system  %guest   %wait    %CPU   CPU  minflt/s  majflt/s     VSZ     RSS   %MEM   kB_rd/s   kB_wr/s kB_ccwr/s iodelay  Command
17:56:15        0      5793  344.00   16.00    0.00    0.00  360.00     0     15.00      0.00 4143060  267700  27.35   7040.00      0.00      0.00       0  java

# Time        UID       PID    %usr %system  %guest   %wait    %CPU   CPU  minflt/s  majflt/s     VSZ     RSS   %MEM   kB_rd/s   kB_wr/s kB_ccwr/s iodelay  Command
17:56:16        0       927    1.00    0.00    0.00    0.00    1.00     0      0.00      0.00 4627520  197360  20.16      0.00      0.00      0.00       0  java
17:56:16        0      5793  343.00   18.00    0.00    0.00  361.00     0      8.00      0.00 4143060  267700  27.35   6400.00      0.00      0.00       0  java

# Time        UID       PID    %usr %system  %guest   %wait    %CPU   CPU  minflt/s  majflt/s     VSZ     RSS   %MEM   kB_rd/s   kB_wr/s kB_ccwr/s iodelay  Command
17:56:17        0      5793  331.68   27.72    0.00    0.00  359.41     0      6.93      0.00 4143060  267700  27.35   7223.76      0.00      0.00       0  java

# Time        UID       PID    %usr %system  %guest   %wait    %CPU   CPU  minflt/s  majflt/s     VSZ     RSS   %MEM   kB_rd/s   kB_wr/s kB_ccwr/s iodelay  Command
17:56:18        0       927    1.01    0.00    0.00    0.00    1.01     0      0.00      0.00 4627520  197360  20.16      0.00      0.00      0.00       0  java
17:56:18        0      5793  339.39   21.21    0.00    0.00  360.61     0      5.05      0.00 4143060  267700  27.35   6852.53      0.00      0.00       0  java

# Time        UID       PID    %usr %system  %guest   %wait    %CPU   CPU  minflt/s  majflt/s     VSZ     RSS   %MEM   kB_rd/s   kB_wr/s kB_ccwr/s iodelay  Command
17:56:19        0       927    0.00    0.99    0.00    0.00    0.99     0      0.00      0.00 4627520  197360  20.16      0.00      0.00      0.00       0  java
17:56:19        0      5793  335.64   20.79    0.00    0.00  356.44     0      6.93      0.00 4143060  267700  27.35   6590.10      0.00      0.00       0  java

# Time        UID       PID    %usr %system  %guest   %wait    %CPU   CPU  minflt/s  majflt/s     VSZ     RSS   %MEM   kB_rd/s   kB_wr/s kB_ccwr/s iodelay  Command
17:56:20        0      5793  335.00   29.00    0.00    0.00  364.00     0      6.00      0.00 4143060  267700  27.35   7040.00      0.00      0.00       0  java

# Time        UID       PID    %usr %system  %guest   %wait    %CPU   CPU  minflt/s  majflt/s     VSZ     RSS   %MEM   kB_rd/s   kB_wr/s kB_ccwr/s iodelay  Command
17:56:21        0      5793  335.00   22.00    0.00    0.00  357.00     0      7.00      0.00 4143060  267700  27.35   7296.00      0.00      0.00       0  java

# Time        UID       PID    %usr %system  %guest   %wait    %CPU   CPU  minflt/s  majflt/s     VSZ     RSS   %MEM   kB_rd/s   kB_wr/s kB_ccwr/s iodelay  Command
17:56:22        0      5793  331.00   26.00    0.00    0.00  357.00     0      7.00      0.00 4143060  267700  27.35   7936.00      0.00      0.00       0  java

# Time        UID       PID    %usr %system  %guest   %wait    %CPU   CPU  minflt/s  majflt/s     VSZ     RSS   %MEM   kB_rd/s   kB_wr/s kB_ccwr/s iodelay  Command
17:56:23        0       927    1.00    0.00    0.00    0.00    1.00     0      0.00      0.00 4627520  197360  20.16      0.00      0.00      0.00       0  java
17:56:23        0      5793  325.00   29.00    0.00    0.00  354.00     0      1.00      0.00 4143060  267700  27.35   8704.00      0.00      0.00       0  java

# Time        UID       PID    %usr %system  %guest   %wait    %CPU   CPU  minflt/s  majflt/s     VSZ     RSS   %MEM   kB_rd/s   kB_wr/s kB_ccwr/s iodelay  Command
17:56:24        0       927    0.00    1.00    0.00    0.00    1.00     0      0.00      0.00 4627520  197360  20.16      0.00      0.00      0.00       0  java
17:56:24        0      5793  324.00   29.00    0.00    0.00  353.00     0      2.00      0.00 4143060  267700  27.35   8320.00      0.00      0.00       0  java

# Time        UID       PID    %usr %system  %guest   %wait    %CPU   CPU  minflt/s  majflt/s     VSZ     RSS   %MEM   kB_rd/s   kB_wr/s kB_ccwr/s iodelay  Command
17:56:25        0      5793  327.00   28.00    0.00    0.00  355.00     0      1.00      0.00 4143060  267700  27.35   8064.00      0.00      0.00       0  java

# Time        UID       PID    %usr %system  %guest   %wait    %CPU   CPU  minflt/s  majflt/s     VSZ     RSS   %MEM   kB_rd/s   kB_wr/s kB_ccwr/s iodelay  Command
17:56:26        0      5793  332.00   24.00    0.00    0.00  356.00     0      3.00      0.00 4143060  267700  27.35   8448.00      0.00      0.00       0  java

# Time        UID       PID    %usr %system  %guest   %wait    %CPU   CPU  minflt/s  majflt/s     VSZ     RSS   %MEM   kB_rd/s   kB_wr/s kB_ccwr/s iodelay  Command
17:56:27        0      5793  330.00   24.00    0.00    0.00  354.00     0      4.00      0.00 4143060  267828  27.36   8320.00      0.00      0.00       0  java

# Time        UID       PID    %usr %system  %guest   %wait    %CPU   CPU  minflt/s  majflt/s     VSZ     RSS   %MEM   kB_rd/s   kB_wr/s kB_ccwr/s iodelay  Command
17:56:28        0       927    1.00    0.00    0.00    0.00    1.00     0      0.00      0.00 4627520  197360  20.16      0.00      0.00      0.00       0  java
17:56:28        0      5793  334.00   27.00    0.00    0.00  361.00     0      0.00      0.00 4143060  267828  27.36   8832.00      0.00      0.00       0  java

# Time        UID       PID    %usr %system  %guest   %wait    %CPU   CPU  minflt/s  majflt/s     VSZ     RSS   %MEM   kB_rd/s   kB_wr/s kB_ccwr/s iodelay  Command
17:56:29        0       927    0.00    1.00    0.00    0.00    1.00     0      0.00      0.00 4627520  197360  20.16      0.00      0.00      0.00       0  java
17:56:29        0      5793  328.00   21.00    0.00    0.00  349.00     0      1.00      0.00 4143060  267828  27.36   8832.00      0.00      0.00       0  java

# Time        UID       PID    %usr %system  %guest   %wait    %CPU   CPU  minflt/s  majflt/s     VSZ     RSS   %MEM   kB_rd/s   kB_wr/s kB_ccwr/s iodelay  Command
17:56:30        0      5793  310.00   26.00    0.00    0.00  336.00     0      0.00      0.00 4143060  267828  27.36   8448.00      0.00      0.00       0  java

# Time        UID       PID    %usr %system  %guest   %wait    %CPU   CPU  minflt/s  majflt/s     VSZ     RSS   %MEM   kB_rd/s   kB_wr/s kB_ccwr/s iodelay  Command
17:56:31        0       927    0.00    0.99    0.00    0.00    0.99     0      0.00      0.00 4627520  197360  20.16      0.00      0.00      0.00       0  java
17:56:31        0      5793  315.84   26.73    0.00    0.00  342.57     0      0.99      0.00 4143060  267828  27.36   8491.09      0.00      0.00       0  java

# Time        UID       PID    %usr %system  %guest   %wait    %CPU   CPU  minflt/s  majflt/s     VSZ     RSS   %MEM   kB_rd/s   kB_wr/s kB_ccwr/s iodelay  Command
17:56:32        0      5793  321.00   26.00    0.00    0.00  347.00     0      2.00      0.00 4143060  267828  27.36   8512.00      0.00      0.00       0  java

# Time        UID       PID    %usr %system  %guest   %wait    %CPU   CPU  minflt/s  majflt/s     VSZ     RSS   %MEM   kB_rd/s   kB_wr/s kB_ccwr/s iodelay  Command
17:56:33        0      5793  318.00   28.00    0.00    0.00  346.00     0      4.00      0.00 4143060  267828  27.36   8448.00      0.00      0.00       0  java

# Time        UID       PID    %usr %system  %guest   %wait    %CPU   CPU  minflt/s  majflt/s     VSZ     RSS   %MEM   kB_rd/s   kB_wr/s kB_ccwr/s iodelay  Command
17:56:34        0       927    1.00    0.00    0.00    0.00    1.00     0      0.00      0.00 4627520  197360  20.16      0.00      0.00      0.00       0  java
17:56:34        0      5793  340.00   21.00    0.00    0.00  361.00     0      1.00      0.00 4143060  267828  27.36   9216.00      0.00      0.00       0  java

# Time        UID       PID    %usr %system  %guest   %wait    %CPU   CPU  minflt/s  majflt/s     VSZ     RSS   %MEM   kB_rd/s   kB_wr/s kB_ccwr/s iodelay  Command
17:56:35        0      5793  315.00   25.00    0.00    0.00  340.00     0      2.00      0.00 4143060  267828  27.36   8064.00      0.00      0.00       0  java

# Time        UID       PID    %usr %system  %guest   %wait    %CPU   CPU  minflt/s  majflt/s     VSZ     RSS   %MEM   kB_rd/s   kB_wr/s kB_ccwr/s iodelay  Command
17:56:36        0       927    0.00    1.00    0.00    0.00    1.00     0      0.00      0.00 4627520  197360  20.16      0.00      0.00      0.00       0  java
17:56:36        0      5793  315.00   26.00    0.00    0.00  341.00     0      1.00      0.00 4143060  267828  27.36   8320.00      0.00      0.00       0  java

# Time        UID       PID    %usr %system  %guest   %wait    %CPU   CPU  minflt/s  majflt/s     VSZ     RSS   %MEM   kB_rd/s   kB_wr/s kB_ccwr/s iodelay  Command
17:56:37        0       927    1.00    0.00    0.00    0.00    1.00     0      0.00      0.00 4627520  197360  20.16      0.00      0.00      0.00       0  java
17:56:37        0      5793  322.00   25.00    0.00    0.00  347.00     0      0.00      0.00 4143060  267828  27.36   8704.00      0.00      0.00       0  java

# Time        UID       PID    %usr %system  %guest   %wait    %CPU   CPU  minflt/s  majflt/s     VSZ     RSS   %MEM   kB_rd/s   kB_wr/s kB_ccwr/s iodelay  Command
17:56:38        0      5793  327.00   28.00    0.00    0.00  355.00     0      2.00      0.00 4143060  267828  27.36   8832.00      0.00      0.00       0  java

# Time        UID       PID    %usr %system  %guest   %wait    %CPU   CPU  minflt/s  majflt/s     VSZ     RSS   %MEM   kB_rd/s   kB_wr/s kB_ccwr/s iodelay  Command
17:56:39        0      5793  321.00   30.00    0.00    0.00  351.00     0      0.00      0.00 4143060  267828  27.36   8704.00      0.00      0.00       0  java

# Time        UID       PID    %usr %system  %guest   %wait    %CPU   CPU  minflt/s  majflt/s     VSZ     RSS   %MEM   kB_rd/s   kB_wr/s kB_ccwr/s iodelay  Command
17:56:40        0      5793  330.00   29.00    0.00    0.00  359.00     0      0.00      0.00 4143060  267828  27.36   9088.00      0.00      0.00       0  java

# Time        UID       PID    %usr %system  %guest   %wait    %CPU   CPU  minflt/s  majflt/s     VSZ     RSS   %MEM   kB_rd/s   kB_wr/s kB_ccwr/s iodelay  Command
17:56:41        0       927    1.00    0.00    0.00    0.00    1.00     0      0.00      0.00 4627520  197360  20.16      0.00      0.00      0.00       0  java
17:56:41        0      5793  330.00   27.00    0.00    0.00  357.00     0      0.00      0.00 4143060  267828  27.36   8704.00      0.00      0.00       0  java

# Time        UID       PID    %usr %system  %guest   %wait    %CPU   CPU  minflt/s  majflt/s     VSZ     RSS   %MEM   kB_rd/s   kB_wr/s kB_ccwr/s iodelay  Command
17:56:42        0       927    0.00    1.00    0.00    0.00    1.00     0      0.00      0.00 4627520  197360  20.16      0.00      0.00      0.00       0  java
17:56:42        0      5793  326.00   25.00    0.00    0.00  351.00     0      1.00      0.00 4143060  267828  27.36   8576.00      0.00      0.00       0  java

# Time        UID       PID    %usr %system  %guest   %wait    %CPU   CPU  minflt/s  majflt/s     VSZ     RSS   %MEM   kB_rd/s   kB_wr/s kB_ccwr/s iodelay  Command
17:56:43        0      5793  333.00   27.00    0.00    0.00  360.00     0      0.00      0.00 4143060  267828  27.36   8960.00      0.00      0.00       0  java

# Time        UID       PID    %usr %system  %guest   %wait    %CPU   CPU  minflt/s  majflt/s     VSZ     RSS   %MEM   kB_rd/s   kB_wr/s kB_ccwr/s iodelay  Command
17:56:44        0      5793  331.00   28.00    0.00    0.00  359.00     0      0.00      0.00 4143060  267828  27.36   8832.00      0.00      0.00       0  java

# Time        UID       PID    %usr %system  %guest   %wait    %CPU   CPU  minflt/s  majflt/s     VSZ     RSS   %MEM   kB_rd/s   kB_wr/s kB_ccwr/s iodelay  Command
17:56:45        0      5793  326.73   24.75    0.00    0.00  351.49     0      0.00      0.00 4143060  267828  27.36   8871.29      0.00      0.00       0  java

# Time        UID       PID    %usr %system  %guest   %wait    %CPU   CPU  minflt/s  majflt/s     VSZ     RSS   %MEM   kB_rd/s   kB_wr/s kB_ccwr/s iodelay  Command
17:56:46        0       927    1.00    1.00    0.00    0.00    2.00     0      0.00      0.00 4627520  197360  20.16      0.00      0.00      0.00       0  java
17:56:46        0      5793  324.00   24.00    0.00    0.00  348.00     0      0.00      0.00 4143060  267828  27.36   8460.00      0.00      0.00       0  java

# Time        UID       PID    %usr %system  %guest   %wait    %CPU   CPU  minflt/s  majflt/s     VSZ     RSS   %MEM   kB_rd/s   kB_wr/s kB_ccwr/s iodelay  Command
17:56:47        0       927    1.00    0.00    0.00    0.00    1.00     0      0.00      0.00 4627520  197360  20.16      0.00      0.00      0.00       0  java
17:56:47        0      5793  331.00   25.00    0.00    0.00  356.00     0      0.00      0.00 4143060  267828  27.36   9204.00      0.00      0.00       0  java

# Time        UID       PID    %usr %system  %guest   %wait    %CPU   CPU  minflt/s  majflt/s     VSZ     RSS   %MEM   kB_rd/s   kB_wr/s kB_ccwr/s iodelay  Command
17:56:48        0      5793  330.00   25.00    0.00    0.00  355.00     0      0.00      0.00 4143060  267828  27.36   8704.00      0.00      0.00       0  java

# Time        UID       PID    %usr %system  %guest   %wait    %CPU   CPU  minflt/s  majflt/s     VSZ     RSS   %MEM   kB_rd/s   kB_wr/s kB_ccwr/s iodelay  Command
17:56:49        0       927    1.00    0.00    0.00    0.00    1.00     0      0.00      0.00 4627520  197360  20.16      0.00      0.00      0.00       0  java
17:56:49        0      5793  328.00   26.00    0.00    0.00  354.00     0      1.00      0.00 4143060  267828  27.36   8704.00      0.00      0.00       0  java

# Time        UID       PID    %usr %system  %guest   %wait    %CPU   CPU  minflt/s  majflt/s     VSZ     RSS   %MEM   kB_rd/s   kB_wr/s kB_ccwr/s iodelay  Command
17:56:50        0      5793  329.00   22.00    0.00    0.00  351.00     0      0.00      0.00 4143060  267828  27.36   8832.00      0.00      0.00       0  java

# Time        UID       PID    %usr %system  %guest   %wait    %CPU   CPU  minflt/s  majflt/s     VSZ     RSS   %MEM   kB_rd/s   kB_wr/s kB_ccwr/s iodelay  Command
17:56:51        0      5793  323.00   27.00    0.00    0.00  350.00     0      0.00      0.00 4143060  267828  27.36   8832.00      0.00      0.00       0  java

# Time        UID       PID    %usr %system  %guest   %wait    %CPU   CPU  minflt/s  majflt/s     VSZ     RSS   %MEM   kB_rd/s   kB_wr/s kB_ccwr/s iodelay  Command
17:56:52        0       927    1.00    0.00    0.00    0.00    1.00     0      0.00      0.00 4627520  197360  20.16      0.00      0.00      0.00       0  java
17:56:52        0      5793  319.00   28.00    0.00    0.00  347.00     0      1.00      0.00 4143060  267828  27.36   8192.00      0.00      0.00       0  java

# Time        UID       PID    %usr %system  %guest   %wait    %CPU   CPU  minflt/s  majflt/s     VSZ     RSS   %MEM   kB_rd/s   kB_wr/s kB_ccwr/s iodelay  Command
17:56:53        0      5793  331.00   20.00    0.00    0.00  351.00     0      2.00      0.00 4143060  267828  27.36   8320.00      0.00      0.00       0  java

# Time        UID       PID    %usr %system  %guest   %wait    %CPU   CPU  minflt/s  majflt/s     VSZ     RSS   %MEM   kB_rd/s   kB_wr/s kB_ccwr/s iodelay  Command
17:56:54        0      5793  325.00   28.00    0.00    0.00  353.00     0      0.00      0.00 4143060  267828  27.36   8832.00      0.00      0.00       0  java

# Time        UID       PID    %usr %system  %guest   %wait    %CPU   CPU  minflt/s  majflt/s     VSZ     RSS   %MEM   kB_rd/s   kB_wr/s kB_ccwr/s iodelay  Command
17:56:55        0       927    0.00    1.00    0.00    0.00    1.00     0      0.00      0.00 4627520  197360  20.16      0.00      0.00      0.00       0  java
17:56:55        0      5793  329.00   23.00    0.00    0.00  352.00     0      0.00      0.00 4143060  267828  27.36   8832.00      0.00      0.00       0  java

# Time        UID       PID    %usr %system  %guest   %wait    %CPU   CPU  minflt/s  majflt/s     VSZ     RSS   %MEM   kB_rd/s   kB_wr/s kB_ccwr/s iodelay  Command
17:56:56        0      5793  320.00   32.00    0.00    0.00  352.00     0      0.00      0.00 4143060  267828  27.36   8832.00      0.00      0.00       0  java

# Time        UID       PID    %usr %system  %guest   %wait    %CPU   CPU  minflt/s  majflt/s     VSZ     RSS   %MEM   kB_rd/s   kB_wr/s kB_ccwr/s iodelay  Command
17:56:57        0      5793  274.00   17.00    0.00    0.00  291.00     0      0.00      0.00 4143060  267828  27.36   7424.00      0.00      0.00       0  java

# Time        UID       PID    %usr %system  %guest   %wait    %CPU   CPU  minflt/s  majflt/s     VSZ     RSS   %MEM   kB_rd/s   kB_wr/s kB_ccwr/s iodelay  Command
17:56:58        0       927    1.00    0.00    0.00    0.00    1.00     0      0.00      0.00 4627520  197360  20.16      0.00      0.00      0.00       0  java
17:56:58        0      5793  322.00   29.00    0.00    0.00  351.00     0      0.00      0.00 4143060  267828  27.36   8832.00      0.00      0.00       0  java

# Time        UID       PID    %usr %system  %guest   %wait    %CPU   CPU  minflt/s  majflt/s     VSZ     RSS   %MEM   kB_rd/s   kB_wr/s kB_ccwr/s iodelay  Command
17:56:59        0       927    0.00    1.00    0.00    0.00    1.00     0      0.00      0.00 4627520  197360  20.16      0.00      0.00      0.00       0  java
17:56:59        0      5793  338.00   20.00    0.00    0.00  358.00     0      1.00      0.00 4143060  267828  27.36   8704.00      0.00      0.00       0  java

# Time        UID       PID    %usr %system  %guest   %wait    %CPU   CPU  minflt/s  majflt/s     VSZ     RSS   %MEM   kB_rd/s   kB_wr/s kB_ccwr/s iodelay  Command
17:57:00        0      5793  322.00   29.00    0.00    0.00  351.00     0      0.00      0.00 4143060  267828  27.36   8704.00      0.00      0.00       0  java

# Time        UID       PID    %usr %system  %guest   %wait    %CPU   CPU  minflt/s  majflt/s     VSZ     RSS   %MEM   kB_rd/s   kB_wr/s kB_ccwr/s iodelay  Command
17:57:01        0       927    1.00    1.00    0.00    0.00    2.00     0      0.00      0.00 4627520  197360  20.16      0.00      0.00      0.00       0  java
17:57:01        0      5793  336.00   20.00    0.00    0.00  356.00     0      3.00      0.00 4143060  267828  27.36   8960.00      0.00      0.00       0  java

# Time        UID       PID    %usr %system  %guest   %wait    %CPU   CPU  minflt/s  majflt/s     VSZ     RSS   %MEM   kB_rd/s   kB_wr/s kB_ccwr/s iodelay  Command
17:57:02        0      5793  334.00   24.00    0.00    0.00  358.00     0      2.00      0.00 4143060  267828  27.36   8960.00      0.00      0.00       0  java

# Time        UID       PID    %usr %system  %guest   %wait    %CPU   CPU  minflt/s  majflt/s     VSZ     RSS   %MEM   kB_rd/s   kB_wr/s kB_ccwr/s iodelay  Command
17:57:03        0       927    1.00    0.00    0.00    0.00    1.00     0      0.00      0.00 4627520  197360  20.16      0.00      0.00      0.00       0  java
17:57:03        0      5793  316.00   28.00    0.00    0.00  344.00     0      0.00      0.00 4143060  267828  27.36   8448.00      0.00      0.00       0  java

# Time        UID       PID    %usr %system  %guest   %wait    %CPU   CPU  minflt/s  majflt/s     VSZ     RSS   %MEM   kB_rd/s   kB_wr/s kB_ccwr/s iodelay  Command
17:57:04        0      5793  325.00   26.00    0.00    0.00  351.00     0      8.00      0.00 4143060  267956  27.37   8576.00      0.00      0.00       0  java

# Time        UID       PID    %usr %system  %guest   %wait    %CPU   CPU  minflt/s  majflt/s     VSZ     RSS   %MEM   kB_rd/s   kB_wr/s kB_ccwr/s iodelay  Command
17:57:05        0      5793  327.00   27.00    0.00    0.00  354.00     0      3.00      0.00 4143060  267956  27.37   8832.00      0.00      0.00       0  java

# Time        UID       PID    %usr %system  %guest   %wait    %CPU   CPU  minflt/s  majflt/s     VSZ     RSS   %MEM   kB_rd/s   kB_wr/s kB_ccwr/s iodelay  Command
17:57:06        0      5793  310.00   23.00    0.00    0.00  333.00     0      2.00      0.00 4143060  267956  27.37   8192.00      0.00      0.00       0  java

# Time        UID       PID    %usr %system  %guest   %wait    %CPU   CPU  minflt/s  majflt/s     VSZ     RSS   %MEM   kB_rd/s   kB_wr/s kB_ccwr/s iodelay  Command
17:57:07        0       927    1.00    0.00    0.00    0.00    1.00     0      0.00      0.00 4627520  197360  20.16      0.00      0.00      0.00       0  java
17:57:07        0      5793  323.00   33.00    0.00    0.00  356.00     0      3.00      0.00 4143060  267956  27.37   8832.00      0.00      0.00       0  java

# Time        UID       PID    %usr %system  %guest   %wait    %CPU   CPU  minflt/s  majflt/s     VSZ     RSS   %MEM   kB_rd/s   kB_wr/s kB_ccwr/s iodelay  Command
17:57:08        0      5793  335.00   19.00    0.00    0.00  354.00     0      2.00      0.00 4143060  267956  27.37   8964.00      0.00      0.00       0  java

# Time        UID       PID    %usr %system  %guest   %wait    %CPU   CPU  minflt/s  majflt/s     VSZ     RSS   %MEM   kB_rd/s   kB_wr/s kB_ccwr/s iodelay  Command
17:57:09        0      5793  324.00   29.00    0.00    0.00  353.00     0      1.00      0.00 4143060  267956  27.37   8960.00      0.00      0.00       0  java

# Time        UID       PID    %usr %system  %guest   %wait    %CPU   CPU  minflt/s  majflt/s     VSZ     RSS   %MEM   kB_rd/s   kB_wr/s kB_ccwr/s iodelay  Command
17:57:10        0       927    1.00    0.00    0.00    0.00    1.00     0      0.00      0.00 4627520  197360  20.16      0.00      0.00      0.00       0  java
17:57:10        0      5793  319.00   27.00    0.00    0.00  346.00     0      0.00      0.00 4143060  267956  27.37   8576.00      0.00      0.00       0  java

# Time        UID       PID    %usr %system  %guest   %wait    %CPU   CPU  minflt/s  majflt/s     VSZ     RSS   %MEM   kB_rd/s   kB_wr/s kB_ccwr/s iodelay  Command
17:57:11        0       927    0.00    0.99    0.00    0.00    0.99     0      0.00      0.00 4627520  197360  20.16      0.00      0.00      0.00       0  java
17:57:11        0      5793  307.92   32.67    0.00    0.00  340.59     0      1.98      0.00 4143060  267956  27.37   8495.05      0.00      0.00       0  java

# Time        UID       PID    %usr %system  %guest   %wait    %CPU   CPU  minflt/s  majflt/s     VSZ     RSS   %MEM   kB_rd/s   kB_wr/s kB_ccwr/s iodelay  Command
17:57:12        0       927    0.00    1.00    0.00    0.00    1.00     0      0.00      0.00 4627520  197360  20.16      4.00     12.00      0.00       0  java
17:57:12        0      5793  323.00   26.00    0.00    0.00  349.00     0    384.00      0.00 4143060  268468  27.43   3092.00      0.00      0.00       0  java

# Time        UID       PID    %usr %system  %guest   %wait    %CPU   CPU  minflt/s  majflt/s     VSZ     RSS   %MEM   kB_rd/s   kB_wr/s kB_ccwr/s iodelay  Command
17:57:13        0      5793  348.00   20.00    0.00    0.00  368.00     0    489.00      0.00 4143060  270076  27.59   2800.00      0.00      0.00       0  java

# Time        UID       PID    %usr %system  %guest   %wait    %CPU   CPU  minflt/s  majflt/s     VSZ     RSS   %MEM   kB_rd/s   kB_wr/s kB_ccwr/s iodelay  Command
17:57:14        0       927    0.00    1.00    0.00    0.00    1.00     0      0.00      0.00 4627520  197360  20.16      0.00      0.00      0.00       0  java
17:57:14        0      5793  317.00   26.00    0.00    0.00  343.00     0   3045.00      0.00 4143060  281548  28.76   3272.00      0.00      0.00       0  java

# Time        UID       PID    %usr %system  %guest   %wait    %CPU   CPU  minflt/s  majflt/s     VSZ     RSS   %MEM   kB_rd/s   kB_wr/s kB_ccwr/s iodelay  Command
17:57:15        0       927    0.00    1.00    0.00    0.00    1.00     0      0.00      0.00 4627520  197360  20.16      0.00      4.00      0.00       0  java
17:57:15        0      5793  346.00   15.00    0.00    0.00  361.00     0     47.00      0.00 4143060  281804  28.79   2816.00      0.00      0.00       0  java

# Time        UID       PID    %usr %system  %guest   %wait    %CPU   CPU  minflt/s  majflt/s     VSZ     RSS   %MEM   kB_rd/s   kB_wr/s kB_ccwr/s iodelay  Command
17:57:16        0       927    0.00    1.00    0.00    0.00    1.00     0      0.00      0.00 4627520  197360  20.16      0.00      0.00      0.00       0  java
17:57:16        0      5793  344.00   14.00    0.00    0.00  358.00     0     83.00      0.00 4143060  282188  28.83   3428.00      0.00      0.00       0  java

# Time        UID       PID    %usr %system  %guest   %wait    %CPU   CPU  minflt/s  majflt/s     VSZ     RSS   %MEM   kB_rd/s   kB_wr/s kB_ccwr/s iodelay  Command
17:57:17        0       927    1.00    0.00    0.00    0.00    1.00     0      0.00      0.00 4627520  197360  20.16      0.00      0.00      0.00       0  java
17:57:17        0      5793  198.00   12.00    0.00    0.00  210.00     0   1238.00      0.00 4143060  287180  29.34   2688.00      0.00      0.00       0  java

# Time        UID       PID    %usr %system  %guest   %wait    %CPU   CPU  minflt/s  majflt/s     VSZ     RSS   %MEM   kB_rd/s   kB_wr/s kB_ccwr/s iodelay  Command
17:57:18        0      5793  254.46   13.86    0.00    0.00  268.32     0    915.84      0.00 4143060  290892  29.72   4689.11      0.00      0.00       0  java

# Time        UID       PID    %usr %system  %guest   %wait    %CPU   CPU  minflt/s  majflt/s     VSZ     RSS   %MEM   kB_rd/s   kB_wr/s kB_ccwr/s iodelay  Command
17:57:19        0      5793  297.00   27.00    0.00    0.00  324.00     0     23.00      0.00 4143060  290892  29.72   9344.00      0.00      0.00       0  java

# Time        UID       PID    %usr %system  %guest   %wait    %CPU   CPU  minflt/s  majflt/s     VSZ     RSS   %MEM   kB_rd/s   kB_wr/s kB_ccwr/s iodelay  Command
17:57:20        0       927    1.00    0.00    0.00    0.00    1.00     0      0.00      0.00 4627520  197360  20.16      0.00      0.00      0.00       0  java
17:57:20        0      5793  308.00   23.00    0.00    0.00  331.00     0      6.00      0.00 4143060  290892  29.72   9984.00      0.00      0.00       0  java

# Time        UID       PID    %usr %system  %guest   %wait    %CPU   CPU  minflt/s  majflt/s     VSZ     RSS   %MEM   kB_rd/s   kB_wr/s kB_ccwr/s iodelay  Command
17:57:21        0      5793  306.00   26.00    0.00    0.00  332.00     0     23.00      0.00 4143060  291148  29.74   9920.00      0.00      0.00       0  java

# Time        UID       PID    %usr %system  %guest   %wait    %CPU   CPU  minflt/s  majflt/s     VSZ     RSS   %MEM   kB_rd/s   kB_wr/s kB_ccwr/s iodelay  Command
17:57:22        0       927    1.00    0.00    0.00    0.00    1.00     0      0.00      0.00 4627520  197360  20.16      0.00      0.00      0.00       0  java
17:57:22        0      5793  319.00   15.00    0.00    0.00  334.00     0     75.00      0.00 4143060  291276  29.76   3696.00      0.00      0.00       0  java

# Time        UID       PID    %usr %system  %guest   %wait    %CPU   CPU  minflt/s  majflt/s     VSZ     RSS   %MEM   kB_rd/s   kB_wr/s kB_ccwr/s iodelay  Command
17:57:23        0      5793  228.00   14.00    0.00    0.00  242.00     0    562.00      0.00 4143060  293580  29.99   4668.00      0.00      0.00       0  java

# Time        UID       PID    %usr %system  %guest   %wait    %CPU   CPU  minflt/s  majflt/s     VSZ     RSS   %MEM   kB_rd/s   kB_wr/s kB_ccwr/s iodelay  Command
17:57:24        0       927    0.99    0.00    0.00    0.00    0.99     0      0.00      0.00 4627520  197360  20.16      0.00      3.96      0.00       0  java
17:57:24        0      5793  328.71   13.86    0.00    0.00  342.57     0    679.21      0.00 4143060  296268  30.27   3956.44      0.00      0.00       0  java

# Time        UID       PID    %usr %system  %guest   %wait    %CPU   CPU  minflt/s  majflt/s     VSZ     RSS   %MEM   kB_rd/s   kB_wr/s kB_ccwr/s iodelay  Command
17:57:25        0      5793  344.00   18.00    0.00    0.00  362.00     0     47.00      0.00 4143060  296396  30.28   3976.00      0.00      0.00       0  java

# Time        UID       PID    %usr %system  %guest   %wait    %CPU   CPU  minflt/s  majflt/s     VSZ     RSS   %MEM   kB_rd/s   kB_wr/s kB_ccwr/s iodelay  Command
17:57:26        0       927    1.00    0.00    0.00    0.00    1.00     0      0.00      0.00 4627520  197360  20.16      0.00      0.00      0.00       0  java
17:57:26        0      5793  332.00   23.00    0.00    0.00  355.00     0   2093.00      0.00 4143060  304844  31.14   5700.00      0.00      0.00       0  java

# Time        UID       PID    %usr %system  %guest   %wait    %CPU   CPU  minflt/s  majflt/s     VSZ     RSS   %MEM   kB_rd/s   kB_wr/s kB_ccwr/s iodelay  Command
17:57:27        0       927    0.00    1.00    0.00    0.00    1.00     0      0.00      0.00 4627520  197360  20.16      0.00      0.00      0.00       0  java
17:57:27        0      5793  344.00   22.00    0.00    0.00  366.00     0     15.00      0.00 4143060  304972  31.15   8832.00      0.00      0.00       0  java

# Time        UID       PID    %usr %system  %guest   %wait    %CPU   CPU  minflt/s  majflt/s     VSZ     RSS   %MEM   kB_rd/s   kB_wr/s kB_ccwr/s iodelay  Command
17:57:28        0      5793  332.00   28.00    0.00    0.00  360.00     0      0.00      0.00 4143060  304972  31.15  11008.00      0.00      0.00       0  java

# Time        UID       PID    %usr %system  %guest   %wait    %CPU   CPU  minflt/s  majflt/s     VSZ     RSS   %MEM   kB_rd/s   kB_wr/s kB_ccwr/s iodelay  Command
17:57:29        0       927    1.00    0.00    0.00    0.00    1.00     0      0.00      0.00 4627520  197360  20.16      0.00      0.00      0.00       0  java
17:57:29        0      5793  325.00   25.00    0.00    0.00  350.00     0      0.00      0.00 4143060  304972  31.15  10496.00      0.00      0.00       0  java

# Time        UID       PID    %usr %system  %guest   %wait    %CPU   CPU  minflt/s  majflt/s     VSZ     RSS   %MEM   kB_rd/s   kB_wr/s kB_ccwr/s iodelay  Command
17:57:30        0      5793  329.00   20.00    0.00    0.00  349.00     0      2.00      0.00 4143060  304972  31.15  10496.00      0.00      0.00       0  java

# Time        UID       PID    %usr %system  %guest   %wait    %CPU   CPU  minflt/s  majflt/s     VSZ     RSS   %MEM   kB_rd/s   kB_wr/s kB_ccwr/s iodelay  Command
17:57:31        0       927    1.00    0.00    0.00    0.00    1.00     0      0.00      0.00 4627520  197360  20.16      0.00      0.00      0.00       0  java
17:57:31        0      5793  334.00   25.00    0.00    0.00  359.00     0      0.00      0.00 4143060  304972  31.15  11008.00      0.00      0.00       0  java

# Time        UID       PID    %usr %system  %guest   %wait    %CPU   CPU  minflt/s  majflt/s     VSZ     RSS   %MEM   kB_rd/s   kB_wr/s kB_ccwr/s iodelay  Command
17:57:32        0      5793  333.00   27.00    0.00    0.00  360.00     0     19.00      0.00 4143060  304972  31.15  10112.00      0.00      0.00       0  java

# Time        UID       PID    %usr %system  %guest   %wait    %CPU   CPU  minflt/s  majflt/s     VSZ     RSS   %MEM   kB_rd/s   kB_wr/s kB_ccwr/s iodelay  Command
17:57:33        0      5793  326.00   26.00    0.00    0.00  352.00     0      2.00      0.00 4143060  304972  31.15  10112.00      0.00      0.00       0  java

# Time        UID       PID    %usr %system  %guest   %wait    %CPU   CPU  minflt/s  majflt/s     VSZ     RSS   %MEM   kB_rd/s   kB_wr/s kB_ccwr/s iodelay  Command
17:57:34        0       927    0.00    1.00    0.00    0.00    1.00     0      0.00      0.00 4627520  197360  20.16      0.00      0.00      0.00       0  java
17:57:34        0      5793  324.00   36.00    0.00    0.00  360.00     0      0.00      0.00 4143060  304972  31.15  11008.00      0.00      0.00       0  java

# Time        UID       PID    %usr %system  %guest   %wait    %CPU   CPU  minflt/s  majflt/s     VSZ     RSS   %MEM   kB_rd/s   kB_wr/s kB_ccwr/s iodelay  Command
17:57:35        0       927    1.00    0.00    0.00    0.00    1.00     0      0.00      0.00 4627520  197360  20.16      0.00      0.00      0.00       0  java
17:57:35        0      5793  328.00   25.00    0.00    0.00  353.00     0      2.00      0.00 4143060  305100  31.17  10752.00      0.00      0.00       0  java

# Time        UID       PID    %usr %system  %guest   %wait    %CPU   CPU  minflt/s  majflt/s     VSZ     RSS   %MEM   kB_rd/s   kB_wr/s kB_ccwr/s iodelay  Command
17:57:36        0      5793  330.00   27.00    0.00    0.00  357.00     0      0.00      0.00 4143060  305100  31.17  10880.00      0.00      0.00       0  java

# Time        UID       PID    %usr %system  %guest   %wait    %CPU   CPU  minflt/s  majflt/s     VSZ     RSS   %MEM   kB_rd/s   kB_wr/s kB_ccwr/s iodelay  Command
17:57:37        0      5793  325.00   30.00    0.00    0.00  355.00     0      1.00      0.00 4143060  305100  31.17  10496.00      0.00      0.00       0  java

# Time        UID       PID    %usr %system  %guest   %wait    %CPU   CPU  minflt/s  majflt/s     VSZ     RSS   %MEM   kB_rd/s   kB_wr/s kB_ccwr/s iodelay  Command
17:57:38        0       927    1.00    0.00    0.00    0.00    1.00     0      0.00      0.00 4627520  197360  20.16      0.00      0.00      0.00       0  java
17:57:38        0      5793  333.00   30.00    0.00    0.00  363.00     0      0.00      0.00 4143060  305100  31.17  10852.00      0.00      0.00       0  java

# Time        UID       PID    %usr %system  %guest   %wait    %CPU   CPU  minflt/s  majflt/s     VSZ     RSS   %MEM   kB_rd/s   kB_wr/s kB_ccwr/s iodelay  Command
17:57:39        0       927    0.00    1.00    0.00    0.00    1.00     0      0.00      0.00 4627520  197360  20.16      0.00      0.00      0.00       0  java
17:57:39        0      5793  331.00   24.00    0.00    0.00  355.00     0      0.00      0.00 4143060  305100  31.17  10652.00      0.00      0.00       0  java

# Time        UID       PID    %usr %system  %guest   %wait    %CPU   CPU  minflt/s  majflt/s     VSZ     RSS   %MEM   kB_rd/s   kB_wr/s kB_ccwr/s iodelay  Command
17:57:40        0       927    0.00    0.00    0.00    0.00    0.00     0      0.00      0.00 4627520  197360  20.16      0.00      4.00      0.00       0  java
17:57:40        0      5793  327.00   25.00    0.00    0.00  352.00     0     45.00      0.00 4143060  305228  31.18   7936.00      0.00      0.00       0  java

# Time        UID       PID    %usr %system  %guest   %wait    %CPU   CPU  minflt/s  majflt/s     VSZ     RSS   %MEM   kB_rd/s   kB_wr/s kB_ccwr/s iodelay  Command
17:57:41        0       927    0.00    0.00    0.00    0.00    0.00     0      0.00      0.00 4627520  197360  20.16      0.00      4.00      0.00       0  java
17:57:41        0      5793  329.00   21.00    0.00    0.00  350.00     0    908.00      0.00 4143060  308940  31.56   5756.00      0.00      0.00       0  java

# Time        UID       PID    %usr %system  %guest   %wait    %CPU   CPU  minflt/s  majflt/s     VSZ     RSS   %MEM   kB_rd/s   kB_wr/s kB_ccwr/s iodelay  Command
17:57:42        0      5793  309.00   17.00    0.00    0.00  326.00     0    849.00      0.00 4143060  312268  31.90   7108.00      0.00      0.00       0  java

# Time        UID       PID    %usr %system  %guest   %wait    %CPU   CPU  minflt/s  majflt/s     VSZ     RSS   %MEM   kB_rd/s   kB_wr/s kB_ccwr/s iodelay  Command
17:57:43        0       927    1.00    0.00    0.00    0.00    1.00     0      0.00      0.00 4627520  197360  20.16      0.00      0.00      0.00       0  java
17:57:43        0      5793  320.00   29.00    0.00    0.00  349.00     0      1.00      0.00 4143060  312268  31.90  10240.00      0.00      0.00       0  java

# Time        UID       PID    %usr %system  %guest   %wait    %CPU   CPU  minflt/s  majflt/s     VSZ     RSS   %MEM   kB_rd/s   kB_wr/s kB_ccwr/s iodelay  Command
17:57:44        0       927    0.00    0.99    0.00    0.00    0.99     0      0.00      0.00 4627520  197360  20.16      0.00      0.00      0.00       0  java
17:57:44        0      5793  329.70   24.75    0.00    0.00  354.46     0      0.00      0.00 4143060  312268  31.90  11025.74      0.00      0.00       0  java

# Time        UID       PID    %usr %system  %guest   %wait    %CPU   CPU  minflt/s  majflt/s     VSZ     RSS   %MEM   kB_rd/s   kB_wr/s kB_ccwr/s iodelay  Command
17:57:45        0      5793  296.00   26.00    0.00    0.00  322.00     0      2.00      0.00 4143060  312268  31.90   9600.00      0.00      0.00       0  java

# Time        UID       PID    %usr %system  %guest   %wait    %CPU   CPU  minflt/s  majflt/s     VSZ     RSS   %MEM   kB_rd/s   kB_wr/s kB_ccwr/s iodelay  Command
17:57:46        0      5793  329.00   28.00    0.00    0.00  357.00     0      1.00      0.00 4143060  312268  31.90  10880.00      0.00      0.00       0  java

# Time        UID       PID    %usr %system  %guest   %wait    %CPU   CPU  minflt/s  majflt/s     VSZ     RSS   %MEM   kB_rd/s   kB_wr/s kB_ccwr/s iodelay  Command
17:57:47        0       927    1.00    0.00    0.00    0.00    1.00     0      0.00      0.00 4627520  197360  20.16      0.00      0.00      0.00       0  java
17:57:47        0      5793  333.00   25.00    0.00    0.00  358.00     0      1.00      0.00 4143060  312268  31.90  10368.00      0.00      0.00       0  java

# Time        UID       PID    %usr %system  %guest   %wait    %CPU   CPU  minflt/s  majflt/s     VSZ     RSS   %MEM   kB_rd/s   kB_wr/s kB_ccwr/s iodelay  Command
17:57:48        0       927    0.00    1.00    0.00    0.00    1.00     0      0.00      0.00 4627520  197360  20.16      0.00      0.00      0.00       0  java
17:57:48        0      5793  325.00   27.00    0.00    0.00  352.00     0      1.00      0.00 4143060  312268  31.90  10368.00      0.00      0.00       0  java

# Time        UID       PID    %usr %system  %guest   %wait    %CPU   CPU  minflt/s  majflt/s     VSZ     RSS   %MEM   kB_rd/s   kB_wr/s kB_ccwr/s iodelay  Command
17:57:49        0      5793  280.00   29.00    0.00    0.00  309.00     0      0.00      0.00 4143060  312268  31.90   9600.00      0.00      0.00       0  java

# Time        UID       PID    %usr %system  %guest   %wait    %CPU   CPU  minflt/s  majflt/s     VSZ     RSS   %MEM   kB_rd/s   kB_wr/s kB_ccwr/s iodelay  Command
17:57:50        0       927    1.00    0.00    0.00    0.00    1.00     0      0.00      0.00 4627520  197360  20.16      0.00      0.00      0.00       0  java
17:57:50        0      5793  312.00   28.00    0.00    0.00  340.00     0      1.00      0.00 4143060  312268  31.90  10240.00      0.00      0.00       0  java

# Time        UID       PID    %usr %system  %guest   %wait    %CPU   CPU  minflt/s  majflt/s     VSZ     RSS   %MEM   kB_rd/s   kB_wr/s kB_ccwr/s iodelay  Command
17:57:51        0      5793  313.00   23.00    0.00    0.00  336.00     0      1.00      0.00 4143060  312268  31.90  10112.00      0.00      0.00       0  java

# Time        UID       PID    %usr %system  %guest   %wait    %CPU   CPU  minflt/s  majflt/s     VSZ     RSS   %MEM   kB_rd/s   kB_wr/s kB_ccwr/s iodelay  Command
17:57:52        0      5793  312.00   24.00    0.00    0.00  336.00     0      7.00      0.00 4143060  312268  31.90   9472.00      0.00      0.00       0  java

# Time        UID       PID    %usr %system  %guest   %wait    %CPU   CPU  minflt/s  majflt/s     VSZ     RSS   %MEM   kB_rd/s   kB_wr/s kB_ccwr/s iodelay  Command
17:57:53        0      5793  328.00   27.00    0.00    0.00  355.00     0      1.00      0.00 4143060  312268  31.90  10624.00      0.00      0.00       0  java

# Time        UID       PID    %usr %system  %guest   %wait    %CPU   CPU  minflt/s  majflt/s     VSZ     RSS   %MEM   kB_rd/s   kB_wr/s kB_ccwr/s iodelay  Command
17:57:54        0       927    1.00    0.00    0.00    0.00    1.00     0      0.00      0.00 4627520  197360  20.16      0.00      0.00      0.00       0  java
17:57:54        0      5793  320.00   31.00    0.00    0.00  351.00     0      0.00      0.00 4143060  312268  31.90  10496.00      0.00      0.00       0  java

# Time        UID       PID    %usr %system  %guest   %wait    %CPU   CPU  minflt/s  majflt/s     VSZ     RSS   %MEM   kB_rd/s   kB_wr/s kB_ccwr/s iodelay  Command
17:57:55        0       927    0.00    0.00    0.00    0.00    0.00     0      0.00      0.00 4627520  197360  20.16      0.00      4.00      0.00       0  java
17:57:55        0      5793  326.00   31.00    0.00    0.00  357.00     0     24.00      0.00 4143060  312396  31.91   8048.00      0.00      0.00       0  java

# Time        UID       PID    %usr %system  %guest   %wait    %CPU   CPU  minflt/s  majflt/s     VSZ     RSS   %MEM   kB_rd/s   kB_wr/s kB_ccwr/s iodelay  Command
17:57:56        0       927    0.00    1.00    0.00    0.00    1.00     0      0.00      0.00 4627520  197360  20.16      0.00      0.00      0.00       0  java
17:57:56        0      5793  285.00   12.00    0.00    0.00  297.00     0    246.00      0.00 4155300  313292  32.00   4552.00      0.00      0.00       0  java

# Time        UID       PID    %usr %system  %guest   %wait    %CPU   CPU  minflt/s  majflt/s     VSZ     RSS   %MEM   kB_rd/s   kB_wr/s kB_ccwr/s iodelay  Command
17:57:57        0       927    1.00    0.00    0.00    0.00    1.00     0      0.00      0.00 4627520  197360  20.16      0.00      4.00      0.00       0  java
17:57:57        0      5793  324.00   20.00    0.00    0.00  344.00     0    202.00      0.00 4156072  314204  32.10   5460.00      0.00      0.00       0  java

# Time        UID       PID    %usr %system  %guest   %wait    %CPU   CPU  minflt/s  majflt/s     VSZ     RSS   %MEM   kB_rd/s   kB_wr/s kB_ccwr/s iodelay  Command
17:57:58        0      5793  332.00   11.00    0.00    0.00  343.00     0    152.00      0.00 4156072  314588  32.14   2980.00      0.00      0.00       0  java

# Time        UID       PID    %usr %system  %guest   %wait    %CPU   CPU  minflt/s  majflt/s     VSZ     RSS   %MEM   kB_rd/s   kB_wr/s kB_ccwr/s iodelay  Command
17:57:59        0      5793  214.00    7.00    0.00    0.00  221.00     0    125.00      0.00 4156072  314972  32.18   2332.00      0.00      0.00       0  java

# Time        UID       PID    %usr %system  %guest   %wait    %CPU   CPU  minflt/s  majflt/s     VSZ     RSS   %MEM   kB_rd/s   kB_wr/s kB_ccwr/s iodelay  Command
17:58:00        0       927    1.00    0.00    0.00    0.00    1.00     0      0.00      0.00 4627520  197360  20.16      0.00      0.00      0.00       0  java
17:58:00        0      5793   93.00    5.00    0.00    0.00   98.00     0      0.00      0.00 4156072  314972  32.18   2688.00      0.00      0.00       0  java

# Time        UID       PID    %usr %system  %guest   %wait    %CPU   CPU  minflt/s  majflt/s     VSZ     RSS   %MEM   kB_rd/s   kB_wr/s kB_ccwr/s iodelay  Command
17:58:01        0       927    0.00    1.00    0.00    0.00    1.00     0      0.00      0.00 4627520  197360  20.16      0.00      0.00      0.00       0  java
17:58:01        0      5793  109.00    3.00    0.00    0.00  112.00     0     30.00      0.00 4158112  315100  32.19   2696.00      0.00      0.00       0  java

# Time        UID       PID    %usr %system  %guest   %wait    %CPU   CPU  minflt/s  majflt/s     VSZ     RSS   %MEM   kB_rd/s   kB_wr/s kB_ccwr/s iodelay  Command
17:58:02        0      5793   99.00    4.00    0.00    0.00  103.00     0      7.00      0.00 4158112  315264  32.21   2688.00      0.00      0.00       0  java

# Time        UID       PID    %usr %system  %guest   %wait    %CPU   CPU  minflt/s  majflt/s     VSZ     RSS   %MEM   kB_rd/s   kB_wr/s kB_ccwr/s iodelay  Command
17:58:03        0      5793  119.00    6.00    0.00    0.00  125.00     0    350.00      0.00 4163240  316544  32.34   2608.00      0.00      0.00       0  java

# Time        UID       PID    %usr %system  %guest   %wait    %CPU   CPU  minflt/s  majflt/s     VSZ     RSS   %MEM   kB_rd/s   kB_wr/s kB_ccwr/s iodelay  Command
17:58:04        0       927    1.00    0.00    0.00    0.00    1.00     0      0.00      0.00 4627520  197360  20.16      0.00      0.00      0.00       0  java
17:58:04        0      5793  110.00    5.00    0.00    0.00  115.00     0    167.00      0.00 4175480  317312  32.42   2688.00      0.00      0.00       0  java

# Time        UID       PID    %usr %system  %guest   %wait    %CPU   CPU  minflt/s  majflt/s     VSZ     RSS   %MEM   kB_rd/s   kB_wr/s kB_ccwr/s iodelay  Command
17:58:05        0      5793   92.00    5.00    0.00    0.00   97.00     0      0.00      0.00 4175480  317312  32.42   2688.00      0.00      0.00       0  java

# Time        UID       PID    %usr %system  %guest   %wait    %CPU   CPU  minflt/s  majflt/s     VSZ     RSS   %MEM   kB_rd/s   kB_wr/s kB_ccwr/s iodelay  Command
17:58:06        0      5793   93.00    3.00    0.00    0.00   96.00     0      0.00      0.00 4175480  317312  32.42   2560.00      0.00      0.00       0  java

# Time        UID       PID    %usr %system  %guest   %wait    %CPU   CPU  minflt/s  majflt/s     VSZ     RSS   %MEM   kB_rd/s   kB_wr/s kB_ccwr/s iodelay  Command
17:58:07        0       927    1.00    0.00    0.00    0.00    1.00     0      0.00      0.00 4627520  197360  20.16      0.00      0.00      0.00       0  java
17:58:07        0      5793   94.00    5.00    0.00    0.00   99.00     0      5.00      0.00 4175480  317440  32.43   2688.00      0.00      0.00       0  java

# Time        UID       PID    %usr %system  %guest   %wait    %CPU   CPU  minflt/s  majflt/s     VSZ     RSS   %MEM   kB_rd/s   kB_wr/s kB_ccwr/s iodelay  Command
17:58:08        0      5793   95.00    4.00    0.00    0.00   99.00     0      0.00      0.00 4175480  317440  32.43   2688.00      0.00      0.00       0  java

# Time        UID       PID    %usr %system  %guest   %wait    %CPU   CPU  minflt/s  majflt/s     VSZ     RSS   %MEM   kB_rd/s   kB_wr/s kB_ccwr/s iodelay  Command
17:58:09        0      5793   94.00    4.00    0.00    0.00   98.00     0      2.00      0.00 4175480  317440  32.43   2688.00      0.00      0.00       0  java

# Time        UID       PID    %usr %system  %guest   %wait    %CPU   CPU  minflt/s  majflt/s     VSZ     RSS   %MEM   kB_rd/s   kB_wr/s kB_ccwr/s iodelay  Command
17:58:10        0      5793   95.00    3.00    0.00    0.00   98.00     0      1.00      0.00 4175480  317440  32.43   2816.00      0.00      0.00       0  java

# Time        UID       PID    %usr %system  %guest   %wait    %CPU   CPU  minflt/s  majflt/s     VSZ     RSS   %MEM   kB_rd/s   kB_wr/s kB_ccwr/s iodelay  Command
17:58:11        0       927    0.00    1.00    0.00    0.00    1.00     0      0.00      0.00 4627520  197360  20.16      0.00      0.00      0.00       0  java
17:58:11        0      5793   96.00    4.00    0.00    0.00  100.00     0      0.00      0.00 4175480  317440  32.43   2688.00      0.00      0.00       0  java

# Time        UID       PID    %usr %system  %guest   %wait    %CPU   CPU  minflt/s  majflt/s     VSZ     RSS   %MEM   kB_rd/s   kB_wr/s kB_ccwr/s iodelay  Command
17:58:12        0       927    1.00    0.00    0.00    0.00    1.00     0      0.00      0.00 4627520  197360  20.16      0.00      0.00      0.00       0  java
17:58:12        0      5793   97.00    5.00    0.00    0.00  102.00     0     43.00      0.00 4175480  317696  32.45   2688.00      0.00      0.00       0  java

# Time        UID       PID    %usr %system  %guest   %wait    %CPU   CPU  minflt/s  majflt/s     VSZ     RSS   %MEM   kB_rd/s   kB_wr/s kB_ccwr/s iodelay  Command
17:58:13        0      5793   93.00    5.00    0.00    0.00   98.00     0      0.00      0.00 4175480  317696  32.45   2688.00      0.00      0.00       0  java

# Time        UID       PID    %usr %system  %guest   %wait    %CPU   CPU  minflt/s  majflt/s     VSZ     RSS   %MEM   kB_rd/s   kB_wr/s kB_ccwr/s iodelay  Command
17:58:14        0       927    1.00    0.00    0.00    0.00    1.00     0      0.00      0.00 4627520  197360  20.16      0.00      4.00      0.00       0  java
17:58:14        0      5793  123.00   11.00    0.00    0.00  134.00     0    150.00      0.00 4175480  317952  32.48   1528.00      0.00      0.00       0  java

# Time        UID       PID    %usr %system  %guest   %wait    %CPU   CPU  minflt/s  majflt/s     VSZ     RSS   %MEM   kB_rd/s   kB_wr/s kB_ccwr/s iodelay  Command
17:58:15        0      5793  286.00   11.00    0.00    0.00  297.00     0    632.00      0.00 4175480  320128  32.70    904.00      0.00      0.00       0  java

# Time        UID       PID    %usr %system  %guest   %wait    %CPU   CPU  minflt/s  majflt/s     VSZ     RSS   %MEM   kB_rd/s   kB_wr/s kB_ccwr/s iodelay  Command
17:58:16        0       927    1.00    0.00    0.00    0.00    1.00     0      1.00      0.00 4627520  197360  20.16      0.00      0.00      0.00       0  java
17:58:16        0      5793  338.00   13.00    0.00    0.00  351.00     0   1033.00      0.00 4175636  324224  33.12    636.00      0.00      0.00       0  java

# Time        UID       PID    %usr %system  %guest   %wait    %CPU   CPU  minflt/s  majflt/s     VSZ     RSS   %MEM   kB_rd/s   kB_wr/s kB_ccwr/s iodelay  Command
17:58:17        0       927    1.00    0.00    0.00    0.00    1.00     0      0.00      0.00 4627520  197360  20.16      0.00      8.00      0.00       0  java
17:58:17        0      5793  287.00   10.00    0.00    0.00  297.00     0    354.00      0.00 4175636  325760  33.28    268.00      0.00      0.00       0  java

# Time        UID       PID    %usr %system  %guest   %wait    %CPU   CPU  minflt/s  majflt/s     VSZ     RSS   %MEM   kB_rd/s   kB_wr/s kB_ccwr/s iodelay  Command
17:58:18        0      5793  243.00    8.00    0.00    0.00  251.00     0    930.00      0.00 4175636  329472  33.66      4.00      0.00      0.00       0  java

# Time        UID       PID    %usr %system  %guest   %wait    %CPU   CPU  minflt/s  majflt/s     VSZ     RSS   %MEM   kB_rd/s   kB_wr/s kB_ccwr/s iodelay  Command
17:58:19        0       927    0.00    1.00    0.00    0.00    1.00     0      0.00      0.00 4627520  197360  20.16      0.00      0.00      0.00       0  java
17:58:19        0      5793  264.00   10.00    0.00    0.00  274.00     0   5696.00      0.00 4175636  352128  35.97      4.00      0.00      0.00       0  java

# Time        UID       PID    %usr %system  %guest   %wait    %CPU   CPU  minflt/s  majflt/s     VSZ     RSS   %MEM   kB_rd/s   kB_wr/s kB_ccwr/s iodelay  Command
17:58:20        0      5793  184.00    1.00    0.00    0.00  185.00     0     21.00      0.00 4175636  352256  35.99      0.00      0.00      0.00       0  java

# Time        UID       PID    %usr %system  %guest   %wait    %CPU   CPU  minflt/s  majflt/s     VSZ     RSS   %MEM   kB_rd/s   kB_wr/s kB_ccwr/s iodelay  Command
17:58:21        0       927    1.00    0.00    0.00    0.00    1.00     0      0.00      0.00 4627520  197360  20.16      0.00      0.00      0.00       0  java
17:58:21        0      5793  383.00    3.00    0.00    0.00  386.00     0      1.00      0.00 4175636  352256  35.99      0.00      0.00      0.00       0  java

# Time        UID       PID    %usr %system  %guest   %wait    %CPU   CPU  minflt/s  majflt/s     VSZ     RSS   %MEM   kB_rd/s   kB_wr/s kB_ccwr/s iodelay  Command
17:58:22        0       927    0.00    1.00    0.00    0.00    1.00     0      0.00      0.00 4627520  197360  20.16      0.00      0.00      0.00       0  java
17:58:22        0      5793  384.00    5.00    0.00    0.00  389.00     0      0.00      0.00 4175636  352256  35.99      0.00      0.00      0.00       0  java

# Time        UID       PID    %usr %system  %guest   %wait    %CPU   CPU  minflt/s  majflt/s     VSZ     RSS   %MEM   kB_rd/s   kB_wr/s kB_ccwr/s iodelay  Command
17:58:23        0      5793  381.00    7.00    0.00    0.00  388.00     0      0.00      0.00 4175636  352256  35.99      0.00      0.00      0.00       0  java

# Time        UID       PID    %usr %system  %guest   %wait    %CPU   CPU  minflt/s  majflt/s     VSZ     RSS   %MEM   kB_rd/s   kB_wr/s kB_ccwr/s iodelay  Command
17:58:24        0      5793  361.00    7.00    0.00    0.00  368.00     0   1953.00      0.00 4175636  360064  36.78    168.00      0.00      0.00       0  java

# Time        UID       PID    %usr %system  %guest   %wait    %CPU   CPU  minflt/s  majflt/s     VSZ     RSS   %MEM   kB_rd/s   kB_wr/s kB_ccwr/s iodelay  Command
17:58:25        0       927    7.00    1.00    0.00    0.00    8.00     0      1.00      0.00 4627520  197360  20.16 982160.00      8.00      0.00       0  java

# Time        UID       PID    %usr %system  %guest   %wait    %CPU   CPU  minflt/s  majflt/s     VSZ     RSS   %MEM   kB_rd/s   kB_wr/s kB_ccwr/s iodelay  Command

# Time        UID       PID    %usr %system  %guest   %wait    %CPU   CPU  minflt/s  majflt/s     VSZ     RSS   %MEM   kB_rd/s   kB_wr/s kB_ccwr/s iodelay  Command
17:58:27        0       927    1.00    0.00    0.00    0.00    1.00     0      0.00      0.00 4627520  197360  20.16      0.00      0.00      0.00       0  java

# Time        UID       PID    %usr %system  %guest   %wait    %CPU   CPU  minflt/s  majflt/s     VSZ     RSS   %MEM   kB_rd/s   kB_wr/s kB_ccwr/s iodelay  Command

# Time        UID       PID    %usr %system  %guest   %wait    %CPU   CPU  minflt/s  majflt/s     VSZ     RSS   %MEM   kB_rd/s   kB_wr/s kB_ccwr/s iodelay  Command

# Time        UID       PID    %usr %system  %guest   %wait    %CPU   CPU  minflt/s  majflt/s     VSZ     RSS   %MEM   kB_rd/s   kB_wr/s kB_ccwr/s iodelay  Command

# Time        UID       PID    %usr %system  %guest   %wait    %CPU   CPU  minflt/s  majflt/s     VSZ     RSS   %MEM   kB_rd/s   kB_wr/s kB_ccwr/s iodelay  Command
17:58:31        0       927    1.00    1.00    0.00    0.00    2.00     0      0.00      0.00 4627520  197360  20.16      0.00      0.00      0.00       0  java

# Time        UID       PID    %usr %system  %guest   %wait    %CPU   CPU  minflt/s  majflt/s     VSZ     RSS   %MEM   kB_rd/s   kB_wr/s kB_ccwr/s iodelay  Command

# Time        UID       PID    %usr %system  %guest   %wait    %CPU   CPU  minflt/s  majflt/s     VSZ     RSS   %MEM   kB_rd/s   kB_wr/s kB_ccwr/s iodelay  Command

# Time        UID       PID    %usr %system  %guest   %wait    %CPU   CPU  minflt/s  majflt/s     VSZ     RSS   %MEM   kB_rd/s   kB_wr/s kB_ccwr/s iodelay  Command

# Time        UID       PID    %usr %system  %guest   %wait    %CPU   CPU  minflt/s  majflt/s     VSZ     RSS   %MEM   kB_rd/s   kB_wr/s kB_ccwr/s iodelay  Command
