Linux 6.12.47+rpt-rpi-v8 (DietPi) 	01/12/26 	_aarch64_	(4 CPU)

# Time        UID       PID    %usr %system  %guest   %wait    %CPU   CPU  minflt/s  majflt/s     VSZ     RSS   %MEM   kB_rd/s   kB_wr/s kB_ccwr/s iodelay  Command

# Time        UID       PID    %usr %system  %guest   %wait    %CPU   CPU  minflt/s  majflt/s     VSZ     RSS   %MEM   kB_rd/s   kB_wr/s kB_ccwr/s iodelay  Command

# Time        UID       PID    %usr %system  %guest   %wait    %CPU   CPU  minflt/s  majflt/s     VSZ     RSS   %MEM   kB_rd/s   kB_wr/s kB_ccwr/s iodelay  Command

# Time        UID       PID    %usr %system  %guest   %wait    %CPU   CPU  minflt/s  majflt/s     VSZ     RSS   %MEM   kB_rd/s   kB_wr/s kB_ccwr/s iodelay  Command
15:07:09        0       819    0.00    1.00    0.00    0.00    1.00     2      0.00      0.00 4627516  190268  19.44      0.00      0.00      0.00       0  java

# Time        UID       PID    %usr %system  %guest   %wait    %CPU   CPU  minflt/s  majflt/s     VSZ     RSS   %MEM   kB_rd/s   kB_wr/s kB_ccwr/s iodelay  Command
15:07:10        0       819    1.00    0.00    0.00    0.00    1.00     2      0.00      0.00 4627516  190268  19.44      0.00      0.00      0.00       0  java

# Time        UID       PID    %usr %system  %guest   %wait    %CPU   CPU  minflt/s  majflt/s     VSZ     RSS   %MEM   kB_rd/s   kB_wr/s kB_ccwr/s iodelay  Command

# Time        UID       PID    %usr %system  %guest   %wait    %CPU   CPU  minflt/s  majflt/s     VSZ     RSS   %MEM   kB_rd/s   kB_wr/s kB_ccwr/s iodelay  Command

# Time        UID       PID    %usr %system  %guest   %wait    %CPU   CPU  minflt/s  majflt/s     VSZ     RSS   %MEM   kB_rd/s   kB_wr/s kB_ccwr/s iodelay  Command

# Time        UID       PID    %usr %system  %guest   %wait    %CPU   CPU  minflt/s  majflt/s     VSZ     RSS   %MEM   kB_rd/s   kB_wr/s kB_ccwr/s iodelay  Command

# Time        UID       PID    %usr %system  %guest   %wait    %CPU   CPU  minflt/s  majflt/s     VSZ     RSS   %MEM   kB_rd/s   kB_wr/s kB_ccwr/s iodelay  Command

# Time        UID       PID    %usr %system  %guest   %wait    %CPU   CPU  minflt/s  majflt/s     VSZ     RSS   %MEM   kB_rd/s   kB_wr/s kB_ccwr/s iodelay  Command
15:07:16        0       819    1.00    0.00    0.00    0.00    1.00     2      0.00      0.00 4627516  190268  19.44      0.00      0.00      0.00       0  java

# Time        UID       PID    %usr %system  %guest   %wait    %CPU   CPU  minflt/s  majflt/s     VSZ     RSS   %MEM   kB_rd/s   kB_wr/s kB_ccwr/s iodelay  Command

# Time        UID       PID    %usr %system  %guest   %wait    %CPU   CPU  minflt/s  majflt/s     VSZ     RSS   %MEM   kB_rd/s   kB_wr/s kB_ccwr/s iodelay  Command

# Time        UID       PID    %usr %system  %guest   %wait    %CPU   CPU  minflt/s  majflt/s     VSZ     RSS   %MEM   kB_rd/s   kB_wr/s kB_ccwr/s iodelay  Command

# Time        UID       PID    %usr %system  %guest   %wait    %CPU   CPU  minflt/s  majflt/s     VSZ     RSS   %MEM   kB_rd/s   kB_wr/s kB_ccwr/s iodelay  Command

# Time        UID       PID    %usr %system  %guest   %wait    %CPU   CPU  minflt/s  majflt/s     VSZ     RSS   %MEM   kB_rd/s   kB_wr/s kB_ccwr/s iodelay  Command

# Time        UID       PID    %usr %system  %guest   %wait    %CPU   CPU  minflt/s  majflt/s     VSZ     RSS   %MEM   kB_rd/s   kB_wr/s kB_ccwr/s iodelay  Command

# Time        UID       PID    %usr %system  %guest   %wait    %CPU   CPU  minflt/s  majflt/s     VSZ     RSS   %MEM   kB_rd/s   kB_wr/s kB_ccwr/s iodelay  Command
15:07:23        0       819    0.00    1.00    0.00    0.00    1.00     2      0.00      0.00 4627516  190268  19.44      0.00      0.00      0.00       0  java

# Time        UID       PID    %usr %system  %guest   %wait    %CPU   CPU  minflt/s  majflt/s     VSZ     RSS   %MEM   kB_rd/s   kB_wr/s kB_ccwr/s iodelay  Command

# Time        UID       PID    %usr %system  %guest   %wait    %CPU   CPU  minflt/s  majflt/s     VSZ     RSS   %MEM   kB_rd/s   kB_wr/s kB_ccwr/s iodelay  Command

# Time        UID       PID    %usr %system  %guest   %wait    %CPU   CPU  minflt/s  majflt/s     VSZ     RSS   %MEM   kB_rd/s   kB_wr/s kB_ccwr/s iodelay  Command

# Time        UID       PID    %usr %system  %guest   %wait    %CPU   CPU  minflt/s  majflt/s     VSZ     RSS   %MEM   kB_rd/s   kB_wr/s kB_ccwr/s iodelay  Command
15:07:27        0       819   20.00    2.00    0.00    0.00   22.00     2     17.00      0.00 4627516  190396  19.45      0.00     24.00      0.00       0  java
15:07:27        0      4488   66.00    5.00    0.00    0.00   71.00     3   2994.00      0.00 2635324   30124   3.08      4.00      0.00      0.00       0  java

# Time        UID       PID    %usr %system  %guest   %wait    %CPU   CPU  minflt/s  majflt/s     VSZ     RSS   %MEM   kB_rd/s   kB_wr/s kB_ccwr/s iodelay  Command
15:07:28        0      4488  141.00   11.00    0.00    0.00  152.00     3   2150.00      0.00 2770804   41136   4.20    980.00      0.00      0.00       0  java

# Time        UID       PID    %usr %system  %guest   %wait    %CPU   CPU  minflt/s  majflt/s     VSZ     RSS   %MEM   kB_rd/s   kB_wr/s kB_ccwr/s iodelay  Command
15:07:29        0       819    1.00    0.00    0.00    0.00    1.00     2      0.00      0.00 4627516  190396  19.45      0.00      0.00      0.00       0  java
15:07:29        0      4488  102.00   12.00    0.00    0.00  114.00     3   2717.00      0.00 2770804   52068   5.32   6032.00      0.00      0.00       0  java

# Time        UID       PID    %usr %system  %guest   %wait    %CPU   CPU  minflt/s  majflt/s     VSZ     RSS   %MEM   kB_rd/s   kB_wr/s kB_ccwr/s iodelay  Command

# Time        UID       PID    %usr %system  %guest   %wait    %CPU   CPU  minflt/s  majflt/s     VSZ     RSS   %MEM   kB_rd/s   kB_wr/s kB_ccwr/s iodelay  Command

# Time        UID       PID    %usr %system  %guest   %wait    %CPU   CPU  minflt/s  majflt/s     VSZ     RSS   %MEM   kB_rd/s   kB_wr/s kB_ccwr/s iodelay  Command
15:07:32        0      4488    1.00    0.00    0.00    0.00    1.00     3      0.00      0.00 2770804   52068   5.32    384.00      0.00      0.00       0  java

# Time        UID       PID    %usr %system  %guest   %wait    %CPU   CPU  minflt/s  majflt/s     VSZ     RSS   %MEM   kB_rd/s   kB_wr/s kB_ccwr/s iodelay  Command

# Time        UID       PID    %usr %system  %guest   %wait    %CPU   CPU  minflt/s  majflt/s     VSZ     RSS   %MEM   kB_rd/s   kB_wr/s kB_ccwr/s iodelay  Command
15:07:34        0      4488    0.00    0.00    0.00    0.00    0.00     3      0.00      0.00 2770804   52068   5.32    128.00      0.00      0.00       0  java

# Time        UID       PID    %usr %system  %guest   %wait    %CPU   CPU  minflt/s  majflt/s     VSZ     RSS   %MEM   kB_rd/s   kB_wr/s kB_ccwr/s iodelay  Command

# Time        UID       PID    %usr %system  %guest   %wait    %CPU   CPU  minflt/s  majflt/s     VSZ     RSS   %MEM   kB_rd/s   kB_wr/s kB_ccwr/s iodelay  Command
15:07:36        0      4488    0.00    0.00    0.00    0.00    0.00     3      0.00      0.00 2770804   52068   5.32    128.00      0.00      0.00       0  java

# Time        UID       PID    %usr %system  %guest   %wait    %CPU   CPU  minflt/s  majflt/s     VSZ     RSS   %MEM   kB_rd/s   kB_wr/s kB_ccwr/s iodelay  Command

# Time        UID       PID    %usr %system  %guest   %wait    %CPU   CPU  minflt/s  majflt/s     VSZ     RSS   %MEM   kB_rd/s   kB_wr/s kB_ccwr/s iodelay  Command
15:07:38        0       819    1.00    0.00    0.00    0.00    1.00     2      0.00      0.00 4627516  190396  19.45      0.00      0.00      0.00       0  java
15:07:38        0      4488    0.00    0.00    0.00    0.00    0.00     3      0.00      0.00 2770804   52068   5.32    128.00      0.00      0.00       0  java

# Time        UID       PID    %usr %system  %guest   %wait    %CPU   CPU  minflt/s  majflt/s     VSZ     RSS   %MEM   kB_rd/s   kB_wr/s kB_ccwr/s iodelay  Command

# Time        UID       PID    %usr %system  %guest   %wait    %CPU   CPU  minflt/s  majflt/s     VSZ     RSS   %MEM   kB_rd/s   kB_wr/s kB_ccwr/s iodelay  Command
15:07:40        0      4488    0.00    0.00    0.00    0.00    0.00     3      0.00      0.00 2770804   52068   5.32    128.00      0.00      0.00       0  java

# Time        UID       PID    %usr %system  %guest   %wait    %CPU   CPU  minflt/s  majflt/s     VSZ     RSS   %MEM   kB_rd/s   kB_wr/s kB_ccwr/s iodelay  Command
15:07:41        0      4488    1.00    0.00    0.00    0.00    1.00     3      0.00      0.00 2770804   52068   5.32      0.00      0.00      0.00       0  java

# Time        UID       PID    %usr %system  %guest   %wait    %CPU   CPU  minflt/s  majflt/s     VSZ     RSS   %MEM   kB_rd/s   kB_wr/s kB_ccwr/s iodelay  Command
15:07:42        0      4488    0.00    0.00    0.00    0.00    0.00     3      0.00      0.00 2770804   52068   5.32    128.00      0.00      0.00       0  java

# Time        UID       PID    %usr %system  %guest   %wait    %CPU   CPU  minflt/s  majflt/s     VSZ     RSS   %MEM   kB_rd/s   kB_wr/s kB_ccwr/s iodelay  Command

# Time        UID       PID    %usr %system  %guest   %wait    %CPU   CPU  minflt/s  majflt/s     VSZ     RSS   %MEM   kB_rd/s   kB_wr/s kB_ccwr/s iodelay  Command
15:07:44        0       819    0.00    1.00    0.00    0.00    1.00     2      0.00      0.00 4627516  190396  19.45      0.00      0.00      0.00       0  java

# Time        UID       PID    %usr %system  %guest   %wait    %CPU   CPU  minflt/s  majflt/s     VSZ     RSS   %MEM   kB_rd/s   kB_wr/s kB_ccwr/s iodelay  Command
15:07:45        0      4488  113.00   17.00    0.00    0.00  130.00     3   3034.00      0.00 2770804   62904   6.43   7924.00      0.00      0.00       0  java

# Time        UID       PID    %usr %system  %guest   %wait    %CPU   CPU  minflt/s  majflt/s     VSZ     RSS   %MEM   kB_rd/s   kB_wr/s kB_ccwr/s iodelay  Command
15:07:46        0      4488  190.00    9.00    0.00    0.00  199.00     3   4291.00      0.00 2771376   77876   7.96   5648.00      0.00      0.00       0  java

# Time        UID       PID    %usr %system  %guest   %wait    %CPU   CPU  minflt/s  majflt/s     VSZ     RSS   %MEM   kB_rd/s   kB_wr/s kB_ccwr/s iodelay  Command
15:07:47        0       819    1.00    0.00    0.00    0.00    1.00     2      0.00      0.00 4627516  190396  19.45      0.00      0.00      0.00       0  java
15:07:47        0      4488  205.00    8.00    0.00    0.00  213.00     3   1699.00      0.00 2770804   84176   8.60    968.00      0.00      0.00       0  java

# Time        UID       PID    %usr %system  %guest   %wait    %CPU   CPU  minflt/s  majflt/s     VSZ     RSS   %MEM   kB_rd/s   kB_wr/s kB_ccwr/s iodelay  Command
15:07:48        0      4488  167.00    7.00    0.00    0.00  174.00     3    945.00      0.00 2770804   87944   8.98   1072.00      0.00      0.00       0  java

# Time        UID       PID    %usr %system  %guest   %wait    %CPU   CPU  minflt/s  majflt/s     VSZ     RSS   %MEM   kB_rd/s   kB_wr/s kB_ccwr/s iodelay  Command
15:07:49        0       819    0.00    1.00    0.00    0.00    1.00     2      0.00      0.00 4627516  190396  19.45      0.00      0.00      0.00       0  java
15:07:49        0      4488  162.00    6.00    0.00    0.00  168.00     3   1056.00      0.00 2770804   92424   9.44   1000.00      0.00      0.00       0  java

# Time        UID       PID    %usr %system  %guest   %wait    %CPU   CPU  minflt/s  majflt/s     VSZ     RSS   %MEM   kB_rd/s   kB_wr/s kB_ccwr/s iodelay  Command
15:07:50        0      4488  168.00    4.00    0.00    0.00  172.00     3    895.00      0.00 2770804   96136   9.82    536.00      0.00      0.00       0  java

# Time        UID       PID    %usr %system  %guest   %wait    %CPU   CPU  minflt/s  majflt/s     VSZ     RSS   %MEM   kB_rd/s   kB_wr/s kB_ccwr/s iodelay  Command
15:07:51        0      4488  198.00    4.00    0.00    0.00  202.00     3    574.00      0.00 2770804   98752  10.09    224.00      0.00      0.00       0  java

# Time        UID       PID    %usr %system  %guest   %wait    %CPU   CPU  minflt/s  majflt/s     VSZ     RSS   %MEM   kB_rd/s   kB_wr/s kB_ccwr/s iodelay  Command
15:07:52        0       819    1.00    0.00    0.00    0.00    1.00     2      0.00      0.00 4627516  190396  19.45      0.00      0.00      0.00       0  java
15:07:52        0      4488  155.00    8.00    0.00    0.00  163.00     3    548.00      0.00 2770804  100928  10.31    656.00      0.00      0.00       0  java

# Time        UID       PID    %usr %system  %guest   %wait    %CPU   CPU  minflt/s  majflt/s     VSZ     RSS   %MEM   kB_rd/s   kB_wr/s kB_ccwr/s iodelay  Command
15:07:53        0      4488  159.00    2.00    0.00    0.00  161.00     3    768.00      0.00 2771068  104760  10.70    212.00      0.00      0.00       0  java

# Time        UID       PID    %usr %system  %guest   %wait    %CPU   CPU  minflt/s  majflt/s     VSZ     RSS   %MEM   kB_rd/s   kB_wr/s kB_ccwr/s iodelay  Command
15:07:54        0      4488  188.00    5.00    0.00    0.00  193.00     3    929.00      0.00 2771068  108968  11.13    688.00      0.00      0.00       0  java

# Time        UID       PID    %usr %system  %guest   %wait    %CPU   CPU  minflt/s  majflt/s     VSZ     RSS   %MEM   kB_rd/s   kB_wr/s kB_ccwr/s iodelay  Command
15:07:55        0      4488  164.00    5.00    0.00    0.00  169.00     3   1034.00      0.00 2771068  113368  11.58    268.00      0.00      0.00       0  java

# Time        UID       PID    %usr %system  %guest   %wait    %CPU   CPU  minflt/s  majflt/s     VSZ     RSS   %MEM   kB_rd/s   kB_wr/s kB_ccwr/s iodelay  Command
15:07:56        0      4488  182.00    7.00    0.00    0.00  189.00     3   1467.00      0.00 2771068  119556  12.21     76.00      0.00      0.00       0  java

# Time        UID       PID    %usr %system  %guest   %wait    %CPU   CPU  minflt/s  majflt/s     VSZ     RSS   %MEM   kB_rd/s   kB_wr/s kB_ccwr/s iodelay  Command
15:07:57        0       819    0.00    1.00    0.00    0.00    1.00     2      0.00      0.00 4627516  190396  19.45      0.00      4.00      0.00       0  java
15:07:57        0      4488  149.00    4.00    0.00    0.00  153.00     3    523.00      0.00 2771068  121860  12.45    220.00      0.00      0.00       0  java

# Time        UID       PID    %usr %system  %guest   %wait    %CPU   CPU  minflt/s  majflt/s     VSZ     RSS   %MEM   kB_rd/s   kB_wr/s kB_ccwr/s iodelay  Command
15:07:58        0       819    1.00    0.00    0.00    0.00    1.00     2      0.00      0.00 4627516  190396  19.45      0.00      4.00      0.00       0  java
15:07:58        0      4488   65.00    1.00    0.00    0.00   66.00     3    175.00      0.00 2771068  122500  12.51     84.00      0.00      0.00       0  java

# Time        UID       PID    %usr %system  %guest   %wait    %CPU   CPU  minflt/s  majflt/s     VSZ     RSS   %MEM   kB_rd/s   kB_wr/s kB_ccwr/s iodelay  Command
15:07:59        0      4488    1.00    0.00    0.00    0.00    1.00     3      0.00      0.00 2771068  122500  12.51      0.00      0.00      0.00       0  java

# Time        UID       PID    %usr %system  %guest   %wait    %CPU   CPU  minflt/s  majflt/s     VSZ     RSS   %MEM   kB_rd/s   kB_wr/s kB_ccwr/s iodelay  Command
15:08:00        0      4488   72.00    1.00    0.00    0.00   73.00     3    546.00      0.00 2771200  124860  12.76    568.00      0.00      0.00       0  java

# Time        UID       PID    %usr %system  %guest   %wait    %CPU   CPU  minflt/s  majflt/s     VSZ     RSS   %MEM   kB_rd/s   kB_wr/s kB_ccwr/s iodelay  Command
15:08:01        0      4488  216.00    3.00    0.00    0.00  219.00     3   1340.00      0.00 2771200  130108  13.29    440.00      0.00      0.00       0  java

# Time        UID       PID    %usr %system  %guest   %wait    %CPU   CPU  minflt/s  majflt/s     VSZ     RSS   %MEM   kB_rd/s   kB_wr/s kB_ccwr/s iodelay  Command
15:08:02        0      4488  209.00    7.00    0.00    0.00  216.00     3   1304.00      0.00 2904480  135400  13.83    592.00      0.00      0.00       0  java

# Time        UID       PID    %usr %system  %guest   %wait    %CPU   CPU  minflt/s  majflt/s     VSZ     RSS   %MEM   kB_rd/s   kB_wr/s kB_ccwr/s iodelay  Command
15:08:03        0       819    0.00    1.00    0.00    0.00    1.00     2      0.00      0.00 4627516  190396  19.45      0.00      0.00      0.00       0  java
15:08:03        0      4488  206.00    8.00    0.00    0.00  214.00     3    367.00      0.00 2904480  135160  13.81    556.00      0.00      0.00       0  java

# Time        UID       PID    %usr %system  %guest   %wait    %CPU   CPU  minflt/s  majflt/s     VSZ     RSS   %MEM   kB_rd/s   kB_wr/s kB_ccwr/s iodelay  Command
15:08:04        0      4488  187.00    2.00    0.00    0.00  189.00     3    610.00      0.00 2904612  137464  14.04    436.00      0.00      0.00       0  java

# Time        UID       PID    %usr %system  %guest   %wait    %CPU   CPU  minflt/s  majflt/s     VSZ     RSS   %MEM   kB_rd/s   kB_wr/s kB_ccwr/s iodelay  Command
15:08:05        0       819    1.00    0.00    0.00    0.00    1.00     2      0.00      0.00 4627516  190396  19.45      0.00      0.00      0.00       0  java
15:08:05        0      4488  183.00    8.00    0.00    0.00  191.00     3    763.00      0.00 2904612  140828  14.39    308.00      0.00      0.00       0  java

# Time        UID       PID    %usr %system  %guest   %wait    %CPU   CPU  minflt/s  majflt/s     VSZ     RSS   %MEM   kB_rd/s   kB_wr/s kB_ccwr/s iodelay  Command
15:08:06        0      4488  157.00    5.00    0.00    0.00  162.00     3    777.00      0.00 2972188  144336  14.74    380.00      0.00      0.00       0  java

# Time        UID       PID    %usr %system  %guest   %wait    %CPU   CPU  minflt/s  majflt/s     VSZ     RSS   %MEM   kB_rd/s   kB_wr/s kB_ccwr/s iodelay  Command
15:08:07        0      4488  182.00    6.00    0.00    0.00  188.00     3    987.00      0.00 3039896  148612  15.18    284.00      0.00      0.00       0  java

# Time        UID       PID    %usr %system  %guest   %wait    %CPU   CPU  minflt/s  majflt/s     VSZ     RSS   %MEM   kB_rd/s   kB_wr/s kB_ccwr/s iodelay  Command
15:08:08        0       819    0.00    1.00    0.00    0.00    1.00     2      0.00      0.00 4627516  190396  19.45      0.00      0.00      0.00       0  java
15:08:08        0      4488  189.00    7.00    0.00    0.00  196.00     3    872.00      0.00 3179148  152068  15.53     52.00      0.00      0.00       0  java

# Time        UID       PID    %usr %system  %guest   %wait    %CPU   CPU  minflt/s  majflt/s     VSZ     RSS   %MEM   kB_rd/s   kB_wr/s kB_ccwr/s iodelay  Command
15:08:09        0      4488  132.00    8.00    0.00    0.00  140.00     3    566.00      0.00 3318400  154244  15.76    884.00      0.00      0.00       0  java

# Time        UID       PID    %usr %system  %guest   %wait    %CPU   CPU  minflt/s  majflt/s     VSZ     RSS   %MEM   kB_rd/s   kB_wr/s kB_ccwr/s iodelay  Command
15:08:10        0       819    0.00    0.00    0.00    0.00    0.00     2      0.00      0.00 4627516  190396  19.45      0.00      3.96      0.00       0  java
15:08:10        0      4488  207.92    5.94    0.00    0.00  213.86     3    709.90      0.00 3453552  157444  16.08    708.91      0.00      0.00       0  java

# Time        UID       PID    %usr %system  %guest   %wait    %CPU   CPU  minflt/s  majflt/s     VSZ     RSS   %MEM   kB_rd/s   kB_wr/s kB_ccwr/s iodelay  Command
15:08:11        0       819    1.00    0.00    0.00    0.00    1.00     2      0.00      0.00 4627516  190396  19.45      0.00      0.00      0.00       0  java
15:08:11        0      4488  176.00    7.00    0.00    0.00  183.00     3   2148.00      0.00 3453552  164588  16.81    588.00      0.00      0.00       0  java

# Time        UID       PID    %usr %system  %guest   %wait    %CPU   CPU  minflt/s  majflt/s     VSZ     RSS   %MEM   kB_rd/s   kB_wr/s kB_ccwr/s iodelay  Command
15:08:12        0       819    2.00    1.00    0.00    0.00    3.00     2      0.00      0.00 4627516  190396  19.45      0.00      0.00      0.00       0  java
15:08:12        0      4488  212.00   11.00    0.00    0.00  223.00     3   2991.00      0.00 3656280  173076  17.68    360.00      0.00      0.00       0  java

# Time        UID       PID    %usr %system  %guest   %wait    %CPU   CPU  minflt/s  majflt/s     VSZ     RSS   %MEM   kB_rd/s   kB_wr/s kB_ccwr/s iodelay  Command
15:08:13        0      4488  207.00    4.00    0.00    0.00  211.00     3   1218.00      0.00 3656280  176584  18.04    392.00      0.00      0.00       0  java

# Time        UID       PID    %usr %system  %guest   %wait    %CPU   CPU  minflt/s  majflt/s     VSZ     RSS   %MEM   kB_rd/s   kB_wr/s kB_ccwr/s iodelay  Command
15:08:14        0       819    1.00    0.00    0.00    0.00    1.00     2      0.00      0.00 4627516  190396  19.45      0.00      0.00      0.00       0  java
15:08:14        0      4488   39.00    0.00    0.00    0.00   39.00     3     19.00      0.00 3656280  176712  18.05      0.00      0.00      0.00       0  java

# Time        UID       PID    %usr %system  %guest   %wait    %CPU   CPU  minflt/s  majflt/s     VSZ     RSS   %MEM   kB_rd/s   kB_wr/s kB_ccwr/s iodelay  Command
15:08:15        0      4488    1.00    0.00    0.00    0.00    1.00     3      0.00      0.00 3656280  176712  18.05     40.00      0.00      0.00       0  java

# Time        UID       PID    %usr %system  %guest   %wait    %CPU   CPU  minflt/s  majflt/s     VSZ     RSS   %MEM   kB_rd/s   kB_wr/s kB_ccwr/s iodelay  Command

# Time        UID       PID    %usr %system  %guest   %wait    %CPU   CPU  minflt/s  majflt/s     VSZ     RSS   %MEM   kB_rd/s   kB_wr/s kB_ccwr/s iodelay  Command
15:08:17        0      4488    0.00    1.00    0.00    0.00    1.00     3      0.00      0.00 3656280  176712  18.05      0.00      0.00      0.00       0  java

# Time        UID       PID    %usr %system  %guest   %wait    %CPU   CPU  minflt/s  majflt/s     VSZ     RSS   %MEM   kB_rd/s   kB_wr/s kB_ccwr/s iodelay  Command
15:08:18        0      4488    0.00    0.00    0.00    0.00    0.00     3      0.00      0.00 3656280  173376  17.71      0.00      0.00      0.00       0  java

# Time        UID       PID    %usr %system  %guest   %wait    %CPU   CPU  minflt/s  majflt/s     VSZ     RSS   %MEM   kB_rd/s   kB_wr/s kB_ccwr/s iodelay  Command

# Time        UID       PID    %usr %system  %guest   %wait    %CPU   CPU  minflt/s  majflt/s     VSZ     RSS   %MEM   kB_rd/s   kB_wr/s kB_ccwr/s iodelay  Command
15:08:20        0      4488    0.00    0.00    0.00    0.00    0.00     3      0.00      0.00 3656280  173376  17.71     24.00      0.00      0.00       0  java

# Time        UID       PID    %usr %system  %guest   %wait    %CPU   CPU  minflt/s  majflt/s     VSZ     RSS   %MEM   kB_rd/s   kB_wr/s kB_ccwr/s iodelay  Command

# Time        UID       PID    %usr %system  %guest   %wait    %CPU   CPU  minflt/s  majflt/s     VSZ     RSS   %MEM   kB_rd/s   kB_wr/s kB_ccwr/s iodelay  Command
15:08:22        0      4488  164.00    3.00    0.00    0.00  167.00     3    259.00      0.00 3656280  174448  17.82      4.00      0.00      0.00       0  java

# Time        UID       PID    %usr %system  %guest   %wait    %CPU   CPU  minflt/s  majflt/s     VSZ     RSS   %MEM   kB_rd/s   kB_wr/s kB_ccwr/s iodelay  Command
15:08:23        0       819    1.00    0.00    0.00    0.00    1.00     2      0.00      0.00 4627516  190396  19.45      0.00      0.00      0.00       0  java
15:08:23        0      4488   36.00    0.00    0.00    0.00   36.00     3     12.00      0.00 3656280  174448  17.82      0.00      0.00      0.00       0  java

# Time        UID       PID    %usr %system  %guest   %wait    %CPU   CPU  minflt/s  majflt/s     VSZ     RSS   %MEM   kB_rd/s   kB_wr/s kB_ccwr/s iodelay  Command
15:08:24        0      4488    0.00    0.00    0.00    0.00    0.00     3      0.00      0.00 3656280  174448  17.82      8.00      0.00      0.00       0  java

# Time        UID       PID    %usr %system  %guest   %wait    %CPU   CPU  minflt/s  majflt/s     VSZ     RSS   %MEM   kB_rd/s   kB_wr/s kB_ccwr/s iodelay  Command

# Time        UID       PID    %usr %system  %guest   %wait    %CPU   CPU  minflt/s  majflt/s     VSZ     RSS   %MEM   kB_rd/s   kB_wr/s kB_ccwr/s iodelay  Command
15:08:26        0       819    0.00    1.00    0.00    0.00    1.00     2      0.00      0.00 4627516  190396  19.45      0.00      4.00      0.00       0  java
15:08:26        0      4488   61.00    3.00    0.00    0.00   64.00     3    419.00      0.00 3723856  176240  18.00    152.00      0.00      0.00       0  java

# Time        UID       PID    %usr %system  %guest   %wait    %CPU   CPU  minflt/s  majflt/s     VSZ     RSS   %MEM   kB_rd/s   kB_wr/s kB_ccwr/s iodelay  Command
15:08:27        0      4488  203.00    5.00    0.00    0.00  208.00     3    797.00      0.00 3859008  179440  18.33    392.00      0.00      0.00       0  java

# Time        UID       PID    %usr %system  %guest   %wait    %CPU   CPU  minflt/s  majflt/s     VSZ     RSS   %MEM   kB_rd/s   kB_wr/s kB_ccwr/s iodelay  Command
15:08:28        0       819    1.00    0.00    0.00    0.00    1.00     2      0.00      0.00 4627516  190396  19.45      0.00      0.00      0.00       0  java
15:08:28        0      4488  295.00   11.00    0.00    0.00  306.00     3    889.00      0.00 4064068  182896  18.68    620.00      0.00      0.00       0  java

# Time        UID       PID    %usr %system  %guest   %wait    %CPU   CPU  minflt/s  majflt/s     VSZ     RSS   %MEM   kB_rd/s   kB_wr/s kB_ccwr/s iodelay  Command
15:08:29        0      4488  227.00   10.00    0.00    0.00  237.00     3   1053.00      0.00 4066256  186992  19.10    552.00      0.00      0.00       0  java

# Time        UID       PID    %usr %system  %guest   %wait    %CPU   CPU  minflt/s  majflt/s     VSZ     RSS   %MEM   kB_rd/s   kB_wr/s kB_ccwr/s iodelay  Command
15:08:30        0       819    1.00    0.00    0.00    0.00    1.00     2      0.00      0.00 4627516  190396  19.45      0.00      8.00      0.00       0  java
15:08:30        0      4488  191.00    6.00    0.00    0.00  197.00     3    586.00      0.00 4070496  189424  19.35    616.00      0.00      0.00       0  java

# Time        UID       PID    %usr %system  %guest   %wait    %CPU   CPU  minflt/s  majflt/s     VSZ     RSS   %MEM   kB_rd/s   kB_wr/s kB_ccwr/s iodelay  Command
15:08:31        0       819    0.00    1.00    0.00    0.00    1.00     2      0.00      0.00 4627516  190396  19.45      0.00      0.00      0.00       0  java
15:08:31        0      4488  201.00    7.00    0.00    0.00  208.00     3   1005.00      0.00 4070948  193264  19.74    916.00      0.00      0.00       0  java

# Time        UID       PID    %usr %system  %guest   %wait    %CPU   CPU  minflt/s  majflt/s     VSZ     RSS   %MEM   kB_rd/s   kB_wr/s kB_ccwr/s iodelay  Command
15:08:32        0      4488  219.00   10.00    0.00    0.00  229.00     3    864.00      0.00 4070948  196720  20.10   1592.00      0.00      0.00       0  java

# Time        UID       PID    %usr %system  %guest   %wait    %CPU   CPU  minflt/s  majflt/s     VSZ     RSS   %MEM   kB_rd/s   kB_wr/s kB_ccwr/s iodelay  Command
15:08:33        0      4488  297.00   14.00    0.00    0.00  311.00     3   1918.00      0.00 4072520  203472  20.79   1036.00      0.00      0.00       0  java

# Time        UID       PID    %usr %system  %guest   %wait    %CPU   CPU  minflt/s  majflt/s     VSZ     RSS   %MEM   kB_rd/s   kB_wr/s kB_ccwr/s iodelay  Command
15:08:34        0       819    1.00    0.00    0.00    0.00    1.00     2      0.00      0.00 4627516  190396  19.45      0.00      0.00      0.00       0  java
15:08:34        0      4488  288.00   13.00    0.00    0.00  301.00     3   1193.00      0.00 4071916  206032  21.05   1224.00      0.00      0.00       0  java

# Time        UID       PID    %usr %system  %guest   %wait    %CPU   CPU  minflt/s  majflt/s     VSZ     RSS   %MEM   kB_rd/s   kB_wr/s kB_ccwr/s iodelay  Command
15:08:35        0      4488  235.00    2.00    0.00    0.00  237.00     3   1083.00      0.00 4071916  210512  21.51    404.00      0.00      0.00       0  java

# Time        UID       PID    %usr %system  %guest   %wait    %CPU   CPU  minflt/s  majflt/s     VSZ     RSS   %MEM   kB_rd/s   kB_wr/s kB_ccwr/s iodelay  Command
15:08:36        0      4488  252.00    9.00    0.00    0.00  261.00     3    358.00      0.00 4071916  211792  21.64    388.00      0.00      0.00       0  java

# Time        UID       PID    %usr %system  %guest   %wait    %CPU   CPU  minflt/s  majflt/s     VSZ     RSS   %MEM   kB_rd/s   kB_wr/s kB_ccwr/s iodelay  Command
15:08:37        0      4488  252.00    1.00    0.00    0.00  253.00     3    530.00      0.00 4072072  214392  21.90    132.00      0.00      0.00       0  java

# Time        UID       PID    %usr %system  %guest   %wait    %CPU   CPU  minflt/s  majflt/s     VSZ     RSS   %MEM   kB_rd/s   kB_wr/s kB_ccwr/s iodelay  Command
15:08:38        0      4488  207.00    3.00    0.00    0.00  210.00     3    596.00      0.00 4072072  216696  22.14    556.00      0.00      0.00       0  java

# Time        UID       PID    %usr %system  %guest   %wait    %CPU   CPU  minflt/s  majflt/s     VSZ     RSS   %MEM   kB_rd/s   kB_wr/s kB_ccwr/s iodelay  Command
15:08:39        0       819    1.00    0.00    0.00    0.00    1.00     2      0.00      0.00 4627516  190396  19.45      0.00      0.00      0.00       0  java
15:08:39        0      4488  223.00    4.00    0.00    0.00  227.00     3    396.00      0.00 4072072  218360  22.31    312.00      0.00      0.00       0  java

# Time        UID       PID    %usr %system  %guest   %wait    %CPU   CPU  minflt/s  majflt/s     VSZ     RSS   %MEM   kB_rd/s   kB_wr/s kB_ccwr/s iodelay  Command
15:08:40        0      4488  194.00    4.00    0.00    0.00  198.00     3    369.00      0.00 4072072  219768  22.45    280.00      0.00      0.00       0  java

# Time        UID       PID    %usr %system  %guest   %wait    %CPU   CPU  minflt/s  majflt/s     VSZ     RSS   %MEM   kB_rd/s   kB_wr/s kB_ccwr/s iodelay  Command
15:08:41        0       819    1.00    0.00    0.00    0.00    1.00     2      0.00      0.00 4627516  190396  19.45      0.00      0.00      0.00       0  java
15:08:41        0      4488  239.00   11.00    0.00    0.00  250.00     3    562.00      0.00 4072072  221944  22.67    932.00      0.00      0.00       0  java

# Time        UID       PID    %usr %system  %guest   %wait    %CPU   CPU  minflt/s  majflt/s     VSZ     RSS   %MEM   kB_rd/s   kB_wr/s kB_ccwr/s iodelay  Command
15:08:42        0      4488  303.00   11.00    0.00    0.00  314.00     3    840.00      0.00 4072072  225016  22.99    128.00      0.00      0.00       0  java

# Time        UID       PID    %usr %system  %guest   %wait    %CPU   CPU  minflt/s  majflt/s     VSZ     RSS   %MEM   kB_rd/s   kB_wr/s kB_ccwr/s iodelay  Command
15:08:43        0      4488  252.00    4.00    0.00    0.00  256.00     3    203.00      0.00 4072072  225912  23.08      4.00      0.00      0.00       0  java

# Time        UID       PID    %usr %system  %guest   %wait    %CPU   CPU  minflt/s  majflt/s     VSZ     RSS   %MEM   kB_rd/s   kB_wr/s kB_ccwr/s iodelay  Command
15:08:44        0       819    1.00    1.00    0.00    0.00    2.00     2      0.00      0.00 4627516  190396  19.45      0.00      0.00      0.00       0  java
15:08:44        0      4488  273.00   10.00    0.00    0.00  283.00     3    491.00      0.00 4072072  227704  23.26    836.00      0.00      0.00       0  java

# Time        UID       PID    %usr %system  %guest   %wait    %CPU   CPU  minflt/s  majflt/s     VSZ     RSS   %MEM   kB_rd/s   kB_wr/s kB_ccwr/s iodelay  Command
15:08:45        0      4488  242.57    7.92    0.00    0.00  250.50     3    852.48      0.00 4076152  231160  23.61    431.68      0.00      0.00       0  java

# Time        UID       PID    %usr %system  %guest   %wait    %CPU   CPU  minflt/s  majflt/s     VSZ     RSS   %MEM   kB_rd/s   kB_wr/s kB_ccwr/s iodelay  Command
15:08:46        0       819    1.00    0.00    0.00    0.00    1.00     2      0.00      0.00 4627516  190396  19.45      0.00      0.00      0.00       0  java
15:08:46        0      4488  245.00    5.00    0.00    0.00  250.00     3    575.00      0.00 4076152  233336  23.84     96.00      0.00      0.00       0  java

# Time        UID       PID    %usr %system  %guest   %wait    %CPU   CPU  minflt/s  majflt/s     VSZ     RSS   %MEM   kB_rd/s   kB_wr/s kB_ccwr/s iodelay  Command
15:08:47        0      4488  243.00    4.00    0.00    0.00  247.00     3    360.00      0.00 4076152  234744  23.98     40.00      0.00      0.00       0  java

# Time        UID       PID    %usr %system  %guest   %wait    %CPU   CPU  minflt/s  majflt/s     VSZ     RSS   %MEM   kB_rd/s   kB_wr/s kB_ccwr/s iodelay  Command
15:08:48        0      4488  238.00    6.00    0.00    0.00  244.00     3    437.00      0.00 4076348  236536  24.16   1116.00      0.00      0.00       0  java

# Time        UID       PID    %usr %system  %guest   %wait    %CPU   CPU  minflt/s  majflt/s     VSZ     RSS   %MEM   kB_rd/s   kB_wr/s kB_ccwr/s iodelay  Command
15:08:49        0       819    0.00    1.00    0.00    0.00    1.00     2      0.00      0.00 4627516  190396  19.45      0.00      0.00      0.00       0  java
15:08:49        0      4488  261.00   11.00    0.00    0.00  272.00     3   1146.00      0.00 4076348  241016  24.62    564.00      0.00      0.00       0  java

# Time        UID       PID    %usr %system  %guest   %wait    %CPU   CPU  minflt/s  majflt/s     VSZ     RSS   %MEM   kB_rd/s   kB_wr/s kB_ccwr/s iodelay  Command
15:08:50        0      4488  322.00    7.00    0.00    0.00  329.00     3   2302.00      0.00 4076348  250104  25.55    512.00      0.00      0.00       0  java

# Time        UID       PID    %usr %system  %guest   %wait    %CPU   CPU  minflt/s  majflt/s     VSZ     RSS   %MEM   kB_rd/s   kB_wr/s kB_ccwr/s iodelay  Command
15:08:51        0      4488    6.00    0.00    0.00    0.00    6.00     3      4.00      0.00 4076348  250104  25.55      0.00      0.00      0.00       0  java

# Time        UID       PID    %usr %system  %guest   %wait    %CPU   CPU  minflt/s  majflt/s     VSZ     RSS   %MEM   kB_rd/s   kB_wr/s kB_ccwr/s iodelay  Command
15:08:52        0      4488  175.00    1.00    0.00    0.00  176.00     3     68.00      0.00 4141884  250360  25.58    512.00      0.00      0.00       0  java

# Time        UID       PID    %usr %system  %guest   %wait    %CPU   CPU  minflt/s  majflt/s     VSZ     RSS   %MEM   kB_rd/s   kB_wr/s kB_ccwr/s iodelay  Command

# Time        UID       PID    %usr %system  %guest   %wait    %CPU   CPU  minflt/s  majflt/s     VSZ     RSS   %MEM   kB_rd/s   kB_wr/s kB_ccwr/s iodelay  Command

# Time        UID       PID    %usr %system  %guest   %wait    %CPU   CPU  minflt/s  majflt/s     VSZ     RSS   %MEM   kB_rd/s   kB_wr/s kB_ccwr/s iodelay  Command
15:08:55        0       819    1.00    0.00    0.00    0.00    1.00     2      0.00      0.00 4627516  190396  19.45      0.00      0.00      0.00       0  java
15:08:55        0      4488   10.00    0.00    0.00    0.00   10.00     3     23.00      0.00 4141884  250360  25.58      0.00      0.00      0.00       0  java

# Time        UID       PID    %usr %system  %guest   %wait    %CPU   CPU  minflt/s  majflt/s     VSZ     RSS   %MEM   kB_rd/s   kB_wr/s kB_ccwr/s iodelay  Command

# Time        UID       PID    %usr %system  %guest   %wait    %CPU   CPU  minflt/s  majflt/s     VSZ     RSS   %MEM   kB_rd/s   kB_wr/s kB_ccwr/s iodelay  Command

# Time        UID       PID    %usr %system  %guest   %wait    %CPU   CPU  minflt/s  majflt/s     VSZ     RSS   %MEM   kB_rd/s   kB_wr/s kB_ccwr/s iodelay  Command
15:08:58        0      4488  128.00    2.00    0.00    0.00  130.00     3     30.00      0.00 4141884  250488  25.59    256.00      0.00      0.00       0  java

# Time        UID       PID    %usr %system  %guest   %wait    %CPU   CPU  minflt/s  majflt/s     VSZ     RSS   %MEM   kB_rd/s   kB_wr/s kB_ccwr/s iodelay  Command
15:08:59        0       819    1.00    0.00    0.00    0.00    1.00     2      0.00      0.00 4627516  190396  19.45      0.00      0.00      0.00       0  java
15:08:59        0      4488  282.00    4.00    0.00    0.00  286.00     3    693.00      0.00 4141884  253432  25.89   1408.00      0.00      0.00       0  java

# Time        UID       PID    %usr %system  %guest   %wait    %CPU   CPU  minflt/s  majflt/s     VSZ     RSS   %MEM   kB_rd/s   kB_wr/s kB_ccwr/s iodelay  Command
15:09:00        0      4488  100.00    0.00    0.00    0.00  100.00     3     11.00      0.00 4141884  253432  25.89      0.00      0.00      0.00       0  java

# Time        UID       PID    %usr %system  %guest   %wait    %CPU   CPU  minflt/s  majflt/s     VSZ     RSS   %MEM   kB_rd/s   kB_wr/s kB_ccwr/s iodelay  Command
15:09:01        0      4488  164.00    3.00    0.00    0.00  167.00     3     40.00      0.00 4141884  253432  25.89    768.00      0.00      0.00       0  java

# Time        UID       PID    %usr %system  %guest   %wait    %CPU   CPU  minflt/s  majflt/s     VSZ     RSS   %MEM   kB_rd/s   kB_wr/s kB_ccwr/s iodelay  Command
15:09:02        0       819    0.00    0.99    0.00    0.00    0.99     2      0.00      0.00 4627516  190396  19.45      0.00      0.00      0.00       0  java
15:09:02        0      4488  367.33    7.92    0.00    0.00  375.25     3     68.32      0.00 4141884  253816  25.93   3041.58      0.00      0.00       0  java

# Time        UID       PID    %usr %system  %guest   %wait    %CPU   CPU  minflt/s  majflt/s     VSZ     RSS   %MEM   kB_rd/s   kB_wr/s kB_ccwr/s iodelay  Command
15:09:03        0      4488  368.00   10.00    0.00    0.00  378.00     3     15.00      0.00 4141884  253944  25.94   4864.00      0.00      0.00       0  java

# Time        UID       PID    %usr %system  %guest   %wait    %CPU   CPU  minflt/s  majflt/s     VSZ     RSS   %MEM   kB_rd/s   kB_wr/s kB_ccwr/s iodelay  Command
15:09:04        0       819    1.00    0.00    0.00    0.00    1.00     2      0.00      0.00 4627516  190396  19.45      0.00      0.00      0.00       0  java
15:09:04        0      4488  356.00    5.00    0.00    0.00  361.00     3     34.00      0.00 4141884  254072  25.96   4736.00      0.00      0.00       0  java

# Time        UID       PID    %usr %system  %guest   %wait    %CPU   CPU  minflt/s  majflt/s     VSZ     RSS   %MEM   kB_rd/s   kB_wr/s kB_ccwr/s iodelay  Command
15:09:05        0      4488  365.00   10.00    0.00    0.00  375.00     3     27.00      0.00 4141884  254072  25.96   6784.00      0.00      0.00       0  java

# Time        UID       PID    %usr %system  %guest   %wait    %CPU   CPU  minflt/s  majflt/s     VSZ     RSS   %MEM   kB_rd/s   kB_wr/s kB_ccwr/s iodelay  Command
15:09:06        0       819    1.00    0.00    0.00    0.00    1.00     2      0.00      0.00 4627516  190396  19.45      0.00      0.00      0.00       0  java
15:09:06        0      4488  349.00    9.00    0.00    0.00  358.00     3     16.00      0.00 4141884  254200  25.97   7680.00      0.00      0.00       0  java

# Time        UID       PID    %usr %system  %guest   %wait    %CPU   CPU  minflt/s  majflt/s     VSZ     RSS   %MEM   kB_rd/s   kB_wr/s kB_ccwr/s iodelay  Command
15:09:07        0      4488  340.00   21.00    0.00    0.00  361.00     3     12.00      0.00 4141884  254328  25.98   7808.00      0.00      0.00       0  java

# Time        UID       PID    %usr %system  %guest   %wait    %CPU   CPU  minflt/s  majflt/s     VSZ     RSS   %MEM   kB_rd/s   kB_wr/s kB_ccwr/s iodelay  Command
15:09:08        0      4488  343.00   18.00    0.00    0.00  361.00     3     13.00      0.00 4141884  254328  25.98   8064.00      0.00      0.00       0  java

# Time        UID       PID    %usr %system  %guest   %wait    %CPU   CPU  minflt/s  majflt/s     VSZ     RSS   %MEM   kB_rd/s   kB_wr/s kB_ccwr/s iodelay  Command
15:09:09        0       819    1.00    0.00    0.00    0.00    1.00     2      0.00      0.00 4627516  190396  19.45      0.00      0.00      0.00       0  java
15:09:09        0      4488  331.00   17.00    0.00    0.00  348.00     3     11.00      0.00 4141884  254328  25.98   8832.00      0.00      0.00       0  java

# Time        UID       PID    %usr %system  %guest   %wait    %CPU   CPU  minflt/s  majflt/s     VSZ     RSS   %MEM   kB_rd/s   kB_wr/s kB_ccwr/s iodelay  Command
15:09:10        0      4488  332.00   20.00    0.00    0.00  352.00     3     15.00      0.00 4141884  254328  25.98   9344.00      0.00      0.00       0  java

# Time        UID       PID    %usr %system  %guest   %wait    %CPU   CPU  minflt/s  majflt/s     VSZ     RSS   %MEM   kB_rd/s   kB_wr/s kB_ccwr/s iodelay  Command
15:09:11        0       819    1.00    0.00    0.00    0.00    1.00     2      0.00      0.00 4627516  190396  19.45      0.00      0.00      0.00       0  java
15:09:11        0      4488  346.00   16.00    0.00    0.00  362.00     3      5.00      0.00 4141884  254328  25.98  10752.00      0.00      0.00       0  java

# Time        UID       PID    %usr %system  %guest   %wait    %CPU   CPU  minflt/s  majflt/s     VSZ     RSS   %MEM   kB_rd/s   kB_wr/s kB_ccwr/s iodelay  Command
15:09:12        0       819    0.00    1.00    0.00    0.00    1.00     2      0.00      0.00 4627516  190396  19.45      0.00      0.00      0.00       0  java
15:09:12        0      4488  334.00   16.00    0.00    0.00  350.00     3      6.00      0.00 4141884  254456  25.99  10112.00      0.00      0.00       0  java

# Time        UID       PID    %usr %system  %guest   %wait    %CPU   CPU  minflt/s  majflt/s     VSZ     RSS   %MEM   kB_rd/s   kB_wr/s kB_ccwr/s iodelay  Command
15:09:13        0      4488  343.00   18.00    0.00    0.00  361.00     3      6.00      0.00 4141884  254456  25.99  10624.00      0.00      0.00       0  java

# Time        UID       PID    %usr %system  %guest   %wait    %CPU   CPU  minflt/s  majflt/s     VSZ     RSS   %MEM   kB_rd/s   kB_wr/s kB_ccwr/s iodelay  Command
15:09:14        0       819    0.00    1.00    0.00    0.00    1.00     2      0.00      0.00 4627516  190396  19.45      0.00      0.00      0.00       0  java
15:09:14        0      4488  326.00   16.00    0.00    0.00  342.00     3      8.00      0.00 4141884  254584  26.01   9600.00      0.00      0.00       0  java

# Time        UID       PID    %usr %system  %guest   %wait    %CPU   CPU  minflt/s  majflt/s     VSZ     RSS   %MEM   kB_rd/s   kB_wr/s kB_ccwr/s iodelay  Command
15:09:15        0      4488  333.66   15.84    0.00    0.00  349.50     3     19.80      0.00 4141884  254584  26.01  10138.61      0.00      0.00       0  java

# Time        UID       PID    %usr %system  %guest   %wait    %CPU   CPU  minflt/s  majflt/s     VSZ     RSS   %MEM   kB_rd/s   kB_wr/s kB_ccwr/s iodelay  Command
15:09:16        0       819    1.00    0.00    0.00    0.00    1.00     2      0.00      0.00 4627516  190396  19.45      0.00      0.00      0.00       0  java
15:09:16        0      4488  342.00   17.00    0.00    0.00  359.00     3      8.00      0.00 4141884  254584  26.01  10368.00      0.00      0.00       0  java

# Time        UID       PID    %usr %system  %guest   %wait    %CPU   CPU  minflt/s  majflt/s     VSZ     RSS   %MEM   kB_rd/s   kB_wr/s kB_ccwr/s iodelay  Command
15:09:17        0      4488  334.00   18.00    0.00    0.00  352.00     3     16.00      0.00 4141884  254584  26.01  10112.00      0.00      0.00       0  java

# Time        UID       PID    %usr %system  %guest   %wait    %CPU   CPU  minflt/s  majflt/s     VSZ     RSS   %MEM   kB_rd/s   kB_wr/s kB_ccwr/s iodelay  Command
15:09:18        0       819    0.99    0.00    0.00    0.00    0.99     2      0.00      0.00 4627516  190396  19.45      0.00      0.00      0.00       0  java
15:09:18        0      4488  319.80   18.81    0.00    0.00  338.61     3      9.90      0.00 4141884  254584  26.01  12166.34      0.00      0.00       0  java

# Time        UID       PID    %usr %system  %guest   %wait    %CPU   CPU  minflt/s  majflt/s     VSZ     RSS   %MEM   kB_rd/s   kB_wr/s kB_ccwr/s iodelay  Command
15:09:19        0      4488  322.00   23.00    0.00    0.00  345.00     3      1.00      0.00 4141884  254584  26.01  13184.00      0.00      0.00       0  java

# Time        UID       PID    %usr %system  %guest   %wait    %CPU   CPU  minflt/s  majflt/s     VSZ     RSS   %MEM   kB_rd/s   kB_wr/s kB_ccwr/s iodelay  Command
15:09:20        0      4488  318.00   19.00    0.00    0.00  337.00     3      0.00      0.00 4141884  254584  26.01  12928.00      0.00      0.00       0  java

# Time        UID       PID    %usr %system  %guest   %wait    %CPU   CPU  minflt/s  majflt/s     VSZ     RSS   %MEM   kB_rd/s   kB_wr/s kB_ccwr/s iodelay  Command
15:09:21        0       819    1.00    0.00    0.00    0.00    1.00     2      0.00      0.00 4627516  190396  19.45      0.00      0.00      0.00       0  java
15:09:21        0      4488  313.00   18.00    0.00    0.00  331.00     3      0.00      0.00 4141884  254584  26.01  12780.00      0.00      0.00       0  java

# Time        UID       PID    %usr %system  %guest   %wait    %CPU   CPU  minflt/s  majflt/s     VSZ     RSS   %MEM   kB_rd/s   kB_wr/s kB_ccwr/s iodelay  Command
15:09:22        0      4488  319.00   19.00    0.00    0.00  338.00     3      4.00      0.00 4141884  254584  26.01  13076.00      0.00      0.00       0  java

# Time        UID       PID    %usr %system  %guest   %wait    %CPU   CPU  minflt/s  majflt/s     VSZ     RSS   %MEM   kB_rd/s   kB_wr/s kB_ccwr/s iodelay  Command
15:09:23        0       819    0.00    1.00    0.00    0.00    1.00     2      0.00      0.00 4627516  190396  19.45      0.00      0.00      0.00       0  java
15:09:23        0      4488  317.00   21.00    0.00    0.00  338.00     3      1.00      0.00 4141884  254584  26.01  12928.00      0.00      0.00       0  java

# Time        UID       PID    %usr %system  %guest   %wait    %CPU   CPU  minflt/s  majflt/s     VSZ     RSS   %MEM   kB_rd/s   kB_wr/s kB_ccwr/s iodelay  Command
15:09:24        0      4488  320.00   17.00    0.00    0.00  337.00     3      0.00      0.00 4141884  254584  26.01  12992.00      0.00      0.00       0  java

# Time        UID       PID    %usr %system  %guest   %wait    %CPU   CPU  minflt/s  majflt/s     VSZ     RSS   %MEM   kB_rd/s   kB_wr/s kB_ccwr/s iodelay  Command
15:09:25        0       819    1.00    0.00    0.00    0.00    1.00     2      0.00      0.00 4627516  190396  19.45      0.00      0.00      0.00       0  java
15:09:25        0      4488   28.00    1.00    0.00    0.00   29.00     3     16.00      0.00 4141884  254712  26.02   1152.00      0.00      0.00       0  java

# Time        UID       PID    %usr %system  %guest   %wait    %CPU   CPU  minflt/s  majflt/s     VSZ     RSS   %MEM   kB_rd/s   kB_wr/s kB_ccwr/s iodelay  Command

# Time        UID       PID    %usr %system  %guest   %wait    %CPU   CPU  minflt/s  majflt/s     VSZ     RSS   %MEM   kB_rd/s   kB_wr/s kB_ccwr/s iodelay  Command
15:09:27        0      4488    9.00    0.00    0.00    0.00    9.00     3      0.00      0.00 4141884  254712  26.02    384.00      0.00      0.00       0  java

# Time        UID       PID    %usr %system  %guest   %wait    %CPU   CPU  minflt/s  majflt/s     VSZ     RSS   %MEM   kB_rd/s   kB_wr/s kB_ccwr/s iodelay  Command
15:09:28        0      4488    1.00    0.00    0.00    0.00    1.00     3      1.00      0.00 4141884  254712  26.02      0.00      0.00      0.00       0  java

# Time        UID       PID    %usr %system  %guest   %wait    %CPU   CPU  minflt/s  majflt/s     VSZ     RSS   %MEM   kB_rd/s   kB_wr/s kB_ccwr/s iodelay  Command
15:09:29        0      4488    4.00    0.00    0.00    0.00    4.00     3      0.00      0.00 4141884  254712  26.02    128.00      0.00      0.00       0  java

# Time        UID       PID    %usr %system  %guest   %wait    %CPU   CPU  minflt/s  majflt/s     VSZ     RSS   %MEM   kB_rd/s   kB_wr/s kB_ccwr/s iodelay  Command

# Time        UID       PID    %usr %system  %guest   %wait    %CPU   CPU  minflt/s  majflt/s     VSZ     RSS   %MEM   kB_rd/s   kB_wr/s kB_ccwr/s iodelay  Command
15:09:31        0       819    1.00    0.00    0.00    0.00    1.00     2      0.00      0.00 4627516  190396  19.45      0.00      0.00      0.00       0  java
15:09:31        0      4488    0.00    1.00    0.00    0.00    1.00     3      0.00      0.00 4141884  254712  26.02      0.00      0.00      0.00       0  java

# Time        UID       PID    %usr %system  %guest   %wait    %CPU   CPU  minflt/s  majflt/s     VSZ     RSS   %MEM   kB_rd/s   kB_wr/s kB_ccwr/s iodelay  Command

# Time        UID       PID    %usr %system  %guest   %wait    %CPU   CPU  minflt/s  majflt/s     VSZ     RSS   %MEM   kB_rd/s   kB_wr/s kB_ccwr/s iodelay  Command
15:09:33        0      4488    2.00    0.00    0.00    0.00    2.00     3      0.00      0.00 4141884  254712  26.02    128.00      0.00      0.00       0  java

# Time        UID       PID    %usr %system  %guest   %wait    %CPU   CPU  minflt/s  majflt/s     VSZ     RSS   %MEM   kB_rd/s   kB_wr/s kB_ccwr/s iodelay  Command

# Time        UID       PID    %usr %system  %guest   %wait    %CPU   CPU  minflt/s  majflt/s     VSZ     RSS   %MEM   kB_rd/s   kB_wr/s kB_ccwr/s iodelay  Command
15:09:35        0      4488   16.00    1.00    0.00    0.00   17.00     3      7.00      0.00 4141884  254712  26.02    384.00      0.00      0.00       0  java

# Time        UID       PID    %usr %system  %guest   %wait    %CPU   CPU  minflt/s  majflt/s     VSZ     RSS   %MEM   kB_rd/s   kB_wr/s kB_ccwr/s iodelay  Command

# Time        UID       PID    %usr %system  %guest   %wait    %CPU   CPU  minflt/s  majflt/s     VSZ     RSS   %MEM   kB_rd/s   kB_wr/s kB_ccwr/s iodelay  Command

# Time        UID       PID    %usr %system  %guest   %wait    %CPU   CPU  minflt/s  majflt/s     VSZ     RSS   %MEM   kB_rd/s   kB_wr/s kB_ccwr/s iodelay  Command

# Time        UID       PID    %usr %system  %guest   %wait    %CPU   CPU  minflt/s  majflt/s     VSZ     RSS   %MEM   kB_rd/s   kB_wr/s kB_ccwr/s iodelay  Command
15:09:39        0      4488    0.00    0.00    0.00    0.00    0.00     3      1.00      0.00 4141884  254712  26.02      0.00      0.00      0.00       0  java

# Time        UID       PID    %usr %system  %guest   %wait    %CPU   CPU  minflt/s  majflt/s     VSZ     RSS   %MEM   kB_rd/s   kB_wr/s kB_ccwr/s iodelay  Command
15:09:40        0       819    0.00    1.00    0.00    0.00    1.00     2      0.00      0.00 4627516  190396  19.45      0.00      0.00      0.00       0  java
15:09:40        0      4488  254.00   18.00    0.00    0.00  272.00     3      0.00      0.00 4141884  254712  26.02   9808.00      0.00      0.00       0  java

# Time        UID       PID    %usr %system  %guest   %wait    %CPU   CPU  minflt/s  majflt/s     VSZ     RSS   %MEM   kB_rd/s   kB_wr/s kB_ccwr/s iodelay  Command
15:09:41        0      4488  317.00   19.00    0.00    0.00  336.00     3      1.00      0.00 4141884  254712  26.02  12996.00      0.00      0.00       0  java

# Time        UID       PID    %usr %system  %guest   %wait    %CPU   CPU  minflt/s  majflt/s     VSZ     RSS   %MEM   kB_rd/s   kB_wr/s kB_ccwr/s iodelay  Command
15:09:42        0      4488  328.00   18.00    0.00    0.00  346.00     3      0.00      0.00 4141884  254712  26.02  11680.00      0.00      0.00       0  java

# Time        UID       PID    %usr %system  %guest   %wait    %CPU   CPU  minflt/s  majflt/s     VSZ     RSS   %MEM   kB_rd/s   kB_wr/s kB_ccwr/s iodelay  Command
15:09:43        0       819    0.00    1.00    0.00    0.00    1.00     2      0.00      0.00 4627516  190396  19.45      0.00      0.00      0.00       0  java
15:09:43        0      4488  319.00   19.00    0.00    0.00  338.00     3      0.00      0.00 4141884  254712  26.02  12844.00      0.00      0.00       0  java

# Time        UID       PID    %usr %system  %guest   %wait    %CPU   CPU  minflt/s  majflt/s     VSZ     RSS   %MEM   kB_rd/s   kB_wr/s kB_ccwr/s iodelay  Command
15:09:44        0       819    1.00    0.00    0.00    0.00    1.00     2      0.00      0.00 4627516  190396  19.45      0.00      0.00      0.00       0  java
15:09:44        0      4488  324.00   21.00    0.00    0.00  345.00     3      0.00      0.00 4141884  254712  26.02  13324.00      0.00      0.00       0  java

# Time        UID       PID    %usr %system  %guest   %wait    %CPU   CPU  minflt/s  majflt/s     VSZ     RSS   %MEM   kB_rd/s   kB_wr/s kB_ccwr/s iodelay  Command
15:09:45        0      4488  312.00   20.00    0.00    0.00  332.00     3      9.00      0.00 4141884  254712  26.02  12284.00      0.00      0.00       0  java

# Time        UID       PID    %usr %system  %guest   %wait    %CPU   CPU  minflt/s  majflt/s     VSZ     RSS   %MEM   kB_rd/s   kB_wr/s kB_ccwr/s iodelay  Command
15:09:46        0      4488  324.00   20.00    0.00    0.00  344.00     3      2.00      0.00 4141884  254712  26.02  13520.00      0.00      0.00       0  java

# Time        UID       PID    %usr %system  %guest   %wait    %CPU   CPU  minflt/s  majflt/s     VSZ     RSS   %MEM   kB_rd/s   kB_wr/s kB_ccwr/s iodelay  Command
15:09:47        0       819    0.00    1.00    0.00    0.00    1.00     2      0.00      0.00 4627516  190396  19.45      0.00      0.00      0.00       0  java
15:09:47        0      4488  322.00   18.00    0.00    0.00  340.00     3      0.00      0.00 4141884  254712  26.02  13104.00      0.00      0.00       0  java

# Time        UID       PID    %usr %system  %guest   %wait    %CPU   CPU  minflt/s  majflt/s     VSZ     RSS   %MEM   kB_rd/s   kB_wr/s kB_ccwr/s iodelay  Command
15:09:48        0      4488  328.00   14.00    0.00    0.00  342.00     3      0.00      0.00 4141884  254712  26.02  13176.00      0.00      0.00       0  java

# Time        UID       PID    %usr %system  %guest   %wait    %CPU   CPU  minflt/s  majflt/s     VSZ     RSS   %MEM   kB_rd/s   kB_wr/s kB_ccwr/s iodelay  Command
15:09:49        0       819    1.00    1.00    0.00    0.00    2.00     2      0.00      0.00 4627516  190396  19.45      0.00      0.00      0.00       0  java
15:09:49        0      4488  313.00   24.00    0.00    0.00  337.00     3      0.00      0.00 4141884  254712  26.02  13064.00      0.00      0.00       0  java

# Time        UID       PID    %usr %system  %guest   %wait    %CPU   CPU  minflt/s  majflt/s     VSZ     RSS   %MEM   kB_rd/s   kB_wr/s kB_ccwr/s iodelay  Command
15:09:50        0      4488  322.00   19.00    0.00    0.00  341.00     3      1.00      0.00 4141884  254712  26.02  13184.00      0.00      0.00       0  java

# Time        UID       PID    %usr %system  %guest   %wait    %CPU   CPU  minflt/s  majflt/s     VSZ     RSS   %MEM   kB_rd/s   kB_wr/s kB_ccwr/s iodelay  Command
15:09:51        0      4488  322.00   15.00    0.00    0.00  337.00     3      0.00      0.00 4141884  254712  26.02  13312.00      0.00      0.00       0  java

# Time        UID       PID    %usr %system  %guest   %wait    %CPU   CPU  minflt/s  majflt/s     VSZ     RSS   %MEM   kB_rd/s   kB_wr/s kB_ccwr/s iodelay  Command
15:09:52        0       819    1.00    0.00    0.00    0.00    1.00     2      0.00      0.00 4627516  190396  19.45      0.00      0.00      0.00       0  java
15:09:52        0      4488  309.00   24.00    0.00    0.00  333.00     3      2.00      0.00 4141884  254712  26.02  12544.00      0.00      0.00       0  java

# Time        UID       PID    %usr %system  %guest   %wait    %CPU   CPU  minflt/s  majflt/s     VSZ     RSS   %MEM   kB_rd/s   kB_wr/s kB_ccwr/s iodelay  Command
15:09:53        0      4488  320.00   15.00    0.00    0.00  335.00     3      6.00      0.00 4141884  254712  26.02  12928.00      0.00      0.00       0  java

# Time        UID       PID    %usr %system  %guest   %wait    %CPU   CPU  minflt/s  majflt/s     VSZ     RSS   %MEM   kB_rd/s   kB_wr/s kB_ccwr/s iodelay  Command
15:09:54        0       819    1.00    0.00    0.00    0.00    1.00     2      0.00      0.00 4627516  190396  19.45      0.00      0.00      0.00       0  java
15:09:54        0      4488  319.00   17.00    0.00    0.00  336.00     3      0.00      0.00 4141884  254712  26.02  13184.00      0.00      0.00       0  java

# Time        UID       PID    %usr %system  %guest   %wait    %CPU   CPU  minflt/s  majflt/s     VSZ     RSS   %MEM   kB_rd/s   kB_wr/s kB_ccwr/s iodelay  Command
15:09:55        0      4488  315.00   20.00    0.00    0.00  335.00     3      7.00      0.00 4141884  254712  26.02  12684.00      0.00      0.00       0  java

# Time        UID       PID    %usr %system  %guest   %wait    %CPU   CPU  minflt/s  majflt/s     VSZ     RSS   %MEM   kB_rd/s   kB_wr/s kB_ccwr/s iodelay  Command
15:09:56        0      4488  308.00   22.00    0.00    0.00  330.00     3      0.00      0.00 4141884  254712  26.02  12800.00      0.00      0.00       0  java

# Time        UID       PID    %usr %system  %guest   %wait    %CPU   CPU  minflt/s  majflt/s     VSZ     RSS   %MEM   kB_rd/s   kB_wr/s kB_ccwr/s iodelay  Command
15:09:57        0      4488  311.00   20.00    0.00    0.00  331.00     3      3.00      0.00 4141884  254840  26.03  12416.00      0.00      0.00       0  java

# Time        UID       PID    %usr %system  %guest   %wait    %CPU   CPU  minflt/s  majflt/s     VSZ     RSS   %MEM   kB_rd/s   kB_wr/s kB_ccwr/s iodelay  Command
15:09:58        0       819    0.00    1.00    0.00    0.00    1.00     2      0.00      0.00 4627516  190396  19.45      0.00      0.00      0.00       0  java
15:09:58        0      4488  315.00   15.00    0.00    0.00  330.00     3      0.00      0.00 4141884  254840  26.03  12800.00      0.00      0.00       0  java

# Time        UID       PID    %usr %system  %guest   %wait    %CPU   CPU  minflt/s  majflt/s     VSZ     RSS   %MEM   kB_rd/s   kB_wr/s kB_ccwr/s iodelay  Command
15:09:59        0       819    0.99    0.00    0.00    0.00    0.99     2      0.00      0.00 4627516  190396  19.45      0.00      0.00      0.00       0  java
15:09:59        0      4488  319.80   21.78    0.00    0.00  341.58     3      0.00      0.00 4141884  254840  26.03  13433.66      0.00      0.00       0  java

# Time        UID       PID    %usr %system  %guest   %wait    %CPU   CPU  minflt/s  majflt/s     VSZ     RSS   %MEM   kB_rd/s   kB_wr/s kB_ccwr/s iodelay  Command
15:10:00        0       819    1.00    0.00    0.00    0.00    1.00     2      0.00      0.00 4627516  190396  19.45      0.00      0.00      0.00       0  java
15:10:00        0      4488  319.00   19.00    0.00    0.00  338.00     3      0.00      0.00 4141884  254840  26.03  13184.00      0.00      0.00       0  java

# Time        UID       PID    %usr %system  %guest   %wait    %CPU   CPU  minflt/s  majflt/s     VSZ     RSS   %MEM   kB_rd/s   kB_wr/s kB_ccwr/s iodelay  Command
15:10:01        0      4488  313.00   23.00    0.00    0.00  336.00     3      0.00      0.00 4141884  254840  26.03  13184.00      0.00      0.00       0  java

# Time        UID       PID    %usr %system  %guest   %wait    %CPU   CPU  minflt/s  majflt/s     VSZ     RSS   %MEM   kB_rd/s   kB_wr/s kB_ccwr/s iodelay  Command
15:10:02        0       819    0.00    0.00    0.00    0.00    0.00     2      0.00      0.00 4627516  190396  19.45      4.00      8.00      0.00       0  java
15:10:02        0      4488  325.00   21.00    0.00    0.00  346.00     3    836.00      0.00 4141884  258296  26.39   7500.00      0.00      0.00       0  java

# Time        UID       PID    %usr %system  %guest   %wait    %CPU   CPU  minflt/s  majflt/s     VSZ     RSS   %MEM   kB_rd/s   kB_wr/s kB_ccwr/s iodelay  Command
15:10:03        0       819    1.00    0.00    0.00    0.00    1.00     2      0.00      0.00 4627516  190396  19.45      0.00      0.00      0.00       0  java
15:10:03        0      4488  350.00    9.00    0.00    0.00  359.00     3    634.00      0.00 4141884  260600  26.62   3776.00      0.00      0.00       0  java

# Time        UID       PID    %usr %system  %guest   %wait    %CPU   CPU  minflt/s  majflt/s     VSZ     RSS   %MEM   kB_rd/s   kB_wr/s kB_ccwr/s iodelay  Command
15:10:04        0      4488  189.00    4.00    0.00    0.00  193.00     3    705.00      0.00 4141884  263544  26.92   1216.00      0.00      0.00       0  java

# Time        UID       PID    %usr %system  %guest   %wait    %CPU   CPU  minflt/s  majflt/s     VSZ     RSS   %MEM   kB_rd/s   kB_wr/s kB_ccwr/s iodelay  Command
15:10:05        0      4488  285.00    7.00    0.00    0.00  292.00     3   2045.00      0.00 4141884  271736  27.76   3200.00      0.00      0.00       0  java

# Time        UID       PID    %usr %system  %guest   %wait    %CPU   CPU  minflt/s  majflt/s     VSZ     RSS   %MEM   kB_rd/s   kB_wr/s kB_ccwr/s iodelay  Command
15:10:06        0       819    0.00    1.00    0.00    0.00    1.00     2      0.00      0.00 4627516  190396  19.45      0.00      0.00      0.00       0  java
15:10:06        0      4488  201.00    4.00    0.00    0.00  205.00     3     28.00      0.00 4141884  269856  27.57   2560.00      0.00      0.00       0  java

# Time        UID       PID    %usr %system  %guest   %wait    %CPU   CPU  minflt/s  majflt/s     VSZ     RSS   %MEM   kB_rd/s   kB_wr/s kB_ccwr/s iodelay  Command
15:10:07        0       819    1.00    0.00    0.00    0.00    1.00     2      0.00      0.00 4627516  190396  19.45      0.00      0.00      0.00       0  java
15:10:07        0      4488   54.00    1.00    0.00    0.00   55.00     3      3.00      0.00 4141884  269856  27.57      0.00      0.00      0.00       0  java

# Time        UID       PID    %usr %system  %guest   %wait    %CPU   CPU  minflt/s  majflt/s     VSZ     RSS   %MEM   kB_rd/s   kB_wr/s kB_ccwr/s iodelay  Command
15:10:08        0      4488    6.00    0.00    0.00    0.00    6.00     3      0.00      0.00 4141884  269856  27.57    256.00      0.00      0.00       0  java

# Time        UID       PID    %usr %system  %guest   %wait    %CPU   CPU  minflt/s  majflt/s     VSZ     RSS   %MEM   kB_rd/s   kB_wr/s kB_ccwr/s iodelay  Command

# Time        UID       PID    %usr %system  %guest   %wait    %CPU   CPU  minflt/s  majflt/s     VSZ     RSS   %MEM   kB_rd/s   kB_wr/s kB_ccwr/s iodelay  Command

# Time        UID       PID    %usr %system  %guest   %wait    %CPU   CPU  minflt/s  majflt/s     VSZ     RSS   %MEM   kB_rd/s   kB_wr/s kB_ccwr/s iodelay  Command

# Time        UID       PID    %usr %system  %guest   %wait    %CPU   CPU  minflt/s  majflt/s     VSZ     RSS   %MEM   kB_rd/s   kB_wr/s kB_ccwr/s iodelay  Command
15:10:12        0      4488    1.00    0.00    0.00    0.00    1.00     3      0.00      0.00 4141884  269856  27.57      4.00      0.00      0.00       0  java

# Time        UID       PID    %usr %system  %guest   %wait    %CPU   CPU  minflt/s  majflt/s     VSZ     RSS   %MEM   kB_rd/s   kB_wr/s kB_ccwr/s iodelay  Command

# Time        UID       PID    %usr %system  %guest   %wait    %CPU   CPU  minflt/s  majflt/s     VSZ     RSS   %MEM   kB_rd/s   kB_wr/s kB_ccwr/s iodelay  Command

# Time        UID       PID    %usr %system  %guest   %wait    %CPU   CPU  minflt/s  majflt/s     VSZ     RSS   %MEM   kB_rd/s   kB_wr/s kB_ccwr/s iodelay  Command
15:10:15        0       819    0.00    1.00    0.00    0.00    1.00     2      0.00      0.00 4627516  190396  19.45      0.00      0.00      0.00       0  java
15:10:15        0      4488    5.00    0.00    0.00    0.00    5.00     3      0.00      0.00 4141884  269856  27.57      0.00      0.00      0.00       0  java

# Time        UID       PID    %usr %system  %guest   %wait    %CPU   CPU  minflt/s  majflt/s     VSZ     RSS   %MEM   kB_rd/s   kB_wr/s kB_ccwr/s iodelay  Command

# Time        UID       PID    %usr %system  %guest   %wait    %CPU   CPU  minflt/s  majflt/s     VSZ     RSS   %MEM   kB_rd/s   kB_wr/s kB_ccwr/s iodelay  Command
15:10:17        0      4488    7.00    1.00    0.00    0.00    8.00     3      0.00      0.00 4141884  267932  27.37    260.00      0.00      0.00       0  java

# Time        UID       PID    %usr %system  %guest   %wait    %CPU   CPU  minflt/s  majflt/s     VSZ     RSS   %MEM   kB_rd/s   kB_wr/s kB_ccwr/s iodelay  Command

# Time        UID       PID    %usr %system  %guest   %wait    %CPU   CPU  minflt/s  majflt/s     VSZ     RSS   %MEM   kB_rd/s   kB_wr/s kB_ccwr/s iodelay  Command

# Time        UID       PID    %usr %system  %guest   %wait    %CPU   CPU  minflt/s  majflt/s     VSZ     RSS   %MEM   kB_rd/s   kB_wr/s kB_ccwr/s iodelay  Command

# Time        UID       PID    %usr %system  %guest   %wait    %CPU   CPU  minflt/s  majflt/s     VSZ     RSS   %MEM   kB_rd/s   kB_wr/s kB_ccwr/s iodelay  Command
15:10:21        0      4488  109.00    2.00    0.00    0.00  111.00     3     23.00      0.00 4141884  268060  27.38   3328.00      0.00      0.00       0  java

# Time        UID       PID    %usr %system  %guest   %wait    %CPU   CPU  minflt/s  majflt/s     VSZ     RSS   %MEM   kB_rd/s   kB_wr/s kB_ccwr/s iodelay  Command
15:10:22        0       819    0.00    1.00    0.00    0.00    1.00     2      0.00      0.00 4627516  190396  19.45      0.00      0.00      0.00       0  java
15:10:22        0      4488  190.00    9.00    0.00    0.00  199.00     3      2.00      0.00 4141884  268060  27.38   7956.00      0.00      0.00       0  java

# Time        UID       PID    %usr %system  %guest   %wait    %CPU   CPU  minflt/s  majflt/s     VSZ     RSS   %MEM   kB_rd/s   kB_wr/s kB_ccwr/s iodelay  Command
15:10:23        0      4488  189.00    9.00    0.00    0.00  198.00     3      0.00      0.00 4141884  268060  27.38   8320.00      0.00      0.00       0  java

# Time        UID       PID    %usr %system  %guest   %wait    %CPU   CPU  minflt/s  majflt/s     VSZ     RSS   %MEM   kB_rd/s   kB_wr/s kB_ccwr/s iodelay  Command
15:10:24        0      4488  223.00   10.00    0.00    0.00  233.00     3      1.00      0.00 4141884  268060  27.38   8192.00      0.00      0.00       0  java

# Time        UID       PID    %usr %system  %guest   %wait    %CPU   CPU  minflt/s  majflt/s     VSZ     RSS   %MEM   kB_rd/s   kB_wr/s kB_ccwr/s iodelay  Command
15:10:25        0      4488  237.00   18.00    0.00    0.00  255.00     3      8.00      0.00 4141884  268060  27.38   8960.00      0.00      0.00       0  java

# Time        UID       PID    %usr %system  %guest   %wait    %CPU   CPU  minflt/s  majflt/s     VSZ     RSS   %MEM   kB_rd/s   kB_wr/s kB_ccwr/s iodelay  Command
15:10:26        0       819    1.00    0.00    0.00    0.00    1.00     2      0.00      0.00 4627516  190396  19.45      0.00      0.00      0.00       0  java
15:10:26        0      4488  186.00   11.00    0.00    0.00  197.00     3      0.00      0.00 4141884  268060  27.38   8320.00      0.00      0.00       0  java

# Time        UID       PID    %usr %system  %guest   %wait    %CPU   CPU  minflt/s  majflt/s     VSZ     RSS   %MEM   kB_rd/s   kB_wr/s kB_ccwr/s iodelay  Command
15:10:27        0       819    0.00    1.00    0.00    0.00    1.00     2      0.00      0.00 4627516  190396  19.45      0.00      0.00      0.00       0  java
15:10:27        0      4488  189.00    7.00    0.00    0.00  196.00     3      0.00      0.00 4141884  268060  27.38   8320.00      0.00      0.00       0  java

# Time        UID       PID    %usr %system  %guest   %wait    %CPU   CPU  minflt/s  majflt/s     VSZ     RSS   %MEM   kB_rd/s   kB_wr/s kB_ccwr/s iodelay  Command
15:10:28        0      4488  203.00   10.00    0.00    0.00  213.00     3      2.00      0.00 4141884  268060  27.38   8320.00      0.00      0.00       0  java

# Time        UID       PID    %usr %system  %guest   %wait    %CPU   CPU  minflt/s  majflt/s     VSZ     RSS   %MEM   kB_rd/s   kB_wr/s kB_ccwr/s iodelay  Command
15:10:29        0       819    1.00    0.00    0.00    0.00    1.00     2      0.00      0.00 4627516  190396  19.45      0.00      0.00      0.00       0  java
15:10:29        0      4488  187.00    9.00    0.00    0.00  196.00     3      0.00      0.00 4141884  268060  27.38   8448.00      0.00      0.00       0  java

# Time        UID       PID    %usr %system  %guest   %wait    %CPU   CPU  minflt/s  majflt/s     VSZ     RSS   %MEM   kB_rd/s   kB_wr/s kB_ccwr/s iodelay  Command
15:10:30        0      4488  193.00    8.00    0.00    0.00  201.00     3      0.00      0.00 4141884  268060  27.38   8448.00      0.00      0.00       0  java

# Time        UID       PID    %usr %system  %guest   %wait    %CPU   CPU  minflt/s  majflt/s     VSZ     RSS   %MEM   kB_rd/s   kB_wr/s kB_ccwr/s iodelay  Command
15:10:31        0      4488  184.16    7.92    0.00    0.00  192.08     3      0.00      0.00 4141884  268060  27.38   8237.62      0.00      0.00       0  java

# Time        UID       PID    %usr %system  %guest   %wait    %CPU   CPU  minflt/s  majflt/s     VSZ     RSS   %MEM   kB_rd/s   kB_wr/s kB_ccwr/s iodelay  Command
15:10:32        0       819    1.00    0.00    0.00    0.00    1.00     2      0.00      0.00 4627516  190396  19.45      0.00      0.00      0.00       0  java
15:10:32        0      4488  189.00    8.00    0.00    0.00  197.00     3      0.00      0.00 4141884  268060  27.38   8320.00      0.00      0.00       0  java

# Time        UID       PID    %usr %system  %guest   %wait    %CPU   CPU  minflt/s  majflt/s     VSZ     RSS   %MEM   kB_rd/s   kB_wr/s kB_ccwr/s iodelay  Command
15:10:33        0      4488  185.00   11.00    0.00    0.00  196.00     3      0.00      0.00 4141884  268060  27.38   8448.00      0.00      0.00       0  java

# Time        UID       PID    %usr %system  %guest   %wait    %CPU   CPU  minflt/s  majflt/s     VSZ     RSS   %MEM   kB_rd/s   kB_wr/s kB_ccwr/s iodelay  Command
15:10:34        0      4488  189.00    7.00    0.00    0.00  196.00     3      0.00      0.00 4141884  268060  27.38   8448.00      0.00      0.00       0  java

# Time        UID       PID    %usr %system  %guest   %wait    %CPU   CPU  minflt/s  majflt/s     VSZ     RSS   %MEM   kB_rd/s   kB_wr/s kB_ccwr/s iodelay  Command
15:10:35        0      4488  208.00   10.00    0.00    0.00  218.00     3     16.00      0.00 4141884  268188  27.40   9344.00      0.00      0.00       0  java

# Time        UID       PID    %usr %system  %guest   %wait    %CPU   CPU  minflt/s  majflt/s     VSZ     RSS   %MEM   kB_rd/s   kB_wr/s kB_ccwr/s iodelay  Command
15:10:36        0       819    1.00    0.00    0.00    0.00    1.00     2      0.00      0.00 4627516  190396  19.45      0.00      0.00      0.00       0  java
15:10:36        0      4488  213.00    9.00    0.00    0.00  222.00     3      3.00      0.00 4141884  268188  27.40   8192.00      0.00      0.00       0  java

# Time        UID       PID    %usr %system  %guest   %wait    %CPU   CPU  minflt/s  majflt/s     VSZ     RSS   %MEM   kB_rd/s   kB_wr/s kB_ccwr/s iodelay  Command
15:10:37        0       819    0.00    1.00    0.00    0.00    1.00     2      0.00      0.00 4627516  190396  19.45      0.00      0.00      0.00       0  java
15:10:37        0      4488  152.00    9.00    0.00    0.00  161.00     3      3.00      0.00 4141884  268188  27.40   6400.00      0.00      0.00       0  java

# Time        UID       PID    %usr %system  %guest   %wait    %CPU   CPU  minflt/s  majflt/s     VSZ     RSS   %MEM   kB_rd/s   kB_wr/s kB_ccwr/s iodelay  Command
15:10:38        0      4488    1.00    0.00    0.00    0.00    1.00     3      0.00      0.00 4141884  268188  27.40      0.00      0.00      0.00       0  java

# Time        UID       PID    %usr %system  %guest   %wait    %CPU   CPU  minflt/s  majflt/s     VSZ     RSS   %MEM   kB_rd/s   kB_wr/s kB_ccwr/s iodelay  Command
15:10:39        0      4488   16.00    0.00    0.00    0.00   16.00     3      0.00      0.00 4141884  268188  27.40    512.00      0.00      0.00       0  java

# Time        UID       PID    %usr %system  %guest   %wait    %CPU   CPU  minflt/s  majflt/s     VSZ     RSS   %MEM   kB_rd/s   kB_wr/s kB_ccwr/s iodelay  Command
15:10:40        0      4488  189.00    7.00    0.00    0.00  196.00     3      0.00      0.00 4141884  268188  27.40   8832.00      0.00      0.00       0  java

# Time        UID       PID    %usr %system  %guest   %wait    %CPU   CPU  minflt/s  majflt/s     VSZ     RSS   %MEM   kB_rd/s   kB_wr/s kB_ccwr/s iodelay  Command
15:10:41        0      4488  188.00    9.00    0.00    0.00  197.00     3      0.00      0.00 4141884  268188  27.40   8320.00      0.00      0.00       0  java

# Time        UID       PID    %usr %system  %guest   %wait    %CPU   CPU  minflt/s  majflt/s     VSZ     RSS   %MEM   kB_rd/s   kB_wr/s kB_ccwr/s iodelay  Command
15:10:42        0       819    1.00    0.00    0.00    0.00    1.00     2      0.00      0.00 4627516  190396  19.45      0.00      0.00      0.00       0  java
15:10:42        0      4488  164.00   10.00    0.00    0.00  174.00     3      0.00      0.00 4141884  268188  27.40   7552.00      0.00      0.00       0  java

# Time        UID       PID    %usr %system  %guest   %wait    %CPU   CPU  minflt/s  majflt/s     VSZ     RSS   %MEM   kB_rd/s   kB_wr/s kB_ccwr/s iodelay  Command
15:10:43        0      4488    1.00    0.00    0.00    0.00    1.00     3      0.00      0.00 4141884  268188  27.40      0.00      0.00      0.00       0  java

# Time        UID       PID    %usr %system  %guest   %wait    %CPU   CPU  minflt/s  majflt/s     VSZ     RSS   %MEM   kB_rd/s   kB_wr/s kB_ccwr/s iodelay  Command

# Time        UID       PID    %usr %system  %guest   %wait    %CPU   CPU  minflt/s  majflt/s     VSZ     RSS   %MEM   kB_rd/s   kB_wr/s kB_ccwr/s iodelay  Command
15:10:45        0      4488   12.00    1.00    0.00    0.00   13.00     3      3.00      0.00 4141884  268188  27.40    256.00      0.00      0.00       0  java

# Time        UID       PID    %usr %system  %guest   %wait    %CPU   CPU  minflt/s  majflt/s     VSZ     RSS   %MEM   kB_rd/s   kB_wr/s kB_ccwr/s iodelay  Command

# Time        UID       PID    %usr %system  %guest   %wait    %CPU   CPU  minflt/s  majflt/s     VSZ     RSS   %MEM   kB_rd/s   kB_wr/s kB_ccwr/s iodelay  Command
15:10:47        0      4488    1.00    0.00    0.00    0.00    1.00     3      0.00      0.00 4141884  268188  27.40      0.00      0.00      0.00       0  java

# Time        UID       PID    %usr %system  %guest   %wait    %CPU   CPU  minflt/s  majflt/s     VSZ     RSS   %MEM   kB_rd/s   kB_wr/s kB_ccwr/s iodelay  Command

# Time        UID       PID    %usr %system  %guest   %wait    %CPU   CPU  minflt/s  majflt/s     VSZ     RSS   %MEM   kB_rd/s   kB_wr/s kB_ccwr/s iodelay  Command
15:10:49        0      4488    3.00    0.00    0.00    0.00    3.00     3      0.00      0.00 4141884  268188  27.40    128.00      0.00      0.00       0  java

# Time        UID       PID    %usr %system  %guest   %wait    %CPU   CPU  minflt/s  majflt/s     VSZ     RSS   %MEM   kB_rd/s   kB_wr/s kB_ccwr/s iodelay  Command

# Time        UID       PID    %usr %system  %guest   %wait    %CPU   CPU  minflt/s  majflt/s     VSZ     RSS   %MEM   kB_rd/s   kB_wr/s kB_ccwr/s iodelay  Command
15:10:51        0      4488    2.00    1.00    0.00    0.00    3.00     3      0.00      0.00 4141884  268188  27.40    128.00      0.00      0.00       0  java

# Time        UID       PID    %usr %system  %guest   %wait    %CPU   CPU  minflt/s  majflt/s     VSZ     RSS   %MEM   kB_rd/s   kB_wr/s kB_ccwr/s iodelay  Command

# Time        UID       PID    %usr %system  %guest   %wait    %CPU   CPU  minflt/s  majflt/s     VSZ     RSS   %MEM   kB_rd/s   kB_wr/s kB_ccwr/s iodelay  Command
15:10:53        0       819    1.00    0.00    0.00    0.00    1.00     2      0.00      0.00 4627516  190396  19.45      0.00      0.00      0.00       0  java
15:10:53        0      4488   61.00    3.00    0.00    0.00   64.00     3      0.00      0.00 4141884  268188  27.40   2816.00      0.00      0.00       0  java

# Time        UID       PID    %usr %system  %guest   %wait    %CPU   CPU  minflt/s  majflt/s     VSZ     RSS   %MEM   kB_rd/s   kB_wr/s kB_ccwr/s iodelay  Command
15:10:54        0       819    0.00    0.00    0.00    0.00    0.00     2      0.00      0.00 4627516  190396  19.45      0.00      8.00      0.00       0  java
15:10:54        0      4488  120.00    8.00    0.00    0.00  128.00     3      2.00      0.00 4141884  268188  27.40   4840.00      0.00      0.00       0  java

# Time        UID       PID    %usr %system  %guest   %wait    %CPU   CPU  minflt/s  majflt/s     VSZ     RSS   %MEM   kB_rd/s   kB_wr/s kB_ccwr/s iodelay  Command
15:10:55        0      4488  103.00    6.00    0.00    0.00  109.00     3      3.00      0.00 4141884  268188  27.40   4352.00      0.00      0.00       0  java

# Time        UID       PID    %usr %system  %guest   %wait    %CPU   CPU  minflt/s  majflt/s     VSZ     RSS   %MEM   kB_rd/s   kB_wr/s kB_ccwr/s iodelay  Command
15:10:56        0      4488   94.00    5.00    0.00    0.00   99.00     3      1.00      0.00 4141884  268188  27.40   4480.00      0.00      0.00       0  java

# Time        UID       PID    %usr %system  %guest   %wait    %CPU   CPU  minflt/s  majflt/s     VSZ     RSS   %MEM   kB_rd/s   kB_wr/s kB_ccwr/s iodelay  Command
15:10:57        0       819    1.00    0.00    0.00    0.00    1.00     2      0.00      0.00 4627516  190396  19.45      0.00      0.00      0.00       0  java
15:10:57        0      4488  130.00    4.00    0.00    0.00  134.00     3      3.00      0.00 4141884  268188  27.40   4864.00      0.00      0.00       0  java

# Time        UID       PID    %usr %system  %guest   %wait    %CPU   CPU  minflt/s  majflt/s     VSZ     RSS   %MEM   kB_rd/s   kB_wr/s kB_ccwr/s iodelay  Command
15:10:58        0      4488   94.00    5.00    0.00    0.00   99.00     3      0.00      0.00 4141884  268188  27.40   4352.00      0.00      0.00       0  java

# Time        UID       PID    %usr %system  %guest   %wait    %CPU   CPU  minflt/s  majflt/s     VSZ     RSS   %MEM   kB_rd/s   kB_wr/s kB_ccwr/s iodelay  Command
15:10:59        0      4488   99.00    2.00    0.00    0.00  101.00     3      0.00      0.00 4141884  268188  27.40   4480.00      0.00      0.00       0  java

# Time        UID       PID    %usr %system  %guest   %wait    %CPU   CPU  minflt/s  majflt/s     VSZ     RSS   %MEM   kB_rd/s   kB_wr/s kB_ccwr/s iodelay  Command
15:11:00        0       819    0.00    1.00    0.00    0.00    1.00     2      0.00      0.00 4627516  190396  19.45      0.00      0.00      0.00       0  java
15:11:00        0      4488   95.00    4.00    0.00    0.00   99.00     3      0.00      0.00 4141884  268188  27.40   4864.00      0.00      0.00       0  java

# Time        UID       PID    %usr %system  %guest   %wait    %CPU   CPU  minflt/s  majflt/s     VSZ     RSS   %MEM   kB_rd/s   kB_wr/s kB_ccwr/s iodelay  Command
15:11:01        0      4488   95.00    4.00    0.00    0.00   99.00     3      0.00      0.00 4141884  268188  27.40   4480.00      0.00      0.00       0  java

# Time        UID       PID    %usr %system  %guest   %wait    %CPU   CPU  minflt/s  majflt/s     VSZ     RSS   %MEM   kB_rd/s   kB_wr/s kB_ccwr/s iodelay  Command
15:11:02        0       819    1.00    0.00    0.00    0.00    1.00     2      0.00      0.00 4627516  190396  19.45      0.00      0.00      0.00       0  java
15:11:02        0      4488   98.00    3.00    0.00    0.00  101.00     3      0.00      0.00 4141884  268188  27.40   4480.00      0.00      0.00       0  java

# Time        UID       PID    %usr %system  %guest   %wait    %CPU   CPU  minflt/s  majflt/s     VSZ     RSS   %MEM   kB_rd/s   kB_wr/s kB_ccwr/s iodelay  Command
15:11:03        0      4488   95.00    2.00    0.00    0.00   97.00     3      2.00      0.00 4141884  268188  27.40   3856.00      0.00      0.00       0  java

# Time        UID       PID    %usr %system  %guest   %wait    %CPU   CPU  minflt/s  majflt/s     VSZ     RSS   %MEM   kB_rd/s   kB_wr/s kB_ccwr/s iodelay  Command
15:11:04        0       819    1.00    0.00    0.00    0.00    1.00     2      0.00      0.00 4627516  190396  19.45      0.00      4.00      0.00       0  java
15:11:04        0      4488  175.00    9.00    0.00    0.00  184.00     3    337.00      0.00 4142656  269724  27.55   1832.00      0.00      0.00       0  java

# Time        UID       PID    %usr %system  %guest   %wait    %CPU   CPU  minflt/s  majflt/s     VSZ     RSS   %MEM   kB_rd/s   kB_wr/s kB_ccwr/s iodelay  Command
15:11:05        0      4488  212.00    6.00    0.00    0.00  218.00     3    523.00      0.00 4142656  271900  27.78    876.00      0.00      0.00       0  java

# Time        UID       PID    %usr %system  %guest   %wait    %CPU   CPU  minflt/s  majflt/s     VSZ     RSS   %MEM   kB_rd/s   kB_wr/s kB_ccwr/s iodelay  Command
15:11:06        0       819    6.00    1.00    0.00    0.00    7.00     2      3.00      0.00 4627516  190396  19.45 789212.00     12.00      0.00       0  java

# Time        UID       PID    %usr %system  %guest   %wait    %CPU   CPU  minflt/s  majflt/s     VSZ     RSS   %MEM   kB_rd/s   kB_wr/s kB_ccwr/s iodelay  Command
15:11:07        0       819    1.00    0.00    0.00    0.00    1.00     2      0.00      0.00 4627516  190396  19.45      0.00      0.00      0.00       0  java

# Time        UID       PID    %usr %system  %guest   %wait    %CPU   CPU  minflt/s  majflt/s     VSZ     RSS   %MEM   kB_rd/s   kB_wr/s kB_ccwr/s iodelay  Command

# Time        UID       PID    %usr %system  %guest   %wait    %CPU   CPU  minflt/s  majflt/s     VSZ     RSS   %MEM   kB_rd/s   kB_wr/s kB_ccwr/s iodelay  Command

# Time        UID       PID    %usr %system  %guest   %wait    %CPU   CPU  minflt/s  majflt/s     VSZ     RSS   %MEM   kB_rd/s   kB_wr/s kB_ccwr/s iodelay  Command

# Time        UID       PID    %usr %system  %guest   %wait    %CPU   CPU  minflt/s  majflt/s     VSZ     RSS   %MEM   kB_rd/s   kB_wr/s kB_ccwr/s iodelay  Command
15:11:11        0       819    1.00    0.00    0.00    0.00    1.00     2      0.00      0.00 4627516  190396  19.45      0.00      0.00      0.00       0  java

# Time        UID       PID    %usr %system  %guest   %wait    %CPU   CPU  minflt/s  majflt/s     VSZ     RSS   %MEM   kB_rd/s   kB_wr/s kB_ccwr/s iodelay  Command

# Time        UID       PID    %usr %system  %guest   %wait    %CPU   CPU  minflt/s  majflt/s     VSZ     RSS   %MEM   kB_rd/s   kB_wr/s kB_ccwr/s iodelay  Command
15:11:13        0       819    0.00    1.00    0.00    0.00    1.00     2      0.00      0.00 4627516  190396  19.45      0.00      0.00      0.00       0  java
