Linux 6.12.47+rpt-rpi-v8 (DietPi) 	01/12/26 	_aarch64_	(4 CPU)

# Time        UID       PID    %usr %system  %guest   %wait    %CPU   CPU  minflt/s  majflt/s     VSZ     RSS   %MEM   kB_rd/s   kB_wr/s kB_ccwr/s iodelay  Command
12:53:13        0       819    0.97    0.97    0.00    0.00    1.94     2      0.97      0.00 4621376  182248  18.62      0.00      0.00      0.00       0  java

# Time        UID       PID    %usr %system  %guest   %wait    %CPU   CPU  minflt/s  majflt/s     VSZ     RSS   %MEM   kB_rd/s   kB_wr/s kB_ccwr/s iodelay  Command

# Time        UID       PID    %usr %system  %guest   %wait    %CPU   CPU  minflt/s  majflt/s     VSZ     RSS   %MEM   kB_rd/s   kB_wr/s kB_ccwr/s iodelay  Command

# Time        UID       PID    %usr %system  %guest   %wait    %CPU   CPU  minflt/s  majflt/s     VSZ     RSS   %MEM   kB_rd/s   kB_wr/s kB_ccwr/s iodelay  Command

# Time        UID       PID    %usr %system  %guest   %wait    %CPU   CPU  minflt/s  majflt/s     VSZ     RSS   %MEM   kB_rd/s   kB_wr/s kB_ccwr/s iodelay  Command

# Time        UID       PID    %usr %system  %guest   %wait    %CPU   CPU  minflt/s  majflt/s     VSZ     RSS   %MEM   kB_rd/s   kB_wr/s kB_ccwr/s iodelay  Command
12:53:18        0       819    1.00    0.00    0.00    0.00    1.00     2      0.00      0.00 4621376  182248  18.62      0.00      0.00      0.00       0  java

# Time        UID       PID    %usr %system  %guest   %wait    %CPU   CPU  minflt/s  majflt/s     VSZ     RSS   %MEM   kB_rd/s   kB_wr/s kB_ccwr/s iodelay  Command

# Time        UID       PID    %usr %system  %guest   %wait    %CPU   CPU  minflt/s  majflt/s     VSZ     RSS   %MEM   kB_rd/s   kB_wr/s kB_ccwr/s iodelay  Command

# Time        UID       PID    %usr %system  %guest   %wait    %CPU   CPU  minflt/s  majflt/s     VSZ     RSS   %MEM   kB_rd/s   kB_wr/s kB_ccwr/s iodelay  Command

# Time        UID       PID    %usr %system  %guest   %wait    %CPU   CPU  minflt/s  majflt/s     VSZ     RSS   %MEM   kB_rd/s   kB_wr/s kB_ccwr/s iodelay  Command

# Time        UID       PID    %usr %system  %guest   %wait    %CPU   CPU  minflt/s  majflt/s     VSZ     RSS   %MEM   kB_rd/s   kB_wr/s kB_ccwr/s iodelay  Command

# Time        UID       PID    %usr %system  %guest   %wait    %CPU   CPU  minflt/s  majflt/s     VSZ     RSS   %MEM   kB_rd/s   kB_wr/s kB_ccwr/s iodelay  Command

# Time        UID       PID    %usr %system  %guest   %wait    %CPU   CPU  minflt/s  majflt/s     VSZ     RSS   %MEM   kB_rd/s   kB_wr/s kB_ccwr/s iodelay  Command
12:53:25        0       819    1.00    0.00    0.00    0.00    1.00     2      0.00      0.00 4621376  182248  18.62      0.00      0.00      0.00       0  java

# Time        UID       PID    %usr %system  %guest   %wait    %CPU   CPU  minflt/s  majflt/s     VSZ     RSS   %MEM   kB_rd/s   kB_wr/s kB_ccwr/s iodelay  Command

# Time        UID       PID    %usr %system  %guest   %wait    %CPU   CPU  minflt/s  majflt/s     VSZ     RSS   %MEM   kB_rd/s   kB_wr/s kB_ccwr/s iodelay  Command

# Time        UID       PID    %usr %system  %guest   %wait    %CPU   CPU  minflt/s  majflt/s     VSZ     RSS   %MEM   kB_rd/s   kB_wr/s kB_ccwr/s iodelay  Command
12:53:28        0       819    1.00    1.00    0.00    0.00    2.00     2      1.00      0.00 4621376  182248  18.62      0.00      0.00      0.00       0  java

# Time        UID       PID    %usr %system  %guest   %wait    %CPU   CPU  minflt/s  majflt/s     VSZ     RSS   %MEM   kB_rd/s   kB_wr/s kB_ccwr/s iodelay  Command

# Time        UID       PID    %usr %system  %guest   %wait    %CPU   CPU  minflt/s  majflt/s     VSZ     RSS   %MEM   kB_rd/s   kB_wr/s kB_ccwr/s iodelay  Command

# Time        UID       PID    %usr %system  %guest   %wait    %CPU   CPU  minflt/s  majflt/s     VSZ     RSS   %MEM   kB_rd/s   kB_wr/s kB_ccwr/s iodelay  Command

# Time        UID       PID    %usr %system  %guest   %wait    %CPU   CPU  minflt/s  majflt/s     VSZ     RSS   %MEM   kB_rd/s   kB_wr/s kB_ccwr/s iodelay  Command

# Time        UID       PID    %usr %system  %guest   %wait    %CPU   CPU  minflt/s  majflt/s     VSZ     RSS   %MEM   kB_rd/s   kB_wr/s kB_ccwr/s iodelay  Command

# Time        UID       PID    %usr %system  %guest   %wait    %CPU   CPU  minflt/s  majflt/s     VSZ     RSS   %MEM   kB_rd/s   kB_wr/s kB_ccwr/s iodelay  Command
12:53:34        0       819   44.00    2.00    0.00    0.00   46.00     2     41.00      0.00 4621376  182632  18.66      0.00     32.00      0.00       0  java
12:53:34        0      2778    0.00    0.00    0.00    0.00    0.00     0    125.00      0.00    2864    1504   0.15      4.00      0.00      0.00       0  java

# Time        UID       PID    %usr %system  %guest   %wait    %CPU   CPU  minflt/s  majflt/s     VSZ     RSS   %MEM   kB_rd/s   kB_wr/s kB_ccwr/s iodelay  Command

# Time        UID       PID    %usr %system  %guest   %wait    %CPU   CPU  minflt/s  majflt/s     VSZ     RSS   %MEM   kB_rd/s   kB_wr/s kB_ccwr/s iodelay  Command

# Time        UID       PID    %usr %system  %guest   %wait    %CPU   CPU  minflt/s  majflt/s     VSZ     RSS   %MEM   kB_rd/s   kB_wr/s kB_ccwr/s iodelay  Command
12:53:37        0       819    1.00    0.00    0.00    0.00    1.00     2      0.00      0.00 4621376  182632  18.66      0.00      0.00      0.00       0  java

# Time        UID       PID    %usr %system  %guest   %wait    %CPU   CPU  minflt/s  majflt/s     VSZ     RSS   %MEM   kB_rd/s   kB_wr/s kB_ccwr/s iodelay  Command

# Time        UID       PID    %usr %system  %guest   %wait    %CPU   CPU  minflt/s  majflt/s     VSZ     RSS   %MEM   kB_rd/s   kB_wr/s kB_ccwr/s iodelay  Command

# Time        UID       PID    %usr %system  %guest   %wait    %CPU   CPU  minflt/s  majflt/s     VSZ     RSS   %MEM   kB_rd/s   kB_wr/s kB_ccwr/s iodelay  Command
12:53:40        0      2778   39.00    6.00    0.00    0.00   45.00     0   2825.00      0.00 2635324   29544   3.02      0.00      0.00      0.00       0  java

# Time        UID       PID    %usr %system  %guest   %wait    %CPU   CPU  minflt/s  majflt/s     VSZ     RSS   %MEM   kB_rd/s   kB_wr/s kB_ccwr/s iodelay  Command
12:53:41        0      2778  135.00    6.00    0.00    0.00  141.00     0   1878.00      0.00 2770804   39600   4.05     16.00      0.00      0.00       0  java

# Time        UID       PID    %usr %system  %guest   %wait    %CPU   CPU  minflt/s  majflt/s     VSZ     RSS   %MEM   kB_rd/s   kB_wr/s kB_ccwr/s iodelay  Command
12:53:42        0      2778   31.00    5.00    0.00    0.00   36.00     0    464.00      0.00 2770804   41580   4.25   1344.00      0.00      0.00       0  java

# Time        UID       PID    %usr %system  %guest   %wait    %CPU   CPU  minflt/s  majflt/s     VSZ     RSS   %MEM   kB_rd/s   kB_wr/s kB_ccwr/s iodelay  Command
12:53:43        0       819    1.00    0.00    0.00    0.00    1.00     2      0.00      0.00 4621376  182632  18.66      0.00      0.00      0.00       0  java
12:53:43        0      2778  100.00   14.00    0.00    0.00  114.00     0   2621.00      0.00 2770804   52572   5.37   8068.00      0.00      0.00       0  java

# Time        UID       PID    %usr %system  %guest   %wait    %CPU   CPU  minflt/s  majflt/s     VSZ     RSS   %MEM   kB_rd/s   kB_wr/s kB_ccwr/s iodelay  Command
12:53:44        0       819    1.00    0.00    0.00    0.00    1.00     2      0.00      0.00 4621376  182632  18.66      0.00      0.00      0.00       0  java
12:53:44        0      2778  126.00   17.00    0.00    0.00  143.00     0   3526.00      0.00 2770804   65148   6.66   7624.00      0.00      0.00       0  java

# Time        UID       PID    %usr %system  %guest   %wait    %CPU   CPU  minflt/s  majflt/s     VSZ     RSS   %MEM   kB_rd/s   kB_wr/s kB_ccwr/s iodelay  Command
12:53:45        0      2778  161.00   13.00    0.00    0.00  174.00     0   3749.00      0.00 2770804   77456   7.91   4536.00      0.00      0.00       0  java

# Time        UID       PID    %usr %system  %guest   %wait    %CPU   CPU  minflt/s  majflt/s     VSZ     RSS   %MEM   kB_rd/s   kB_wr/s kB_ccwr/s iodelay  Command
12:53:46        0      2778    6.00    0.00    0.00    0.00    6.00     0      1.00      0.00 2770804   77456   7.91      0.00      0.00      0.00       0  java

# Time        UID       PID    %usr %system  %guest   %wait    %CPU   CPU  minflt/s  majflt/s     VSZ     RSS   %MEM   kB_rd/s   kB_wr/s kB_ccwr/s iodelay  Command
12:53:47        0      2778   12.00    2.00    0.00    0.00   14.00     0     35.00      0.00 2770804   76204   7.78     88.00      0.00      0.00       0  java

# Time        UID       PID    %usr %system  %guest   %wait    %CPU   CPU  minflt/s  majflt/s     VSZ     RSS   %MEM   kB_rd/s   kB_wr/s kB_ccwr/s iodelay  Command
12:53:48        0      2778  207.00    8.00    0.00    0.00  215.00     0   1573.00      0.00 2770804   82476   8.43    856.00      0.00      0.00       0  java

# Time        UID       PID    %usr %system  %guest   %wait    %CPU   CPU  minflt/s  majflt/s     VSZ     RSS   %MEM   kB_rd/s   kB_wr/s kB_ccwr/s iodelay  Command
12:53:49        0      2778  144.00    7.00    0.00    0.00  151.00     0   1270.00      0.00 2770804   87784   8.97    996.00      0.00      0.00       0  java

# Time        UID       PID    %usr %system  %guest   %wait    %CPU   CPU  minflt/s  majflt/s     VSZ     RSS   %MEM   kB_rd/s   kB_wr/s kB_ccwr/s iodelay  Command
12:53:50        0       819    1.00    0.00    0.00    0.00    1.00     2      0.00      0.00 4621376  182632  18.66      0.00      0.00      0.00       0  java
12:53:50        0      2778  174.00    6.00    0.00    0.00  180.00     0   1391.00      0.00 2770804   92212   9.42    924.00      0.00      0.00       0  java

# Time        UID       PID    %usr %system  %guest   %wait    %CPU   CPU  minflt/s  majflt/s     VSZ     RSS   %MEM   kB_rd/s   kB_wr/s kB_ccwr/s iodelay  Command
12:53:51        0      2778  163.00    5.00    0.00    0.00  168.00     0    795.00      0.00 2770804   95412   9.75    516.00      0.00      0.00       0  java

# Time        UID       PID    %usr %system  %guest   %wait    %CPU   CPU  minflt/s  majflt/s     VSZ     RSS   %MEM   kB_rd/s   kB_wr/s kB_ccwr/s iodelay  Command
12:53:52        0      2778  190.00    8.00    0.00    0.00  198.00     0    601.00      0.00 2770804   96940   9.90    220.00      0.00      0.00       0  java

# Time        UID       PID    %usr %system  %guest   %wait    %CPU   CPU  minflt/s  majflt/s     VSZ     RSS   %MEM   kB_rd/s   kB_wr/s kB_ccwr/s iodelay  Command
12:53:53        0       819    0.00    1.00    0.00    0.00    1.00     2      0.00      0.00 4621376  182632  18.66      0.00      0.00      0.00       0  java
12:53:53        0      2778  159.00    5.00    0.00    0.00  164.00     0    592.00      0.00 2770804   99372  10.15    668.00      0.00      0.00       0  java

# Time        UID       PID    %usr %system  %guest   %wait    %CPU   CPU  minflt/s  majflt/s     VSZ     RSS   %MEM   kB_rd/s   kB_wr/s kB_ccwr/s iodelay  Command
12:53:54        0      2778  171.00    4.00    0.00    0.00  175.00     0    880.00      0.00 2771068  103956  10.62    204.00      0.00      0.00       0  java

# Time        UID       PID    %usr %system  %guest   %wait    %CPU   CPU  minflt/s  majflt/s     VSZ     RSS   %MEM   kB_rd/s   kB_wr/s kB_ccwr/s iodelay  Command
12:53:55        0      2778  175.00    5.00    0.00    0.00  180.00     0    894.00      0.00 2771068  107856  11.02    656.00      0.00      0.00       0  java

# Time        UID       PID    %usr %system  %guest   %wait    %CPU   CPU  minflt/s  majflt/s     VSZ     RSS   %MEM   kB_rd/s   kB_wr/s kB_ccwr/s iodelay  Command
12:53:56        0       819    0.00    1.00    0.00    0.00    1.00     2      0.00      0.00 4621376  182632  18.66      0.00      0.00      0.00       0  java
12:53:56        0      2778  212.00    4.00    0.00    0.00  216.00     0   1111.00      0.00 2771068  112572  11.50    268.00      0.00      0.00       0  java

# Time        UID       PID    %usr %system  %guest   %wait    %CPU   CPU  minflt/s  majflt/s     VSZ     RSS   %MEM   kB_rd/s   kB_wr/s kB_ccwr/s iodelay  Command
12:53:57        0      2778  191.00    7.00    0.00    0.00  198.00     0   1527.00      0.00 2771068  118760  12.13     76.00      0.00      0.00       0  java

# Time        UID       PID    %usr %system  %guest   %wait    %CPU   CPU  minflt/s  majflt/s     VSZ     RSS   %MEM   kB_rd/s   kB_wr/s kB_ccwr/s iodelay  Command
12:53:58        0       819    3.00    0.00    0.00    0.00    3.00     2      2.00      0.00 4621376  182632  18.66      0.00      0.00      0.00       0  java
12:53:58        0      2778  150.00    5.00    0.00    0.00  155.00     0    415.00      0.00 2771068  120552  12.32    220.00      0.00      0.00       0  java

# Time        UID       PID    %usr %system  %guest   %wait    %CPU   CPU  minflt/s  majflt/s     VSZ     RSS   %MEM   kB_rd/s   kB_wr/s kB_ccwr/s iodelay  Command
12:53:59        0      2778  164.00    8.00    0.00    0.00  172.00     0   1006.00      0.00 2771200  124832  12.75    736.00      0.00      0.00       0  java

# Time        UID       PID    %usr %system  %guest   %wait    %CPU   CPU  minflt/s  majflt/s     VSZ     RSS   %MEM   kB_rd/s   kB_wr/s kB_ccwr/s iodelay  Command
12:54:00        0      2778  208.00    8.00    0.00    0.00  216.00     0    935.00      0.00 2771200  128544  13.13    480.00      0.00      0.00       0  java

# Time        UID       PID    %usr %system  %guest   %wait    %CPU   CPU  minflt/s  majflt/s     VSZ     RSS   %MEM   kB_rd/s   kB_wr/s kB_ccwr/s iodelay  Command
12:54:01        0      2778  201.00    6.00    0.00    0.00  207.00     0   1287.00      0.00 2904480  133708  13.66    700.00      0.00      0.00       0  java

# Time        UID       PID    %usr %system  %guest   %wait    %CPU   CPU  minflt/s  majflt/s     VSZ     RSS   %MEM   kB_rd/s   kB_wr/s kB_ccwr/s iodelay  Command
12:54:02        0       819    0.99    0.00    0.00    0.00    0.99     2      0.00      0.00 4621376  182632  18.66      0.00      0.00      0.00       0  java
12:54:02        0      2778  192.08    2.97    0.00    0.00  195.05     0    365.35      0.00 2904612  135428  13.83    384.16      0.00      0.00       0  java

# Time        UID       PID    %usr %system  %guest   %wait    %CPU   CPU  minflt/s  majflt/s     VSZ     RSS   %MEM   kB_rd/s   kB_wr/s kB_ccwr/s iodelay  Command
12:54:03        0       819    0.00    1.00    0.00    0.00    1.00     2      0.00      0.00 4621376  182632  18.66      0.00      0.00      0.00       0  java
12:54:03        0      2778  196.00    4.00    0.00    0.00  200.00     0    557.00      0.00 2904612  137732  14.07    432.00      0.00      0.00       0  java

# Time        UID       PID    %usr %system  %guest   %wait    %CPU   CPU  minflt/s  majflt/s     VSZ     RSS   %MEM   kB_rd/s   kB_wr/s kB_ccwr/s iodelay  Command
12:54:04        0      2778  180.00    5.00    0.00    0.00  185.00     0    818.00      0.00 2904612  141096  14.41    388.00      0.00      0.00       0  java

# Time        UID       PID    %usr %system  %guest   %wait    %CPU   CPU  minflt/s  majflt/s     VSZ     RSS   %MEM   kB_rd/s   kB_wr/s kB_ccwr/s iodelay  Command
12:54:05        0      2778  169.00    5.00    0.00    0.00  174.00     0    761.00      0.00 2972320  144792  14.79    288.00      0.00      0.00       0  java

# Time        UID       PID    %usr %system  %guest   %wait    %CPU   CPU  minflt/s  majflt/s     VSZ     RSS   %MEM   kB_rd/s   kB_wr/s kB_ccwr/s iodelay  Command
12:54:06        0      2778   55.00    2.00    0.00    0.00   57.00     0    199.00      0.00 3039896  145560  14.87     80.00      0.00      0.00       0  java

# Time        UID       PID    %usr %system  %guest   %wait    %CPU   CPU  minflt/s  majflt/s     VSZ     RSS   %MEM   kB_rd/s   kB_wr/s kB_ccwr/s iodelay  Command
12:54:07        0       819    1.00    0.00    0.00    0.00    1.00     2      0.00      0.00 4621376  182632  18.66      0.00      0.00      0.00       0  java

# Time        UID       PID    %usr %system  %guest   %wait    %CPU   CPU  minflt/s  majflt/s     VSZ     RSS   %MEM   kB_rd/s   kB_wr/s kB_ccwr/s iodelay  Command
12:54:08        0       819    0.00    0.00    0.00    0.00    0.00     2      0.00      0.00 4621376  182632  18.66      0.00      4.00      0.00       0  java
12:54:08        0      2778  113.00    4.00    0.00    0.00  117.00     0    792.00      0.00 3043996  148768  15.20    132.00      0.00      0.00       0  java

# Time        UID       PID    %usr %system  %guest   %wait    %CPU   CPU  minflt/s  majflt/s     VSZ     RSS   %MEM   kB_rd/s   kB_wr/s kB_ccwr/s iodelay  Command
12:54:09        0      2778  177.00    5.00    0.00    0.00  182.00     0    767.00      0.00 3179148  151840  15.51     52.00      0.00      0.00       0  java

# Time        UID       PID    %usr %system  %guest   %wait    %CPU   CPU  minflt/s  majflt/s     VSZ     RSS   %MEM   kB_rd/s   kB_wr/s kB_ccwr/s iodelay  Command
12:54:10        0       819    1.00    0.00    0.00    0.00    1.00     2      0.00      0.00 4621376  182632  18.66      0.00      4.00      0.00       0  java
12:54:10        0      2778  148.00    4.00    0.00    0.00  152.00     0    497.00      0.00 3179148  153760  15.71    424.00      0.00      0.00       0  java

# Time        UID       PID    %usr %system  %guest   %wait    %CPU   CPU  minflt/s  majflt/s     VSZ     RSS   %MEM   kB_rd/s   kB_wr/s kB_ccwr/s iodelay  Command
12:54:11        0      2778   42.00    3.00    0.00    0.00   45.00     0    323.00      0.00 3318400  155168  15.85    484.00      0.00      0.00       0  java

# Time        UID       PID    %usr %system  %guest   %wait    %CPU   CPU  minflt/s  majflt/s     VSZ     RSS   %MEM   kB_rd/s   kB_wr/s kB_ccwr/s iodelay  Command

# Time        UID       PID    %usr %system  %guest   %wait    %CPU   CPU  minflt/s  majflt/s     VSZ     RSS   %MEM   kB_rd/s   kB_wr/s kB_ccwr/s iodelay  Command
12:54:13        0       819    1.00    0.00    0.00    0.00    1.00     2      0.00      0.00 4621376  182632  18.66      0.00      0.00      0.00       0  java
12:54:13        0      2778    0.00    0.00    0.00    0.00    0.00     0      0.00      0.00 3318400  155168  15.85     24.00      0.00      0.00       0  java

# Time        UID       PID    %usr %system  %guest   %wait    %CPU   CPU  minflt/s  majflt/s     VSZ     RSS   %MEM   kB_rd/s   kB_wr/s kB_ccwr/s iodelay  Command

# Time        UID       PID    %usr %system  %guest   %wait    %CPU   CPU  minflt/s  majflt/s     VSZ     RSS   %MEM   kB_rd/s   kB_wr/s kB_ccwr/s iodelay  Command
12:54:15        0      2778    0.00    0.00    0.00    0.00    0.00     0      0.00      0.00 3318400  155168  15.85      4.00      0.00      0.00       0  java

# Time        UID       PID    %usr %system  %guest   %wait    %CPU   CPU  minflt/s  majflt/s     VSZ     RSS   %MEM   kB_rd/s   kB_wr/s kB_ccwr/s iodelay  Command

# Time        UID       PID    %usr %system  %guest   %wait    %CPU   CPU  minflt/s  majflt/s     VSZ     RSS   %MEM   kB_rd/s   kB_wr/s kB_ccwr/s iodelay  Command
12:54:17        0      2778    0.00    0.00    0.00    0.00    0.00     0      0.00      0.00 3318400  155168  15.85      4.00      0.00      0.00       0  java

# Time        UID       PID    %usr %system  %guest   %wait    %CPU   CPU  minflt/s  majflt/s     VSZ     RSS   %MEM   kB_rd/s   kB_wr/s kB_ccwr/s iodelay  Command

# Time        UID       PID    %usr %system  %guest   %wait    %CPU   CPU  minflt/s  majflt/s     VSZ     RSS   %MEM   kB_rd/s   kB_wr/s kB_ccwr/s iodelay  Command
12:54:19        0      2778    0.00    0.00    0.00    0.00    0.00     0      0.00      0.00 3318400  155168  15.85     16.00      0.00      0.00       0  java

# Time        UID       PID    %usr %system  %guest   %wait    %CPU   CPU  minflt/s  majflt/s     VSZ     RSS   %MEM   kB_rd/s   kB_wr/s kB_ccwr/s iodelay  Command
12:54:20        0      2778    6.00    0.00    0.00    0.00    6.00     0     30.00      0.00 3318400  155296  15.86      8.00      0.00      0.00       0  java

# Time        UID       PID    %usr %system  %guest   %wait    %CPU   CPU  minflt/s  majflt/s     VSZ     RSS   %MEM   kB_rd/s   kB_wr/s kB_ccwr/s iodelay  Command

# Time        UID       PID    %usr %system  %guest   %wait    %CPU   CPU  minflt/s  majflt/s     VSZ     RSS   %MEM   kB_rd/s   kB_wr/s kB_ccwr/s iodelay  Command
12:54:22        0       819    1.00    0.00    0.00    0.00    1.00     2      0.00      0.00 4621376  182632  18.66      0.00      0.00      0.00       0  java

# Time        UID       PID    %usr %system  %guest   %wait    %CPU   CPU  minflt/s  majflt/s     VSZ     RSS   %MEM   kB_rd/s   kB_wr/s kB_ccwr/s iodelay  Command

# Time        UID       PID    %usr %system  %guest   %wait    %CPU   CPU  minflt/s  majflt/s     VSZ     RSS   %MEM   kB_rd/s   kB_wr/s kB_ccwr/s iodelay  Command
12:54:24        0       819    0.00    0.00    0.00    0.00    0.00     2      0.00      0.00 4621376  182632  18.66      0.00      4.00      0.00       0  java
12:54:24        0      2778  133.00    7.00    0.00    0.00  140.00     0    872.00      0.00 3318400  158624  16.20    624.00      0.00      0.00       0  java

# Time        UID       PID    %usr %system  %guest   %wait    %CPU   CPU  minflt/s  majflt/s     VSZ     RSS   %MEM   kB_rd/s   kB_wr/s kB_ccwr/s iodelay  Command
12:54:25        0      2778  134.00    5.00    0.00    0.00  139.00     0   1019.00      0.00 3318400  162720  16.62    508.00      0.00      0.00       0  java

# Time        UID       PID    %usr %system  %guest   %wait    %CPU   CPU  minflt/s  majflt/s     VSZ     RSS   %MEM   kB_rd/s   kB_wr/s kB_ccwr/s iodelay  Command
12:54:26        0       819    7.00    2.00    0.00    0.00    9.00     2     33.00      0.00 4627516  182632  18.66      0.00      0.00      0.00       0  java
12:54:26        0      2778  157.00    8.00    0.00    0.00  165.00     0    603.00      0.00 3656280  165152  16.87    564.00      0.00      0.00       0  java

# Time        UID       PID    %usr %system  %guest   %wait    %CPU   CPU  minflt/s  majflt/s     VSZ     RSS   %MEM   kB_rd/s   kB_wr/s kB_ccwr/s iodelay  Command
12:54:27        0       819    1.00    0.00    0.00    0.00    1.00     2      0.00      0.00 4627516  182632  18.66      0.00      4.00      0.00       0  java
12:54:27        0      2778  186.00    8.00    0.00    0.00  194.00     0    637.00      0.00 3656280  168392  17.20    276.00      0.00      0.00       0  java

# Time        UID       PID    %usr %system  %guest   %wait    %CPU   CPU  minflt/s  majflt/s     VSZ     RSS   %MEM   kB_rd/s   kB_wr/s kB_ccwr/s iodelay  Command
12:54:28        0       819    1.00    0.00    0.00    0.00    1.00     2      0.00      0.00 4627516  182632  18.66      0.00      0.00      0.00       0  java
12:54:28        0      2778  221.00    4.00    0.00    0.00  225.00     0   1003.00      0.00 3723856  172664  17.64    224.00      0.00      0.00       0  java

# Time        UID       PID    %usr %system  %guest   %wait    %CPU   CPU  minflt/s  majflt/s     VSZ     RSS   %MEM   kB_rd/s   kB_wr/s kB_ccwr/s iodelay  Command
12:54:29        0      2778  169.00    5.00    0.00    0.00  174.00     0    565.00      0.00 3859008  174840  17.86    572.00      0.00      0.00       0  java

# Time        UID       PID    %usr %system  %guest   %wait    %CPU   CPU  minflt/s  majflt/s     VSZ     RSS   %MEM   kB_rd/s   kB_wr/s kB_ccwr/s iodelay  Command
12:54:30        0       819    1.00    0.00    0.00    0.00    1.00     2      0.00      0.00 4627516  182632  18.66      0.00      4.00      0.00       0  java
12:54:30        0      2778  317.00   16.00    0.00    0.00  333.00     0    917.00      0.00 4064044  178552  18.24    560.00      0.00      0.00       0  java

# Time        UID       PID    %usr %system  %guest   %wait    %CPU   CPU  minflt/s  majflt/s     VSZ     RSS   %MEM   kB_rd/s   kB_wr/s kB_ccwr/s iodelay  Command
12:54:31        0      2778  215.00    8.00    0.00    0.00  223.00     0   1269.00      0.00 4066084  183544  18.75    460.00      0.00      0.00       0  java

# Time        UID       PID    %usr %system  %guest   %wait    %CPU   CPU  minflt/s  majflt/s     VSZ     RSS   %MEM   kB_rd/s   kB_wr/s kB_ccwr/s iodelay  Command
12:54:32        0       819    0.00    1.00    0.00    0.00    1.00     2      0.00      0.00 4627516  182632  18.66      0.00      0.00      0.00       0  java
12:54:32        0      2778  146.00    7.00    0.00    0.00  153.00     0   2411.00      0.00 4070324  189416  19.35    288.00      0.00      0.00       0  java

# Time        UID       PID    %usr %system  %guest   %wait    %CPU   CPU  minflt/s  majflt/s     VSZ     RSS   %MEM   kB_rd/s   kB_wr/s kB_ccwr/s iodelay  Command
12:54:33        0      2778  241.58    7.92    0.00    0.00  249.50     0   1530.69      0.00 4070456  195560  19.98   1188.12      0.00      0.00       0  java

# Time        UID       PID    %usr %system  %guest   %wait    %CPU   CPU  minflt/s  majflt/s     VSZ     RSS   %MEM   kB_rd/s   kB_wr/s kB_ccwr/s iodelay  Command
12:54:34        0       819    1.00    0.00    0.00    0.00    1.00     2      0.00      0.00 4627516  182632  18.66      0.00      0.00      0.00       0  java
12:54:34        0      2778  212.00    8.00    0.00    0.00  220.00     0    771.00      0.00 4070992  198760  20.30   1484.00      0.00      0.00       0  java

# Time        UID       PID    %usr %system  %guest   %wait    %CPU   CPU  minflt/s  majflt/s     VSZ     RSS   %MEM   kB_rd/s   kB_wr/s kB_ccwr/s iodelay  Command
12:54:35        0      2778  312.00   12.00    0.00    0.00  324.00     0   1159.00      0.00 4071208  203112  20.75   1072.00      0.00      0.00       0  java

# Time        UID       PID    %usr %system  %guest   %wait    %CPU   CPU  minflt/s  majflt/s     VSZ     RSS   %MEM   kB_rd/s   kB_wr/s kB_ccwr/s iodelay  Command
12:54:36        0      2778  279.00   14.00    0.00    0.00  293.00     0    874.00      0.00 4072020  206568  21.10   1308.00      0.00      0.00       0  java

# Time        UID       PID    %usr %system  %guest   %wait    %CPU   CPU  minflt/s  majflt/s     VSZ     RSS   %MEM   kB_rd/s   kB_wr/s kB_ccwr/s iodelay  Command
12:54:37        0       819    1.00    0.00    0.00    0.00    1.00     2      0.00      0.00 4627516  182632  18.66      0.00      0.00      0.00       0  java
12:54:37        0      2778  229.00    6.00    0.00    0.00  235.00     0   1132.00      0.00 4072020  211048  21.56    568.00      0.00      0.00       0  java

# Time        UID       PID    %usr %system  %guest   %wait    %CPU   CPU  minflt/s  majflt/s     VSZ     RSS   %MEM   kB_rd/s   kB_wr/s kB_ccwr/s iodelay  Command
12:54:38        0      2778  260.00    7.00    0.00    0.00  267.00     0    470.00      0.00 4072312  212968  21.76    384.00      0.00      0.00       0  java

# Time        UID       PID    %usr %system  %guest   %wait    %CPU   CPU  minflt/s  majflt/s     VSZ     RSS   %MEM   kB_rd/s   kB_wr/s kB_ccwr/s iodelay  Command
12:54:39        0      2778  222.00    3.00    0.00    0.00  225.00     0    465.00      0.00 4072312  215312  22.00    152.00      0.00      0.00       0  java

# Time        UID       PID    %usr %system  %guest   %wait    %CPU   CPU  minflt/s  majflt/s     VSZ     RSS   %MEM   kB_rd/s   kB_wr/s kB_ccwr/s iodelay  Command
12:54:40        0      2778  204.00    4.00    0.00    0.00  208.00     0    788.00      0.00 4072312  218512  22.32    564.00      0.00      0.00       0  java

# Time        UID       PID    %usr %system  %guest   %wait    %CPU   CPU  minflt/s  majflt/s     VSZ     RSS   %MEM   kB_rd/s   kB_wr/s kB_ccwr/s iodelay  Command
12:54:41        0       819    0.00    1.00    0.00    0.00    1.00     2      0.00      0.00 4627516  182632  18.66      0.00      0.00      0.00       0  java
12:54:41        0      2778  214.00    6.00    0.00    0.00  220.00     0    293.00      0.00 4072312  219664  22.44    272.00      0.00      0.00       0  java

# Time        UID       PID    %usr %system  %guest   %wait    %CPU   CPU  minflt/s  majflt/s     VSZ     RSS   %MEM   kB_rd/s   kB_wr/s kB_ccwr/s iodelay  Command
12:54:42        0       819    1.00    0.00    0.00    0.00    1.00     2      0.00      0.00 4627516  182632  18.66      0.00      0.00      0.00       0  java
12:54:42        0      2778  265.00    4.00    0.00    0.00  269.00     0    678.00      0.00 4076392  222224  22.70    296.00      0.00      0.00       0  java

# Time        UID       PID    %usr %system  %guest   %wait    %CPU   CPU  minflt/s  majflt/s     VSZ     RSS   %MEM   kB_rd/s   kB_wr/s kB_ccwr/s iodelay  Command
12:54:43        0       819    3.00    0.00    0.00    0.00    3.00     2      3.00      0.00 4627516  182632  18.66      0.00      4.00      0.00       0  java
12:54:43        0      2778  244.00    7.00    0.00    0.00  251.00     0    365.00      0.00 4076392  223632  22.85    376.00      0.00      0.00       0  java

# Time        UID       PID    %usr %system  %guest   %wait    %CPU   CPU  minflt/s  majflt/s     VSZ     RSS   %MEM   kB_rd/s   kB_wr/s kB_ccwr/s iodelay  Command
12:54:44        0       819    1.00    0.00    0.00    0.00    1.00     2      0.00      0.00 4627516  182632  18.66      0.00      4.00      0.00       0  java
12:54:44        0      2778  279.00   12.00    0.00    0.00  291.00     0    924.00      0.00 4076392  227088  23.20    592.00      0.00      0.00       0  java

# Time        UID       PID    %usr %system  %guest   %wait    %CPU   CPU  minflt/s  majflt/s     VSZ     RSS   %MEM   kB_rd/s   kB_wr/s kB_ccwr/s iodelay  Command
12:54:45        0      2778  289.00    6.00    0.00    0.00  295.00     0    387.00      0.00 4076392  228752  23.37     36.00      0.00      0.00       0  java

# Time        UID       PID    %usr %system  %guest   %wait    %CPU   CPU  minflt/s  majflt/s     VSZ     RSS   %MEM   kB_rd/s   kB_wr/s kB_ccwr/s iodelay  Command
12:54:46        0      2778  240.59    6.93    0.00    0.00  247.52     0    442.57      0.00 4076660  230416  23.54    625.74      0.00      0.00       0  java

# Time        UID       PID    %usr %system  %guest   %wait    %CPU   CPU  minflt/s  majflt/s     VSZ     RSS   %MEM   kB_rd/s   kB_wr/s kB_ccwr/s iodelay  Command
12:54:47        0       819    1.00    0.00    0.00    0.00    1.00     2      0.00      0.00 4627516  182632  18.66      0.00      0.00      0.00       0  java
12:54:47        0      2778  281.00   10.00    0.00    0.00  291.00     0    709.00      0.00 4076660  233104  23.81    500.00      0.00      0.00       0  java

# Time        UID       PID    %usr %system  %guest   %wait    %CPU   CPU  minflt/s  majflt/s     VSZ     RSS   %MEM   kB_rd/s   kB_wr/s kB_ccwr/s iodelay  Command
12:54:48        0      2778  201.00    7.00    0.00    0.00  208.00     0    745.00      0.00 4076660  236176  24.13    208.00      0.00      0.00       0  java

# Time        UID       PID    %usr %system  %guest   %wait    %CPU   CPU  minflt/s  majflt/s     VSZ     RSS   %MEM   kB_rd/s   kB_wr/s kB_ccwr/s iodelay  Command
12:54:49        0      2778  212.00    3.00    0.00    0.00  215.00     0    459.00      0.00 4076660  237968  24.31     24.00      0.00      0.00       0  java

# Time        UID       PID    %usr %system  %guest   %wait    %CPU   CPU  minflt/s  majflt/s     VSZ     RSS   %MEM   kB_rd/s   kB_wr/s kB_ccwr/s iodelay  Command
12:54:50        0       819    0.00    1.00    0.00    0.00    1.00     2      0.00      0.00 4627516  182632  18.66      0.00      0.00      0.00       0  java
12:54:50        0      2778  278.00    6.00    0.00    0.00  284.00     0    373.00      0.00 4076660  239504  24.47    424.00      0.00      0.00       0  java

# Time        UID       PID    %usr %system  %guest   %wait    %CPU   CPU  minflt/s  majflt/s     VSZ     RSS   %MEM   kB_rd/s   kB_wr/s kB_ccwr/s iodelay  Command
12:54:51        0      2778  202.00   11.00    0.00    0.00  213.00     0   1104.00      0.00 4076660  243728  24.90    856.00      0.00      0.00       0  java

# Time        UID       PID    %usr %system  %guest   %wait    %CPU   CPU  minflt/s  majflt/s     VSZ     RSS   %MEM   kB_rd/s   kB_wr/s kB_ccwr/s iodelay  Command
12:54:52        0       819    1.00    0.00    0.00    0.00    1.00     2      0.00      0.00 4627516  182632  18.66      0.00      0.00      0.00       0  java
12:54:52        0      2778  344.00   11.00    0.00    0.00  355.00     0    380.00      0.00 4076660  245136  25.04    336.00      0.00      0.00       0  java

# Time        UID       PID    %usr %system  %guest   %wait    %CPU   CPU  minflt/s  majflt/s     VSZ     RSS   %MEM   kB_rd/s   kB_wr/s kB_ccwr/s iodelay  Command
12:54:53        0      2778  121.00    0.00    0.00    0.00  121.00     0     61.00      0.00 4076660  245392  25.07    512.00      0.00      0.00       0  java

# Time        UID       PID    %usr %system  %guest   %wait    %CPU   CPU  minflt/s  majflt/s     VSZ     RSS   %MEM   kB_rd/s   kB_wr/s kB_ccwr/s iodelay  Command
12:54:54        0      2778   15.00    1.00    0.00    0.00   16.00     0     10.00      0.00 4076660  245520  25.08      0.00      0.00      0.00       0  java

# Time        UID       PID    %usr %system  %guest   %wait    %CPU   CPU  minflt/s  majflt/s     VSZ     RSS   %MEM   kB_rd/s   kB_wr/s kB_ccwr/s iodelay  Command
12:54:55        0       819    1.00    0.00    0.00    0.00    1.00     2      0.00      0.00 4627516  182632  18.66      0.00      0.00      0.00       0  java
12:54:55        0      2778  364.00    5.00    0.00    0.00  369.00     0   2240.00      0.00 4142196  254352  25.98   1152.00      0.00      0.00       0  java

# Time        UID       PID    %usr %system  %guest   %wait    %CPU   CPU  minflt/s  majflt/s     VSZ     RSS   %MEM   kB_rd/s   kB_wr/s kB_ccwr/s iodelay  Command
12:54:56        0      2778  374.00    6.00    0.00    0.00  380.00     0    684.00      0.00 4142196  257168  26.27   1536.00      0.00      0.00       0  java

# Time        UID       PID    %usr %system  %guest   %wait    %CPU   CPU  minflt/s  majflt/s     VSZ     RSS   %MEM   kB_rd/s   kB_wr/s kB_ccwr/s iodelay  Command
12:54:57        0      2778  386.14    2.97    0.00    0.00  389.11     0     78.22      0.00 4142196  257424  26.30   2027.72      0.00      0.00       0  java

# Time        UID       PID    %usr %system  %guest   %wait    %CPU   CPU  minflt/s  majflt/s     VSZ     RSS   %MEM   kB_rd/s   kB_wr/s kB_ccwr/s iodelay  Command
12:54:58        0       819    2.00    0.00    0.00    0.00    2.00     2      3.00      0.00 4627516  182632  18.66      0.00      0.00      0.00       0  java
12:54:58        0      2778  381.00    5.00    0.00    0.00  386.00     0     19.00      0.00 4142196  257424  26.30   2432.00      0.00      0.00       0  java

# Time        UID       PID    %usr %system  %guest   %wait    %CPU   CPU  minflt/s  majflt/s     VSZ     RSS   %MEM   kB_rd/s   kB_wr/s kB_ccwr/s iodelay  Command
12:54:59        0       819    1.00    0.00    0.00    0.00    1.00     2      0.00      0.00 4627516  182632  18.66      0.00      0.00      0.00       0  java
12:54:59        0      2778  382.00    6.00    0.00    0.00  388.00     0    193.00      0.00 4142196  258192  26.38   2432.00      0.00      0.00       0  java

# Time        UID       PID    %usr %system  %guest   %wait    %CPU   CPU  minflt/s  majflt/s     VSZ     RSS   %MEM   kB_rd/s   kB_wr/s kB_ccwr/s iodelay  Command
12:55:00        0      2778  379.00    4.00    0.00    0.00  383.00     0    377.00      0.00 4142196  259856  26.55   2432.00      0.00      0.00       0  java

# Time        UID       PID    %usr %system  %guest   %wait    %CPU   CPU  minflt/s  majflt/s     VSZ     RSS   %MEM   kB_rd/s   kB_wr/s kB_ccwr/s iodelay  Command
12:55:01        0       819    0.00    1.00    0.00    0.00    1.00     2      0.00      0.00 4627516  182632  18.66      0.00      0.00      0.00       0  java
12:55:01        0      2778  387.00    5.00    0.00    0.00  392.00     0    771.00      0.00 4142196  262928  26.86   2304.00      0.00      0.00       0  java

# Time        UID       PID    %usr %system  %guest   %wait    %CPU   CPU  minflt/s  majflt/s     VSZ     RSS   %MEM   kB_rd/s   kB_wr/s kB_ccwr/s iodelay  Command
12:55:02        0       819    1.00    0.00    0.00    0.00    1.00     2      0.00      0.00 4627516  182632  18.66      0.00      0.00      0.00       0  java
12:55:02        0      2778  377.00    6.00    0.00    0.00  383.00     0    194.00      0.00 4142196  261588  26.72   2816.00      0.00      0.00       0  java

# Time        UID       PID    %usr %system  %guest   %wait    %CPU   CPU  minflt/s  majflt/s     VSZ     RSS   %MEM   kB_rd/s   kB_wr/s kB_ccwr/s iodelay  Command
12:55:03        0      2778  374.00    8.00    0.00    0.00  382.00     0      7.00      0.00 4142196  259572  26.52   3968.00      0.00      0.00       0  java

# Time        UID       PID    %usr %system  %guest   %wait    %CPU   CPU  minflt/s  majflt/s     VSZ     RSS   %MEM   kB_rd/s   kB_wr/s kB_ccwr/s iodelay  Command
12:55:04        0       819    1.00    0.00    0.00    0.00    1.00     2      0.00      0.00 4627516  182632  18.66      0.00      0.00      0.00       0  java
12:55:04        0      2778  373.00   10.00    0.00    0.00  383.00     0     18.00      0.00 4142196  259572  26.52   4992.00      0.00      0.00       0  java

# Time        UID       PID    %usr %system  %guest   %wait    %CPU   CPU  minflt/s  majflt/s     VSZ     RSS   %MEM   kB_rd/s   kB_wr/s kB_ccwr/s iodelay  Command
12:55:05        0      2778  370.00   11.00    0.00    0.00  381.00     0      1.00      0.00 4142196  259572  26.52   5504.00      0.00      0.00       0  java

# Time        UID       PID    %usr %system  %guest   %wait    %CPU   CPU  minflt/s  majflt/s     VSZ     RSS   %MEM   kB_rd/s   kB_wr/s kB_ccwr/s iodelay  Command
12:55:06        0      2778  373.00    6.00    0.00    0.00  379.00     0    188.00      0.00 4142196  260340  26.60   5376.00      0.00      0.00       0  java

# Time        UID       PID    %usr %system  %guest   %wait    %CPU   CPU  minflt/s  majflt/s     VSZ     RSS   %MEM   kB_rd/s   kB_wr/s kB_ccwr/s iodelay  Command
12:55:07        0      2778  365.35    9.90    0.00    0.00  375.25     0     13.86      0.00 4142196  260340  26.60   5449.50      0.00      0.00       0  java

# Time        UID       PID    %usr %system  %guest   %wait    %CPU   CPU  minflt/s  majflt/s     VSZ     RSS   %MEM   kB_rd/s   kB_wr/s kB_ccwr/s iodelay  Command
12:55:08        0       819    0.00    1.00    0.00    0.00    1.00     2      0.00      0.00 4627516  182632  18.66      0.00      0.00      0.00       0  java
12:55:08        0      2778  361.00   13.00    0.00    0.00  374.00     0      6.00      0.00 4142196  260340  26.60   8704.00      0.00      0.00       0  java

# Time        UID       PID    %usr %system  %guest   %wait    %CPU   CPU  minflt/s  majflt/s     VSZ     RSS   %MEM   kB_rd/s   kB_wr/s kB_ccwr/s iodelay  Command
12:55:09        0       819    1.00    0.00    0.00    0.00    1.00     2      0.00      0.00 4627516  182632  18.66      0.00      0.00      0.00       0  java
12:55:09        0      2778  365.00    9.00    0.00    0.00  374.00     0      9.00      0.00 4142196  260468  26.61   8320.00      0.00      0.00       0  java

# Time        UID       PID    %usr %system  %guest   %wait    %CPU   CPU  minflt/s  majflt/s     VSZ     RSS   %MEM   kB_rd/s   kB_wr/s kB_ccwr/s iodelay  Command
12:55:10        0      2778  354.00   13.00    0.00    0.00  367.00     0     10.00      0.00 4142196  260468  26.61   8192.00      0.00      0.00       0  java

# Time        UID       PID    %usr %system  %guest   %wait    %CPU   CPU  minflt/s  majflt/s     VSZ     RSS   %MEM   kB_rd/s   kB_wr/s kB_ccwr/s iodelay  Command
12:55:11        0       819    1.00    0.00    0.00    0.00    1.00     2      0.00      0.00 4627516  182632  18.66      0.00      0.00      0.00       0  java
12:55:11        0      2778  364.00    7.00    0.00    0.00  371.00     0      5.00      0.00 4142196  260468  26.61   8832.00      0.00      0.00       0  java

# Time        UID       PID    %usr %system  %guest   %wait    %CPU   CPU  minflt/s  majflt/s     VSZ     RSS   %MEM   kB_rd/s   kB_wr/s kB_ccwr/s iodelay  Command
12:55:12        0      2778  363.00   12.00    0.00    0.00  375.00     0     20.00      0.00 4142196  260468  26.61   8960.00      0.00      0.00       0  java

# Time        UID       PID    %usr %system  %guest   %wait    %CPU   CPU  minflt/s  majflt/s     VSZ     RSS   %MEM   kB_rd/s   kB_wr/s kB_ccwr/s iodelay  Command
12:55:13        0       819    1.00    0.00    0.00    0.00    1.00     2      0.00      0.00 4627516  182632  18.66      0.00      0.00      0.00       0  java
12:55:13        0      2778  354.00   11.00    0.00    0.00  365.00     0     13.00      0.00 4142196  260468  26.61   8832.00      0.00      0.00       0  java

# Time        UID       PID    %usr %system  %guest   %wait    %CPU   CPU  minflt/s  majflt/s     VSZ     RSS   %MEM   kB_rd/s   kB_wr/s kB_ccwr/s iodelay  Command
12:55:14        0      2778  359.00   14.00    0.00    0.00  373.00     0      6.00      0.00 4142196  260596  26.62   9344.00      0.00      0.00       0  java

# Time        UID       PID    %usr %system  %guest   %wait    %CPU   CPU  minflt/s  majflt/s     VSZ     RSS   %MEM   kB_rd/s   kB_wr/s kB_ccwr/s iodelay  Command
12:55:15        0      2778  345.00   19.00    0.00    0.00  364.00     0     11.00      0.00 4142196  260596  26.62   9728.00      0.00      0.00       0  java

# Time        UID       PID    %usr %system  %guest   %wait    %CPU   CPU  minflt/s  majflt/s     VSZ     RSS   %MEM   kB_rd/s   kB_wr/s kB_ccwr/s iodelay  Command
12:55:16        0       819    1.00    0.00    0.00    0.00    1.00     2      0.00      0.00 4627516  182632  18.66      0.00      0.00      0.00       0  java
12:55:16        0      2778  351.00   14.00    0.00    0.00  365.00     0     13.00      0.00 4142196  260596  26.62   9856.00      0.00      0.00       0  java

# Time        UID       PID    %usr %system  %guest   %wait    %CPU   CPU  minflt/s  majflt/s     VSZ     RSS   %MEM   kB_rd/s   kB_wr/s kB_ccwr/s iodelay  Command
12:55:17        0      2778  350.00   14.00    0.00    0.00  364.00     0     18.00      0.00 4142196  260724  26.63   9856.00      0.00      0.00       0  java

# Time        UID       PID    %usr %system  %guest   %wait    %CPU   CPU  minflt/s  majflt/s     VSZ     RSS   %MEM   kB_rd/s   kB_wr/s kB_ccwr/s iodelay  Command
12:55:18        0      2778  341.00   16.00    0.00    0.00  357.00     0     15.00      0.00 4142196  260724  26.63  10624.00      0.00      0.00       0  java

# Time        UID       PID    %usr %system  %guest   %wait    %CPU   CPU  minflt/s  majflt/s     VSZ     RSS   %MEM   kB_rd/s   kB_wr/s kB_ccwr/s iodelay  Command
12:55:19        0       819    1.00    1.00    0.00    0.00    2.00     2      0.00      0.00 4627516  182632  18.66      0.00      0.00      0.00       0  java
12:55:19        0      2778  320.00   21.00    0.00    0.00  341.00     0      4.00      0.00 4142196  260724  26.63  12288.00      0.00      0.00       0  java

# Time        UID       PID    %usr %system  %guest   %wait    %CPU   CPU  minflt/s  majflt/s     VSZ     RSS   %MEM   kB_rd/s   kB_wr/s kB_ccwr/s iodelay  Command
12:55:20        0      2778  329.00   20.00    0.00    0.00  349.00     0      1.00      0.00 4142196  260724  26.63  13056.00      0.00      0.00       0  java

# Time        UID       PID    %usr %system  %guest   %wait    %CPU   CPU  minflt/s  majflt/s     VSZ     RSS   %MEM   kB_rd/s   kB_wr/s kB_ccwr/s iodelay  Command
12:55:21        0       819    1.00    0.00    0.00    0.00    1.00     2      0.00      0.00 4627516  182632  18.66      0.00      0.00      0.00       0  java
12:55:21        0      2778  318.00   23.00    0.00    0.00  341.00     0      3.00      0.00 4142196  260724  26.63  12800.00      0.00      0.00       0  java

# Time        UID       PID    %usr %system  %guest   %wait    %CPU   CPU  minflt/s  majflt/s     VSZ     RSS   %MEM   kB_rd/s   kB_wr/s kB_ccwr/s iodelay  Command
12:55:22        0      2778  331.00   16.00    0.00    0.00  347.00     0      8.00      0.00 4142196  260852  26.65  12672.00      0.00      0.00       0  java

# Time        UID       PID    %usr %system  %guest   %wait    %CPU   CPU  minflt/s  majflt/s     VSZ     RSS   %MEM   kB_rd/s   kB_wr/s kB_ccwr/s iodelay  Command
12:55:23        0       819    1.00    0.00    0.00    0.00    1.00     2      0.00      0.00 4627516  182632  18.66      0.00      0.00      0.00       0  java
12:55:23        0      2778  331.00   18.00    0.00    0.00  349.00     0      1.00      0.00 4142196  260852  26.65  12928.00      0.00      0.00       0  java

# Time        UID       PID    %usr %system  %guest   %wait    %CPU   CPU  minflt/s  majflt/s     VSZ     RSS   %MEM   kB_rd/s   kB_wr/s kB_ccwr/s iodelay  Command
12:55:24        0      2778  327.00   16.00    0.00    0.00  343.00     0     13.00      0.00 4142196  260852  26.65  12800.00      0.00      0.00       0  java

# Time        UID       PID    %usr %system  %guest   %wait    %CPU   CPU  minflt/s  majflt/s     VSZ     RSS   %MEM   kB_rd/s   kB_wr/s kB_ccwr/s iodelay  Command
12:55:25        0      2778  319.00   19.00    0.00    0.00  338.00     0      0.00      0.00 4142196  260852  26.65  12672.00      0.00      0.00       0  java

# Time        UID       PID    %usr %system  %guest   %wait    %CPU   CPU  minflt/s  majflt/s     VSZ     RSS   %MEM   kB_rd/s   kB_wr/s kB_ccwr/s iodelay  Command
12:55:26        0       819    1.00    0.00    0.00    0.00    1.00     2      0.00      0.00 4627516  182632  18.66      0.00      0.00      0.00       0  java
12:55:26        0      2778  315.00   24.00    0.00    0.00  339.00     0      2.00      0.00 4142196  260852  26.65  12288.00      0.00      0.00       0  java

# Time        UID       PID    %usr %system  %guest   %wait    %CPU   CPU  minflt/s  majflt/s     VSZ     RSS   %MEM   kB_rd/s   kB_wr/s kB_ccwr/s iodelay  Command
12:55:27        0      2778  319.00   22.00    0.00    0.00  341.00     0      1.00      0.00 4142196  260852  26.65  12800.00      0.00      0.00       0  java

# Time        UID       PID    %usr %system  %guest   %wait    %CPU   CPU  minflt/s  majflt/s     VSZ     RSS   %MEM   kB_rd/s   kB_wr/s kB_ccwr/s iodelay  Command
12:55:28        0       819    1.00    0.00    0.00    0.00    1.00     2      0.00      0.00 4627516  182632  18.66      0.00      0.00      0.00       0  java
12:55:28        0      2778  323.00   18.00    0.00    0.00  341.00     0     10.00      0.00 4142196  260852  26.65  12800.00      0.00      0.00       0  java

# Time        UID       PID    %usr %system  %guest   %wait    %CPU   CPU  minflt/s  majflt/s     VSZ     RSS   %MEM   kB_rd/s   kB_wr/s kB_ccwr/s iodelay  Command
12:55:29        0      2778  325.00   17.00    0.00    0.00  342.00     0      0.00      0.00 4142196  260852  26.65  12928.00      0.00      0.00       0  java

# Time        UID       PID    %usr %system  %guest   %wait    %CPU   CPU  minflt/s  majflt/s     VSZ     RSS   %MEM   kB_rd/s   kB_wr/s kB_ccwr/s iodelay  Command
12:55:30        0       819    0.00    1.00    0.00    0.00    1.00     2      0.00      0.00 4627516  182632  18.66      0.00      0.00      0.00       0  java
12:55:30        0      2778  325.00   19.00    0.00    0.00  344.00     0      0.00      0.00 4142196  260852  26.65  12800.00      0.00      0.00       0  java

# Time        UID       PID    %usr %system  %guest   %wait    %CPU   CPU  minflt/s  majflt/s     VSZ     RSS   %MEM   kB_rd/s   kB_wr/s kB_ccwr/s iodelay  Command
12:55:31        0      2778  322.77   20.79    0.00    0.00  343.56     0      0.00      0.00 4142196  260852  26.65  12926.73      0.00      0.00       0  java

# Time        UID       PID    %usr %system  %guest   %wait    %CPU   CPU  minflt/s  majflt/s     VSZ     RSS   %MEM   kB_rd/s   kB_wr/s kB_ccwr/s iodelay  Command
12:55:32        0       819    0.00    1.00    0.00    0.00    1.00     2      0.00      0.00 4627516  182632  18.66      0.00      0.00      0.00       0  java
12:55:32        0      2778  327.00   23.00    0.00    0.00  350.00     0     14.00      0.00 4142196  260980  26.66  12800.00      0.00      0.00       0  java

# Time        UID       PID    %usr %system  %guest   %wait    %CPU   CPU  minflt/s  majflt/s     VSZ     RSS   %MEM   kB_rd/s   kB_wr/s kB_ccwr/s iodelay  Command
12:55:33        0       819    0.99    0.00    0.00    0.00    0.99     2      0.00      0.00 4627516  182632  18.66      0.00      0.00      0.00       0  java
12:55:33        0      2778  323.76   17.82    0.00    0.00  341.58     0      0.00      0.00 4142196  260980  26.66  12800.00      0.00      0.00       0  java

# Time        UID       PID    %usr %system  %guest   %wait    %CPU   CPU  minflt/s  majflt/s     VSZ     RSS   %MEM   kB_rd/s   kB_wr/s kB_ccwr/s iodelay  Command
12:55:34        0      2778  328.00   18.00    0.00    0.00  346.00     0      1.00      0.00 4142196  260980  26.66  12900.00      0.00      0.00       0  java

# Time        UID       PID    %usr %system  %guest   %wait    %CPU   CPU  minflt/s  majflt/s     VSZ     RSS   %MEM   kB_rd/s   kB_wr/s kB_ccwr/s iodelay  Command
12:55:35        0       819    1.00    0.00    0.00    0.00    1.00     2      0.00      0.00 4627516  182632  18.66      0.00      0.00      0.00       0  java
12:55:35        0      2778  330.00   18.00    0.00    0.00  348.00     0      0.00      0.00 4142196  260980  26.66  13084.00      0.00      0.00       0  java

# Time        UID       PID    %usr %system  %guest   %wait    %CPU   CPU  minflt/s  majflt/s     VSZ     RSS   %MEM   kB_rd/s   kB_wr/s kB_ccwr/s iodelay  Command
12:55:36        0      2778  322.00   22.00    0.00    0.00  344.00     0      1.00      0.00 4142196  260980  26.66  12928.00      0.00      0.00       0  java

# Time        UID       PID    %usr %system  %guest   %wait    %CPU   CPU  minflt/s  majflt/s     VSZ     RSS   %MEM   kB_rd/s   kB_wr/s kB_ccwr/s iodelay  Command
12:55:37        0       819    1.00    0.00    0.00    0.00    1.00     2      0.00      0.00 4627516  182632  18.66      0.00      0.00      0.00       0  java
12:55:37        0      2778  327.00   16.00    0.00    0.00  343.00     0      0.00      0.00 4142196  260980  26.66  12800.00      0.00      0.00       0  java

# Time        UID       PID    %usr %system  %guest   %wait    %CPU   CPU  minflt/s  majflt/s     VSZ     RSS   %MEM   kB_rd/s   kB_wr/s kB_ccwr/s iodelay  Command
12:55:38        0      2778  328.00   17.00    0.00    0.00  345.00     0      7.00      0.00 4142196  260980  26.66  12800.00      0.00      0.00       0  java

# Time        UID       PID    %usr %system  %guest   %wait    %CPU   CPU  minflt/s  majflt/s     VSZ     RSS   %MEM   kB_rd/s   kB_wr/s kB_ccwr/s iodelay  Command
12:55:39        0      2778  329.00   15.00    0.00    0.00  344.00     0      0.00      0.00 4142196  260980  26.66  13056.00      0.00      0.00       0  java

# Time        UID       PID    %usr %system  %guest   %wait    %CPU   CPU  minflt/s  majflt/s     VSZ     RSS   %MEM   kB_rd/s   kB_wr/s kB_ccwr/s iodelay  Command
12:55:40        0       819    1.00    0.00    0.00    0.00    1.00     2      0.00      0.00 4627516  182632  18.66      0.00      0.00      0.00       0  java
12:55:40        0      2778  324.00   19.00    0.00    0.00  343.00     0      0.00      0.00 4142196  260980  26.66  12928.00      0.00      0.00       0  java

# Time        UID       PID    %usr %system  %guest   %wait    %CPU   CPU  minflt/s  majflt/s     VSZ     RSS   %MEM   kB_rd/s   kB_wr/s kB_ccwr/s iodelay  Command
12:55:41        0      2778  328.00   22.00    0.00    0.00  350.00     0      1.00      0.00 4142196  260980  26.66  13440.00      0.00      0.00       0  java

# Time        UID       PID    %usr %system  %guest   %wait    %CPU   CPU  minflt/s  majflt/s     VSZ     RSS   %MEM   kB_rd/s   kB_wr/s kB_ccwr/s iodelay  Command
12:55:42        0      2778  330.00   13.00    0.00    0.00  343.00     0      9.00      0.00 4142196  261108  26.67  12544.00      0.00      0.00       0  java

# Time        UID       PID    %usr %system  %guest   %wait    %CPU   CPU  minflt/s  majflt/s     VSZ     RSS   %MEM   kB_rd/s   kB_wr/s kB_ccwr/s iodelay  Command
12:55:43        0       819    1.00    1.00    0.00    0.00    2.00     2      1.00      0.00 4627516  182632  18.66      0.00      0.00      0.00       0  java
12:55:43        0      2778  334.00   15.00    0.00    0.00  349.00     0      3.00      0.00 4142196  261108  26.67  12800.00      0.00      0.00       0  java

# Time        UID       PID    %usr %system  %guest   %wait    %CPU   CPU  minflt/s  majflt/s     VSZ     RSS   %MEM   kB_rd/s   kB_wr/s kB_ccwr/s iodelay  Command
12:55:44        0      2778  321.00   16.00    0.00    0.00  337.00     0      0.00      0.00 4142196  261108  26.67  12928.00      0.00      0.00       0  java

# Time        UID       PID    %usr %system  %guest   %wait    %CPU   CPU  minflt/s  majflt/s     VSZ     RSS   %MEM   kB_rd/s   kB_wr/s kB_ccwr/s iodelay  Command
12:55:45        0       819    1.00    0.00    0.00    0.00    1.00     2      0.00      0.00 4627516  182632  18.66      0.00      0.00      0.00       0  java
12:55:45        0      2778  329.00   18.00    0.00    0.00  347.00     0      1.00      0.00 4142196  261108  26.67  13056.00      0.00      0.00       0  java

# Time        UID       PID    %usr %system  %guest   %wait    %CPU   CPU  minflt/s  majflt/s     VSZ     RSS   %MEM   kB_rd/s   kB_wr/s kB_ccwr/s iodelay  Command
12:55:46        0      2778  322.00   17.00    0.00    0.00  339.00     0      1.00      0.00 4142196  261108  26.67  13184.00      0.00      0.00       0  java

# Time        UID       PID    %usr %system  %guest   %wait    %CPU   CPU  minflt/s  majflt/s     VSZ     RSS   %MEM   kB_rd/s   kB_wr/s kB_ccwr/s iodelay  Command
12:55:47        0      2778  330.00   19.00    0.00    0.00  349.00     0     31.00      0.00 4142196  261236  26.69  12480.00      0.00      0.00       0  java

# Time        UID       PID    %usr %system  %guest   %wait    %CPU   CPU  minflt/s  majflt/s     VSZ     RSS   %MEM   kB_rd/s   kB_wr/s kB_ccwr/s iodelay  Command
12:55:48        0       819    0.99    0.00    0.00    0.00    0.99     2      0.00      0.00 4627516  182632  18.66      3.96      7.92      0.00       0  java
12:55:48        0      2778  341.58   12.87    0.00    0.00  354.46     0    204.95      0.00 4142196  261876  26.75   6855.45      0.00      0.00       0  java

# Time        UID       PID    %usr %system  %guest   %wait    %CPU   CPU  minflt/s  majflt/s     VSZ     RSS   %MEM   kB_rd/s   kB_wr/s kB_ccwr/s iodelay  Command
12:55:49        0       819    0.00    1.00    0.00    0.00    1.00     2      0.00      0.00 4627516  182632  18.66      0.00      4.00      0.00       0  java
12:55:49        0      2778  286.00    7.00    0.00    0.00  293.00     0   1167.00      0.00 4142196  266740  27.25   1152.00      0.00      0.00       0  java

# Time        UID       PID    %usr %system  %guest   %wait    %CPU   CPU  minflt/s  majflt/s     VSZ     RSS   %MEM   kB_rd/s   kB_wr/s kB_ccwr/s iodelay  Command
12:55:50        0      2778  236.00    4.00    0.00    0.00  240.00     0   1127.00      0.00 4142196  271092  27.69   2816.00      0.00      0.00       0  java

# Time        UID       PID    %usr %system  %guest   %wait    %CPU   CPU  minflt/s  majflt/s     VSZ     RSS   %MEM   kB_rd/s   kB_wr/s kB_ccwr/s iodelay  Command
12:55:51        0      2778  288.00    6.00    0.00    0.00  294.00     0      9.00      0.00 4142196  271092  27.69   4864.00      0.00      0.00       0  java

# Time        UID       PID    %usr %system  %guest   %wait    %CPU   CPU  minflt/s  majflt/s     VSZ     RSS   %MEM   kB_rd/s   kB_wr/s kB_ccwr/s iodelay  Command
12:55:52        0       819    1.00    0.00    0.00    0.00    1.00     2      0.00      0.00 4627516  182632  18.66      0.00      0.00      0.00       0  java
12:55:52        0      2778  296.00    6.00    0.00    0.00  302.00     0      4.00      0.00 4142196  271220  27.71   6272.00      0.00      0.00       0  java

# Time        UID       PID    %usr %system  %guest   %wait    %CPU   CPU  minflt/s  majflt/s     VSZ     RSS   %MEM   kB_rd/s   kB_wr/s kB_ccwr/s iodelay  Command
12:55:53        0      2778  242.00    9.00    0.00    0.00  251.00     0     11.00      0.00 4142196  271220  27.71   7680.00      0.00      0.00       0  java

# Time        UID       PID    %usr %system  %guest   %wait    %CPU   CPU  minflt/s  majflt/s     VSZ     RSS   %MEM   kB_rd/s   kB_wr/s kB_ccwr/s iodelay  Command
12:55:54        0       819    0.00    1.00    0.00    0.00    1.00     2      0.00      0.00 4627516  182632  18.66      0.00      0.00      0.00       0  java
12:55:54        0      2778  188.00    7.00    0.00    0.00  195.00     0      0.00      0.00 4142196  271220  27.71   8064.00      0.00      0.00       0  java

# Time        UID       PID    %usr %system  %guest   %wait    %CPU   CPU  minflt/s  majflt/s     VSZ     RSS   %MEM   kB_rd/s   kB_wr/s kB_ccwr/s iodelay  Command
12:55:55        0       819    1.00    0.00    0.00    0.00    1.00     2      0.00      0.00 4627516  182632  18.66      0.00      0.00      0.00       0  java
12:55:55        0      2778  190.00    9.00    0.00    0.00  199.00     0      0.00      0.00 4142196  271220  27.71   7936.00      0.00      0.00       0  java

# Time        UID       PID    %usr %system  %guest   %wait    %CPU   CPU  minflt/s  majflt/s     VSZ     RSS   %MEM   kB_rd/s   kB_wr/s kB_ccwr/s iodelay  Command
12:55:56        0      2778  185.15    4.95    0.00    0.00  190.10     0      7.92      0.00 4142196  271220  27.71   4182.18      0.00      0.00       0  java

# Time        UID       PID    %usr %system  %guest   %wait    %CPU   CPU  minflt/s  majflt/s     VSZ     RSS   %MEM   kB_rd/s   kB_wr/s kB_ccwr/s iodelay  Command
12:55:57        0      2778    2.00    0.00    0.00    0.00    2.00     0      1.00      0.00 4142196  271220  27.71      0.00      0.00      0.00       0  java

# Time        UID       PID    %usr %system  %guest   %wait    %CPU   CPU  minflt/s  majflt/s     VSZ     RSS   %MEM   kB_rd/s   kB_wr/s kB_ccwr/s iodelay  Command
12:55:58        0       819    0.00    1.00    0.00    0.00    1.00     2      0.00      0.00 4627516  182632  18.66      0.00      0.00      0.00       0  java
12:55:58        0      2778   65.00    1.00    0.00    0.00   66.00     0      0.00      0.00 4142196  271220  27.71   2560.00      0.00      0.00       0  java

# Time        UID       PID    %usr %system  %guest   %wait    %CPU   CPU  minflt/s  majflt/s     VSZ     RSS   %MEM   kB_rd/s   kB_wr/s kB_ccwr/s iodelay  Command
12:55:59        0      2778  189.00    7.00    0.00    0.00  196.00     0      0.00      0.00 4142196  271220  27.71   7936.00      0.00      0.00       0  java

# Time        UID       PID    %usr %system  %guest   %wait    %CPU   CPU  minflt/s  majflt/s     VSZ     RSS   %MEM   kB_rd/s   kB_wr/s kB_ccwr/s iodelay  Command
12:56:00        0      2778  189.00    6.00    0.00    0.00  195.00     0      0.00      0.00 4142196  271220  27.71   7936.00      0.00      0.00       0  java

# Time        UID       PID    %usr %system  %guest   %wait    %CPU   CPU  minflt/s  majflt/s     VSZ     RSS   %MEM   kB_rd/s   kB_wr/s kB_ccwr/s iodelay  Command
12:56:01        0       819    0.00    1.00    0.00    0.00    1.00     2      0.00      0.00 4627516  182632  18.66      0.00      0.00      0.00       0  java
12:56:01        0      2778  205.00    7.00    0.00    0.00  212.00     0      1.00      0.00 4142196  271220  27.71   7936.00      0.00      0.00       0  java

# Time        UID       PID    %usr %system  %guest   %wait    %CPU   CPU  minflt/s  majflt/s     VSZ     RSS   %MEM   kB_rd/s   kB_wr/s kB_ccwr/s iodelay  Command
12:56:02        0      2778  207.00   11.00    0.00    0.00  218.00     0      1.00      0.00 4142196  271220  27.71   8064.00      0.00      0.00       0  java

# Time        UID       PID    %usr %system  %guest   %wait    %CPU   CPU  minflt/s  majflt/s     VSZ     RSS   %MEM   kB_rd/s   kB_wr/s kB_ccwr/s iodelay  Command
12:56:03        0       819    1.00    0.00    0.00    0.00    1.00     2      0.00      0.00 4627516  182632  18.66      0.00      0.00      0.00       0  java
12:56:03        0      2778  184.00    9.00    0.00    0.00  193.00     0      0.00      0.00 4142196  271220  27.71   7808.00      0.00      0.00       0  java

# Time        UID       PID    %usr %system  %guest   %wait    %CPU   CPU  minflt/s  majflt/s     VSZ     RSS   %MEM   kB_rd/s   kB_wr/s kB_ccwr/s iodelay  Command
12:56:04        0      2778  190.00    6.00    0.00    0.00  196.00     0      0.00      0.00 4142196  271220  27.71   7936.00      0.00      0.00       0  java

# Time        UID       PID    %usr %system  %guest   %wait    %CPU   CPU  minflt/s  majflt/s     VSZ     RSS   %MEM   kB_rd/s   kB_wr/s kB_ccwr/s iodelay  Command
12:56:05        0      2778  191.00    6.00    0.00    0.00  197.00     0      0.00      0.00 4142196  271220  27.71   8064.00      0.00      0.00       0  java

# Time        UID       PID    %usr %system  %guest   %wait    %CPU   CPU  minflt/s  majflt/s     VSZ     RSS   %MEM   kB_rd/s   kB_wr/s kB_ccwr/s iodelay  Command
12:56:06        0       819    0.00    1.00    0.00    0.00    1.00     2      0.00      0.00 4627516  182632  18.66      0.00      0.00      0.00       0  java
12:56:06        0      2778  190.00    8.00    0.00    0.00  198.00     0      0.00      0.00 4142196  271220  27.71   7936.00      0.00      0.00       0  java

# Time        UID       PID    %usr %system  %guest   %wait    %CPU   CPU  minflt/s  majflt/s     VSZ     RSS   %MEM   kB_rd/s   kB_wr/s kB_ccwr/s iodelay  Command
12:56:07        0      2778  194.00    4.00    0.00    0.00  198.00     0      0.00      0.00 4142196  271220  27.71   8192.00      0.00      0.00       0  java

# Time        UID       PID    %usr %system  %guest   %wait    %CPU   CPU  minflt/s  majflt/s     VSZ     RSS   %MEM   kB_rd/s   kB_wr/s kB_ccwr/s iodelay  Command
12:56:08        0      2778  186.00   12.00    0.00    0.00  198.00     0      0.00      0.00 4142196  271220  27.71   8832.00      0.00      0.00       0  java

# Time        UID       PID    %usr %system  %guest   %wait    %CPU   CPU  minflt/s  majflt/s     VSZ     RSS   %MEM   kB_rd/s   kB_wr/s kB_ccwr/s iodelay  Command
12:56:09        0      2778  190.00    6.00    0.00    0.00  196.00     0      0.00      0.00 4142196  271220  27.71   7936.00      0.00      0.00       0  java

# Time        UID       PID    %usr %system  %guest   %wait    %CPU   CPU  minflt/s  majflt/s     VSZ     RSS   %MEM   kB_rd/s   kB_wr/s kB_ccwr/s iodelay  Command
12:56:10        0       819    1.00    0.00    0.00    0.00    1.00     2      0.00      0.00 4627516  182632  18.66      0.00      0.00      0.00       0  java
12:56:10        0      2778  254.00   12.00    0.00    0.00  266.00     0      0.00      0.00 4142196  271220  27.71   7680.00      0.00      0.00       0  java

# Time        UID       PID    %usr %system  %guest   %wait    %CPU   CPU  minflt/s  majflt/s     VSZ     RSS   %MEM   kB_rd/s   kB_wr/s kB_ccwr/s iodelay  Command
12:56:11        0      2778  202.00    7.00    0.00    0.00  209.00     0      3.00      0.00 4142196  271220  27.71   8064.00      0.00      0.00       0  java

# Time        UID       PID    %usr %system  %guest   %wait    %CPU   CPU  minflt/s  majflt/s     VSZ     RSS   %MEM   kB_rd/s   kB_wr/s kB_ccwr/s iodelay  Command
12:56:12        0       819    1.00    0.00    0.00    0.00    1.00     2      0.00      0.00 4627516  182632  18.66      0.00      0.00      0.00       0  java
12:56:12        0      2778  198.00    8.00    0.00    0.00  206.00     0      1.00      0.00 4142196  271220  27.71   7936.00      0.00      0.00       0  java

# Time        UID       PID    %usr %system  %guest   %wait    %CPU   CPU  minflt/s  majflt/s     VSZ     RSS   %MEM   kB_rd/s   kB_wr/s kB_ccwr/s iodelay  Command
12:56:13        0       819    1.00    1.00    0.00    0.00    2.00     2      4.00      0.00 4627516  182632  18.66      0.00      0.00      0.00       0  java
12:56:13        0      2778  190.00    7.00    0.00    0.00  197.00     0      0.00      0.00 4142196  271220  27.71   8064.00      0.00      0.00       0  java

# Time        UID       PID    %usr %system  %guest   %wait    %CPU   CPU  minflt/s  majflt/s     VSZ     RSS   %MEM   kB_rd/s   kB_wr/s kB_ccwr/s iodelay  Command
12:56:14        0      2778  190.00    6.00    0.00    0.00  196.00     0      0.00      0.00 4142196  271220  27.71   7912.00      0.00      0.00       0  java

# Time        UID       PID    %usr %system  %guest   %wait    %CPU   CPU  minflt/s  majflt/s     VSZ     RSS   %MEM   kB_rd/s   kB_wr/s kB_ccwr/s iodelay  Command
12:56:15        0       819    0.00    0.00    0.00    0.00    0.00     2      0.00      0.00 4627516  182632  18.66      0.00      4.00      0.00       0  java
12:56:15        0      2778  119.00    3.00    0.00    0.00  122.00     0      4.00      0.00 4142196  271220  27.71   4096.00      0.00      0.00       0  java

# Time        UID       PID    %usr %system  %guest   %wait    %CPU   CPU  minflt/s  majflt/s     VSZ     RSS   %MEM   kB_rd/s   kB_wr/s kB_ccwr/s iodelay  Command
12:56:16        0      2778   98.00    2.00    0.00    0.00  100.00     0      0.00      0.00 4142196  271220  27.71   4224.00      0.00      0.00       0  java

# Time        UID       PID    %usr %system  %guest   %wait    %CPU   CPU  minflt/s  majflt/s     VSZ     RSS   %MEM   kB_rd/s   kB_wr/s kB_ccwr/s iodelay  Command
12:56:17        0       819    0.00    1.00    0.00    0.00    1.00     2      0.00      0.00 4627516  182632  18.66      0.00      0.00      0.00       0  java
12:56:17        0      2778   99.00    2.00    0.00    0.00  101.00     0      0.00      0.00 4142196  271220  27.71   4224.00      0.00      0.00       0  java

# Time        UID       PID    %usr %system  %guest   %wait    %CPU   CPU  minflt/s  majflt/s     VSZ     RSS   %MEM   kB_rd/s   kB_wr/s kB_ccwr/s iodelay  Command
12:56:18        0       819    1.00    0.00    0.00    0.00    1.00     2      0.00      0.00 4627516  182632  18.66      0.00      0.00      0.00       0  java
12:56:18        0      2778  155.00    3.00    0.00    0.00  158.00     0      0.00      0.00 4142196  271220  27.71   4480.00      0.00      0.00       0  java

# Time        UID       PID    %usr %system  %guest   %wait    %CPU   CPU  minflt/s  majflt/s     VSZ     RSS   %MEM   kB_rd/s   kB_wr/s kB_ccwr/s iodelay  Command
12:56:19        0      2778  113.00    2.00    0.00    0.00  115.00     0      3.00      0.00 4142196  271220  27.71   4224.00      0.00      0.00       0  java

# Time        UID       PID    %usr %system  %guest   %wait    %CPU   CPU  minflt/s  majflt/s     VSZ     RSS   %MEM   kB_rd/s   kB_wr/s kB_ccwr/s iodelay  Command
12:56:20        0      2778   96.00    5.00    0.00    0.00  101.00     0      0.00      0.00 4142196  271220  27.71   4224.00      0.00      0.00       0  java

# Time        UID       PID    %usr %system  %guest   %wait    %CPU   CPU  minflt/s  majflt/s     VSZ     RSS   %MEM   kB_rd/s   kB_wr/s kB_ccwr/s iodelay  Command
12:56:21        0      2778   95.05    3.96    0.00    0.00   99.01     0      0.00      0.00 4142196  271220  27.71   4689.11      0.00      0.00       0  java

# Time        UID       PID    %usr %system  %guest   %wait    %CPU   CPU  minflt/s  majflt/s     VSZ     RSS   %MEM   kB_rd/s   kB_wr/s kB_ccwr/s iodelay  Command
12:56:22        0       819    0.00    1.00    0.00    0.00    1.00     2      0.00      0.00 4627516  182632  18.66      0.00      0.00      0.00       0  java
12:56:22        0      2778  101.00    4.00    0.00    0.00  105.00     0      0.00      0.00 4142196  271220  27.71   4352.00      0.00      0.00       0  java

# Time        UID       PID    %usr %system  %guest   %wait    %CPU   CPU  minflt/s  majflt/s     VSZ     RSS   %MEM   kB_rd/s   kB_wr/s kB_ccwr/s iodelay  Command
12:56:23        0      2778   94.00    4.00    0.00    0.00   98.00     0      1.00      0.00 4142196  271220  27.71   4096.00      0.00      0.00       0  java

# Time        UID       PID    %usr %system  %guest   %wait    %CPU   CPU  minflt/s  majflt/s     VSZ     RSS   %MEM   kB_rd/s   kB_wr/s kB_ccwr/s iodelay  Command
12:56:24        0       819    1.00    0.00    0.00    0.00    1.00     2      0.00      0.00 4627516  182632  18.66      0.00      0.00      0.00       0  java
12:56:24        0      2778   98.00    3.00    0.00    0.00  101.00     0      0.00      0.00 4142196  271220  27.71   4224.00      0.00      0.00       0  java

# Time        UID       PID    %usr %system  %guest   %wait    %CPU   CPU  minflt/s  majflt/s     VSZ     RSS   %MEM   kB_rd/s   kB_wr/s kB_ccwr/s iodelay  Command
12:56:25        0       819    0.00    0.00    0.00    0.00    0.00     2      0.00      0.00 4627516  182632  18.66      0.00      4.00      0.00       0  java
12:56:25        0      2778  152.00    7.00    0.00    0.00  159.00     0    336.00      0.00 4142196  272628  27.85   2644.00      0.00      0.00       0  java

# Time        UID       PID    %usr %system  %guest   %wait    %CPU   CPU  minflt/s  majflt/s     VSZ     RSS   %MEM   kB_rd/s   kB_wr/s kB_ccwr/s iodelay  Command
12:56:26        0       819    1.00    0.00    0.00    0.00    1.00     2      0.00      0.00 4627516  182632  18.66      0.00      4.00      0.00       0  java
12:56:26        0      2778  204.00    6.00    0.00    0.00  210.00     0    753.00      0.00 4142968  275868  28.18   1532.00      0.00      0.00       0  java

# Time        UID       PID    %usr %system  %guest   %wait    %CPU   CPU  minflt/s  majflt/s     VSZ     RSS   %MEM   kB_rd/s   kB_wr/s kB_ccwr/s iodelay  Command
12:56:27        0       819    4.00    1.00    0.00    0.00    5.00     2      5.00      0.00 4627516  182632  18.66      4.00      8.00      0.00       0  java
12:56:27        0      2778  176.00   18.00    0.00   42.00  194.00     3    318.00      0.00       0       0   0.00    384.00      0.00      0.00       0  java

# Time        UID       PID    %usr %system  %guest   %wait    %CPU   CPU  minflt/s  majflt/s     VSZ     RSS   %MEM   kB_rd/s   kB_wr/s kB_ccwr/s iodelay  Command
12:56:28        0       819    6.00    1.00    0.00    0.00    7.00     2      6.00      0.00 4627516  182760  18.67 792248.00      0.00      0.00       0  java

# Time        UID       PID    %usr %system  %guest   %wait    %CPU   CPU  minflt/s  majflt/s     VSZ     RSS   %MEM   kB_rd/s   kB_wr/s kB_ccwr/s iodelay  Command

# Time        UID       PID    %usr %system  %guest   %wait    %CPU   CPU  minflt/s  majflt/s     VSZ     RSS   %MEM   kB_rd/s   kB_wr/s kB_ccwr/s iodelay  Command

# Time        UID       PID    %usr %system  %guest   %wait    %CPU   CPU  minflt/s  majflt/s     VSZ     RSS   %MEM   kB_rd/s   kB_wr/s kB_ccwr/s iodelay  Command

# Time        UID       PID    %usr %system  %guest   %wait    %CPU   CPU  minflt/s  majflt/s     VSZ     RSS   %MEM   kB_rd/s   kB_wr/s kB_ccwr/s iodelay  Command

# Time        UID       PID    %usr %system  %guest   %wait    %CPU   CPU  minflt/s  majflt/s     VSZ     RSS   %MEM   kB_rd/s   kB_wr/s kB_ccwr/s iodelay  Command

# Time        UID       PID    %usr %system  %guest   %wait    %CPU   CPU  minflt/s  majflt/s     VSZ     RSS   %MEM   kB_rd/s   kB_wr/s kB_ccwr/s iodelay  Command

# Time        UID       PID    %usr %system  %guest   %wait    %CPU   CPU  minflt/s  majflt/s     VSZ     RSS   %MEM   kB_rd/s   kB_wr/s kB_ccwr/s iodelay  Command

# Time        UID       PID    %usr %system  %guest   %wait    %CPU   CPU  minflt/s  majflt/s     VSZ     RSS   %MEM   kB_rd/s   kB_wr/s kB_ccwr/s iodelay  Command

# Time        UID       PID    %usr %system  %guest   %wait    %CPU   CPU  minflt/s  majflt/s     VSZ     RSS   %MEM   kB_rd/s   kB_wr/s kB_ccwr/s iodelay  Command

# Time        UID       PID    %usr %system  %guest   %wait    %CPU   CPU  minflt/s  majflt/s     VSZ     RSS   %MEM   kB_rd/s   kB_wr/s kB_ccwr/s iodelay  Command
12:56:38        0       819    1.00    0.00    0.00    0.00    1.00     2      0.00      0.00 4627516  182760  18.67      0.00      0.00      0.00       0  java

# Time        UID       PID    %usr %system  %guest   %wait    %CPU   CPU  minflt/s  majflt/s     VSZ     RSS   %MEM   kB_rd/s   kB_wr/s kB_ccwr/s iodelay  Command

# Time        UID       PID    %usr %system  %guest   %wait    %CPU   CPU  minflt/s  majflt/s     VSZ     RSS   %MEM   kB_rd/s   kB_wr/s kB_ccwr/s iodelay  Command

# Time        UID       PID    %usr %system  %guest   %wait    %CPU   CPU  minflt/s  majflt/s     VSZ     RSS   %MEM   kB_rd/s   kB_wr/s kB_ccwr/s iodelay  Command

# Time        UID       PID    %usr %system  %guest   %wait    %CPU   CPU  minflt/s  majflt/s     VSZ     RSS   %MEM   kB_rd/s   kB_wr/s kB_ccwr/s iodelay  Command

# Time        UID       PID    %usr %system  %guest   %wait    %CPU   CPU  minflt/s  majflt/s     VSZ     RSS   %MEM   kB_rd/s   kB_wr/s kB_ccwr/s iodelay  Command
12:56:43        0       819    0.00    1.00    0.00    0.00    1.00     2      1.00      0.00 4627516  182760  18.67      0.00      0.00      0.00       0  java

# Time        UID       PID    %usr %system  %guest   %wait    %CPU   CPU  minflt/s  majflt/s     VSZ     RSS   %MEM   kB_rd/s   kB_wr/s kB_ccwr/s iodelay  Command

# Time        UID       PID    %usr %system  %guest   %wait    %CPU   CPU  minflt/s  majflt/s     VSZ     RSS   %MEM   kB_rd/s   kB_wr/s kB_ccwr/s iodelay  Command

# Time        UID       PID    %usr %system  %guest   %wait    %CPU   CPU  minflt/s  majflt/s     VSZ     RSS   %MEM   kB_rd/s   kB_wr/s kB_ccwr/s iodelay  Command
